[2023-05-10 21:00:34,770] {processor.py:153} INFO - Started process (PID=92323) to work on /home/v/Documents/iac-airflow-dev/dags/venv/lib/python3.9/site-packages/airflow/example_dags/subdags/subdag.py
[2023-05-10 21:00:34,770] {processor.py:641} INFO - Processing file /home/v/Documents/iac-airflow-dev/dags/venv/lib/python3.9/site-packages/airflow/example_dags/subdags/subdag.py for tasks to queue
[2023-05-10 21:00:34,771] {logging_mixin.py:115} INFO - [2023-05-10 21:00:34,771] {dagbag.py:507} INFO - Filling up the DagBag from /home/v/Documents/iac-airflow-dev/dags/venv/lib/python3.9/site-packages/airflow/example_dags/subdags/subdag.py
[2023-05-10 21:00:34,772] {processor.py:653} WARNING - No viable dags retrieved from /home/v/Documents/iac-airflow-dev/dags/venv/lib/python3.9/site-packages/airflow/example_dags/subdags/subdag.py
[2023-05-10 21:00:34,783] {processor.py:161} INFO - Processing /home/v/Documents/iac-airflow-dev/dags/venv/lib/python3.9/site-packages/airflow/example_dags/subdags/subdag.py took 0.016 seconds
[2023-05-10 21:01:07,834] {processor.py:153} INFO - Started process (PID=92443) to work on /home/v/Documents/iac-airflow-dev/dags/venv/lib/python3.9/site-packages/airflow/example_dags/subdags/subdag.py
[2023-05-10 21:01:07,835] {processor.py:641} INFO - Processing file /home/v/Documents/iac-airflow-dev/dags/venv/lib/python3.9/site-packages/airflow/example_dags/subdags/subdag.py for tasks to queue
[2023-05-10 21:01:07,836] {logging_mixin.py:115} INFO - [2023-05-10 21:01:07,835] {dagbag.py:507} INFO - Filling up the DagBag from /home/v/Documents/iac-airflow-dev/dags/venv/lib/python3.9/site-packages/airflow/example_dags/subdags/subdag.py
[2023-05-10 21:01:07,837] {processor.py:653} WARNING - No viable dags retrieved from /home/v/Documents/iac-airflow-dev/dags/venv/lib/python3.9/site-packages/airflow/example_dags/subdags/subdag.py
[2023-05-10 21:01:07,848] {processor.py:161} INFO - Processing /home/v/Documents/iac-airflow-dev/dags/venv/lib/python3.9/site-packages/airflow/example_dags/subdags/subdag.py took 0.017 seconds
[2023-05-10 21:01:41,999] {processor.py:153} INFO - Started process (PID=92550) to work on /home/v/Documents/iac-airflow-dev/dags/venv/lib/python3.9/site-packages/airflow/example_dags/subdags/subdag.py
[2023-05-10 21:01:42,000] {processor.py:641} INFO - Processing file /home/v/Documents/iac-airflow-dev/dags/venv/lib/python3.9/site-packages/airflow/example_dags/subdags/subdag.py for tasks to queue
[2023-05-10 21:01:42,001] {logging_mixin.py:115} INFO - [2023-05-10 21:01:42,000] {dagbag.py:507} INFO - Filling up the DagBag from /home/v/Documents/iac-airflow-dev/dags/venv/lib/python3.9/site-packages/airflow/example_dags/subdags/subdag.py
[2023-05-10 21:01:42,002] {processor.py:653} WARNING - No viable dags retrieved from /home/v/Documents/iac-airflow-dev/dags/venv/lib/python3.9/site-packages/airflow/example_dags/subdags/subdag.py
[2023-05-10 21:01:42,012] {processor.py:161} INFO - Processing /home/v/Documents/iac-airflow-dev/dags/venv/lib/python3.9/site-packages/airflow/example_dags/subdags/subdag.py took 0.016 seconds
[2023-05-10 21:02:19,030] {processor.py:153} INFO - Started process (PID=92742) to work on /home/v/Documents/iac-airflow-dev/dags/venv/lib/python3.9/site-packages/airflow/example_dags/subdags/subdag.py
[2023-05-10 21:02:19,030] {processor.py:641} INFO - Processing file /home/v/Documents/iac-airflow-dev/dags/venv/lib/python3.9/site-packages/airflow/example_dags/subdags/subdag.py for tasks to queue
[2023-05-10 21:02:19,031] {logging_mixin.py:115} INFO - [2023-05-10 21:02:19,031] {dagbag.py:507} INFO - Filling up the DagBag from /home/v/Documents/iac-airflow-dev/dags/venv/lib/python3.9/site-packages/airflow/example_dags/subdags/subdag.py
[2023-05-10 21:02:19,032] {processor.py:653} WARNING - No viable dags retrieved from /home/v/Documents/iac-airflow-dev/dags/venv/lib/python3.9/site-packages/airflow/example_dags/subdags/subdag.py
[2023-05-10 21:02:19,041] {processor.py:161} INFO - Processing /home/v/Documents/iac-airflow-dev/dags/venv/lib/python3.9/site-packages/airflow/example_dags/subdags/subdag.py took 0.014 seconds
[2023-05-10 21:02:51,826] {processor.py:153} INFO - Started process (PID=92937) to work on /home/v/Documents/iac-airflow-dev/dags/venv/lib/python3.9/site-packages/airflow/example_dags/subdags/subdag.py
[2023-05-10 21:02:51,827] {processor.py:641} INFO - Processing file /home/v/Documents/iac-airflow-dev/dags/venv/lib/python3.9/site-packages/airflow/example_dags/subdags/subdag.py for tasks to queue
[2023-05-10 21:02:51,828] {logging_mixin.py:115} INFO - [2023-05-10 21:02:51,828] {dagbag.py:507} INFO - Filling up the DagBag from /home/v/Documents/iac-airflow-dev/dags/venv/lib/python3.9/site-packages/airflow/example_dags/subdags/subdag.py
[2023-05-10 21:02:51,829] {processor.py:653} WARNING - No viable dags retrieved from /home/v/Documents/iac-airflow-dev/dags/venv/lib/python3.9/site-packages/airflow/example_dags/subdags/subdag.py
[2023-05-10 21:02:51,841] {processor.py:161} INFO - Processing /home/v/Documents/iac-airflow-dev/dags/venv/lib/python3.9/site-packages/airflow/example_dags/subdags/subdag.py took 0.017 seconds
[2023-05-10 21:03:26,594] {processor.py:153} INFO - Started process (PID=93088) to work on /home/v/Documents/iac-airflow-dev/dags/venv/lib/python3.9/site-packages/airflow/example_dags/subdags/subdag.py
[2023-05-10 21:03:26,594] {processor.py:641} INFO - Processing file /home/v/Documents/iac-airflow-dev/dags/venv/lib/python3.9/site-packages/airflow/example_dags/subdags/subdag.py for tasks to queue
[2023-05-10 21:03:26,595] {logging_mixin.py:115} INFO - [2023-05-10 21:03:26,595] {dagbag.py:507} INFO - Filling up the DagBag from /home/v/Documents/iac-airflow-dev/dags/venv/lib/python3.9/site-packages/airflow/example_dags/subdags/subdag.py
[2023-05-10 21:03:26,596] {processor.py:653} WARNING - No viable dags retrieved from /home/v/Documents/iac-airflow-dev/dags/venv/lib/python3.9/site-packages/airflow/example_dags/subdags/subdag.py
[2023-05-10 21:03:26,607] {processor.py:161} INFO - Processing /home/v/Documents/iac-airflow-dev/dags/venv/lib/python3.9/site-packages/airflow/example_dags/subdags/subdag.py took 0.016 seconds
[2023-05-10 21:04:01,600] {processor.py:153} INFO - Started process (PID=93200) to work on /home/v/Documents/iac-airflow-dev/dags/venv/lib/python3.9/site-packages/airflow/example_dags/subdags/subdag.py
[2023-05-10 21:04:01,601] {processor.py:641} INFO - Processing file /home/v/Documents/iac-airflow-dev/dags/venv/lib/python3.9/site-packages/airflow/example_dags/subdags/subdag.py for tasks to queue
[2023-05-10 21:04:01,602] {logging_mixin.py:115} INFO - [2023-05-10 21:04:01,602] {dagbag.py:507} INFO - Filling up the DagBag from /home/v/Documents/iac-airflow-dev/dags/venv/lib/python3.9/site-packages/airflow/example_dags/subdags/subdag.py
[2023-05-10 21:04:01,603] {processor.py:653} WARNING - No viable dags retrieved from /home/v/Documents/iac-airflow-dev/dags/venv/lib/python3.9/site-packages/airflow/example_dags/subdags/subdag.py
[2023-05-10 21:04:01,614] {processor.py:161} INFO - Processing /home/v/Documents/iac-airflow-dev/dags/venv/lib/python3.9/site-packages/airflow/example_dags/subdags/subdag.py took 0.017 seconds
[2023-05-10 21:04:33,542] {processor.py:153} INFO - Started process (PID=93322) to work on /home/v/Documents/iac-airflow-dev/dags/venv/lib/python3.9/site-packages/airflow/example_dags/subdags/subdag.py
[2023-05-10 21:04:33,542] {processor.py:641} INFO - Processing file /home/v/Documents/iac-airflow-dev/dags/venv/lib/python3.9/site-packages/airflow/example_dags/subdags/subdag.py for tasks to queue
[2023-05-10 21:04:33,543] {logging_mixin.py:115} INFO - [2023-05-10 21:04:33,543] {dagbag.py:507} INFO - Filling up the DagBag from /home/v/Documents/iac-airflow-dev/dags/venv/lib/python3.9/site-packages/airflow/example_dags/subdags/subdag.py
[2023-05-10 21:04:33,544] {processor.py:653} WARNING - No viable dags retrieved from /home/v/Documents/iac-airflow-dev/dags/venv/lib/python3.9/site-packages/airflow/example_dags/subdags/subdag.py
[2023-05-10 21:04:33,554] {processor.py:161} INFO - Processing /home/v/Documents/iac-airflow-dev/dags/venv/lib/python3.9/site-packages/airflow/example_dags/subdags/subdag.py took 0.015 seconds
[2023-05-10 21:05:09,802] {processor.py:153} INFO - Started process (PID=93489) to work on /home/v/Documents/iac-airflow-dev/dags/venv/lib/python3.9/site-packages/airflow/example_dags/subdags/subdag.py
[2023-05-10 21:05:09,803] {processor.py:641} INFO - Processing file /home/v/Documents/iac-airflow-dev/dags/venv/lib/python3.9/site-packages/airflow/example_dags/subdags/subdag.py for tasks to queue
[2023-05-10 21:05:09,804] {logging_mixin.py:115} INFO - [2023-05-10 21:05:09,804] {dagbag.py:507} INFO - Filling up the DagBag from /home/v/Documents/iac-airflow-dev/dags/venv/lib/python3.9/site-packages/airflow/example_dags/subdags/subdag.py
[2023-05-10 21:05:09,805] {processor.py:653} WARNING - No viable dags retrieved from /home/v/Documents/iac-airflow-dev/dags/venv/lib/python3.9/site-packages/airflow/example_dags/subdags/subdag.py
[2023-05-10 21:05:09,815] {processor.py:161} INFO - Processing /home/v/Documents/iac-airflow-dev/dags/venv/lib/python3.9/site-packages/airflow/example_dags/subdags/subdag.py took 0.016 seconds
[2023-05-10 21:05:43,993] {processor.py:153} INFO - Started process (PID=93619) to work on /home/v/Documents/iac-airflow-dev/dags/venv/lib/python3.9/site-packages/airflow/example_dags/subdags/subdag.py
[2023-05-10 21:05:43,994] {processor.py:641} INFO - Processing file /home/v/Documents/iac-airflow-dev/dags/venv/lib/python3.9/site-packages/airflow/example_dags/subdags/subdag.py for tasks to queue
[2023-05-10 21:05:43,995] {logging_mixin.py:115} INFO - [2023-05-10 21:05:43,995] {dagbag.py:507} INFO - Filling up the DagBag from /home/v/Documents/iac-airflow-dev/dags/venv/lib/python3.9/site-packages/airflow/example_dags/subdags/subdag.py
[2023-05-10 21:05:43,996] {processor.py:653} WARNING - No viable dags retrieved from /home/v/Documents/iac-airflow-dev/dags/venv/lib/python3.9/site-packages/airflow/example_dags/subdags/subdag.py
[2023-05-10 21:05:44,008] {processor.py:161} INFO - Processing /home/v/Documents/iac-airflow-dev/dags/venv/lib/python3.9/site-packages/airflow/example_dags/subdags/subdag.py took 0.018 seconds
[2023-05-10 21:06:17,174] {processor.py:153} INFO - Started process (PID=93722) to work on /home/v/Documents/iac-airflow-dev/dags/venv/lib/python3.9/site-packages/airflow/example_dags/subdags/subdag.py
[2023-05-10 21:06:17,175] {processor.py:641} INFO - Processing file /home/v/Documents/iac-airflow-dev/dags/venv/lib/python3.9/site-packages/airflow/example_dags/subdags/subdag.py for tasks to queue
[2023-05-10 21:06:17,175] {logging_mixin.py:115} INFO - [2023-05-10 21:06:17,175] {dagbag.py:507} INFO - Filling up the DagBag from /home/v/Documents/iac-airflow-dev/dags/venv/lib/python3.9/site-packages/airflow/example_dags/subdags/subdag.py
[2023-05-10 21:06:17,177] {processor.py:653} WARNING - No viable dags retrieved from /home/v/Documents/iac-airflow-dev/dags/venv/lib/python3.9/site-packages/airflow/example_dags/subdags/subdag.py
[2023-05-10 21:06:17,188] {processor.py:161} INFO - Processing /home/v/Documents/iac-airflow-dev/dags/venv/lib/python3.9/site-packages/airflow/example_dags/subdags/subdag.py took 0.017 seconds
[2023-05-10 21:06:52,809] {processor.py:153} INFO - Started process (PID=93862) to work on /home/v/Documents/iac-airflow-dev/dags/venv/lib/python3.9/site-packages/airflow/example_dags/subdags/subdag.py
[2023-05-10 21:06:52,819] {processor.py:641} INFO - Processing file /home/v/Documents/iac-airflow-dev/dags/venv/lib/python3.9/site-packages/airflow/example_dags/subdags/subdag.py for tasks to queue
[2023-05-10 21:06:52,819] {logging_mixin.py:115} INFO - [2023-05-10 21:06:52,819] {dagbag.py:507} INFO - Filling up the DagBag from /home/v/Documents/iac-airflow-dev/dags/venv/lib/python3.9/site-packages/airflow/example_dags/subdags/subdag.py
[2023-05-10 21:06:52,821] {processor.py:653} WARNING - No viable dags retrieved from /home/v/Documents/iac-airflow-dev/dags/venv/lib/python3.9/site-packages/airflow/example_dags/subdags/subdag.py
[2023-05-10 21:06:52,832] {processor.py:161} INFO - Processing /home/v/Documents/iac-airflow-dev/dags/venv/lib/python3.9/site-packages/airflow/example_dags/subdags/subdag.py took 0.026 seconds
[2023-05-10 21:07:27,485] {processor.py:153} INFO - Started process (PID=94012) to work on /home/v/Documents/iac-airflow-dev/dags/venv/lib/python3.9/site-packages/airflow/example_dags/subdags/subdag.py
[2023-05-10 21:07:27,486] {processor.py:641} INFO - Processing file /home/v/Documents/iac-airflow-dev/dags/venv/lib/python3.9/site-packages/airflow/example_dags/subdags/subdag.py for tasks to queue
[2023-05-10 21:07:27,486] {logging_mixin.py:115} INFO - [2023-05-10 21:07:27,486] {dagbag.py:507} INFO - Filling up the DagBag from /home/v/Documents/iac-airflow-dev/dags/venv/lib/python3.9/site-packages/airflow/example_dags/subdags/subdag.py
[2023-05-10 21:07:27,488] {processor.py:653} WARNING - No viable dags retrieved from /home/v/Documents/iac-airflow-dev/dags/venv/lib/python3.9/site-packages/airflow/example_dags/subdags/subdag.py
[2023-05-10 21:07:27,499] {processor.py:161} INFO - Processing /home/v/Documents/iac-airflow-dev/dags/venv/lib/python3.9/site-packages/airflow/example_dags/subdags/subdag.py took 0.017 seconds
