[2023-05-10 21:00:33,635] {processor.py:153} INFO - Started process (PID=92317) to work on /home/v/Documents/iac-airflow-dev/dags/venv/lib/python3.9/site-packages/airflow/example_dags/plugins/workday.py
[2023-05-10 21:00:33,635] {processor.py:641} INFO - Processing file /home/v/Documents/iac-airflow-dev/dags/venv/lib/python3.9/site-packages/airflow/example_dags/plugins/workday.py for tasks to queue
[2023-05-10 21:00:33,636] {logging_mixin.py:115} INFO - [2023-05-10 21:00:33,636] {dagbag.py:507} INFO - Filling up the DagBag from /home/v/Documents/iac-airflow-dev/dags/venv/lib/python3.9/site-packages/airflow/example_dags/plugins/workday.py
[2023-05-10 21:00:33,638] {processor.py:653} WARNING - No viable dags retrieved from /home/v/Documents/iac-airflow-dev/dags/venv/lib/python3.9/site-packages/airflow/example_dags/plugins/workday.py
[2023-05-10 21:00:33,649] {processor.py:161} INFO - Processing /home/v/Documents/iac-airflow-dev/dags/venv/lib/python3.9/site-packages/airflow/example_dags/plugins/workday.py took 0.017 seconds
[2023-05-10 21:01:07,447] {processor.py:153} INFO - Started process (PID=92436) to work on /home/v/Documents/iac-airflow-dev/dags/venv/lib/python3.9/site-packages/airflow/example_dags/plugins/workday.py
[2023-05-10 21:01:07,448] {processor.py:641} INFO - Processing file /home/v/Documents/iac-airflow-dev/dags/venv/lib/python3.9/site-packages/airflow/example_dags/plugins/workday.py for tasks to queue
[2023-05-10 21:01:07,448] {logging_mixin.py:115} INFO - [2023-05-10 21:01:07,448] {dagbag.py:507} INFO - Filling up the DagBag from /home/v/Documents/iac-airflow-dev/dags/venv/lib/python3.9/site-packages/airflow/example_dags/plugins/workday.py
[2023-05-10 21:01:07,451] {processor.py:653} WARNING - No viable dags retrieved from /home/v/Documents/iac-airflow-dev/dags/venv/lib/python3.9/site-packages/airflow/example_dags/plugins/workday.py
[2023-05-10 21:01:07,461] {processor.py:161} INFO - Processing /home/v/Documents/iac-airflow-dev/dags/venv/lib/python3.9/site-packages/airflow/example_dags/plugins/workday.py took 0.016 seconds
[2023-05-10 21:01:40,851] {processor.py:153} INFO - Started process (PID=92549) to work on /home/v/Documents/iac-airflow-dev/dags/venv/lib/python3.9/site-packages/airflow/example_dags/plugins/workday.py
[2023-05-10 21:01:40,852] {processor.py:641} INFO - Processing file /home/v/Documents/iac-airflow-dev/dags/venv/lib/python3.9/site-packages/airflow/example_dags/plugins/workday.py for tasks to queue
[2023-05-10 21:01:40,853] {logging_mixin.py:115} INFO - [2023-05-10 21:01:40,853] {dagbag.py:507} INFO - Filling up the DagBag from /home/v/Documents/iac-airflow-dev/dags/venv/lib/python3.9/site-packages/airflow/example_dags/plugins/workday.py
[2023-05-10 21:01:40,855] {processor.py:653} WARNING - No viable dags retrieved from /home/v/Documents/iac-airflow-dev/dags/venv/lib/python3.9/site-packages/airflow/example_dags/plugins/workday.py
[2023-05-10 21:01:40,866] {processor.py:161} INFO - Processing /home/v/Documents/iac-airflow-dev/dags/venv/lib/python3.9/site-packages/airflow/example_dags/plugins/workday.py took 0.018 seconds
[2023-05-10 21:02:17,882] {processor.py:153} INFO - Started process (PID=92721) to work on /home/v/Documents/iac-airflow-dev/dags/venv/lib/python3.9/site-packages/airflow/example_dags/plugins/workday.py
[2023-05-10 21:02:17,883] {processor.py:641} INFO - Processing file /home/v/Documents/iac-airflow-dev/dags/venv/lib/python3.9/site-packages/airflow/example_dags/plugins/workday.py for tasks to queue
[2023-05-10 21:02:17,883] {logging_mixin.py:115} INFO - [2023-05-10 21:02:17,883] {dagbag.py:507} INFO - Filling up the DagBag from /home/v/Documents/iac-airflow-dev/dags/venv/lib/python3.9/site-packages/airflow/example_dags/plugins/workday.py
[2023-05-10 21:02:17,885] {processor.py:653} WARNING - No viable dags retrieved from /home/v/Documents/iac-airflow-dev/dags/venv/lib/python3.9/site-packages/airflow/example_dags/plugins/workday.py
[2023-05-10 21:02:17,895] {processor.py:161} INFO - Processing /home/v/Documents/iac-airflow-dev/dags/venv/lib/python3.9/site-packages/airflow/example_dags/plugins/workday.py took 0.016 seconds
[2023-05-10 21:02:50,677] {processor.py:153} INFO - Started process (PID=92936) to work on /home/v/Documents/iac-airflow-dev/dags/venv/lib/python3.9/site-packages/airflow/example_dags/plugins/workday.py
[2023-05-10 21:02:50,678] {processor.py:641} INFO - Processing file /home/v/Documents/iac-airflow-dev/dags/venv/lib/python3.9/site-packages/airflow/example_dags/plugins/workday.py for tasks to queue
[2023-05-10 21:02:50,678] {logging_mixin.py:115} INFO - [2023-05-10 21:02:50,678] {dagbag.py:507} INFO - Filling up the DagBag from /home/v/Documents/iac-airflow-dev/dags/venv/lib/python3.9/site-packages/airflow/example_dags/plugins/workday.py
[2023-05-10 21:02:50,680] {processor.py:653} WARNING - No viable dags retrieved from /home/v/Documents/iac-airflow-dev/dags/venv/lib/python3.9/site-packages/airflow/example_dags/plugins/workday.py
[2023-05-10 21:02:50,691] {processor.py:161} INFO - Processing /home/v/Documents/iac-airflow-dev/dags/venv/lib/python3.9/site-packages/airflow/example_dags/plugins/workday.py took 0.017 seconds
[2023-05-10 21:03:23,738] {processor.py:153} INFO - Started process (PID=93078) to work on /home/v/Documents/iac-airflow-dev/dags/venv/lib/python3.9/site-packages/airflow/example_dags/plugins/workday.py
[2023-05-10 21:03:23,738] {processor.py:641} INFO - Processing file /home/v/Documents/iac-airflow-dev/dags/venv/lib/python3.9/site-packages/airflow/example_dags/plugins/workday.py for tasks to queue
[2023-05-10 21:03:23,739] {logging_mixin.py:115} INFO - [2023-05-10 21:03:23,739] {dagbag.py:507} INFO - Filling up the DagBag from /home/v/Documents/iac-airflow-dev/dags/venv/lib/python3.9/site-packages/airflow/example_dags/plugins/workday.py
[2023-05-10 21:03:23,741] {processor.py:653} WARNING - No viable dags retrieved from /home/v/Documents/iac-airflow-dev/dags/venv/lib/python3.9/site-packages/airflow/example_dags/plugins/workday.py
[2023-05-10 21:03:23,752] {processor.py:161} INFO - Processing /home/v/Documents/iac-airflow-dev/dags/venv/lib/python3.9/site-packages/airflow/example_dags/plugins/workday.py took 0.018 seconds
[2023-05-10 21:04:00,936] {processor.py:153} INFO - Started process (PID=93199) to work on /home/v/Documents/iac-airflow-dev/dags/venv/lib/python3.9/site-packages/airflow/example_dags/plugins/workday.py
[2023-05-10 21:04:01,235] {processor.py:641} INFO - Processing file /home/v/Documents/iac-airflow-dev/dags/venv/lib/python3.9/site-packages/airflow/example_dags/plugins/workday.py for tasks to queue
[2023-05-10 21:04:01,235] {logging_mixin.py:115} INFO - [2023-05-10 21:04:01,235] {dagbag.py:507} INFO - Filling up the DagBag from /home/v/Documents/iac-airflow-dev/dags/venv/lib/python3.9/site-packages/airflow/example_dags/plugins/workday.py
[2023-05-10 21:04:01,237] {processor.py:653} WARNING - No viable dags retrieved from /home/v/Documents/iac-airflow-dev/dags/venv/lib/python3.9/site-packages/airflow/example_dags/plugins/workday.py
[2023-05-10 21:04:01,248] {processor.py:161} INFO - Processing /home/v/Documents/iac-airflow-dev/dags/venv/lib/python3.9/site-packages/airflow/example_dags/plugins/workday.py took 0.315 seconds
[2023-05-10 21:04:33,190] {processor.py:153} INFO - Started process (PID=93321) to work on /home/v/Documents/iac-airflow-dev/dags/venv/lib/python3.9/site-packages/airflow/example_dags/plugins/workday.py
[2023-05-10 21:04:33,191] {processor.py:641} INFO - Processing file /home/v/Documents/iac-airflow-dev/dags/venv/lib/python3.9/site-packages/airflow/example_dags/plugins/workday.py for tasks to queue
[2023-05-10 21:04:33,192] {logging_mixin.py:115} INFO - [2023-05-10 21:04:33,191] {dagbag.py:507} INFO - Filling up the DagBag from /home/v/Documents/iac-airflow-dev/dags/venv/lib/python3.9/site-packages/airflow/example_dags/plugins/workday.py
[2023-05-10 21:04:33,193] {processor.py:653} WARNING - No viable dags retrieved from /home/v/Documents/iac-airflow-dev/dags/venv/lib/python3.9/site-packages/airflow/example_dags/plugins/workday.py
[2023-05-10 21:04:33,205] {processor.py:161} INFO - Processing /home/v/Documents/iac-airflow-dev/dags/venv/lib/python3.9/site-packages/airflow/example_dags/plugins/workday.py took 0.018 seconds
[2023-05-10 21:05:08,653] {processor.py:153} INFO - Started process (PID=93488) to work on /home/v/Documents/iac-airflow-dev/dags/venv/lib/python3.9/site-packages/airflow/example_dags/plugins/workday.py
[2023-05-10 21:05:08,731] {processor.py:641} INFO - Processing file /home/v/Documents/iac-airflow-dev/dags/venv/lib/python3.9/site-packages/airflow/example_dags/plugins/workday.py for tasks to queue
[2023-05-10 21:05:08,731] {logging_mixin.py:115} INFO - [2023-05-10 21:05:08,731] {dagbag.py:507} INFO - Filling up the DagBag from /home/v/Documents/iac-airflow-dev/dags/venv/lib/python3.9/site-packages/airflow/example_dags/plugins/workday.py
[2023-05-10 21:05:08,733] {processor.py:653} WARNING - No viable dags retrieved from /home/v/Documents/iac-airflow-dev/dags/venv/lib/python3.9/site-packages/airflow/example_dags/plugins/workday.py
[2023-05-10 21:05:08,745] {processor.py:161} INFO - Processing /home/v/Documents/iac-airflow-dev/dags/venv/lib/python3.9/site-packages/airflow/example_dags/plugins/workday.py took 0.095 seconds
[2023-05-10 21:05:42,846] {processor.py:153} INFO - Started process (PID=93617) to work on /home/v/Documents/iac-airflow-dev/dags/venv/lib/python3.9/site-packages/airflow/example_dags/plugins/workday.py
[2023-05-10 21:05:42,847] {processor.py:641} INFO - Processing file /home/v/Documents/iac-airflow-dev/dags/venv/lib/python3.9/site-packages/airflow/example_dags/plugins/workday.py for tasks to queue
[2023-05-10 21:05:42,847] {logging_mixin.py:115} INFO - [2023-05-10 21:05:42,847] {dagbag.py:507} INFO - Filling up the DagBag from /home/v/Documents/iac-airflow-dev/dags/venv/lib/python3.9/site-packages/airflow/example_dags/plugins/workday.py
[2023-05-10 21:05:42,849] {processor.py:653} WARNING - No viable dags retrieved from /home/v/Documents/iac-airflow-dev/dags/venv/lib/python3.9/site-packages/airflow/example_dags/plugins/workday.py
[2023-05-10 21:05:42,861] {processor.py:161} INFO - Processing /home/v/Documents/iac-airflow-dev/dags/venv/lib/python3.9/site-packages/airflow/example_dags/plugins/workday.py took 0.018 seconds
[2023-05-10 21:06:16,606] {processor.py:153} INFO - Started process (PID=93721) to work on /home/v/Documents/iac-airflow-dev/dags/venv/lib/python3.9/site-packages/airflow/example_dags/plugins/workday.py
[2023-05-10 21:06:16,607] {processor.py:641} INFO - Processing file /home/v/Documents/iac-airflow-dev/dags/venv/lib/python3.9/site-packages/airflow/example_dags/plugins/workday.py for tasks to queue
[2023-05-10 21:06:16,607] {logging_mixin.py:115} INFO - [2023-05-10 21:06:16,607] {dagbag.py:507} INFO - Filling up the DagBag from /home/v/Documents/iac-airflow-dev/dags/venv/lib/python3.9/site-packages/airflow/example_dags/plugins/workday.py
[2023-05-10 21:06:16,609] {processor.py:653} WARNING - No viable dags retrieved from /home/v/Documents/iac-airflow-dev/dags/venv/lib/python3.9/site-packages/airflow/example_dags/plugins/workday.py
[2023-05-10 21:06:16,618] {processor.py:161} INFO - Processing /home/v/Documents/iac-airflow-dev/dags/venv/lib/python3.9/site-packages/airflow/example_dags/plugins/workday.py took 0.015 seconds
[2023-05-10 21:06:51,674] {processor.py:153} INFO - Started process (PID=93852) to work on /home/v/Documents/iac-airflow-dev/dags/venv/lib/python3.9/site-packages/airflow/example_dags/plugins/workday.py
[2023-05-10 21:06:51,687] {processor.py:641} INFO - Processing file /home/v/Documents/iac-airflow-dev/dags/venv/lib/python3.9/site-packages/airflow/example_dags/plugins/workday.py for tasks to queue
[2023-05-10 21:06:51,687] {logging_mixin.py:115} INFO - [2023-05-10 21:06:51,687] {dagbag.py:507} INFO - Filling up the DagBag from /home/v/Documents/iac-airflow-dev/dags/venv/lib/python3.9/site-packages/airflow/example_dags/plugins/workday.py
[2023-05-10 21:06:51,689] {processor.py:653} WARNING - No viable dags retrieved from /home/v/Documents/iac-airflow-dev/dags/venv/lib/python3.9/site-packages/airflow/example_dags/plugins/workday.py
[2023-05-10 21:06:51,699] {processor.py:161} INFO - Processing /home/v/Documents/iac-airflow-dev/dags/venv/lib/python3.9/site-packages/airflow/example_dags/plugins/workday.py took 0.028 seconds
[2023-05-10 21:07:26,333] {processor.py:153} INFO - Started process (PID=94002) to work on /home/v/Documents/iac-airflow-dev/dags/venv/lib/python3.9/site-packages/airflow/example_dags/plugins/workday.py
[2023-05-10 21:07:26,334] {processor.py:641} INFO - Processing file /home/v/Documents/iac-airflow-dev/dags/venv/lib/python3.9/site-packages/airflow/example_dags/plugins/workday.py for tasks to queue
[2023-05-10 21:07:26,334] {logging_mixin.py:115} INFO - [2023-05-10 21:07:26,334] {dagbag.py:507} INFO - Filling up the DagBag from /home/v/Documents/iac-airflow-dev/dags/venv/lib/python3.9/site-packages/airflow/example_dags/plugins/workday.py
[2023-05-10 21:07:26,336] {processor.py:653} WARNING - No viable dags retrieved from /home/v/Documents/iac-airflow-dev/dags/venv/lib/python3.9/site-packages/airflow/example_dags/plugins/workday.py
[2023-05-10 21:07:26,346] {processor.py:161} INFO - Processing /home/v/Documents/iac-airflow-dev/dags/venv/lib/python3.9/site-packages/airflow/example_dags/plugins/workday.py took 0.016 seconds
