[2023-05-10 17:24:51,752] {taskinstance.py:1159} INFO - Dependencies all met for <TaskInstance: example_branch_datetime_operator_2.datetime_branch scheduled__2023-05-09T00:00:00+00:00 [queued]>
[2023-05-10 17:24:51,758] {taskinstance.py:1159} INFO - Dependencies all met for <TaskInstance: example_branch_datetime_operator_2.datetime_branch scheduled__2023-05-09T00:00:00+00:00 [queued]>
[2023-05-10 17:24:51,758] {taskinstance.py:1356} INFO - 
--------------------------------------------------------------------------------
[2023-05-10 17:24:51,758] {taskinstance.py:1357} INFO - Starting attempt 1 of 1
[2023-05-10 17:24:51,758] {taskinstance.py:1358} INFO - 
--------------------------------------------------------------------------------
[2023-05-10 17:24:51,775] {taskinstance.py:1377} INFO - Executing <Task(BranchDateTimeOperator): datetime_branch> on 2023-05-09 00:00:00+00:00
[2023-05-10 17:24:51,777] {standard_task_runner.py:52} INFO - Started process 45233 to run task
[2023-05-10 17:24:51,781] {standard_task_runner.py:79} INFO - Running: ['airflow', 'tasks', 'run', 'example_branch_datetime_operator_2', 'datetime_branch', 'scheduled__2023-05-09T00:00:00+00:00', '--job-id', '27', '--raw', '--subdir', '/home/v/Documents/iac-airflow-dev/dags/venv/lib/python3.9/site-packages/airflow/example_dags/example_branch_datetime_operator.py', '--cfg-path', '/tmp/tmpv81eeta4', '--error-file', '/tmp/tmp9op2jtxt']
[2023-05-10 17:24:51,781] {standard_task_runner.py:80} INFO - Job 27: Subtask datetime_branch
[2023-05-10 17:24:51,820] {task_command.py:370} INFO - Running <TaskInstance: example_branch_datetime_operator_2.datetime_branch scheduled__2023-05-09T00:00:00+00:00 [running]> on host v-Default-string
[2023-05-10 17:24:51,884] {taskinstance.py:1569} INFO - Exporting the following env vars:
AIRFLOW_CTX_DAG_OWNER=airflow
AIRFLOW_CTX_DAG_ID=example_branch_datetime_operator_2
AIRFLOW_CTX_TASK_ID=datetime_branch
AIRFLOW_CTX_EXECUTION_DATE=2023-05-09T00:00:00+00:00
AIRFLOW_CTX_TRY_NUMBER=1
AIRFLOW_CTX_DAG_RUN_ID=scheduled__2023-05-09T00:00:00+00:00
[2023-05-10 17:24:51,884] {skipmixin.py:140} INFO - Following branch ['date_in_range']
[2023-05-10 17:24:51,885] {skipmixin.py:175} INFO - Skipping tasks ['date_outside_range']
[2023-05-10 17:24:51,916] {taskinstance.py:1395} INFO - Marking task as SUCCESS. dag_id=example_branch_datetime_operator_2, task_id=datetime_branch, execution_date=20230509T000000, start_date=20230510T202451, end_date=20230510T202451
[2023-05-10 17:24:51,952] {local_task_job.py:156} INFO - Task exited with return code 0
[2023-05-10 17:24:52,000] {local_task_job.py:273} INFO - 1 downstream tasks scheduled from follow-on schedule check
