[2023-05-10 21:00:18,175] {processor.py:153} INFO - Started process (PID=92267) to work on /home/v/Documents/iac-airflow-dev/dags/venv/lib/python3.9/site-packages/airflow/example_dags/example_task_group.py
[2023-05-10 21:00:18,175] {processor.py:641} INFO - Processing file /home/v/Documents/iac-airflow-dev/dags/venv/lib/python3.9/site-packages/airflow/example_dags/example_task_group.py for tasks to queue
[2023-05-10 21:00:18,176] {logging_mixin.py:115} INFO - [2023-05-10 21:00:18,176] {dagbag.py:507} INFO - Filling up the DagBag from /home/v/Documents/iac-airflow-dev/dags/venv/lib/python3.9/site-packages/airflow/example_dags/example_task_group.py
[2023-05-10 21:00:18,183] {processor.py:651} INFO - DAG(s) dict_keys(['example_task_group']) retrieved from /home/v/Documents/iac-airflow-dev/dags/venv/lib/python3.9/site-packages/airflow/example_dags/example_task_group.py
[2023-05-10 21:00:18,202] {logging_mixin.py:115} INFO - [2023-05-10 21:00:18,202] {dag.py:2379} INFO - Sync 1 DAGs
[2023-05-10 21:00:18,219] {logging_mixin.py:115} INFO - [2023-05-10 21:00:18,219] {dag.py:2927} INFO - Setting next_dagrun for example_task_group to 2023-05-10T00:00:18.219522+00:00, run_after=2023-05-11T00:00:18.219522+00:00
[2023-05-10 21:00:18,234] {processor.py:161} INFO - Processing /home/v/Documents/iac-airflow-dev/dags/venv/lib/python3.9/site-packages/airflow/example_dags/example_task_group.py took 0.062 seconds
[2023-05-10 21:00:51,949] {processor.py:153} INFO - Started process (PID=92376) to work on /home/v/Documents/iac-airflow-dev/dags/venv/lib/python3.9/site-packages/airflow/example_dags/example_task_group.py
[2023-05-10 21:00:51,950] {processor.py:641} INFO - Processing file /home/v/Documents/iac-airflow-dev/dags/venv/lib/python3.9/site-packages/airflow/example_dags/example_task_group.py for tasks to queue
[2023-05-10 21:00:51,950] {logging_mixin.py:115} INFO - [2023-05-10 21:00:51,950] {dagbag.py:507} INFO - Filling up the DagBag from /home/v/Documents/iac-airflow-dev/dags/venv/lib/python3.9/site-packages/airflow/example_dags/example_task_group.py
[2023-05-10 21:00:51,957] {processor.py:651} INFO - DAG(s) dict_keys(['example_task_group']) retrieved from /home/v/Documents/iac-airflow-dev/dags/venv/lib/python3.9/site-packages/airflow/example_dags/example_task_group.py
[2023-05-10 21:00:51,974] {logging_mixin.py:115} INFO - [2023-05-10 21:00:51,974] {dag.py:2379} INFO - Sync 1 DAGs
[2023-05-10 21:00:51,992] {logging_mixin.py:115} INFO - [2023-05-10 21:00:51,992] {dag.py:2927} INFO - Setting next_dagrun for example_task_group to 2023-05-10T00:00:51.991867+00:00, run_after=2023-05-11T00:00:51.991867+00:00
[2023-05-10 21:00:52,006] {processor.py:161} INFO - Processing /home/v/Documents/iac-airflow-dev/dags/venv/lib/python3.9/site-packages/airflow/example_dags/example_task_group.py took 0.060 seconds
[2023-05-10 21:01:29,166] {processor.py:153} INFO - Started process (PID=92502) to work on /home/v/Documents/iac-airflow-dev/dags/venv/lib/python3.9/site-packages/airflow/example_dags/example_task_group.py
[2023-05-10 21:01:29,167] {processor.py:641} INFO - Processing file /home/v/Documents/iac-airflow-dev/dags/venv/lib/python3.9/site-packages/airflow/example_dags/example_task_group.py for tasks to queue
[2023-05-10 21:01:29,168] {logging_mixin.py:115} INFO - [2023-05-10 21:01:29,167] {dagbag.py:507} INFO - Filling up the DagBag from /home/v/Documents/iac-airflow-dev/dags/venv/lib/python3.9/site-packages/airflow/example_dags/example_task_group.py
[2023-05-10 21:01:29,175] {processor.py:651} INFO - DAG(s) dict_keys(['example_task_group']) retrieved from /home/v/Documents/iac-airflow-dev/dags/venv/lib/python3.9/site-packages/airflow/example_dags/example_task_group.py
[2023-05-10 21:01:29,192] {logging_mixin.py:115} INFO - [2023-05-10 21:01:29,192] {dag.py:2379} INFO - Sync 1 DAGs
[2023-05-10 21:01:29,210] {logging_mixin.py:115} INFO - [2023-05-10 21:01:29,209] {dag.py:2927} INFO - Setting next_dagrun for example_task_group to 2023-05-10T00:01:29.209671+00:00, run_after=2023-05-11T00:01:29.209671+00:00
[2023-05-10 21:01:29,223] {processor.py:161} INFO - Processing /home/v/Documents/iac-airflow-dev/dags/venv/lib/python3.9/site-packages/airflow/example_dags/example_task_group.py took 0.060 seconds
[2023-05-10 21:02:07,600] {processor.py:153} INFO - Started process (PID=92687) to work on /home/v/Documents/iac-airflow-dev/dags/venv/lib/python3.9/site-packages/airflow/example_dags/example_task_group.py
[2023-05-10 21:02:07,603] {processor.py:641} INFO - Processing file /home/v/Documents/iac-airflow-dev/dags/venv/lib/python3.9/site-packages/airflow/example_dags/example_task_group.py for tasks to queue
[2023-05-10 21:02:07,603] {logging_mixin.py:115} INFO - [2023-05-10 21:02:07,603] {dagbag.py:507} INFO - Filling up the DagBag from /home/v/Documents/iac-airflow-dev/dags/venv/lib/python3.9/site-packages/airflow/example_dags/example_task_group.py
[2023-05-10 21:02:07,610] {processor.py:651} INFO - DAG(s) dict_keys(['example_task_group']) retrieved from /home/v/Documents/iac-airflow-dev/dags/venv/lib/python3.9/site-packages/airflow/example_dags/example_task_group.py
[2023-05-10 21:02:07,626] {logging_mixin.py:115} INFO - [2023-05-10 21:02:07,626] {dag.py:2379} INFO - Sync 1 DAGs
[2023-05-10 21:02:07,643] {logging_mixin.py:115} INFO - [2023-05-10 21:02:07,643] {dag.py:2927} INFO - Setting next_dagrun for example_task_group to 2023-05-10T00:02:07.643340+00:00, run_after=2023-05-11T00:02:07.643340+00:00
[2023-05-10 21:02:07,657] {processor.py:161} INFO - Processing /home/v/Documents/iac-airflow-dev/dags/venv/lib/python3.9/site-packages/airflow/example_dags/example_task_group.py took 0.060 seconds
[2023-05-10 21:02:46,385] {processor.py:153} INFO - Started process (PID=92918) to work on /home/v/Documents/iac-airflow-dev/dags/venv/lib/python3.9/site-packages/airflow/example_dags/example_task_group.py
[2023-05-10 21:02:46,385] {processor.py:641} INFO - Processing file /home/v/Documents/iac-airflow-dev/dags/venv/lib/python3.9/site-packages/airflow/example_dags/example_task_group.py for tasks to queue
[2023-05-10 21:02:46,386] {logging_mixin.py:115} INFO - [2023-05-10 21:02:46,386] {dagbag.py:507} INFO - Filling up the DagBag from /home/v/Documents/iac-airflow-dev/dags/venv/lib/python3.9/site-packages/airflow/example_dags/example_task_group.py
[2023-05-10 21:02:46,393] {processor.py:651} INFO - DAG(s) dict_keys(['example_task_group']) retrieved from /home/v/Documents/iac-airflow-dev/dags/venv/lib/python3.9/site-packages/airflow/example_dags/example_task_group.py
[2023-05-10 21:02:46,410] {logging_mixin.py:115} INFO - [2023-05-10 21:02:46,410] {dag.py:2379} INFO - Sync 1 DAGs
[2023-05-10 21:02:46,427] {logging_mixin.py:115} INFO - [2023-05-10 21:02:46,427] {dag.py:2927} INFO - Setting next_dagrun for example_task_group to 2023-05-10T00:02:46.427438+00:00, run_after=2023-05-11T00:02:46.427438+00:00
[2023-05-10 21:02:46,440] {processor.py:161} INFO - Processing /home/v/Documents/iac-airflow-dev/dags/venv/lib/python3.9/site-packages/airflow/example_dags/example_task_group.py took 0.059 seconds
[2023-05-10 21:03:21,119] {processor.py:153} INFO - Started process (PID=93069) to work on /home/v/Documents/iac-airflow-dev/dags/venv/lib/python3.9/site-packages/airflow/example_dags/example_task_group.py
[2023-05-10 21:03:21,120] {processor.py:641} INFO - Processing file /home/v/Documents/iac-airflow-dev/dags/venv/lib/python3.9/site-packages/airflow/example_dags/example_task_group.py for tasks to queue
[2023-05-10 21:03:21,121] {logging_mixin.py:115} INFO - [2023-05-10 21:03:21,121] {dagbag.py:507} INFO - Filling up the DagBag from /home/v/Documents/iac-airflow-dev/dags/venv/lib/python3.9/site-packages/airflow/example_dags/example_task_group.py
[2023-05-10 21:03:21,128] {processor.py:651} INFO - DAG(s) dict_keys(['example_task_group']) retrieved from /home/v/Documents/iac-airflow-dev/dags/venv/lib/python3.9/site-packages/airflow/example_dags/example_task_group.py
[2023-05-10 21:03:21,144] {logging_mixin.py:115} INFO - [2023-05-10 21:03:21,144] {dag.py:2379} INFO - Sync 1 DAGs
[2023-05-10 21:03:21,160] {logging_mixin.py:115} INFO - [2023-05-10 21:03:21,160] {dag.py:2927} INFO - Setting next_dagrun for example_task_group to 2023-05-10T00:03:21.160250+00:00, run_after=2023-05-11T00:03:21.160250+00:00
[2023-05-10 21:03:21,173] {processor.py:161} INFO - Processing /home/v/Documents/iac-airflow-dev/dags/venv/lib/python3.9/site-packages/airflow/example_dags/example_task_group.py took 0.056 seconds
[2023-05-10 21:03:57,494] {processor.py:153} INFO - Started process (PID=93190) to work on /home/v/Documents/iac-airflow-dev/dags/venv/lib/python3.9/site-packages/airflow/example_dags/example_task_group.py
[2023-05-10 21:03:57,495] {processor.py:641} INFO - Processing file /home/v/Documents/iac-airflow-dev/dags/venv/lib/python3.9/site-packages/airflow/example_dags/example_task_group.py for tasks to queue
[2023-05-10 21:03:57,496] {logging_mixin.py:115} INFO - [2023-05-10 21:03:57,496] {dagbag.py:507} INFO - Filling up the DagBag from /home/v/Documents/iac-airflow-dev/dags/venv/lib/python3.9/site-packages/airflow/example_dags/example_task_group.py
[2023-05-10 21:03:57,503] {processor.py:651} INFO - DAG(s) dict_keys(['example_task_group']) retrieved from /home/v/Documents/iac-airflow-dev/dags/venv/lib/python3.9/site-packages/airflow/example_dags/example_task_group.py
[2023-05-10 21:03:57,518] {logging_mixin.py:115} INFO - [2023-05-10 21:03:57,518] {dag.py:2379} INFO - Sync 1 DAGs
[2023-05-10 21:03:57,535] {logging_mixin.py:115} INFO - [2023-05-10 21:03:57,535] {dag.py:2927} INFO - Setting next_dagrun for example_task_group to 2023-05-10T00:03:57.535009+00:00, run_after=2023-05-11T00:03:57.535009+00:00
[2023-05-10 21:03:57,549] {processor.py:161} INFO - Processing /home/v/Documents/iac-airflow-dev/dags/venv/lib/python3.9/site-packages/airflow/example_dags/example_task_group.py took 0.058 seconds
[2023-05-10 21:04:35,829] {processor.py:153} INFO - Started process (PID=93326) to work on /home/v/Documents/iac-airflow-dev/dags/venv/lib/python3.9/site-packages/airflow/example_dags/example_task_group.py
[2023-05-10 21:04:35,830] {processor.py:641} INFO - Processing file /home/v/Documents/iac-airflow-dev/dags/venv/lib/python3.9/site-packages/airflow/example_dags/example_task_group.py for tasks to queue
[2023-05-10 21:04:35,830] {logging_mixin.py:115} INFO - [2023-05-10 21:04:35,830] {dagbag.py:507} INFO - Filling up the DagBag from /home/v/Documents/iac-airflow-dev/dags/venv/lib/python3.9/site-packages/airflow/example_dags/example_task_group.py
[2023-05-10 21:04:35,838] {processor.py:651} INFO - DAG(s) dict_keys(['example_task_group']) retrieved from /home/v/Documents/iac-airflow-dev/dags/venv/lib/python3.9/site-packages/airflow/example_dags/example_task_group.py
[2023-05-10 21:04:35,855] {logging_mixin.py:115} INFO - [2023-05-10 21:04:35,855] {dag.py:2379} INFO - Sync 1 DAGs
[2023-05-10 21:04:35,873] {logging_mixin.py:115} INFO - [2023-05-10 21:04:35,873] {dag.py:2927} INFO - Setting next_dagrun for example_task_group to 2023-05-10T00:04:35.873257+00:00, run_after=2023-05-11T00:04:35.873257+00:00
[2023-05-10 21:04:35,887] {processor.py:161} INFO - Processing /home/v/Documents/iac-airflow-dev/dags/venv/lib/python3.9/site-packages/airflow/example_dags/example_task_group.py took 0.061 seconds
[2023-05-10 21:05:12,407] {processor.py:153} INFO - Started process (PID=93493) to work on /home/v/Documents/iac-airflow-dev/dags/venv/lib/python3.9/site-packages/airflow/example_dags/example_task_group.py
[2023-05-10 21:05:12,408] {processor.py:641} INFO - Processing file /home/v/Documents/iac-airflow-dev/dags/venv/lib/python3.9/site-packages/airflow/example_dags/example_task_group.py for tasks to queue
[2023-05-10 21:05:12,409] {logging_mixin.py:115} INFO - [2023-05-10 21:05:12,409] {dagbag.py:507} INFO - Filling up the DagBag from /home/v/Documents/iac-airflow-dev/dags/venv/lib/python3.9/site-packages/airflow/example_dags/example_task_group.py
[2023-05-10 21:05:12,417] {processor.py:651} INFO - DAG(s) dict_keys(['example_task_group']) retrieved from /home/v/Documents/iac-airflow-dev/dags/venv/lib/python3.9/site-packages/airflow/example_dags/example_task_group.py
[2023-05-10 21:05:12,433] {logging_mixin.py:115} INFO - [2023-05-10 21:05:12,433] {dag.py:2379} INFO - Sync 1 DAGs
[2023-05-10 21:05:12,453] {logging_mixin.py:115} INFO - [2023-05-10 21:05:12,453] {dag.py:2927} INFO - Setting next_dagrun for example_task_group to 2023-05-10T00:05:12.452784+00:00, run_after=2023-05-11T00:05:12.452784+00:00
[2023-05-10 21:05:12,467] {processor.py:161} INFO - Processing /home/v/Documents/iac-airflow-dev/dags/venv/lib/python3.9/site-packages/airflow/example_dags/example_task_group.py took 0.063 seconds
[2023-05-10 21:05:48,557] {processor.py:153} INFO - Started process (PID=93635) to work on /home/v/Documents/iac-airflow-dev/dags/venv/lib/python3.9/site-packages/airflow/example_dags/example_task_group.py
[2023-05-10 21:05:48,558] {processor.py:641} INFO - Processing file /home/v/Documents/iac-airflow-dev/dags/venv/lib/python3.9/site-packages/airflow/example_dags/example_task_group.py for tasks to queue
[2023-05-10 21:05:48,559] {logging_mixin.py:115} INFO - [2023-05-10 21:05:48,559] {dagbag.py:507} INFO - Filling up the DagBag from /home/v/Documents/iac-airflow-dev/dags/venv/lib/python3.9/site-packages/airflow/example_dags/example_task_group.py
[2023-05-10 21:05:48,567] {processor.py:651} INFO - DAG(s) dict_keys(['example_task_group']) retrieved from /home/v/Documents/iac-airflow-dev/dags/venv/lib/python3.9/site-packages/airflow/example_dags/example_task_group.py
[2023-05-10 21:05:48,584] {logging_mixin.py:115} INFO - [2023-05-10 21:05:48,584] {dag.py:2379} INFO - Sync 1 DAGs
[2023-05-10 21:05:48,602] {logging_mixin.py:115} INFO - [2023-05-10 21:05:48,601] {dag.py:2927} INFO - Setting next_dagrun for example_task_group to 2023-05-10T00:05:48.601540+00:00, run_after=2023-05-11T00:05:48.601540+00:00
[2023-05-10 21:05:48,615] {processor.py:161} INFO - Processing /home/v/Documents/iac-airflow-dev/dags/venv/lib/python3.9/site-packages/airflow/example_dags/example_task_group.py took 0.061 seconds
[2023-05-10 21:06:25,611] {processor.py:153} INFO - Started process (PID=93753) to work on /home/v/Documents/iac-airflow-dev/dags/venv/lib/python3.9/site-packages/airflow/example_dags/example_task_group.py
[2023-05-10 21:06:25,614] {processor.py:641} INFO - Processing file /home/v/Documents/iac-airflow-dev/dags/venv/lib/python3.9/site-packages/airflow/example_dags/example_task_group.py for tasks to queue
[2023-05-10 21:06:25,615] {logging_mixin.py:115} INFO - [2023-05-10 21:06:25,615] {dagbag.py:507} INFO - Filling up the DagBag from /home/v/Documents/iac-airflow-dev/dags/venv/lib/python3.9/site-packages/airflow/example_dags/example_task_group.py
[2023-05-10 21:06:25,623] {processor.py:651} INFO - DAG(s) dict_keys(['example_task_group']) retrieved from /home/v/Documents/iac-airflow-dev/dags/venv/lib/python3.9/site-packages/airflow/example_dags/example_task_group.py
[2023-05-10 21:06:25,640] {logging_mixin.py:115} INFO - [2023-05-10 21:06:25,640] {dag.py:2379} INFO - Sync 1 DAGs
[2023-05-10 21:06:25,657] {logging_mixin.py:115} INFO - [2023-05-10 21:06:25,657] {dag.py:2927} INFO - Setting next_dagrun for example_task_group to 2023-05-10T00:06:25.657206+00:00, run_after=2023-05-11T00:06:25.657206+00:00
[2023-05-10 21:06:25,671] {processor.py:161} INFO - Processing /home/v/Documents/iac-airflow-dev/dags/venv/lib/python3.9/site-packages/airflow/example_dags/example_task_group.py took 0.064 seconds
[2023-05-10 21:07:03,111] {processor.py:153} INFO - Started process (PID=93925) to work on /home/v/Documents/iac-airflow-dev/dags/venv/lib/python3.9/site-packages/airflow/example_dags/example_task_group.py
[2023-05-10 21:07:03,113] {processor.py:641} INFO - Processing file /home/v/Documents/iac-airflow-dev/dags/venv/lib/python3.9/site-packages/airflow/example_dags/example_task_group.py for tasks to queue
[2023-05-10 21:07:03,113] {logging_mixin.py:115} INFO - [2023-05-10 21:07:03,113] {dagbag.py:507} INFO - Filling up the DagBag from /home/v/Documents/iac-airflow-dev/dags/venv/lib/python3.9/site-packages/airflow/example_dags/example_task_group.py
[2023-05-10 21:07:03,121] {processor.py:651} INFO - DAG(s) dict_keys(['example_task_group']) retrieved from /home/v/Documents/iac-airflow-dev/dags/venv/lib/python3.9/site-packages/airflow/example_dags/example_task_group.py
[2023-05-10 21:07:03,138] {logging_mixin.py:115} INFO - [2023-05-10 21:07:03,138] {dag.py:2379} INFO - Sync 1 DAGs
[2023-05-10 21:07:03,155] {logging_mixin.py:115} INFO - [2023-05-10 21:07:03,155] {dag.py:2927} INFO - Setting next_dagrun for example_task_group to 2023-05-10T00:07:03.155047+00:00, run_after=2023-05-11T00:07:03.155047+00:00
[2023-05-10 21:07:03,168] {processor.py:161} INFO - Processing /home/v/Documents/iac-airflow-dev/dags/venv/lib/python3.9/site-packages/airflow/example_dags/example_task_group.py took 0.061 seconds
