[2023-05-10 21:00:26,186] {processor.py:153} INFO - Started process (PID=92291) to work on /home/v/Documents/iac-airflow-dev/dags/venv/lib/python3.9/site-packages/airflow/example_dags/example_time_delta_sensor_async.py
[2023-05-10 21:00:26,187] {processor.py:641} INFO - Processing file /home/v/Documents/iac-airflow-dev/dags/venv/lib/python3.9/site-packages/airflow/example_dags/example_time_delta_sensor_async.py for tasks to queue
[2023-05-10 21:00:26,187] {logging_mixin.py:115} INFO - [2023-05-10 21:00:26,187] {dagbag.py:507} INFO - Filling up the DagBag from /home/v/Documents/iac-airflow-dev/dags/venv/lib/python3.9/site-packages/airflow/example_dags/example_time_delta_sensor_async.py
[2023-05-10 21:00:26,193] {processor.py:651} INFO - DAG(s) dict_keys(['example_time_delta_sensor_async']) retrieved from /home/v/Documents/iac-airflow-dev/dags/venv/lib/python3.9/site-packages/airflow/example_dags/example_time_delta_sensor_async.py
[2023-05-10 21:00:26,216] {logging_mixin.py:115} INFO - [2023-05-10 21:00:26,216] {dag.py:2379} INFO - Sync 1 DAGs
[2023-05-10 21:00:26,233] {logging_mixin.py:115} INFO - [2023-05-10 21:00:26,233] {dag.py:2927} INFO - Setting next_dagrun for example_time_delta_sensor_async to None, run_after=None
[2023-05-10 21:00:26,246] {processor.py:161} INFO - Processing /home/v/Documents/iac-airflow-dev/dags/venv/lib/python3.9/site-packages/airflow/example_dags/example_time_delta_sensor_async.py took 0.064 seconds
[2023-05-10 21:00:59,111] {processor.py:153} INFO - Started process (PID=92410) to work on /home/v/Documents/iac-airflow-dev/dags/venv/lib/python3.9/site-packages/airflow/example_dags/example_time_delta_sensor_async.py
[2023-05-10 21:00:59,111] {processor.py:641} INFO - Processing file /home/v/Documents/iac-airflow-dev/dags/venv/lib/python3.9/site-packages/airflow/example_dags/example_time_delta_sensor_async.py for tasks to queue
[2023-05-10 21:00:59,112] {logging_mixin.py:115} INFO - [2023-05-10 21:00:59,112] {dagbag.py:507} INFO - Filling up the DagBag from /home/v/Documents/iac-airflow-dev/dags/venv/lib/python3.9/site-packages/airflow/example_dags/example_time_delta_sensor_async.py
[2023-05-10 21:00:59,117] {processor.py:651} INFO - DAG(s) dict_keys(['example_time_delta_sensor_async']) retrieved from /home/v/Documents/iac-airflow-dev/dags/venv/lib/python3.9/site-packages/airflow/example_dags/example_time_delta_sensor_async.py
[2023-05-10 21:00:59,141] {logging_mixin.py:115} INFO - [2023-05-10 21:00:59,140] {dag.py:2379} INFO - Sync 1 DAGs
[2023-05-10 21:00:59,157] {logging_mixin.py:115} INFO - [2023-05-10 21:00:59,157] {dag.py:2927} INFO - Setting next_dagrun for example_time_delta_sensor_async to None, run_after=None
[2023-05-10 21:00:59,170] {processor.py:161} INFO - Processing /home/v/Documents/iac-airflow-dev/dags/venv/lib/python3.9/site-packages/airflow/example_dags/example_time_delta_sensor_async.py took 0.063 seconds
[2023-05-10 21:01:30,703] {processor.py:153} INFO - Started process (PID=92510) to work on /home/v/Documents/iac-airflow-dev/dags/venv/lib/python3.9/site-packages/airflow/example_dags/example_time_delta_sensor_async.py
[2023-05-10 21:01:30,703] {processor.py:641} INFO - Processing file /home/v/Documents/iac-airflow-dev/dags/venv/lib/python3.9/site-packages/airflow/example_dags/example_time_delta_sensor_async.py for tasks to queue
[2023-05-10 21:01:30,704] {logging_mixin.py:115} INFO - [2023-05-10 21:01:30,704] {dagbag.py:507} INFO - Filling up the DagBag from /home/v/Documents/iac-airflow-dev/dags/venv/lib/python3.9/site-packages/airflow/example_dags/example_time_delta_sensor_async.py
[2023-05-10 21:01:30,709] {processor.py:651} INFO - DAG(s) dict_keys(['example_time_delta_sensor_async']) retrieved from /home/v/Documents/iac-airflow-dev/dags/venv/lib/python3.9/site-packages/airflow/example_dags/example_time_delta_sensor_async.py
[2023-05-10 21:01:30,732] {logging_mixin.py:115} INFO - [2023-05-10 21:01:30,732] {dag.py:2379} INFO - Sync 1 DAGs
[2023-05-10 21:01:30,749] {logging_mixin.py:115} INFO - [2023-05-10 21:01:30,749] {dag.py:2927} INFO - Setting next_dagrun for example_time_delta_sensor_async to None, run_after=None
[2023-05-10 21:01:30,762] {processor.py:161} INFO - Processing /home/v/Documents/iac-airflow-dev/dags/venv/lib/python3.9/site-packages/airflow/example_dags/example_time_delta_sensor_async.py took 0.063 seconds
[2023-05-10 21:02:03,367] {processor.py:153} INFO - Started process (PID=92673) to work on /home/v/Documents/iac-airflow-dev/dags/venv/lib/python3.9/site-packages/airflow/example_dags/example_time_delta_sensor_async.py
[2023-05-10 21:02:03,368] {processor.py:641} INFO - Processing file /home/v/Documents/iac-airflow-dev/dags/venv/lib/python3.9/site-packages/airflow/example_dags/example_time_delta_sensor_async.py for tasks to queue
[2023-05-10 21:02:03,368] {logging_mixin.py:115} INFO - [2023-05-10 21:02:03,368] {dagbag.py:507} INFO - Filling up the DagBag from /home/v/Documents/iac-airflow-dev/dags/venv/lib/python3.9/site-packages/airflow/example_dags/example_time_delta_sensor_async.py
[2023-05-10 21:02:03,373] {processor.py:651} INFO - DAG(s) dict_keys(['example_time_delta_sensor_async']) retrieved from /home/v/Documents/iac-airflow-dev/dags/venv/lib/python3.9/site-packages/airflow/example_dags/example_time_delta_sensor_async.py
[2023-05-10 21:02:03,396] {logging_mixin.py:115} INFO - [2023-05-10 21:02:03,396] {dag.py:2379} INFO - Sync 1 DAGs
[2023-05-10 21:02:03,413] {logging_mixin.py:115} INFO - [2023-05-10 21:02:03,413] {dag.py:2927} INFO - Setting next_dagrun for example_time_delta_sensor_async to None, run_after=None
[2023-05-10 21:02:03,426] {processor.py:161} INFO - Processing /home/v/Documents/iac-airflow-dev/dags/venv/lib/python3.9/site-packages/airflow/example_dags/example_time_delta_sensor_async.py took 0.062 seconds
[2023-05-10 21:02:37,282] {processor.py:153} INFO - Started process (PID=92837) to work on /home/v/Documents/iac-airflow-dev/dags/venv/lib/python3.9/site-packages/airflow/example_dags/example_time_delta_sensor_async.py
[2023-05-10 21:02:37,284] {processor.py:641} INFO - Processing file /home/v/Documents/iac-airflow-dev/dags/venv/lib/python3.9/site-packages/airflow/example_dags/example_time_delta_sensor_async.py for tasks to queue
[2023-05-10 21:02:37,285] {logging_mixin.py:115} INFO - [2023-05-10 21:02:37,285] {dagbag.py:507} INFO - Filling up the DagBag from /home/v/Documents/iac-airflow-dev/dags/venv/lib/python3.9/site-packages/airflow/example_dags/example_time_delta_sensor_async.py
[2023-05-10 21:02:37,290] {processor.py:651} INFO - DAG(s) dict_keys(['example_time_delta_sensor_async']) retrieved from /home/v/Documents/iac-airflow-dev/dags/venv/lib/python3.9/site-packages/airflow/example_dags/example_time_delta_sensor_async.py
[2023-05-10 21:02:37,314] {logging_mixin.py:115} INFO - [2023-05-10 21:02:37,313] {dag.py:2379} INFO - Sync 1 DAGs
[2023-05-10 21:02:37,331] {logging_mixin.py:115} INFO - [2023-05-10 21:02:37,331] {dag.py:2927} INFO - Setting next_dagrun for example_time_delta_sensor_async to None, run_after=None
[2023-05-10 21:02:37,343] {processor.py:161} INFO - Processing /home/v/Documents/iac-airflow-dev/dags/venv/lib/python3.9/site-packages/airflow/example_dags/example_time_delta_sensor_async.py took 0.065 seconds
[2023-05-10 21:03:11,138] {processor.py:153} INFO - Started process (PID=93033) to work on /home/v/Documents/iac-airflow-dev/dags/venv/lib/python3.9/site-packages/airflow/example_dags/example_time_delta_sensor_async.py
[2023-05-10 21:03:11,138] {processor.py:641} INFO - Processing file /home/v/Documents/iac-airflow-dev/dags/venv/lib/python3.9/site-packages/airflow/example_dags/example_time_delta_sensor_async.py for tasks to queue
[2023-05-10 21:03:11,139] {logging_mixin.py:115} INFO - [2023-05-10 21:03:11,139] {dagbag.py:507} INFO - Filling up the DagBag from /home/v/Documents/iac-airflow-dev/dags/venv/lib/python3.9/site-packages/airflow/example_dags/example_time_delta_sensor_async.py
[2023-05-10 21:03:11,144] {processor.py:651} INFO - DAG(s) dict_keys(['example_time_delta_sensor_async']) retrieved from /home/v/Documents/iac-airflow-dev/dags/venv/lib/python3.9/site-packages/airflow/example_dags/example_time_delta_sensor_async.py
[2023-05-10 21:03:11,168] {logging_mixin.py:115} INFO - [2023-05-10 21:03:11,167] {dag.py:2379} INFO - Sync 1 DAGs
[2023-05-10 21:03:11,184] {logging_mixin.py:115} INFO - [2023-05-10 21:03:11,184] {dag.py:2927} INFO - Setting next_dagrun for example_time_delta_sensor_async to None, run_after=None
[2023-05-10 21:03:11,197] {processor.py:161} INFO - Processing /home/v/Documents/iac-airflow-dev/dags/venv/lib/python3.9/site-packages/airflow/example_dags/example_time_delta_sensor_async.py took 0.063 seconds
[2023-05-10 21:03:41,317] {processor.py:153} INFO - Started process (PID=93126) to work on /home/v/Documents/iac-airflow-dev/dags/venv/lib/python3.9/site-packages/airflow/example_dags/example_time_delta_sensor_async.py
[2023-05-10 21:03:41,318] {processor.py:641} INFO - Processing file /home/v/Documents/iac-airflow-dev/dags/venv/lib/python3.9/site-packages/airflow/example_dags/example_time_delta_sensor_async.py for tasks to queue
[2023-05-10 21:03:41,319] {logging_mixin.py:115} INFO - [2023-05-10 21:03:41,318] {dagbag.py:507} INFO - Filling up the DagBag from /home/v/Documents/iac-airflow-dev/dags/venv/lib/python3.9/site-packages/airflow/example_dags/example_time_delta_sensor_async.py
[2023-05-10 21:03:41,324] {processor.py:651} INFO - DAG(s) dict_keys(['example_time_delta_sensor_async']) retrieved from /home/v/Documents/iac-airflow-dev/dags/venv/lib/python3.9/site-packages/airflow/example_dags/example_time_delta_sensor_async.py
[2023-05-10 21:03:41,349] {logging_mixin.py:115} INFO - [2023-05-10 21:03:41,349] {dag.py:2379} INFO - Sync 1 DAGs
[2023-05-10 21:03:41,365] {logging_mixin.py:115} INFO - [2023-05-10 21:03:41,365] {dag.py:2927} INFO - Setting next_dagrun for example_time_delta_sensor_async to None, run_after=None
[2023-05-10 21:03:41,378] {processor.py:161} INFO - Processing /home/v/Documents/iac-airflow-dev/dags/venv/lib/python3.9/site-packages/airflow/example_dags/example_time_delta_sensor_async.py took 0.064 seconds
[2023-05-10 21:04:12,903] {processor.py:153} INFO - Started process (PID=93248) to work on /home/v/Documents/iac-airflow-dev/dags/venv/lib/python3.9/site-packages/airflow/example_dags/example_time_delta_sensor_async.py
[2023-05-10 21:04:12,904] {processor.py:641} INFO - Processing file /home/v/Documents/iac-airflow-dev/dags/venv/lib/python3.9/site-packages/airflow/example_dags/example_time_delta_sensor_async.py for tasks to queue
[2023-05-10 21:04:12,905] {logging_mixin.py:115} INFO - [2023-05-10 21:04:12,905] {dagbag.py:507} INFO - Filling up the DagBag from /home/v/Documents/iac-airflow-dev/dags/venv/lib/python3.9/site-packages/airflow/example_dags/example_time_delta_sensor_async.py
[2023-05-10 21:04:12,910] {processor.py:651} INFO - DAG(s) dict_keys(['example_time_delta_sensor_async']) retrieved from /home/v/Documents/iac-airflow-dev/dags/venv/lib/python3.9/site-packages/airflow/example_dags/example_time_delta_sensor_async.py
[2023-05-10 21:04:12,934] {logging_mixin.py:115} INFO - [2023-05-10 21:04:12,934] {dag.py:2379} INFO - Sync 1 DAGs
[2023-05-10 21:04:12,952] {logging_mixin.py:115} INFO - [2023-05-10 21:04:12,952] {dag.py:2927} INFO - Setting next_dagrun for example_time_delta_sensor_async to None, run_after=None
[2023-05-10 21:04:12,965] {processor.py:161} INFO - Processing /home/v/Documents/iac-airflow-dev/dags/venv/lib/python3.9/site-packages/airflow/example_dags/example_time_delta_sensor_async.py took 0.065 seconds
[2023-05-10 21:04:46,160] {processor.py:153} INFO - Started process (PID=93406) to work on /home/v/Documents/iac-airflow-dev/dags/venv/lib/python3.9/site-packages/airflow/example_dags/example_time_delta_sensor_async.py
[2023-05-10 21:04:46,161] {processor.py:641} INFO - Processing file /home/v/Documents/iac-airflow-dev/dags/venv/lib/python3.9/site-packages/airflow/example_dags/example_time_delta_sensor_async.py for tasks to queue
[2023-05-10 21:04:46,162] {logging_mixin.py:115} INFO - [2023-05-10 21:04:46,162] {dagbag.py:507} INFO - Filling up the DagBag from /home/v/Documents/iac-airflow-dev/dags/venv/lib/python3.9/site-packages/airflow/example_dags/example_time_delta_sensor_async.py
[2023-05-10 21:04:46,168] {processor.py:651} INFO - DAG(s) dict_keys(['example_time_delta_sensor_async']) retrieved from /home/v/Documents/iac-airflow-dev/dags/venv/lib/python3.9/site-packages/airflow/example_dags/example_time_delta_sensor_async.py
[2023-05-10 21:04:46,192] {logging_mixin.py:115} INFO - [2023-05-10 21:04:46,192] {dag.py:2379} INFO - Sync 1 DAGs
[2023-05-10 21:04:46,209] {logging_mixin.py:115} INFO - [2023-05-10 21:04:46,209] {dag.py:2927} INFO - Setting next_dagrun for example_time_delta_sensor_async to None, run_after=None
[2023-05-10 21:04:46,223] {processor.py:161} INFO - Processing /home/v/Documents/iac-airflow-dev/dags/venv/lib/python3.9/site-packages/airflow/example_dags/example_time_delta_sensor_async.py took 0.066 seconds
[2023-05-10 21:05:20,583] {processor.py:153} INFO - Started process (PID=93535) to work on /home/v/Documents/iac-airflow-dev/dags/venv/lib/python3.9/site-packages/airflow/example_dags/example_time_delta_sensor_async.py
[2023-05-10 21:05:20,584] {processor.py:641} INFO - Processing file /home/v/Documents/iac-airflow-dev/dags/venv/lib/python3.9/site-packages/airflow/example_dags/example_time_delta_sensor_async.py for tasks to queue
[2023-05-10 21:05:20,585] {logging_mixin.py:115} INFO - [2023-05-10 21:05:20,585] {dagbag.py:507} INFO - Filling up the DagBag from /home/v/Documents/iac-airflow-dev/dags/venv/lib/python3.9/site-packages/airflow/example_dags/example_time_delta_sensor_async.py
[2023-05-10 21:05:20,590] {processor.py:651} INFO - DAG(s) dict_keys(['example_time_delta_sensor_async']) retrieved from /home/v/Documents/iac-airflow-dev/dags/venv/lib/python3.9/site-packages/airflow/example_dags/example_time_delta_sensor_async.py
[2023-05-10 21:05:20,613] {logging_mixin.py:115} INFO - [2023-05-10 21:05:20,613] {dag.py:2379} INFO - Sync 1 DAGs
[2023-05-10 21:05:20,630] {logging_mixin.py:115} INFO - [2023-05-10 21:05:20,630] {dag.py:2927} INFO - Setting next_dagrun for example_time_delta_sensor_async to None, run_after=None
[2023-05-10 21:05:20,644] {processor.py:161} INFO - Processing /home/v/Documents/iac-airflow-dev/dags/venv/lib/python3.9/site-packages/airflow/example_dags/example_time_delta_sensor_async.py took 0.064 seconds
[2023-05-10 21:05:55,276] {processor.py:153} INFO - Started process (PID=93650) to work on /home/v/Documents/iac-airflow-dev/dags/venv/lib/python3.9/site-packages/airflow/example_dags/example_time_delta_sensor_async.py
[2023-05-10 21:05:55,277] {processor.py:641} INFO - Processing file /home/v/Documents/iac-airflow-dev/dags/venv/lib/python3.9/site-packages/airflow/example_dags/example_time_delta_sensor_async.py for tasks to queue
[2023-05-10 21:05:55,277] {logging_mixin.py:115} INFO - [2023-05-10 21:05:55,277] {dagbag.py:507} INFO - Filling up the DagBag from /home/v/Documents/iac-airflow-dev/dags/venv/lib/python3.9/site-packages/airflow/example_dags/example_time_delta_sensor_async.py
[2023-05-10 21:05:55,283] {processor.py:651} INFO - DAG(s) dict_keys(['example_time_delta_sensor_async']) retrieved from /home/v/Documents/iac-airflow-dev/dags/venv/lib/python3.9/site-packages/airflow/example_dags/example_time_delta_sensor_async.py
[2023-05-10 21:05:55,305] {logging_mixin.py:115} INFO - [2023-05-10 21:05:55,305] {dag.py:2379} INFO - Sync 1 DAGs
[2023-05-10 21:05:55,322] {logging_mixin.py:115} INFO - [2023-05-10 21:05:55,322] {dag.py:2927} INFO - Setting next_dagrun for example_time_delta_sensor_async to None, run_after=None
[2023-05-10 21:05:55,336] {processor.py:161} INFO - Processing /home/v/Documents/iac-airflow-dev/dags/venv/lib/python3.9/site-packages/airflow/example_dags/example_time_delta_sensor_async.py took 0.063 seconds
[2023-05-10 21:06:25,814] {processor.py:153} INFO - Started process (PID=93754) to work on /home/v/Documents/iac-airflow-dev/dags/venv/lib/python3.9/site-packages/airflow/example_dags/example_time_delta_sensor_async.py
[2023-05-10 21:06:25,815] {processor.py:641} INFO - Processing file /home/v/Documents/iac-airflow-dev/dags/venv/lib/python3.9/site-packages/airflow/example_dags/example_time_delta_sensor_async.py for tasks to queue
[2023-05-10 21:06:25,815] {logging_mixin.py:115} INFO - [2023-05-10 21:06:25,815] {dagbag.py:507} INFO - Filling up the DagBag from /home/v/Documents/iac-airflow-dev/dags/venv/lib/python3.9/site-packages/airflow/example_dags/example_time_delta_sensor_async.py
[2023-05-10 21:06:25,820] {processor.py:651} INFO - DAG(s) dict_keys(['example_time_delta_sensor_async']) retrieved from /home/v/Documents/iac-airflow-dev/dags/venv/lib/python3.9/site-packages/airflow/example_dags/example_time_delta_sensor_async.py
[2023-05-10 21:06:25,840] {logging_mixin.py:115} INFO - [2023-05-10 21:06:25,840] {dag.py:2379} INFO - Sync 1 DAGs
[2023-05-10 21:06:25,856] {logging_mixin.py:115} INFO - [2023-05-10 21:06:25,856] {dag.py:2927} INFO - Setting next_dagrun for example_time_delta_sensor_async to None, run_after=None
[2023-05-10 21:06:25,871] {processor.py:161} INFO - Processing /home/v/Documents/iac-airflow-dev/dags/venv/lib/python3.9/site-packages/airflow/example_dags/example_time_delta_sensor_async.py took 0.060 seconds
[2023-05-10 21:06:58,370] {processor.py:153} INFO - Started process (PID=93902) to work on /home/v/Documents/iac-airflow-dev/dags/venv/lib/python3.9/site-packages/airflow/example_dags/example_time_delta_sensor_async.py
[2023-05-10 21:06:58,375] {processor.py:641} INFO - Processing file /home/v/Documents/iac-airflow-dev/dags/venv/lib/python3.9/site-packages/airflow/example_dags/example_time_delta_sensor_async.py for tasks to queue
[2023-05-10 21:06:58,376] {logging_mixin.py:115} INFO - [2023-05-10 21:06:58,376] {dagbag.py:507} INFO - Filling up the DagBag from /home/v/Documents/iac-airflow-dev/dags/venv/lib/python3.9/site-packages/airflow/example_dags/example_time_delta_sensor_async.py
[2023-05-10 21:06:58,381] {processor.py:651} INFO - DAG(s) dict_keys(['example_time_delta_sensor_async']) retrieved from /home/v/Documents/iac-airflow-dev/dags/venv/lib/python3.9/site-packages/airflow/example_dags/example_time_delta_sensor_async.py
[2023-05-10 21:06:58,409] {logging_mixin.py:115} INFO - [2023-05-10 21:06:58,409] {dag.py:2379} INFO - Sync 1 DAGs
[2023-05-10 21:06:58,427] {logging_mixin.py:115} INFO - [2023-05-10 21:06:58,427] {dag.py:2927} INFO - Setting next_dagrun for example_time_delta_sensor_async to None, run_after=None
[2023-05-10 21:06:58,441] {processor.py:161} INFO - Processing /home/v/Documents/iac-airflow-dev/dags/venv/lib/python3.9/site-packages/airflow/example_dags/example_time_delta_sensor_async.py took 0.074 seconds
[2023-05-10 21:07:33,965] {processor.py:153} INFO - Started process (PID=94033) to work on /home/v/Documents/iac-airflow-dev/dags/venv/lib/python3.9/site-packages/airflow/example_dags/example_time_delta_sensor_async.py
[2023-05-10 21:07:33,974] {processor.py:641} INFO - Processing file /home/v/Documents/iac-airflow-dev/dags/venv/lib/python3.9/site-packages/airflow/example_dags/example_time_delta_sensor_async.py for tasks to queue
[2023-05-10 21:07:33,975] {logging_mixin.py:115} INFO - [2023-05-10 21:07:33,975] {dagbag.py:507} INFO - Filling up the DagBag from /home/v/Documents/iac-airflow-dev/dags/venv/lib/python3.9/site-packages/airflow/example_dags/example_time_delta_sensor_async.py
[2023-05-10 21:07:33,980] {processor.py:651} INFO - DAG(s) dict_keys(['example_time_delta_sensor_async']) retrieved from /home/v/Documents/iac-airflow-dev/dags/venv/lib/python3.9/site-packages/airflow/example_dags/example_time_delta_sensor_async.py
[2023-05-10 21:07:34,004] {logging_mixin.py:115} INFO - [2023-05-10 21:07:34,004] {dag.py:2379} INFO - Sync 1 DAGs
[2023-05-10 21:07:34,021] {logging_mixin.py:115} INFO - [2023-05-10 21:07:34,021] {dag.py:2927} INFO - Setting next_dagrun for example_time_delta_sensor_async to None, run_after=None
[2023-05-10 21:07:34,034] {processor.py:161} INFO - Processing /home/v/Documents/iac-airflow-dev/dags/venv/lib/python3.9/site-packages/airflow/example_dags/example_time_delta_sensor_async.py took 0.072 seconds
