[2023-05-10 21:00:10,702] {processor.py:153} INFO - Started process (PID=92232) to work on /home/v/Documents/iac-airflow-dev/dags/venv/lib/python3.9/site-packages/airflow/example_dags/example_branch_labels.py
[2023-05-10 21:00:10,702] {processor.py:641} INFO - Processing file /home/v/Documents/iac-airflow-dev/dags/venv/lib/python3.9/site-packages/airflow/example_dags/example_branch_labels.py for tasks to queue
[2023-05-10 21:00:10,703] {logging_mixin.py:115} INFO - [2023-05-10 21:00:10,702] {dagbag.py:507} INFO - Filling up the DagBag from /home/v/Documents/iac-airflow-dev/dags/venv/lib/python3.9/site-packages/airflow/example_dags/example_branch_labels.py
[2023-05-10 21:00:10,709] {processor.py:651} INFO - DAG(s) dict_keys(['example_branch_labels']) retrieved from /home/v/Documents/iac-airflow-dev/dags/venv/lib/python3.9/site-packages/airflow/example_dags/example_branch_labels.py
[2023-05-10 21:00:10,727] {logging_mixin.py:115} INFO - [2023-05-10 21:00:10,726] {dag.py:2379} INFO - Sync 1 DAGs
[2023-05-10 21:00:10,746] {logging_mixin.py:115} INFO - [2023-05-10 21:00:10,746] {dag.py:2927} INFO - Setting next_dagrun for example_branch_labels to 2023-05-10T00:00:00+00:00, run_after=2023-05-11T00:00:00+00:00
[2023-05-10 21:00:10,759] {processor.py:161} INFO - Processing /home/v/Documents/iac-airflow-dev/dags/venv/lib/python3.9/site-packages/airflow/example_dags/example_branch_labels.py took 0.060 seconds
[2023-05-10 21:00:46,206] {processor.py:153} INFO - Started process (PID=92361) to work on /home/v/Documents/iac-airflow-dev/dags/venv/lib/python3.9/site-packages/airflow/example_dags/example_branch_labels.py
[2023-05-10 21:00:46,207] {processor.py:641} INFO - Processing file /home/v/Documents/iac-airflow-dev/dags/venv/lib/python3.9/site-packages/airflow/example_dags/example_branch_labels.py for tasks to queue
[2023-05-10 21:00:46,207] {logging_mixin.py:115} INFO - [2023-05-10 21:00:46,207] {dagbag.py:507} INFO - Filling up the DagBag from /home/v/Documents/iac-airflow-dev/dags/venv/lib/python3.9/site-packages/airflow/example_dags/example_branch_labels.py
[2023-05-10 21:00:46,214] {processor.py:651} INFO - DAG(s) dict_keys(['example_branch_labels']) retrieved from /home/v/Documents/iac-airflow-dev/dags/venv/lib/python3.9/site-packages/airflow/example_dags/example_branch_labels.py
[2023-05-10 21:00:46,231] {logging_mixin.py:115} INFO - [2023-05-10 21:00:46,231] {dag.py:2379} INFO - Sync 1 DAGs
[2023-05-10 21:00:46,254] {logging_mixin.py:115} INFO - [2023-05-10 21:00:46,254] {dag.py:2927} INFO - Setting next_dagrun for example_branch_labels to 2023-05-10T00:00:00+00:00, run_after=2023-05-11T00:00:00+00:00
[2023-05-10 21:00:46,269] {processor.py:161} INFO - Processing /home/v/Documents/iac-airflow-dev/dags/venv/lib/python3.9/site-packages/airflow/example_dags/example_branch_labels.py took 0.066 seconds
[2023-05-10 21:01:22,850] {processor.py:153} INFO - Started process (PID=92490) to work on /home/v/Documents/iac-airflow-dev/dags/venv/lib/python3.9/site-packages/airflow/example_dags/example_branch_labels.py
[2023-05-10 21:01:22,851] {processor.py:641} INFO - Processing file /home/v/Documents/iac-airflow-dev/dags/venv/lib/python3.9/site-packages/airflow/example_dags/example_branch_labels.py for tasks to queue
[2023-05-10 21:01:22,851] {logging_mixin.py:115} INFO - [2023-05-10 21:01:22,851] {dagbag.py:507} INFO - Filling up the DagBag from /home/v/Documents/iac-airflow-dev/dags/venv/lib/python3.9/site-packages/airflow/example_dags/example_branch_labels.py
[2023-05-10 21:01:22,858] {processor.py:651} INFO - DAG(s) dict_keys(['example_branch_labels']) retrieved from /home/v/Documents/iac-airflow-dev/dags/venv/lib/python3.9/site-packages/airflow/example_dags/example_branch_labels.py
[2023-05-10 21:01:22,874] {logging_mixin.py:115} INFO - [2023-05-10 21:01:22,874] {dag.py:2379} INFO - Sync 1 DAGs
[2023-05-10 21:01:22,893] {logging_mixin.py:115} INFO - [2023-05-10 21:01:22,893] {dag.py:2927} INFO - Setting next_dagrun for example_branch_labels to 2023-05-10T00:00:00+00:00, run_after=2023-05-11T00:00:00+00:00
[2023-05-10 21:01:22,907] {processor.py:161} INFO - Processing /home/v/Documents/iac-airflow-dev/dags/venv/lib/python3.9/site-packages/airflow/example_dags/example_branch_labels.py took 0.060 seconds
[2023-05-10 21:01:57,242] {processor.py:153} INFO - Started process (PID=92637) to work on /home/v/Documents/iac-airflow-dev/dags/venv/lib/python3.9/site-packages/airflow/example_dags/example_branch_labels.py
[2023-05-10 21:01:57,243] {processor.py:641} INFO - Processing file /home/v/Documents/iac-airflow-dev/dags/venv/lib/python3.9/site-packages/airflow/example_dags/example_branch_labels.py for tasks to queue
[2023-05-10 21:01:57,243] {logging_mixin.py:115} INFO - [2023-05-10 21:01:57,243] {dagbag.py:507} INFO - Filling up the DagBag from /home/v/Documents/iac-airflow-dev/dags/venv/lib/python3.9/site-packages/airflow/example_dags/example_branch_labels.py
[2023-05-10 21:01:57,250] {processor.py:651} INFO - DAG(s) dict_keys(['example_branch_labels']) retrieved from /home/v/Documents/iac-airflow-dev/dags/venv/lib/python3.9/site-packages/airflow/example_dags/example_branch_labels.py
[2023-05-10 21:01:57,266] {logging_mixin.py:115} INFO - [2023-05-10 21:01:57,266] {dag.py:2379} INFO - Sync 1 DAGs
[2023-05-10 21:01:57,285] {logging_mixin.py:115} INFO - [2023-05-10 21:01:57,285] {dag.py:2927} INFO - Setting next_dagrun for example_branch_labels to 2023-05-10T00:00:00+00:00, run_after=2023-05-11T00:00:00+00:00
[2023-05-10 21:01:57,298] {processor.py:161} INFO - Processing /home/v/Documents/iac-airflow-dev/dags/venv/lib/python3.9/site-packages/airflow/example_dags/example_branch_labels.py took 0.059 seconds
[2023-05-10 21:02:36,121] {processor.py:153} INFO - Started process (PID=92836) to work on /home/v/Documents/iac-airflow-dev/dags/venv/lib/python3.9/site-packages/airflow/example_dags/example_branch_labels.py
[2023-05-10 21:02:36,122] {processor.py:641} INFO - Processing file /home/v/Documents/iac-airflow-dev/dags/venv/lib/python3.9/site-packages/airflow/example_dags/example_branch_labels.py for tasks to queue
[2023-05-10 21:02:36,122] {logging_mixin.py:115} INFO - [2023-05-10 21:02:36,122] {dagbag.py:507} INFO - Filling up the DagBag from /home/v/Documents/iac-airflow-dev/dags/venv/lib/python3.9/site-packages/airflow/example_dags/example_branch_labels.py
[2023-05-10 21:02:36,129] {processor.py:651} INFO - DAG(s) dict_keys(['example_branch_labels']) retrieved from /home/v/Documents/iac-airflow-dev/dags/venv/lib/python3.9/site-packages/airflow/example_dags/example_branch_labels.py
[2023-05-10 21:02:36,144] {logging_mixin.py:115} INFO - [2023-05-10 21:02:36,144] {dag.py:2379} INFO - Sync 1 DAGs
[2023-05-10 21:02:36,164] {logging_mixin.py:115} INFO - [2023-05-10 21:02:36,164] {dag.py:2927} INFO - Setting next_dagrun for example_branch_labels to 2023-05-10T00:00:00+00:00, run_after=2023-05-11T00:00:00+00:00
[2023-05-10 21:02:36,178] {processor.py:161} INFO - Processing /home/v/Documents/iac-airflow-dev/dags/venv/lib/python3.9/site-packages/airflow/example_dags/example_branch_labels.py took 0.060 seconds
[2023-05-10 21:03:10,979] {processor.py:153} INFO - Started process (PID=93032) to work on /home/v/Documents/iac-airflow-dev/dags/venv/lib/python3.9/site-packages/airflow/example_dags/example_branch_labels.py
[2023-05-10 21:03:10,980] {processor.py:641} INFO - Processing file /home/v/Documents/iac-airflow-dev/dags/venv/lib/python3.9/site-packages/airflow/example_dags/example_branch_labels.py for tasks to queue
[2023-05-10 21:03:10,981] {logging_mixin.py:115} INFO - [2023-05-10 21:03:10,980] {dagbag.py:507} INFO - Filling up the DagBag from /home/v/Documents/iac-airflow-dev/dags/venv/lib/python3.9/site-packages/airflow/example_dags/example_branch_labels.py
[2023-05-10 21:03:10,987] {processor.py:651} INFO - DAG(s) dict_keys(['example_branch_labels']) retrieved from /home/v/Documents/iac-airflow-dev/dags/venv/lib/python3.9/site-packages/airflow/example_dags/example_branch_labels.py
[2023-05-10 21:03:11,004] {logging_mixin.py:115} INFO - [2023-05-10 21:03:11,004] {dag.py:2379} INFO - Sync 1 DAGs
[2023-05-10 21:03:11,023] {logging_mixin.py:115} INFO - [2023-05-10 21:03:11,022] {dag.py:2927} INFO - Setting next_dagrun for example_branch_labels to 2023-05-10T00:00:00+00:00, run_after=2023-05-11T00:00:00+00:00
[2023-05-10 21:03:11,036] {processor.py:161} INFO - Processing /home/v/Documents/iac-airflow-dev/dags/venv/lib/python3.9/site-packages/airflow/example_dags/example_branch_labels.py took 0.060 seconds
[2023-05-10 21:03:46,617] {processor.py:153} INFO - Started process (PID=93138) to work on /home/v/Documents/iac-airflow-dev/dags/venv/lib/python3.9/site-packages/airflow/example_dags/example_branch_labels.py
[2023-05-10 21:03:46,617] {processor.py:641} INFO - Processing file /home/v/Documents/iac-airflow-dev/dags/venv/lib/python3.9/site-packages/airflow/example_dags/example_branch_labels.py for tasks to queue
[2023-05-10 21:03:46,618] {logging_mixin.py:115} INFO - [2023-05-10 21:03:46,618] {dagbag.py:507} INFO - Filling up the DagBag from /home/v/Documents/iac-airflow-dev/dags/venv/lib/python3.9/site-packages/airflow/example_dags/example_branch_labels.py
[2023-05-10 21:03:46,623] {processor.py:651} INFO - DAG(s) dict_keys(['example_branch_labels']) retrieved from /home/v/Documents/iac-airflow-dev/dags/venv/lib/python3.9/site-packages/airflow/example_dags/example_branch_labels.py
[2023-05-10 21:03:46,636] {logging_mixin.py:115} INFO - [2023-05-10 21:03:46,636] {dag.py:2379} INFO - Sync 1 DAGs
[2023-05-10 21:03:46,652] {logging_mixin.py:115} INFO - [2023-05-10 21:03:46,652] {dag.py:2927} INFO - Setting next_dagrun for example_branch_labels to 2023-05-10T00:00:00+00:00, run_after=2023-05-11T00:00:00+00:00
[2023-05-10 21:03:46,669] {processor.py:161} INFO - Processing /home/v/Documents/iac-airflow-dev/dags/venv/lib/python3.9/site-packages/airflow/example_dags/example_branch_labels.py took 0.055 seconds
[2023-05-10 21:04:24,654] {processor.py:153} INFO - Started process (PID=93287) to work on /home/v/Documents/iac-airflow-dev/dags/venv/lib/python3.9/site-packages/airflow/example_dags/example_branch_labels.py
[2023-05-10 21:04:24,655] {processor.py:641} INFO - Processing file /home/v/Documents/iac-airflow-dev/dags/venv/lib/python3.9/site-packages/airflow/example_dags/example_branch_labels.py for tasks to queue
[2023-05-10 21:04:24,656] {logging_mixin.py:115} INFO - [2023-05-10 21:04:24,655] {dagbag.py:507} INFO - Filling up the DagBag from /home/v/Documents/iac-airflow-dev/dags/venv/lib/python3.9/site-packages/airflow/example_dags/example_branch_labels.py
[2023-05-10 21:04:24,662] {processor.py:651} INFO - DAG(s) dict_keys(['example_branch_labels']) retrieved from /home/v/Documents/iac-airflow-dev/dags/venv/lib/python3.9/site-packages/airflow/example_dags/example_branch_labels.py
[2023-05-10 21:04:24,678] {logging_mixin.py:115} INFO - [2023-05-10 21:04:24,678] {dag.py:2379} INFO - Sync 1 DAGs
[2023-05-10 21:04:24,697] {logging_mixin.py:115} INFO - [2023-05-10 21:04:24,697] {dag.py:2927} INFO - Setting next_dagrun for example_branch_labels to 2023-05-10T00:00:00+00:00, run_after=2023-05-11T00:00:00+00:00
[2023-05-10 21:04:24,710] {processor.py:161} INFO - Processing /home/v/Documents/iac-airflow-dev/dags/venv/lib/python3.9/site-packages/airflow/example_dags/example_branch_labels.py took 0.059 seconds
[2023-05-10 21:05:05,137] {processor.py:153} INFO - Started process (PID=93478) to work on /home/v/Documents/iac-airflow-dev/dags/venv/lib/python3.9/site-packages/airflow/example_dags/example_branch_labels.py
[2023-05-10 21:05:05,138] {processor.py:641} INFO - Processing file /home/v/Documents/iac-airflow-dev/dags/venv/lib/python3.9/site-packages/airflow/example_dags/example_branch_labels.py for tasks to queue
[2023-05-10 21:05:05,138] {logging_mixin.py:115} INFO - [2023-05-10 21:05:05,138] {dagbag.py:507} INFO - Filling up the DagBag from /home/v/Documents/iac-airflow-dev/dags/venv/lib/python3.9/site-packages/airflow/example_dags/example_branch_labels.py
[2023-05-10 21:05:05,145] {processor.py:651} INFO - DAG(s) dict_keys(['example_branch_labels']) retrieved from /home/v/Documents/iac-airflow-dev/dags/venv/lib/python3.9/site-packages/airflow/example_dags/example_branch_labels.py
[2023-05-10 21:05:05,162] {logging_mixin.py:115} INFO - [2023-05-10 21:05:05,162] {dag.py:2379} INFO - Sync 1 DAGs
[2023-05-10 21:05:05,181] {logging_mixin.py:115} INFO - [2023-05-10 21:05:05,181] {dag.py:2927} INFO - Setting next_dagrun for example_branch_labels to 2023-05-10T00:00:00+00:00, run_after=2023-05-11T00:00:00+00:00
[2023-05-10 21:05:05,194] {processor.py:161} INFO - Processing /home/v/Documents/iac-airflow-dev/dags/venv/lib/python3.9/site-packages/airflow/example_dags/example_branch_labels.py took 0.060 seconds
[2023-05-10 21:05:42,341] {processor.py:153} INFO - Started process (PID=93607) to work on /home/v/Documents/iac-airflow-dev/dags/venv/lib/python3.9/site-packages/airflow/example_dags/example_branch_labels.py
[2023-05-10 21:05:42,342] {processor.py:641} INFO - Processing file /home/v/Documents/iac-airflow-dev/dags/venv/lib/python3.9/site-packages/airflow/example_dags/example_branch_labels.py for tasks to queue
[2023-05-10 21:05:42,342] {logging_mixin.py:115} INFO - [2023-05-10 21:05:42,342] {dagbag.py:507} INFO - Filling up the DagBag from /home/v/Documents/iac-airflow-dev/dags/venv/lib/python3.9/site-packages/airflow/example_dags/example_branch_labels.py
[2023-05-10 21:05:42,348] {processor.py:651} INFO - DAG(s) dict_keys(['example_branch_labels']) retrieved from /home/v/Documents/iac-airflow-dev/dags/venv/lib/python3.9/site-packages/airflow/example_dags/example_branch_labels.py
[2023-05-10 21:05:42,364] {logging_mixin.py:115} INFO - [2023-05-10 21:05:42,364] {dag.py:2379} INFO - Sync 1 DAGs
[2023-05-10 21:05:42,382] {logging_mixin.py:115} INFO - [2023-05-10 21:05:42,381] {dag.py:2927} INFO - Setting next_dagrun for example_branch_labels to 2023-05-10T00:00:00+00:00, run_after=2023-05-11T00:00:00+00:00
[2023-05-10 21:05:42,394] {processor.py:161} INFO - Processing /home/v/Documents/iac-airflow-dev/dags/venv/lib/python3.9/site-packages/airflow/example_dags/example_branch_labels.py took 0.056 seconds
[2023-05-10 21:06:20,630] {processor.py:153} INFO - Started process (PID=93736) to work on /home/v/Documents/iac-airflow-dev/dags/venv/lib/python3.9/site-packages/airflow/example_dags/example_branch_labels.py
[2023-05-10 21:06:20,634] {processor.py:641} INFO - Processing file /home/v/Documents/iac-airflow-dev/dags/venv/lib/python3.9/site-packages/airflow/example_dags/example_branch_labels.py for tasks to queue
[2023-05-10 21:06:20,635] {logging_mixin.py:115} INFO - [2023-05-10 21:06:20,635] {dagbag.py:507} INFO - Filling up the DagBag from /home/v/Documents/iac-airflow-dev/dags/venv/lib/python3.9/site-packages/airflow/example_dags/example_branch_labels.py
[2023-05-10 21:06:20,641] {processor.py:651} INFO - DAG(s) dict_keys(['example_branch_labels']) retrieved from /home/v/Documents/iac-airflow-dev/dags/venv/lib/python3.9/site-packages/airflow/example_dags/example_branch_labels.py
[2023-05-10 21:06:20,658] {logging_mixin.py:115} INFO - [2023-05-10 21:06:20,658] {dag.py:2379} INFO - Sync 1 DAGs
[2023-05-10 21:06:20,677] {logging_mixin.py:115} INFO - [2023-05-10 21:06:20,677] {dag.py:2927} INFO - Setting next_dagrun for example_branch_labels to 2023-05-10T00:00:00+00:00, run_after=2023-05-11T00:00:00+00:00
[2023-05-10 21:06:20,690] {processor.py:161} INFO - Processing /home/v/Documents/iac-airflow-dev/dags/venv/lib/python3.9/site-packages/airflow/example_dags/example_branch_labels.py took 0.064 seconds
[2023-05-10 21:06:56,071] {processor.py:153} INFO - Started process (PID=93892) to work on /home/v/Documents/iac-airflow-dev/dags/venv/lib/python3.9/site-packages/airflow/example_dags/example_branch_labels.py
[2023-05-10 21:06:56,072] {processor.py:641} INFO - Processing file /home/v/Documents/iac-airflow-dev/dags/venv/lib/python3.9/site-packages/airflow/example_dags/example_branch_labels.py for tasks to queue
[2023-05-10 21:06:56,073] {logging_mixin.py:115} INFO - [2023-05-10 21:06:56,072] {dagbag.py:507} INFO - Filling up the DagBag from /home/v/Documents/iac-airflow-dev/dags/venv/lib/python3.9/site-packages/airflow/example_dags/example_branch_labels.py
[2023-05-10 21:06:56,079] {processor.py:651} INFO - DAG(s) dict_keys(['example_branch_labels']) retrieved from /home/v/Documents/iac-airflow-dev/dags/venv/lib/python3.9/site-packages/airflow/example_dags/example_branch_labels.py
[2023-05-10 21:06:56,095] {logging_mixin.py:115} INFO - [2023-05-10 21:06:56,095] {dag.py:2379} INFO - Sync 1 DAGs
[2023-05-10 21:06:56,113] {logging_mixin.py:115} INFO - [2023-05-10 21:06:56,113] {dag.py:2927} INFO - Setting next_dagrun for example_branch_labels to 2023-05-10T00:00:00+00:00, run_after=2023-05-11T00:00:00+00:00
[2023-05-10 21:06:56,125] {processor.py:161} INFO - Processing /home/v/Documents/iac-airflow-dev/dags/venv/lib/python3.9/site-packages/airflow/example_dags/example_branch_labels.py took 0.057 seconds
[2023-05-10 21:07:31,670] {processor.py:153} INFO - Started process (PID=94022) to work on /home/v/Documents/iac-airflow-dev/dags/venv/lib/python3.9/site-packages/airflow/example_dags/example_branch_labels.py
[2023-05-10 21:07:31,671] {processor.py:641} INFO - Processing file /home/v/Documents/iac-airflow-dev/dags/venv/lib/python3.9/site-packages/airflow/example_dags/example_branch_labels.py for tasks to queue
[2023-05-10 21:07:31,672] {logging_mixin.py:115} INFO - [2023-05-10 21:07:31,672] {dagbag.py:507} INFO - Filling up the DagBag from /home/v/Documents/iac-airflow-dev/dags/venv/lib/python3.9/site-packages/airflow/example_dags/example_branch_labels.py
[2023-05-10 21:07:31,679] {processor.py:651} INFO - DAG(s) dict_keys(['example_branch_labels']) retrieved from /home/v/Documents/iac-airflow-dev/dags/venv/lib/python3.9/site-packages/airflow/example_dags/example_branch_labels.py
[2023-05-10 21:07:31,696] {logging_mixin.py:115} INFO - [2023-05-10 21:07:31,696] {dag.py:2379} INFO - Sync 1 DAGs
[2023-05-10 21:07:31,715] {logging_mixin.py:115} INFO - [2023-05-10 21:07:31,715] {dag.py:2927} INFO - Setting next_dagrun for example_branch_labels to 2023-05-10T00:00:00+00:00, run_after=2023-05-11T00:00:00+00:00
[2023-05-10 21:07:31,728] {processor.py:161} INFO - Processing /home/v/Documents/iac-airflow-dev/dags/venv/lib/python3.9/site-packages/airflow/example_dags/example_branch_labels.py took 0.061 seconds
