[2023-05-10 21:00:11,887] {processor.py:153} INFO - Started process (PID=92233) to work on /home/v/Documents/iac-airflow-dev/dags/venv/lib/python3.9/site-packages/airflow/example_dags/example_task_group_decorator.py
[2023-05-10 21:00:11,887] {processor.py:641} INFO - Processing file /home/v/Documents/iac-airflow-dev/dags/venv/lib/python3.9/site-packages/airflow/example_dags/example_task_group_decorator.py for tasks to queue
[2023-05-10 21:00:11,888] {logging_mixin.py:115} INFO - [2023-05-10 21:00:11,888] {dagbag.py:507} INFO - Filling up the DagBag from /home/v/Documents/iac-airflow-dev/dags/venv/lib/python3.9/site-packages/airflow/example_dags/example_task_group_decorator.py
[2023-05-10 21:00:11,917] {processor.py:651} INFO - DAG(s) dict_keys(['example_task_group_decorator']) retrieved from /home/v/Documents/iac-airflow-dev/dags/venv/lib/python3.9/site-packages/airflow/example_dags/example_task_group_decorator.py
[2023-05-10 21:00:11,934] {logging_mixin.py:115} INFO - [2023-05-10 21:00:11,934] {dag.py:2379} INFO - Sync 1 DAGs
[2023-05-10 21:00:11,950] {logging_mixin.py:115} INFO - [2023-05-10 21:00:11,950] {dag.py:2927} INFO - Setting next_dagrun for example_task_group_decorator to 2023-05-10T00:00:11.950557+00:00, run_after=2023-05-11T00:00:11.950557+00:00
[2023-05-10 21:00:11,964] {processor.py:161} INFO - Processing /home/v/Documents/iac-airflow-dev/dags/venv/lib/python3.9/site-packages/airflow/example_dags/example_task_group_decorator.py took 0.081 seconds
[2023-05-10 21:00:43,933] {processor.py:153} INFO - Started process (PID=92353) to work on /home/v/Documents/iac-airflow-dev/dags/venv/lib/python3.9/site-packages/airflow/example_dags/example_task_group_decorator.py
[2023-05-10 21:00:43,934] {processor.py:641} INFO - Processing file /home/v/Documents/iac-airflow-dev/dags/venv/lib/python3.9/site-packages/airflow/example_dags/example_task_group_decorator.py for tasks to queue
[2023-05-10 21:00:43,935] {logging_mixin.py:115} INFO - [2023-05-10 21:00:43,935] {dagbag.py:507} INFO - Filling up the DagBag from /home/v/Documents/iac-airflow-dev/dags/venv/lib/python3.9/site-packages/airflow/example_dags/example_task_group_decorator.py
[2023-05-10 21:00:43,963] {processor.py:651} INFO - DAG(s) dict_keys(['example_task_group_decorator']) retrieved from /home/v/Documents/iac-airflow-dev/dags/venv/lib/python3.9/site-packages/airflow/example_dags/example_task_group_decorator.py
[2023-05-10 21:00:43,981] {logging_mixin.py:115} INFO - [2023-05-10 21:00:43,980] {dag.py:2379} INFO - Sync 1 DAGs
[2023-05-10 21:00:43,997] {logging_mixin.py:115} INFO - [2023-05-10 21:00:43,997] {dag.py:2927} INFO - Setting next_dagrun for example_task_group_decorator to 2023-05-10T00:00:43.996871+00:00, run_after=2023-05-11T00:00:43.996871+00:00
[2023-05-10 21:00:44,011] {processor.py:161} INFO - Processing /home/v/Documents/iac-airflow-dev/dags/venv/lib/python3.9/site-packages/airflow/example_dags/example_task_group_decorator.py took 0.081 seconds
[2023-05-10 21:01:17,151] {processor.py:153} INFO - Started process (PID=92461) to work on /home/v/Documents/iac-airflow-dev/dags/venv/lib/python3.9/site-packages/airflow/example_dags/example_task_group_decorator.py
[2023-05-10 21:01:17,151] {processor.py:641} INFO - Processing file /home/v/Documents/iac-airflow-dev/dags/venv/lib/python3.9/site-packages/airflow/example_dags/example_task_group_decorator.py for tasks to queue
[2023-05-10 21:01:17,152] {logging_mixin.py:115} INFO - [2023-05-10 21:01:17,152] {dagbag.py:507} INFO - Filling up the DagBag from /home/v/Documents/iac-airflow-dev/dags/venv/lib/python3.9/site-packages/airflow/example_dags/example_task_group_decorator.py
[2023-05-10 21:01:17,179] {processor.py:651} INFO - DAG(s) dict_keys(['example_task_group_decorator']) retrieved from /home/v/Documents/iac-airflow-dev/dags/venv/lib/python3.9/site-packages/airflow/example_dags/example_task_group_decorator.py
[2023-05-10 21:01:17,196] {logging_mixin.py:115} INFO - [2023-05-10 21:01:17,196] {dag.py:2379} INFO - Sync 1 DAGs
[2023-05-10 21:01:17,212] {logging_mixin.py:115} INFO - [2023-05-10 21:01:17,212] {dag.py:2927} INFO - Setting next_dagrun for example_task_group_decorator to 2023-05-10T00:01:17.211997+00:00, run_after=2023-05-11T00:01:17.211997+00:00
[2023-05-10 21:01:17,226] {processor.py:161} INFO - Processing /home/v/Documents/iac-airflow-dev/dags/venv/lib/python3.9/site-packages/airflow/example_dags/example_task_group_decorator.py took 0.078 seconds
[2023-05-10 21:01:48,631] {processor.py:153} INFO - Started process (PID=92579) to work on /home/v/Documents/iac-airflow-dev/dags/venv/lib/python3.9/site-packages/airflow/example_dags/example_task_group_decorator.py
[2023-05-10 21:01:48,632] {processor.py:641} INFO - Processing file /home/v/Documents/iac-airflow-dev/dags/venv/lib/python3.9/site-packages/airflow/example_dags/example_task_group_decorator.py for tasks to queue
[2023-05-10 21:01:48,633] {logging_mixin.py:115} INFO - [2023-05-10 21:01:48,632] {dagbag.py:507} INFO - Filling up the DagBag from /home/v/Documents/iac-airflow-dev/dags/venv/lib/python3.9/site-packages/airflow/example_dags/example_task_group_decorator.py
[2023-05-10 21:01:48,661] {processor.py:651} INFO - DAG(s) dict_keys(['example_task_group_decorator']) retrieved from /home/v/Documents/iac-airflow-dev/dags/venv/lib/python3.9/site-packages/airflow/example_dags/example_task_group_decorator.py
[2023-05-10 21:01:48,678] {logging_mixin.py:115} INFO - [2023-05-10 21:01:48,678] {dag.py:2379} INFO - Sync 1 DAGs
[2023-05-10 21:01:48,694] {logging_mixin.py:115} INFO - [2023-05-10 21:01:48,694] {dag.py:2927} INFO - Setting next_dagrun for example_task_group_decorator to 2023-05-10T00:01:48.694492+00:00, run_after=2023-05-11T00:01:48.694492+00:00
[2023-05-10 21:01:48,707] {processor.py:161} INFO - Processing /home/v/Documents/iac-airflow-dev/dags/venv/lib/python3.9/site-packages/airflow/example_dags/example_task_group_decorator.py took 0.079 seconds
[2023-05-10 21:02:24,623] {processor.py:153} INFO - Started process (PID=92777) to work on /home/v/Documents/iac-airflow-dev/dags/venv/lib/python3.9/site-packages/airflow/example_dags/example_task_group_decorator.py
[2023-05-10 21:02:24,624] {processor.py:641} INFO - Processing file /home/v/Documents/iac-airflow-dev/dags/venv/lib/python3.9/site-packages/airflow/example_dags/example_task_group_decorator.py for tasks to queue
[2023-05-10 21:02:24,625] {logging_mixin.py:115} INFO - [2023-05-10 21:02:24,624] {dagbag.py:507} INFO - Filling up the DagBag from /home/v/Documents/iac-airflow-dev/dags/venv/lib/python3.9/site-packages/airflow/example_dags/example_task_group_decorator.py
[2023-05-10 21:02:24,656] {processor.py:651} INFO - DAG(s) dict_keys(['example_task_group_decorator']) retrieved from /home/v/Documents/iac-airflow-dev/dags/venv/lib/python3.9/site-packages/airflow/example_dags/example_task_group_decorator.py
[2023-05-10 21:02:24,672] {logging_mixin.py:115} INFO - [2023-05-10 21:02:24,672] {dag.py:2379} INFO - Sync 1 DAGs
[2023-05-10 21:02:24,688] {logging_mixin.py:115} INFO - [2023-05-10 21:02:24,688] {dag.py:2927} INFO - Setting next_dagrun for example_task_group_decorator to 2023-05-10T00:02:24.688147+00:00, run_after=2023-05-11T00:02:24.688147+00:00
[2023-05-10 21:02:24,701] {processor.py:161} INFO - Processing /home/v/Documents/iac-airflow-dev/dags/venv/lib/python3.9/site-packages/airflow/example_dags/example_task_group_decorator.py took 0.081 seconds
[2023-05-10 21:02:57,966] {processor.py:153} INFO - Started process (PID=92967) to work on /home/v/Documents/iac-airflow-dev/dags/venv/lib/python3.9/site-packages/airflow/example_dags/example_task_group_decorator.py
[2023-05-10 21:02:57,966] {processor.py:641} INFO - Processing file /home/v/Documents/iac-airflow-dev/dags/venv/lib/python3.9/site-packages/airflow/example_dags/example_task_group_decorator.py for tasks to queue
[2023-05-10 21:02:57,967] {logging_mixin.py:115} INFO - [2023-05-10 21:02:57,967] {dagbag.py:507} INFO - Filling up the DagBag from /home/v/Documents/iac-airflow-dev/dags/venv/lib/python3.9/site-packages/airflow/example_dags/example_task_group_decorator.py
[2023-05-10 21:02:57,996] {processor.py:651} INFO - DAG(s) dict_keys(['example_task_group_decorator']) retrieved from /home/v/Documents/iac-airflow-dev/dags/venv/lib/python3.9/site-packages/airflow/example_dags/example_task_group_decorator.py
[2023-05-10 21:02:58,042] {logging_mixin.py:115} INFO - [2023-05-10 21:02:58,042] {dag.py:2379} INFO - Sync 1 DAGs
[2023-05-10 21:02:58,058] {logging_mixin.py:115} INFO - [2023-05-10 21:02:58,057] {dag.py:2927} INFO - Setting next_dagrun for example_task_group_decorator to 2023-05-10T00:02:58.057641+00:00, run_after=2023-05-11T00:02:58.057641+00:00
[2023-05-10 21:02:58,071] {processor.py:161} INFO - Processing /home/v/Documents/iac-airflow-dev/dags/venv/lib/python3.9/site-packages/airflow/example_dags/example_task_group_decorator.py took 0.109 seconds
[2023-05-10 21:03:32,910] {processor.py:153} INFO - Started process (PID=93107) to work on /home/v/Documents/iac-airflow-dev/dags/venv/lib/python3.9/site-packages/airflow/example_dags/example_task_group_decorator.py
[2023-05-10 21:03:32,911] {processor.py:641} INFO - Processing file /home/v/Documents/iac-airflow-dev/dags/venv/lib/python3.9/site-packages/airflow/example_dags/example_task_group_decorator.py for tasks to queue
[2023-05-10 21:03:32,911] {logging_mixin.py:115} INFO - [2023-05-10 21:03:32,911] {dagbag.py:507} INFO - Filling up the DagBag from /home/v/Documents/iac-airflow-dev/dags/venv/lib/python3.9/site-packages/airflow/example_dags/example_task_group_decorator.py
[2023-05-10 21:03:32,940] {processor.py:651} INFO - DAG(s) dict_keys(['example_task_group_decorator']) retrieved from /home/v/Documents/iac-airflow-dev/dags/venv/lib/python3.9/site-packages/airflow/example_dags/example_task_group_decorator.py
[2023-05-10 21:03:32,957] {logging_mixin.py:115} INFO - [2023-05-10 21:03:32,957] {dag.py:2379} INFO - Sync 1 DAGs
[2023-05-10 21:03:32,973] {logging_mixin.py:115} INFO - [2023-05-10 21:03:32,973] {dag.py:2927} INFO - Setting next_dagrun for example_task_group_decorator to 2023-05-10T00:03:32.973583+00:00, run_after=2023-05-11T00:03:32.973583+00:00
[2023-05-10 21:03:32,987] {processor.py:161} INFO - Processing /home/v/Documents/iac-airflow-dev/dags/venv/lib/python3.9/site-packages/airflow/example_dags/example_task_group_decorator.py took 0.081 seconds
[2023-05-10 21:04:07,802] {processor.py:153} INFO - Started process (PID=93226) to work on /home/v/Documents/iac-airflow-dev/dags/venv/lib/python3.9/site-packages/airflow/example_dags/example_task_group_decorator.py
[2023-05-10 21:04:07,803] {processor.py:641} INFO - Processing file /home/v/Documents/iac-airflow-dev/dags/venv/lib/python3.9/site-packages/airflow/example_dags/example_task_group_decorator.py for tasks to queue
[2023-05-10 21:04:07,803] {logging_mixin.py:115} INFO - [2023-05-10 21:04:07,803] {dagbag.py:507} INFO - Filling up the DagBag from /home/v/Documents/iac-airflow-dev/dags/venv/lib/python3.9/site-packages/airflow/example_dags/example_task_group_decorator.py
[2023-05-10 21:04:07,829] {processor.py:651} INFO - DAG(s) dict_keys(['example_task_group_decorator']) retrieved from /home/v/Documents/iac-airflow-dev/dags/venv/lib/python3.9/site-packages/airflow/example_dags/example_task_group_decorator.py
[2023-05-10 21:04:07,844] {logging_mixin.py:115} INFO - [2023-05-10 21:04:07,844] {dag.py:2379} INFO - Sync 1 DAGs
[2023-05-10 21:04:07,860] {logging_mixin.py:115} INFO - [2023-05-10 21:04:07,860] {dag.py:2927} INFO - Setting next_dagrun for example_task_group_decorator to 2023-05-10T00:04:07.859780+00:00, run_after=2023-05-11T00:04:07.859780+00:00
[2023-05-10 21:04:07,873] {processor.py:161} INFO - Processing /home/v/Documents/iac-airflow-dev/dags/venv/lib/python3.9/site-packages/airflow/example_dags/example_task_group_decorator.py took 0.074 seconds
[2023-05-10 21:04:42,107] {processor.py:153} INFO - Started process (PID=93394) to work on /home/v/Documents/iac-airflow-dev/dags/venv/lib/python3.9/site-packages/airflow/example_dags/example_task_group_decorator.py
[2023-05-10 21:04:42,108] {processor.py:641} INFO - Processing file /home/v/Documents/iac-airflow-dev/dags/venv/lib/python3.9/site-packages/airflow/example_dags/example_task_group_decorator.py for tasks to queue
[2023-05-10 21:04:42,109] {logging_mixin.py:115} INFO - [2023-05-10 21:04:42,109] {dagbag.py:507} INFO - Filling up the DagBag from /home/v/Documents/iac-airflow-dev/dags/venv/lib/python3.9/site-packages/airflow/example_dags/example_task_group_decorator.py
[2023-05-10 21:04:42,138] {processor.py:651} INFO - DAG(s) dict_keys(['example_task_group_decorator']) retrieved from /home/v/Documents/iac-airflow-dev/dags/venv/lib/python3.9/site-packages/airflow/example_dags/example_task_group_decorator.py
[2023-05-10 21:04:42,155] {logging_mixin.py:115} INFO - [2023-05-10 21:04:42,155] {dag.py:2379} INFO - Sync 1 DAGs
[2023-05-10 21:04:42,172] {logging_mixin.py:115} INFO - [2023-05-10 21:04:42,172] {dag.py:2927} INFO - Setting next_dagrun for example_task_group_decorator to 2023-05-10T00:04:42.172163+00:00, run_after=2023-05-11T00:04:42.172163+00:00
[2023-05-10 21:04:42,185] {processor.py:161} INFO - Processing /home/v/Documents/iac-airflow-dev/dags/venv/lib/python3.9/site-packages/airflow/example_dags/example_task_group_decorator.py took 0.081 seconds
[2023-05-10 21:05:15,430] {processor.py:153} INFO - Started process (PID=93516) to work on /home/v/Documents/iac-airflow-dev/dags/venv/lib/python3.9/site-packages/airflow/example_dags/example_task_group_decorator.py
[2023-05-10 21:05:15,431] {processor.py:641} INFO - Processing file /home/v/Documents/iac-airflow-dev/dags/venv/lib/python3.9/site-packages/airflow/example_dags/example_task_group_decorator.py for tasks to queue
[2023-05-10 21:05:15,432] {logging_mixin.py:115} INFO - [2023-05-10 21:05:15,432] {dagbag.py:507} INFO - Filling up the DagBag from /home/v/Documents/iac-airflow-dev/dags/venv/lib/python3.9/site-packages/airflow/example_dags/example_task_group_decorator.py
[2023-05-10 21:05:15,460] {processor.py:651} INFO - DAG(s) dict_keys(['example_task_group_decorator']) retrieved from /home/v/Documents/iac-airflow-dev/dags/venv/lib/python3.9/site-packages/airflow/example_dags/example_task_group_decorator.py
[2023-05-10 21:05:15,478] {logging_mixin.py:115} INFO - [2023-05-10 21:05:15,477] {dag.py:2379} INFO - Sync 1 DAGs
[2023-05-10 21:05:15,494] {logging_mixin.py:115} INFO - [2023-05-10 21:05:15,494] {dag.py:2927} INFO - Setting next_dagrun for example_task_group_decorator to 2023-05-10T00:05:15.493859+00:00, run_after=2023-05-11T00:05:15.493859+00:00
[2023-05-10 21:05:15,507] {processor.py:161} INFO - Processing /home/v/Documents/iac-airflow-dev/dags/venv/lib/python3.9/site-packages/airflow/example_dags/example_task_group_decorator.py took 0.080 seconds
[2023-05-10 21:05:51,422] {processor.py:153} INFO - Started process (PID=93639) to work on /home/v/Documents/iac-airflow-dev/dags/venv/lib/python3.9/site-packages/airflow/example_dags/example_task_group_decorator.py
[2023-05-10 21:05:51,423] {processor.py:641} INFO - Processing file /home/v/Documents/iac-airflow-dev/dags/venv/lib/python3.9/site-packages/airflow/example_dags/example_task_group_decorator.py for tasks to queue
[2023-05-10 21:05:51,423] {logging_mixin.py:115} INFO - [2023-05-10 21:05:51,423] {dagbag.py:507} INFO - Filling up the DagBag from /home/v/Documents/iac-airflow-dev/dags/venv/lib/python3.9/site-packages/airflow/example_dags/example_task_group_decorator.py
[2023-05-10 21:05:51,452] {processor.py:651} INFO - DAG(s) dict_keys(['example_task_group_decorator']) retrieved from /home/v/Documents/iac-airflow-dev/dags/venv/lib/python3.9/site-packages/airflow/example_dags/example_task_group_decorator.py
[2023-05-10 21:05:51,469] {logging_mixin.py:115} INFO - [2023-05-10 21:05:51,469] {dag.py:2379} INFO - Sync 1 DAGs
[2023-05-10 21:05:51,485] {logging_mixin.py:115} INFO - [2023-05-10 21:05:51,485] {dag.py:2927} INFO - Setting next_dagrun for example_task_group_decorator to 2023-05-10T00:05:51.485295+00:00, run_after=2023-05-11T00:05:51.485295+00:00
[2023-05-10 21:05:51,498] {processor.py:161} INFO - Processing /home/v/Documents/iac-airflow-dev/dags/venv/lib/python3.9/site-packages/airflow/example_dags/example_task_group_decorator.py took 0.079 seconds
[2023-05-10 21:06:23,313] {processor.py:153} INFO - Started process (PID=93750) to work on /home/v/Documents/iac-airflow-dev/dags/venv/lib/python3.9/site-packages/airflow/example_dags/example_task_group_decorator.py
[2023-05-10 21:06:23,314] {processor.py:641} INFO - Processing file /home/v/Documents/iac-airflow-dev/dags/venv/lib/python3.9/site-packages/airflow/example_dags/example_task_group_decorator.py for tasks to queue
[2023-05-10 21:06:23,314] {logging_mixin.py:115} INFO - [2023-05-10 21:06:23,314] {dagbag.py:507} INFO - Filling up the DagBag from /home/v/Documents/iac-airflow-dev/dags/venv/lib/python3.9/site-packages/airflow/example_dags/example_task_group_decorator.py
[2023-05-10 21:06:23,343] {processor.py:651} INFO - DAG(s) dict_keys(['example_task_group_decorator']) retrieved from /home/v/Documents/iac-airflow-dev/dags/venv/lib/python3.9/site-packages/airflow/example_dags/example_task_group_decorator.py
[2023-05-10 21:06:23,360] {logging_mixin.py:115} INFO - [2023-05-10 21:06:23,360] {dag.py:2379} INFO - Sync 1 DAGs
[2023-05-10 21:06:23,376] {logging_mixin.py:115} INFO - [2023-05-10 21:06:23,376] {dag.py:2927} INFO - Setting next_dagrun for example_task_group_decorator to 2023-05-10T00:06:23.376367+00:00, run_after=2023-05-11T00:06:23.376367+00:00
[2023-05-10 21:06:23,390] {processor.py:161} INFO - Processing /home/v/Documents/iac-airflow-dev/dags/venv/lib/python3.9/site-packages/airflow/example_dags/example_task_group_decorator.py took 0.080 seconds
[2023-05-10 21:06:59,698] {processor.py:153} INFO - Started process (PID=93906) to work on /home/v/Documents/iac-airflow-dev/dags/venv/lib/python3.9/site-packages/airflow/example_dags/example_task_group_decorator.py
[2023-05-10 21:06:59,699] {processor.py:641} INFO - Processing file /home/v/Documents/iac-airflow-dev/dags/venv/lib/python3.9/site-packages/airflow/example_dags/example_task_group_decorator.py for tasks to queue
[2023-05-10 21:06:59,700] {logging_mixin.py:115} INFO - [2023-05-10 21:06:59,699] {dagbag.py:507} INFO - Filling up the DagBag from /home/v/Documents/iac-airflow-dev/dags/venv/lib/python3.9/site-packages/airflow/example_dags/example_task_group_decorator.py
[2023-05-10 21:06:59,726] {processor.py:651} INFO - DAG(s) dict_keys(['example_task_group_decorator']) retrieved from /home/v/Documents/iac-airflow-dev/dags/venv/lib/python3.9/site-packages/airflow/example_dags/example_task_group_decorator.py
[2023-05-10 21:06:59,742] {logging_mixin.py:115} INFO - [2023-05-10 21:06:59,742] {dag.py:2379} INFO - Sync 1 DAGs
[2023-05-10 21:06:59,757] {logging_mixin.py:115} INFO - [2023-05-10 21:06:59,757] {dag.py:2927} INFO - Setting next_dagrun for example_task_group_decorator to 2023-05-10T00:06:59.757318+00:00, run_after=2023-05-11T00:06:59.757318+00:00
[2023-05-10 21:06:59,770] {processor.py:161} INFO - Processing /home/v/Documents/iac-airflow-dev/dags/venv/lib/python3.9/site-packages/airflow/example_dags/example_task_group_decorator.py took 0.074 seconds
[2023-05-10 21:07:34,518] {processor.py:153} INFO - Started process (PID=94041) to work on /home/v/Documents/iac-airflow-dev/dags/venv/lib/python3.9/site-packages/airflow/example_dags/example_task_group_decorator.py
[2023-05-10 21:07:34,519] {processor.py:641} INFO - Processing file /home/v/Documents/iac-airflow-dev/dags/venv/lib/python3.9/site-packages/airflow/example_dags/example_task_group_decorator.py for tasks to queue
[2023-05-10 21:07:34,519] {logging_mixin.py:115} INFO - [2023-05-10 21:07:34,519] {dagbag.py:507} INFO - Filling up the DagBag from /home/v/Documents/iac-airflow-dev/dags/venv/lib/python3.9/site-packages/airflow/example_dags/example_task_group_decorator.py
[2023-05-10 21:07:34,545] {processor.py:651} INFO - DAG(s) dict_keys(['example_task_group_decorator']) retrieved from /home/v/Documents/iac-airflow-dev/dags/venv/lib/python3.9/site-packages/airflow/example_dags/example_task_group_decorator.py
[2023-05-10 21:07:34,561] {logging_mixin.py:115} INFO - [2023-05-10 21:07:34,561] {dag.py:2379} INFO - Sync 1 DAGs
[2023-05-10 21:07:34,578] {logging_mixin.py:115} INFO - [2023-05-10 21:07:34,578] {dag.py:2927} INFO - Setting next_dagrun for example_task_group_decorator to 2023-05-10T00:07:34.578001+00:00, run_after=2023-05-11T00:07:34.578001+00:00
[2023-05-10 21:07:34,591] {processor.py:161} INFO - Processing /home/v/Documents/iac-airflow-dev/dags/venv/lib/python3.9/site-packages/airflow/example_dags/example_task_group_decorator.py took 0.076 seconds
