[2023-05-10 21:00:07,255] {processor.py:153} INFO - Started process (PID=92178) to work on /home/v/Documents/iac-airflow-dev/dags/venv/lib/python3.9/site-packages/airflow/example_dags/example_latest_only.py
[2023-05-10 21:00:07,255] {processor.py:641} INFO - Processing file /home/v/Documents/iac-airflow-dev/dags/venv/lib/python3.9/site-packages/airflow/example_dags/example_latest_only.py for tasks to queue
[2023-05-10 21:00:07,256] {logging_mixin.py:115} INFO - [2023-05-10 21:00:07,255] {dagbag.py:507} INFO - Filling up the DagBag from /home/v/Documents/iac-airflow-dev/dags/venv/lib/python3.9/site-packages/airflow/example_dags/example_latest_only.py
[2023-05-10 21:00:07,261] {processor.py:651} INFO - DAG(s) dict_keys(['latest_only']) retrieved from /home/v/Documents/iac-airflow-dev/dags/venv/lib/python3.9/site-packages/airflow/example_dags/example_latest_only.py
[2023-05-10 21:00:07,280] {logging_mixin.py:115} INFO - [2023-05-10 21:00:07,279] {dag.py:2379} INFO - Sync 1 DAGs
[2023-05-10 21:00:07,302] {logging_mixin.py:115} INFO - [2023-05-10 21:00:07,302] {dag.py:2927} INFO - Setting next_dagrun for latest_only to 2023-05-10T20:00:07.302008+00:00, run_after=2023-05-11T00:00:07.302008+00:00
[2023-05-10 21:00:07,316] {processor.py:161} INFO - Processing /home/v/Documents/iac-airflow-dev/dags/venv/lib/python3.9/site-packages/airflow/example_dags/example_latest_only.py took 0.064 seconds
[2023-05-10 21:00:41,106] {processor.py:153} INFO - Started process (PID=92341) to work on /home/v/Documents/iac-airflow-dev/dags/venv/lib/python3.9/site-packages/airflow/example_dags/example_latest_only.py
[2023-05-10 21:00:41,111] {processor.py:641} INFO - Processing file /home/v/Documents/iac-airflow-dev/dags/venv/lib/python3.9/site-packages/airflow/example_dags/example_latest_only.py for tasks to queue
[2023-05-10 21:00:41,112] {logging_mixin.py:115} INFO - [2023-05-10 21:00:41,112] {dagbag.py:507} INFO - Filling up the DagBag from /home/v/Documents/iac-airflow-dev/dags/venv/lib/python3.9/site-packages/airflow/example_dags/example_latest_only.py
[2023-05-10 21:00:41,117] {processor.py:651} INFO - DAG(s) dict_keys(['latest_only']) retrieved from /home/v/Documents/iac-airflow-dev/dags/venv/lib/python3.9/site-packages/airflow/example_dags/example_latest_only.py
[2023-05-10 21:00:41,132] {logging_mixin.py:115} INFO - [2023-05-10 21:00:41,132] {dag.py:2379} INFO - Sync 1 DAGs
[2023-05-10 21:00:41,148] {logging_mixin.py:115} INFO - [2023-05-10 21:00:41,148] {dag.py:2927} INFO - Setting next_dagrun for latest_only to 2023-05-10T20:00:41.148456+00:00, run_after=2023-05-11T00:00:41.148456+00:00
[2023-05-10 21:00:41,161] {processor.py:161} INFO - Processing /home/v/Documents/iac-airflow-dev/dags/venv/lib/python3.9/site-packages/airflow/example_dags/example_latest_only.py took 0.058 seconds
[2023-05-10 21:01:17,743] {processor.py:153} INFO - Started process (PID=92471) to work on /home/v/Documents/iac-airflow-dev/dags/venv/lib/python3.9/site-packages/airflow/example_dags/example_latest_only.py
[2023-05-10 21:01:17,744] {processor.py:641} INFO - Processing file /home/v/Documents/iac-airflow-dev/dags/venv/lib/python3.9/site-packages/airflow/example_dags/example_latest_only.py for tasks to queue
[2023-05-10 21:01:17,744] {logging_mixin.py:115} INFO - [2023-05-10 21:01:17,744] {dagbag.py:507} INFO - Filling up the DagBag from /home/v/Documents/iac-airflow-dev/dags/venv/lib/python3.9/site-packages/airflow/example_dags/example_latest_only.py
[2023-05-10 21:01:17,750] {processor.py:651} INFO - DAG(s) dict_keys(['latest_only']) retrieved from /home/v/Documents/iac-airflow-dev/dags/venv/lib/python3.9/site-packages/airflow/example_dags/example_latest_only.py
[2023-05-10 21:01:17,765] {logging_mixin.py:115} INFO - [2023-05-10 21:01:17,765] {dag.py:2379} INFO - Sync 1 DAGs
[2023-05-10 21:01:17,780] {logging_mixin.py:115} INFO - [2023-05-10 21:01:17,780] {dag.py:2927} INFO - Setting next_dagrun for latest_only to 2023-05-10T20:01:17.780527+00:00, run_after=2023-05-11T00:01:17.780527+00:00
[2023-05-10 21:01:17,793] {processor.py:161} INFO - Processing /home/v/Documents/iac-airflow-dev/dags/venv/lib/python3.9/site-packages/airflow/example_dags/example_latest_only.py took 0.054 seconds
[2023-05-10 21:01:49,794] {processor.py:153} INFO - Started process (PID=92582) to work on /home/v/Documents/iac-airflow-dev/dags/venv/lib/python3.9/site-packages/airflow/example_dags/example_latest_only.py
[2023-05-10 21:01:49,795] {processor.py:641} INFO - Processing file /home/v/Documents/iac-airflow-dev/dags/venv/lib/python3.9/site-packages/airflow/example_dags/example_latest_only.py for tasks to queue
[2023-05-10 21:01:49,795] {logging_mixin.py:115} INFO - [2023-05-10 21:01:49,795] {dagbag.py:507} INFO - Filling up the DagBag from /home/v/Documents/iac-airflow-dev/dags/venv/lib/python3.9/site-packages/airflow/example_dags/example_latest_only.py
[2023-05-10 21:01:49,801] {processor.py:651} INFO - DAG(s) dict_keys(['latest_only']) retrieved from /home/v/Documents/iac-airflow-dev/dags/venv/lib/python3.9/site-packages/airflow/example_dags/example_latest_only.py
[2023-05-10 21:01:49,817] {logging_mixin.py:115} INFO - [2023-05-10 21:01:49,817] {dag.py:2379} INFO - Sync 1 DAGs
[2023-05-10 21:01:49,835] {logging_mixin.py:115} INFO - [2023-05-10 21:01:49,835] {dag.py:2927} INFO - Setting next_dagrun for latest_only to 2023-05-10T20:01:49.834993+00:00, run_after=2023-05-11T00:01:49.834993+00:00
[2023-05-10 21:01:49,848] {processor.py:161} INFO - Processing /home/v/Documents/iac-airflow-dev/dags/venv/lib/python3.9/site-packages/airflow/example_dags/example_latest_only.py took 0.057 seconds
[2023-05-10 21:02:26,904] {processor.py:153} INFO - Started process (PID=92783) to work on /home/v/Documents/iac-airflow-dev/dags/venv/lib/python3.9/site-packages/airflow/example_dags/example_latest_only.py
[2023-05-10 21:02:26,905] {processor.py:641} INFO - Processing file /home/v/Documents/iac-airflow-dev/dags/venv/lib/python3.9/site-packages/airflow/example_dags/example_latest_only.py for tasks to queue
[2023-05-10 21:02:26,905] {logging_mixin.py:115} INFO - [2023-05-10 21:02:26,905] {dagbag.py:507} INFO - Filling up the DagBag from /home/v/Documents/iac-airflow-dev/dags/venv/lib/python3.9/site-packages/airflow/example_dags/example_latest_only.py
[2023-05-10 21:02:26,911] {processor.py:651} INFO - DAG(s) dict_keys(['latest_only']) retrieved from /home/v/Documents/iac-airflow-dev/dags/venv/lib/python3.9/site-packages/airflow/example_dags/example_latest_only.py
[2023-05-10 21:02:26,927] {logging_mixin.py:115} INFO - [2023-05-10 21:02:26,927] {dag.py:2379} INFO - Sync 1 DAGs
[2023-05-10 21:02:26,944] {logging_mixin.py:115} INFO - [2023-05-10 21:02:26,944] {dag.py:2927} INFO - Setting next_dagrun for latest_only to 2023-05-10T20:02:26.944583+00:00, run_after=2023-05-11T00:02:26.944583+00:00
[2023-05-10 21:02:26,957] {processor.py:161} INFO - Processing /home/v/Documents/iac-airflow-dev/dags/venv/lib/python3.9/site-packages/airflow/example_dags/example_latest_only.py took 0.056 seconds
[2023-05-10 21:03:03,125] {processor.py:153} INFO - Started process (PID=92983) to work on /home/v/Documents/iac-airflow-dev/dags/venv/lib/python3.9/site-packages/airflow/example_dags/example_latest_only.py
[2023-05-10 21:03:03,126] {processor.py:641} INFO - Processing file /home/v/Documents/iac-airflow-dev/dags/venv/lib/python3.9/site-packages/airflow/example_dags/example_latest_only.py for tasks to queue
[2023-05-10 21:03:03,126] {logging_mixin.py:115} INFO - [2023-05-10 21:03:03,126] {dagbag.py:507} INFO - Filling up the DagBag from /home/v/Documents/iac-airflow-dev/dags/venv/lib/python3.9/site-packages/airflow/example_dags/example_latest_only.py
[2023-05-10 21:03:03,132] {processor.py:651} INFO - DAG(s) dict_keys(['latest_only']) retrieved from /home/v/Documents/iac-airflow-dev/dags/venv/lib/python3.9/site-packages/airflow/example_dags/example_latest_only.py
[2023-05-10 21:03:03,148] {logging_mixin.py:115} INFO - [2023-05-10 21:03:03,148] {dag.py:2379} INFO - Sync 1 DAGs
[2023-05-10 21:03:03,165] {logging_mixin.py:115} INFO - [2023-05-10 21:03:03,165] {dag.py:2927} INFO - Setting next_dagrun for latest_only to 2023-05-10T20:03:03.165625+00:00, run_after=2023-05-11T00:03:03.165625+00:00
[2023-05-10 21:03:03,178] {processor.py:161} INFO - Processing /home/v/Documents/iac-airflow-dev/dags/venv/lib/python3.9/site-packages/airflow/example_dags/example_latest_only.py took 0.056 seconds
[2023-05-10 21:03:36,910] {processor.py:153} INFO - Started process (PID=93117) to work on /home/v/Documents/iac-airflow-dev/dags/venv/lib/python3.9/site-packages/airflow/example_dags/example_latest_only.py
[2023-05-10 21:03:36,910] {processor.py:641} INFO - Processing file /home/v/Documents/iac-airflow-dev/dags/venv/lib/python3.9/site-packages/airflow/example_dags/example_latest_only.py for tasks to queue
[2023-05-10 21:03:36,910] {logging_mixin.py:115} INFO - [2023-05-10 21:03:36,910] {dagbag.py:507} INFO - Filling up the DagBag from /home/v/Documents/iac-airflow-dev/dags/venv/lib/python3.9/site-packages/airflow/example_dags/example_latest_only.py
[2023-05-10 21:03:36,915] {processor.py:651} INFO - DAG(s) dict_keys(['latest_only']) retrieved from /home/v/Documents/iac-airflow-dev/dags/venv/lib/python3.9/site-packages/airflow/example_dags/example_latest_only.py
[2023-05-10 21:03:36,930] {logging_mixin.py:115} INFO - [2023-05-10 21:03:36,930] {dag.py:2379} INFO - Sync 1 DAGs
[2023-05-10 21:03:36,947] {logging_mixin.py:115} INFO - [2023-05-10 21:03:36,947] {dag.py:2927} INFO - Setting next_dagrun for latest_only to 2023-05-10T20:03:36.946827+00:00, run_after=2023-05-11T00:03:36.946827+00:00
[2023-05-10 21:03:36,960] {processor.py:161} INFO - Processing /home/v/Documents/iac-airflow-dev/dags/venv/lib/python3.9/site-packages/airflow/example_dags/example_latest_only.py took 0.053 seconds
[2023-05-10 21:04:15,206] {processor.py:153} INFO - Started process (PID=93252) to work on /home/v/Documents/iac-airflow-dev/dags/venv/lib/python3.9/site-packages/airflow/example_dags/example_latest_only.py
[2023-05-10 21:04:15,206] {processor.py:641} INFO - Processing file /home/v/Documents/iac-airflow-dev/dags/venv/lib/python3.9/site-packages/airflow/example_dags/example_latest_only.py for tasks to queue
[2023-05-10 21:04:15,207] {logging_mixin.py:115} INFO - [2023-05-10 21:04:15,207] {dagbag.py:507} INFO - Filling up the DagBag from /home/v/Documents/iac-airflow-dev/dags/venv/lib/python3.9/site-packages/airflow/example_dags/example_latest_only.py
[2023-05-10 21:04:15,212] {processor.py:651} INFO - DAG(s) dict_keys(['latest_only']) retrieved from /home/v/Documents/iac-airflow-dev/dags/venv/lib/python3.9/site-packages/airflow/example_dags/example_latest_only.py
[2023-05-10 21:04:15,228] {logging_mixin.py:115} INFO - [2023-05-10 21:04:15,228] {dag.py:2379} INFO - Sync 1 DAGs
[2023-05-10 21:04:15,246] {logging_mixin.py:115} INFO - [2023-05-10 21:04:15,246] {dag.py:2927} INFO - Setting next_dagrun for latest_only to 2023-05-10T20:04:15.245979+00:00, run_after=2023-05-11T00:04:15.245979+00:00
[2023-05-10 21:04:15,264] {processor.py:161} INFO - Processing /home/v/Documents/iac-airflow-dev/dags/venv/lib/python3.9/site-packages/airflow/example_dags/example_latest_only.py took 0.061 seconds
[2023-05-10 21:04:48,451] {processor.py:153} INFO - Started process (PID=93418) to work on /home/v/Documents/iac-airflow-dev/dags/venv/lib/python3.9/site-packages/airflow/example_dags/example_latest_only.py
[2023-05-10 21:04:48,452] {processor.py:641} INFO - Processing file /home/v/Documents/iac-airflow-dev/dags/venv/lib/python3.9/site-packages/airflow/example_dags/example_latest_only.py for tasks to queue
[2023-05-10 21:04:48,452] {logging_mixin.py:115} INFO - [2023-05-10 21:04:48,452] {dagbag.py:507} INFO - Filling up the DagBag from /home/v/Documents/iac-airflow-dev/dags/venv/lib/python3.9/site-packages/airflow/example_dags/example_latest_only.py
[2023-05-10 21:04:48,458] {processor.py:651} INFO - DAG(s) dict_keys(['latest_only']) retrieved from /home/v/Documents/iac-airflow-dev/dags/venv/lib/python3.9/site-packages/airflow/example_dags/example_latest_only.py
[2023-05-10 21:04:48,475] {logging_mixin.py:115} INFO - [2023-05-10 21:04:48,475] {dag.py:2379} INFO - Sync 1 DAGs
[2023-05-10 21:04:48,493] {logging_mixin.py:115} INFO - [2023-05-10 21:04:48,492] {dag.py:2927} INFO - Setting next_dagrun for latest_only to 2023-05-10T20:04:48.492582+00:00, run_after=2023-05-11T00:04:48.492582+00:00
[2023-05-10 21:04:48,507] {processor.py:161} INFO - Processing /home/v/Documents/iac-airflow-dev/dags/venv/lib/python3.9/site-packages/airflow/example_dags/example_latest_only.py took 0.060 seconds
[2023-05-10 21:05:22,550] {processor.py:153} INFO - Started process (PID=93549) to work on /home/v/Documents/iac-airflow-dev/dags/venv/lib/python3.9/site-packages/airflow/example_dags/example_latest_only.py
[2023-05-10 21:05:22,551] {processor.py:641} INFO - Processing file /home/v/Documents/iac-airflow-dev/dags/venv/lib/python3.9/site-packages/airflow/example_dags/example_latest_only.py for tasks to queue
[2023-05-10 21:05:22,552] {logging_mixin.py:115} INFO - [2023-05-10 21:05:22,551] {dagbag.py:507} INFO - Filling up the DagBag from /home/v/Documents/iac-airflow-dev/dags/venv/lib/python3.9/site-packages/airflow/example_dags/example_latest_only.py
[2023-05-10 21:05:22,557] {processor.py:651} INFO - DAG(s) dict_keys(['latest_only']) retrieved from /home/v/Documents/iac-airflow-dev/dags/venv/lib/python3.9/site-packages/airflow/example_dags/example_latest_only.py
[2023-05-10 21:05:22,574] {logging_mixin.py:115} INFO - [2023-05-10 21:05:22,573] {dag.py:2379} INFO - Sync 1 DAGs
[2023-05-10 21:05:22,591] {logging_mixin.py:115} INFO - [2023-05-10 21:05:22,591] {dag.py:2927} INFO - Setting next_dagrun for latest_only to 2023-05-10T20:05:22.591547+00:00, run_after=2023-05-11T00:05:22.591547+00:00
[2023-05-10 21:05:22,605] {processor.py:161} INFO - Processing /home/v/Documents/iac-airflow-dev/dags/venv/lib/python3.9/site-packages/airflow/example_dags/example_latest_only.py took 0.057 seconds
[2023-05-10 21:05:56,583] {processor.py:153} INFO - Started process (PID=93653) to work on /home/v/Documents/iac-airflow-dev/dags/venv/lib/python3.9/site-packages/airflow/example_dags/example_latest_only.py
[2023-05-10 21:05:56,584] {processor.py:641} INFO - Processing file /home/v/Documents/iac-airflow-dev/dags/venv/lib/python3.9/site-packages/airflow/example_dags/example_latest_only.py for tasks to queue
[2023-05-10 21:05:56,584] {logging_mixin.py:115} INFO - [2023-05-10 21:05:56,584] {dagbag.py:507} INFO - Filling up the DagBag from /home/v/Documents/iac-airflow-dev/dags/venv/lib/python3.9/site-packages/airflow/example_dags/example_latest_only.py
[2023-05-10 21:05:56,590] {processor.py:651} INFO - DAG(s) dict_keys(['latest_only']) retrieved from /home/v/Documents/iac-airflow-dev/dags/venv/lib/python3.9/site-packages/airflow/example_dags/example_latest_only.py
[2023-05-10 21:05:56,606] {logging_mixin.py:115} INFO - [2023-05-10 21:05:56,606] {dag.py:2379} INFO - Sync 1 DAGs
[2023-05-10 21:05:56,624] {logging_mixin.py:115} INFO - [2023-05-10 21:05:56,624] {dag.py:2927} INFO - Setting next_dagrun for latest_only to 2023-05-10T20:05:56.623937+00:00, run_after=2023-05-11T00:05:56.623937+00:00
[2023-05-10 21:05:56,638] {processor.py:161} INFO - Processing /home/v/Documents/iac-airflow-dev/dags/venv/lib/python3.9/site-packages/airflow/example_dags/example_latest_only.py took 0.058 seconds
[2023-05-10 21:06:30,958] {processor.py:153} INFO - Started process (PID=93771) to work on /home/v/Documents/iac-airflow-dev/dags/venv/lib/python3.9/site-packages/airflow/example_dags/example_latest_only.py
[2023-05-10 21:06:30,959] {processor.py:641} INFO - Processing file /home/v/Documents/iac-airflow-dev/dags/venv/lib/python3.9/site-packages/airflow/example_dags/example_latest_only.py for tasks to queue
[2023-05-10 21:06:30,959] {logging_mixin.py:115} INFO - [2023-05-10 21:06:30,959] {dagbag.py:507} INFO - Filling up the DagBag from /home/v/Documents/iac-airflow-dev/dags/venv/lib/python3.9/site-packages/airflow/example_dags/example_latest_only.py
[2023-05-10 21:06:30,964] {processor.py:651} INFO - DAG(s) dict_keys(['latest_only']) retrieved from /home/v/Documents/iac-airflow-dev/dags/venv/lib/python3.9/site-packages/airflow/example_dags/example_latest_only.py
[2023-05-10 21:06:30,980] {logging_mixin.py:115} INFO - [2023-05-10 21:06:30,980] {dag.py:2379} INFO - Sync 1 DAGs
[2023-05-10 21:06:30,996] {logging_mixin.py:115} INFO - [2023-05-10 21:06:30,996] {dag.py:2927} INFO - Setting next_dagrun for latest_only to 2023-05-10T20:06:30.996156+00:00, run_after=2023-05-11T00:06:30.996156+00:00
[2023-05-10 21:06:31,008] {processor.py:161} INFO - Processing /home/v/Documents/iac-airflow-dev/dags/venv/lib/python3.9/site-packages/airflow/example_dags/example_latest_only.py took 0.053 seconds
[2023-05-10 21:07:03,702] {processor.py:153} INFO - Started process (PID=93926) to work on /home/v/Documents/iac-airflow-dev/dags/venv/lib/python3.9/site-packages/airflow/example_dags/example_latest_only.py
[2023-05-10 21:07:03,703] {processor.py:641} INFO - Processing file /home/v/Documents/iac-airflow-dev/dags/venv/lib/python3.9/site-packages/airflow/example_dags/example_latest_only.py for tasks to queue
[2023-05-10 21:07:03,703] {logging_mixin.py:115} INFO - [2023-05-10 21:07:03,703] {dagbag.py:507} INFO - Filling up the DagBag from /home/v/Documents/iac-airflow-dev/dags/venv/lib/python3.9/site-packages/airflow/example_dags/example_latest_only.py
[2023-05-10 21:07:03,709] {processor.py:651} INFO - DAG(s) dict_keys(['latest_only']) retrieved from /home/v/Documents/iac-airflow-dev/dags/venv/lib/python3.9/site-packages/airflow/example_dags/example_latest_only.py
[2023-05-10 21:07:03,726] {logging_mixin.py:115} INFO - [2023-05-10 21:07:03,726] {dag.py:2379} INFO - Sync 1 DAGs
[2023-05-10 21:07:03,744] {logging_mixin.py:115} INFO - [2023-05-10 21:07:03,743] {dag.py:2927} INFO - Setting next_dagrun for latest_only to 2023-05-10T20:07:03.743613+00:00, run_after=2023-05-11T00:07:03.743613+00:00
[2023-05-10 21:07:03,757] {processor.py:161} INFO - Processing /home/v/Documents/iac-airflow-dev/dags/venv/lib/python3.9/site-packages/airflow/example_dags/example_latest_only.py took 0.058 seconds
[2023-05-10 21:07:37,465] {processor.py:153} INFO - Started process (PID=94065) to work on /home/v/Documents/iac-airflow-dev/dags/venv/lib/python3.9/site-packages/airflow/example_dags/example_latest_only.py
[2023-05-10 21:07:37,465] {processor.py:641} INFO - Processing file /home/v/Documents/iac-airflow-dev/dags/venv/lib/python3.9/site-packages/airflow/example_dags/example_latest_only.py for tasks to queue
[2023-05-10 21:07:37,466] {logging_mixin.py:115} INFO - [2023-05-10 21:07:37,466] {dagbag.py:507} INFO - Filling up the DagBag from /home/v/Documents/iac-airflow-dev/dags/venv/lib/python3.9/site-packages/airflow/example_dags/example_latest_only.py
[2023-05-10 21:07:37,471] {processor.py:651} INFO - DAG(s) dict_keys(['latest_only']) retrieved from /home/v/Documents/iac-airflow-dev/dags/venv/lib/python3.9/site-packages/airflow/example_dags/example_latest_only.py
[2023-05-10 21:07:37,488] {logging_mixin.py:115} INFO - [2023-05-10 21:07:37,488] {dag.py:2379} INFO - Sync 1 DAGs
[2023-05-10 21:07:37,507] {logging_mixin.py:115} INFO - [2023-05-10 21:07:37,507] {dag.py:2927} INFO - Setting next_dagrun for latest_only to 2023-05-10T20:07:37.506833+00:00, run_after=2023-05-11T00:07:37.506833+00:00
[2023-05-10 21:07:37,522] {processor.py:161} INFO - Processing /home/v/Documents/iac-airflow-dev/dags/venv/lib/python3.9/site-packages/airflow/example_dags/example_latest_only.py took 0.060 seconds
