[2023-05-10 21:00:20,826] {processor.py:153} INFO - Started process (PID=92274) to work on /home/v/Documents/iac-airflow-dev/dags/venv/lib/python3.9/site-packages/airflow/example_dags/example_short_circuit_operator.py
[2023-05-10 21:00:20,826] {processor.py:641} INFO - Processing file /home/v/Documents/iac-airflow-dev/dags/venv/lib/python3.9/site-packages/airflow/example_dags/example_short_circuit_operator.py for tasks to queue
[2023-05-10 21:00:20,827] {logging_mixin.py:115} INFO - [2023-05-10 21:00:20,827] {dagbag.py:507} INFO - Filling up the DagBag from /home/v/Documents/iac-airflow-dev/dags/venv/lib/python3.9/site-packages/airflow/example_dags/example_short_circuit_operator.py
[2023-05-10 21:00:20,837] {processor.py:651} INFO - DAG(s) dict_keys(['example_short_circuit_operator']) retrieved from /home/v/Documents/iac-airflow-dev/dags/venv/lib/python3.9/site-packages/airflow/example_dags/example_short_circuit_operator.py
[2023-05-10 21:00:20,854] {logging_mixin.py:115} INFO - [2023-05-10 21:00:20,854] {dag.py:2379} INFO - Sync 1 DAGs
[2023-05-10 21:00:20,871] {logging_mixin.py:115} INFO - [2023-05-10 21:00:20,871] {dag.py:2927} INFO - Setting next_dagrun for example_short_circuit_operator to 2023-05-10T00:00:20.871282+00:00, run_after=2023-05-11T00:00:20.871282+00:00
[2023-05-10 21:00:20,890] {processor.py:161} INFO - Processing /home/v/Documents/iac-airflow-dev/dags/venv/lib/python3.9/site-packages/airflow/example_dags/example_short_circuit_operator.py took 0.067 seconds
[2023-05-10 21:00:53,835] {processor.py:153} INFO - Started process (PID=92388) to work on /home/v/Documents/iac-airflow-dev/dags/venv/lib/python3.9/site-packages/airflow/example_dags/example_short_circuit_operator.py
[2023-05-10 21:00:53,836] {processor.py:641} INFO - Processing file /home/v/Documents/iac-airflow-dev/dags/venv/lib/python3.9/site-packages/airflow/example_dags/example_short_circuit_operator.py for tasks to queue
[2023-05-10 21:00:53,836] {logging_mixin.py:115} INFO - [2023-05-10 21:00:53,836] {dagbag.py:507} INFO - Filling up the DagBag from /home/v/Documents/iac-airflow-dev/dags/venv/lib/python3.9/site-packages/airflow/example_dags/example_short_circuit_operator.py
[2023-05-10 21:00:53,845] {processor.py:651} INFO - DAG(s) dict_keys(['example_short_circuit_operator']) retrieved from /home/v/Documents/iac-airflow-dev/dags/venv/lib/python3.9/site-packages/airflow/example_dags/example_short_circuit_operator.py
[2023-05-10 21:00:53,860] {logging_mixin.py:115} INFO - [2023-05-10 21:00:53,860] {dag.py:2379} INFO - Sync 1 DAGs
[2023-05-10 21:00:53,875] {logging_mixin.py:115} INFO - [2023-05-10 21:00:53,875] {dag.py:2927} INFO - Setting next_dagrun for example_short_circuit_operator to 2023-05-10T00:00:53.874854+00:00, run_after=2023-05-11T00:00:53.874854+00:00
[2023-05-10 21:00:53,888] {processor.py:161} INFO - Processing /home/v/Documents/iac-airflow-dev/dags/venv/lib/python3.9/site-packages/airflow/example_dags/example_short_circuit_operator.py took 0.056 seconds
[2023-05-10 21:01:28,016] {processor.py:153} INFO - Started process (PID=92500) to work on /home/v/Documents/iac-airflow-dev/dags/venv/lib/python3.9/site-packages/airflow/example_dags/example_short_circuit_operator.py
[2023-05-10 21:01:28,017] {processor.py:641} INFO - Processing file /home/v/Documents/iac-airflow-dev/dags/venv/lib/python3.9/site-packages/airflow/example_dags/example_short_circuit_operator.py for tasks to queue
[2023-05-10 21:01:28,017] {logging_mixin.py:115} INFO - [2023-05-10 21:01:28,017] {dagbag.py:507} INFO - Filling up the DagBag from /home/v/Documents/iac-airflow-dev/dags/venv/lib/python3.9/site-packages/airflow/example_dags/example_short_circuit_operator.py
[2023-05-10 21:01:28,027] {processor.py:651} INFO - DAG(s) dict_keys(['example_short_circuit_operator']) retrieved from /home/v/Documents/iac-airflow-dev/dags/venv/lib/python3.9/site-packages/airflow/example_dags/example_short_circuit_operator.py
[2023-05-10 21:01:28,044] {logging_mixin.py:115} INFO - [2023-05-10 21:01:28,044] {dag.py:2379} INFO - Sync 1 DAGs
[2023-05-10 21:01:28,061] {logging_mixin.py:115} INFO - [2023-05-10 21:01:28,061] {dag.py:2927} INFO - Setting next_dagrun for example_short_circuit_operator to 2023-05-10T00:01:28.060732+00:00, run_after=2023-05-11T00:01:28.060732+00:00
[2023-05-10 21:01:28,074] {processor.py:161} INFO - Processing /home/v/Documents/iac-airflow-dev/dags/venv/lib/python3.9/site-packages/airflow/example_dags/example_short_circuit_operator.py took 0.061 seconds
[2023-05-10 21:02:02,218] {processor.py:153} INFO - Started process (PID=92667) to work on /home/v/Documents/iac-airflow-dev/dags/venv/lib/python3.9/site-packages/airflow/example_dags/example_short_circuit_operator.py
[2023-05-10 21:02:02,219] {processor.py:641} INFO - Processing file /home/v/Documents/iac-airflow-dev/dags/venv/lib/python3.9/site-packages/airflow/example_dags/example_short_circuit_operator.py for tasks to queue
[2023-05-10 21:02:02,219] {logging_mixin.py:115} INFO - [2023-05-10 21:02:02,219] {dagbag.py:507} INFO - Filling up the DagBag from /home/v/Documents/iac-airflow-dev/dags/venv/lib/python3.9/site-packages/airflow/example_dags/example_short_circuit_operator.py
[2023-05-10 21:02:02,227] {processor.py:651} INFO - DAG(s) dict_keys(['example_short_circuit_operator']) retrieved from /home/v/Documents/iac-airflow-dev/dags/venv/lib/python3.9/site-packages/airflow/example_dags/example_short_circuit_operator.py
[2023-05-10 21:02:02,243] {logging_mixin.py:115} INFO - [2023-05-10 21:02:02,243] {dag.py:2379} INFO - Sync 1 DAGs
[2023-05-10 21:02:02,261] {logging_mixin.py:115} INFO - [2023-05-10 21:02:02,261] {dag.py:2927} INFO - Setting next_dagrun for example_short_circuit_operator to 2023-05-10T00:02:02.261417+00:00, run_after=2023-05-11T00:02:02.261417+00:00
[2023-05-10 21:02:02,278] {processor.py:161} INFO - Processing /home/v/Documents/iac-airflow-dev/dags/venv/lib/python3.9/site-packages/airflow/example_dags/example_short_circuit_operator.py took 0.063 seconds
[2023-05-10 21:02:40,078] {processor.py:153} INFO - Started process (PID=92898) to work on /home/v/Documents/iac-airflow-dev/dags/venv/lib/python3.9/site-packages/airflow/example_dags/example_short_circuit_operator.py
[2023-05-10 21:02:40,079] {processor.py:641} INFO - Processing file /home/v/Documents/iac-airflow-dev/dags/venv/lib/python3.9/site-packages/airflow/example_dags/example_short_circuit_operator.py for tasks to queue
[2023-05-10 21:02:40,079] {logging_mixin.py:115} INFO - [2023-05-10 21:02:40,079] {dagbag.py:507} INFO - Filling up the DagBag from /home/v/Documents/iac-airflow-dev/dags/venv/lib/python3.9/site-packages/airflow/example_dags/example_short_circuit_operator.py
[2023-05-10 21:02:40,089] {processor.py:651} INFO - DAG(s) dict_keys(['example_short_circuit_operator']) retrieved from /home/v/Documents/iac-airflow-dev/dags/venv/lib/python3.9/site-packages/airflow/example_dags/example_short_circuit_operator.py
[2023-05-10 21:02:40,106] {logging_mixin.py:115} INFO - [2023-05-10 21:02:40,106] {dag.py:2379} INFO - Sync 1 DAGs
[2023-05-10 21:02:40,124] {logging_mixin.py:115} INFO - [2023-05-10 21:02:40,124] {dag.py:2927} INFO - Setting next_dagrun for example_short_circuit_operator to 2023-05-10T00:02:40.123726+00:00, run_after=2023-05-11T00:02:40.123726+00:00
[2023-05-10 21:02:40,138] {processor.py:161} INFO - Processing /home/v/Documents/iac-airflow-dev/dags/venv/lib/python3.9/site-packages/airflow/example_dags/example_short_circuit_operator.py took 0.063 seconds
[2023-05-10 21:03:15,791] {processor.py:153} INFO - Started process (PID=93049) to work on /home/v/Documents/iac-airflow-dev/dags/venv/lib/python3.9/site-packages/airflow/example_dags/example_short_circuit_operator.py
[2023-05-10 21:03:15,792] {processor.py:641} INFO - Processing file /home/v/Documents/iac-airflow-dev/dags/venv/lib/python3.9/site-packages/airflow/example_dags/example_short_circuit_operator.py for tasks to queue
[2023-05-10 21:03:15,792] {logging_mixin.py:115} INFO - [2023-05-10 21:03:15,792] {dagbag.py:507} INFO - Filling up the DagBag from /home/v/Documents/iac-airflow-dev/dags/venv/lib/python3.9/site-packages/airflow/example_dags/example_short_circuit_operator.py
[2023-05-10 21:03:15,802] {processor.py:651} INFO - DAG(s) dict_keys(['example_short_circuit_operator']) retrieved from /home/v/Documents/iac-airflow-dev/dags/venv/lib/python3.9/site-packages/airflow/example_dags/example_short_circuit_operator.py
[2023-05-10 21:03:15,820] {logging_mixin.py:115} INFO - [2023-05-10 21:03:15,820] {dag.py:2379} INFO - Sync 1 DAGs
[2023-05-10 21:03:15,838] {logging_mixin.py:115} INFO - [2023-05-10 21:03:15,837] {dag.py:2927} INFO - Setting next_dagrun for example_short_circuit_operator to 2023-05-10T00:03:15.837614+00:00, run_after=2023-05-11T00:03:15.837614+00:00
[2023-05-10 21:03:15,851] {processor.py:161} INFO - Processing /home/v/Documents/iac-airflow-dev/dags/venv/lib/python3.9/site-packages/airflow/example_dags/example_short_circuit_operator.py took 0.063 seconds
[2023-05-10 21:03:50,654] {processor.py:153} INFO - Started process (PID=93161) to work on /home/v/Documents/iac-airflow-dev/dags/venv/lib/python3.9/site-packages/airflow/example_dags/example_short_circuit_operator.py
[2023-05-10 21:03:50,655] {processor.py:641} INFO - Processing file /home/v/Documents/iac-airflow-dev/dags/venv/lib/python3.9/site-packages/airflow/example_dags/example_short_circuit_operator.py for tasks to queue
[2023-05-10 21:03:50,655] {logging_mixin.py:115} INFO - [2023-05-10 21:03:50,655] {dagbag.py:507} INFO - Filling up the DagBag from /home/v/Documents/iac-airflow-dev/dags/venv/lib/python3.9/site-packages/airflow/example_dags/example_short_circuit_operator.py
[2023-05-10 21:03:50,665] {processor.py:651} INFO - DAG(s) dict_keys(['example_short_circuit_operator']) retrieved from /home/v/Documents/iac-airflow-dev/dags/venv/lib/python3.9/site-packages/airflow/example_dags/example_short_circuit_operator.py
[2023-05-10 21:03:50,683] {logging_mixin.py:115} INFO - [2023-05-10 21:03:50,683] {dag.py:2379} INFO - Sync 1 DAGs
[2023-05-10 21:03:50,700] {logging_mixin.py:115} INFO - [2023-05-10 21:03:50,700] {dag.py:2927} INFO - Setting next_dagrun for example_short_circuit_operator to 2023-05-10T00:03:50.699922+00:00, run_after=2023-05-11T00:03:50.699922+00:00
[2023-05-10 21:03:50,714] {processor.py:161} INFO - Processing /home/v/Documents/iac-airflow-dev/dags/venv/lib/python3.9/site-packages/airflow/example_dags/example_short_circuit_operator.py took 0.063 seconds
[2023-05-10 21:04:29,542] {processor.py:153} INFO - Started process (PID=93302) to work on /home/v/Documents/iac-airflow-dev/dags/venv/lib/python3.9/site-packages/airflow/example_dags/example_short_circuit_operator.py
[2023-05-10 21:04:29,542] {processor.py:641} INFO - Processing file /home/v/Documents/iac-airflow-dev/dags/venv/lib/python3.9/site-packages/airflow/example_dags/example_short_circuit_operator.py for tasks to queue
[2023-05-10 21:04:29,543] {logging_mixin.py:115} INFO - [2023-05-10 21:04:29,543] {dagbag.py:507} INFO - Filling up the DagBag from /home/v/Documents/iac-airflow-dev/dags/venv/lib/python3.9/site-packages/airflow/example_dags/example_short_circuit_operator.py
[2023-05-10 21:04:29,553] {processor.py:651} INFO - DAG(s) dict_keys(['example_short_circuit_operator']) retrieved from /home/v/Documents/iac-airflow-dev/dags/venv/lib/python3.9/site-packages/airflow/example_dags/example_short_circuit_operator.py
[2023-05-10 21:04:29,569] {logging_mixin.py:115} INFO - [2023-05-10 21:04:29,569] {dag.py:2379} INFO - Sync 1 DAGs
[2023-05-10 21:04:29,585] {logging_mixin.py:115} INFO - [2023-05-10 21:04:29,585] {dag.py:2927} INFO - Setting next_dagrun for example_short_circuit_operator to 2023-05-10T00:04:29.585166+00:00, run_after=2023-05-11T00:04:29.585166+00:00
[2023-05-10 21:04:29,600] {processor.py:161} INFO - Processing /home/v/Documents/iac-airflow-dev/dags/venv/lib/python3.9/site-packages/airflow/example_dags/example_short_circuit_operator.py took 0.061 seconds
[2023-05-10 21:05:10,099] {processor.py:153} INFO - Started process (PID=93490) to work on /home/v/Documents/iac-airflow-dev/dags/venv/lib/python3.9/site-packages/airflow/example_dags/example_short_circuit_operator.py
[2023-05-10 21:05:10,100] {processor.py:641} INFO - Processing file /home/v/Documents/iac-airflow-dev/dags/venv/lib/python3.9/site-packages/airflow/example_dags/example_short_circuit_operator.py for tasks to queue
[2023-05-10 21:05:10,100] {logging_mixin.py:115} INFO - [2023-05-10 21:05:10,100] {dagbag.py:507} INFO - Filling up the DagBag from /home/v/Documents/iac-airflow-dev/dags/venv/lib/python3.9/site-packages/airflow/example_dags/example_short_circuit_operator.py
[2023-05-10 21:05:10,110] {processor.py:651} INFO - DAG(s) dict_keys(['example_short_circuit_operator']) retrieved from /home/v/Documents/iac-airflow-dev/dags/venv/lib/python3.9/site-packages/airflow/example_dags/example_short_circuit_operator.py
[2023-05-10 21:05:10,127] {logging_mixin.py:115} INFO - [2023-05-10 21:05:10,127] {dag.py:2379} INFO - Sync 1 DAGs
[2023-05-10 21:05:10,145] {logging_mixin.py:115} INFO - [2023-05-10 21:05:10,144] {dag.py:2927} INFO - Setting next_dagrun for example_short_circuit_operator to 2023-05-10T00:05:10.144657+00:00, run_after=2023-05-11T00:05:10.144657+00:00
[2023-05-10 21:05:10,158] {processor.py:161} INFO - Processing /home/v/Documents/iac-airflow-dev/dags/venv/lib/python3.9/site-packages/airflow/example_dags/example_short_circuit_operator.py took 0.062 seconds
[2023-05-10 21:05:45,132] {processor.py:153} INFO - Started process (PID=93620) to work on /home/v/Documents/iac-airflow-dev/dags/venv/lib/python3.9/site-packages/airflow/example_dags/example_short_circuit_operator.py
[2023-05-10 21:05:45,133] {processor.py:641} INFO - Processing file /home/v/Documents/iac-airflow-dev/dags/venv/lib/python3.9/site-packages/airflow/example_dags/example_short_circuit_operator.py for tasks to queue
[2023-05-10 21:05:45,133] {logging_mixin.py:115} INFO - [2023-05-10 21:05:45,133] {dagbag.py:507} INFO - Filling up the DagBag from /home/v/Documents/iac-airflow-dev/dags/venv/lib/python3.9/site-packages/airflow/example_dags/example_short_circuit_operator.py
[2023-05-10 21:05:45,143] {processor.py:651} INFO - DAG(s) dict_keys(['example_short_circuit_operator']) retrieved from /home/v/Documents/iac-airflow-dev/dags/venv/lib/python3.9/site-packages/airflow/example_dags/example_short_circuit_operator.py
[2023-05-10 21:05:45,160] {logging_mixin.py:115} INFO - [2023-05-10 21:05:45,160] {dag.py:2379} INFO - Sync 1 DAGs
[2023-05-10 21:05:45,177] {logging_mixin.py:115} INFO - [2023-05-10 21:05:45,177] {dag.py:2927} INFO - Setting next_dagrun for example_short_circuit_operator to 2023-05-10T00:05:45.177360+00:00, run_after=2023-05-11T00:05:45.177360+00:00
[2023-05-10 21:05:45,191] {processor.py:161} INFO - Processing /home/v/Documents/iac-airflow-dev/dags/venv/lib/python3.9/site-packages/airflow/example_dags/example_short_circuit_operator.py took 0.062 seconds
[2023-05-10 21:06:18,339] {processor.py:153} INFO - Started process (PID=93728) to work on /home/v/Documents/iac-airflow-dev/dags/venv/lib/python3.9/site-packages/airflow/example_dags/example_short_circuit_operator.py
[2023-05-10 21:06:18,339] {processor.py:641} INFO - Processing file /home/v/Documents/iac-airflow-dev/dags/venv/lib/python3.9/site-packages/airflow/example_dags/example_short_circuit_operator.py for tasks to queue
[2023-05-10 21:06:18,340] {logging_mixin.py:115} INFO - [2023-05-10 21:06:18,340] {dagbag.py:507} INFO - Filling up the DagBag from /home/v/Documents/iac-airflow-dev/dags/venv/lib/python3.9/site-packages/airflow/example_dags/example_short_circuit_operator.py
[2023-05-10 21:06:18,350] {processor.py:651} INFO - DAG(s) dict_keys(['example_short_circuit_operator']) retrieved from /home/v/Documents/iac-airflow-dev/dags/venv/lib/python3.9/site-packages/airflow/example_dags/example_short_circuit_operator.py
[2023-05-10 21:06:18,367] {logging_mixin.py:115} INFO - [2023-05-10 21:06:18,367] {dag.py:2379} INFO - Sync 1 DAGs
[2023-05-10 21:06:18,385] {logging_mixin.py:115} INFO - [2023-05-10 21:06:18,385] {dag.py:2927} INFO - Setting next_dagrun for example_short_circuit_operator to 2023-05-10T00:06:18.384824+00:00, run_after=2023-05-11T00:06:18.384824+00:00
[2023-05-10 21:06:18,399] {processor.py:161} INFO - Processing /home/v/Documents/iac-airflow-dev/dags/venv/lib/python3.9/site-packages/airflow/example_dags/example_short_circuit_operator.py took 0.063 seconds
[2023-05-10 21:06:53,775] {processor.py:153} INFO - Started process (PID=93864) to work on /home/v/Documents/iac-airflow-dev/dags/venv/lib/python3.9/site-packages/airflow/example_dags/example_short_circuit_operator.py
[2023-05-10 21:06:53,775] {processor.py:641} INFO - Processing file /home/v/Documents/iac-airflow-dev/dags/venv/lib/python3.9/site-packages/airflow/example_dags/example_short_circuit_operator.py for tasks to queue
[2023-05-10 21:06:53,776] {logging_mixin.py:115} INFO - [2023-05-10 21:06:53,776] {dagbag.py:507} INFO - Filling up the DagBag from /home/v/Documents/iac-airflow-dev/dags/venv/lib/python3.9/site-packages/airflow/example_dags/example_short_circuit_operator.py
[2023-05-10 21:06:53,786] {processor.py:651} INFO - DAG(s) dict_keys(['example_short_circuit_operator']) retrieved from /home/v/Documents/iac-airflow-dev/dags/venv/lib/python3.9/site-packages/airflow/example_dags/example_short_circuit_operator.py
[2023-05-10 21:06:53,803] {logging_mixin.py:115} INFO - [2023-05-10 21:06:53,803] {dag.py:2379} INFO - Sync 1 DAGs
[2023-05-10 21:06:53,820] {logging_mixin.py:115} INFO - [2023-05-10 21:06:53,820] {dag.py:2927} INFO - Setting next_dagrun for example_short_circuit_operator to 2023-05-10T00:06:53.820229+00:00, run_after=2023-05-11T00:06:53.820229+00:00
[2023-05-10 21:06:53,834] {processor.py:161} INFO - Processing /home/v/Documents/iac-airflow-dev/dags/venv/lib/python3.9/site-packages/airflow/example_dags/example_short_circuit_operator.py took 0.063 seconds
[2023-05-10 21:07:29,354] {processor.py:153} INFO - Started process (PID=94020) to work on /home/v/Documents/iac-airflow-dev/dags/venv/lib/python3.9/site-packages/airflow/example_dags/example_short_circuit_operator.py
[2023-05-10 21:07:29,355] {processor.py:641} INFO - Processing file /home/v/Documents/iac-airflow-dev/dags/venv/lib/python3.9/site-packages/airflow/example_dags/example_short_circuit_operator.py for tasks to queue
[2023-05-10 21:07:29,355] {logging_mixin.py:115} INFO - [2023-05-10 21:07:29,355] {dagbag.py:507} INFO - Filling up the DagBag from /home/v/Documents/iac-airflow-dev/dags/venv/lib/python3.9/site-packages/airflow/example_dags/example_short_circuit_operator.py
[2023-05-10 21:07:29,365] {processor.py:651} INFO - DAG(s) dict_keys(['example_short_circuit_operator']) retrieved from /home/v/Documents/iac-airflow-dev/dags/venv/lib/python3.9/site-packages/airflow/example_dags/example_short_circuit_operator.py
[2023-05-10 21:07:29,383] {logging_mixin.py:115} INFO - [2023-05-10 21:07:29,383] {dag.py:2379} INFO - Sync 1 DAGs
[2023-05-10 21:07:29,400] {logging_mixin.py:115} INFO - [2023-05-10 21:07:29,400] {dag.py:2927} INFO - Setting next_dagrun for example_short_circuit_operator to 2023-05-10T00:07:29.400039+00:00, run_after=2023-05-11T00:07:29.400039+00:00
[2023-05-10 21:07:29,413] {processor.py:161} INFO - Processing /home/v/Documents/iac-airflow-dev/dags/venv/lib/python3.9/site-packages/airflow/example_dags/example_short_circuit_operator.py took 0.062 seconds
