[2023-05-10 21:00:22,186] {processor.py:153} INFO - Started process (PID=92276) to work on /home/v/Documents/iac-airflow-dev/dags/venv/lib/python3.9/site-packages/airflow/example_dags/example_nested_branch_dag.py
[2023-05-10 21:00:22,187] {processor.py:641} INFO - Processing file /home/v/Documents/iac-airflow-dev/dags/venv/lib/python3.9/site-packages/airflow/example_dags/example_nested_branch_dag.py for tasks to queue
[2023-05-10 21:00:22,187] {logging_mixin.py:115} INFO - [2023-05-10 21:00:22,187] {dagbag.py:507} INFO - Filling up the DagBag from /home/v/Documents/iac-airflow-dev/dags/venv/lib/python3.9/site-packages/airflow/example_dags/example_nested_branch_dag.py
[2023-05-10 21:00:22,198] {processor.py:651} INFO - DAG(s) dict_keys(['example_nested_branch_dag']) retrieved from /home/v/Documents/iac-airflow-dev/dags/venv/lib/python3.9/site-packages/airflow/example_dags/example_nested_branch_dag.py
[2023-05-10 21:00:22,215] {logging_mixin.py:115} INFO - [2023-05-10 21:00:22,215] {dag.py:2379} INFO - Sync 1 DAGs
[2023-05-10 21:00:22,233] {logging_mixin.py:115} INFO - [2023-05-10 21:00:22,233] {dag.py:2927} INFO - Setting next_dagrun for example_nested_branch_dag to 2023-05-10T00:00:00+00:00, run_after=2023-05-11T00:00:00+00:00
[2023-05-10 21:00:22,248] {processor.py:161} INFO - Processing /home/v/Documents/iac-airflow-dev/dags/venv/lib/python3.9/site-packages/airflow/example_dags/example_nested_branch_dag.py took 0.065 seconds
[2023-05-10 21:00:56,132] {processor.py:153} INFO - Started process (PID=92392) to work on /home/v/Documents/iac-airflow-dev/dags/venv/lib/python3.9/site-packages/airflow/example_dags/example_nested_branch_dag.py
[2023-05-10 21:00:56,136] {processor.py:641} INFO - Processing file /home/v/Documents/iac-airflow-dev/dags/venv/lib/python3.9/site-packages/airflow/example_dags/example_nested_branch_dag.py for tasks to queue
[2023-05-10 21:00:56,137] {logging_mixin.py:115} INFO - [2023-05-10 21:00:56,137] {dagbag.py:507} INFO - Filling up the DagBag from /home/v/Documents/iac-airflow-dev/dags/venv/lib/python3.9/site-packages/airflow/example_dags/example_nested_branch_dag.py
[2023-05-10 21:00:56,148] {processor.py:651} INFO - DAG(s) dict_keys(['example_nested_branch_dag']) retrieved from /home/v/Documents/iac-airflow-dev/dags/venv/lib/python3.9/site-packages/airflow/example_dags/example_nested_branch_dag.py
[2023-05-10 21:00:56,164] {logging_mixin.py:115} INFO - [2023-05-10 21:00:56,164] {dag.py:2379} INFO - Sync 1 DAGs
[2023-05-10 21:00:56,183] {logging_mixin.py:115} INFO - [2023-05-10 21:00:56,183] {dag.py:2927} INFO - Setting next_dagrun for example_nested_branch_dag to 2023-05-10T00:00:00+00:00, run_after=2023-05-11T00:00:00+00:00
[2023-05-10 21:00:56,197] {processor.py:161} INFO - Processing /home/v/Documents/iac-airflow-dev/dags/venv/lib/python3.9/site-packages/airflow/example_dags/example_nested_branch_dag.py took 0.067 seconds
[2023-05-10 21:01:33,165] {processor.py:153} INFO - Started process (PID=92523) to work on /home/v/Documents/iac-airflow-dev/dags/venv/lib/python3.9/site-packages/airflow/example_dags/example_nested_branch_dag.py
[2023-05-10 21:01:33,166] {processor.py:641} INFO - Processing file /home/v/Documents/iac-airflow-dev/dags/venv/lib/python3.9/site-packages/airflow/example_dags/example_nested_branch_dag.py for tasks to queue
[2023-05-10 21:01:33,166] {logging_mixin.py:115} INFO - [2023-05-10 21:01:33,166] {dagbag.py:507} INFO - Filling up the DagBag from /home/v/Documents/iac-airflow-dev/dags/venv/lib/python3.9/site-packages/airflow/example_dags/example_nested_branch_dag.py
[2023-05-10 21:01:33,177] {processor.py:651} INFO - DAG(s) dict_keys(['example_nested_branch_dag']) retrieved from /home/v/Documents/iac-airflow-dev/dags/venv/lib/python3.9/site-packages/airflow/example_dags/example_nested_branch_dag.py
[2023-05-10 21:01:33,193] {logging_mixin.py:115} INFO - [2023-05-10 21:01:33,193] {dag.py:2379} INFO - Sync 1 DAGs
[2023-05-10 21:01:33,212] {logging_mixin.py:115} INFO - [2023-05-10 21:01:33,212] {dag.py:2927} INFO - Setting next_dagrun for example_nested_branch_dag to 2023-05-10T00:00:00+00:00, run_after=2023-05-11T00:00:00+00:00
[2023-05-10 21:01:33,226] {processor.py:161} INFO - Processing /home/v/Documents/iac-airflow-dev/dags/venv/lib/python3.9/site-packages/airflow/example_dags/example_nested_branch_dag.py took 0.064 seconds
[2023-05-10 21:02:06,442] {processor.py:153} INFO - Started process (PID=92676) to work on /home/v/Documents/iac-airflow-dev/dags/venv/lib/python3.9/site-packages/airflow/example_dags/example_nested_branch_dag.py
[2023-05-10 21:02:06,443] {processor.py:641} INFO - Processing file /home/v/Documents/iac-airflow-dev/dags/venv/lib/python3.9/site-packages/airflow/example_dags/example_nested_branch_dag.py for tasks to queue
[2023-05-10 21:02:06,443] {logging_mixin.py:115} INFO - [2023-05-10 21:02:06,443] {dagbag.py:507} INFO - Filling up the DagBag from /home/v/Documents/iac-airflow-dev/dags/venv/lib/python3.9/site-packages/airflow/example_dags/example_nested_branch_dag.py
[2023-05-10 21:02:06,454] {processor.py:651} INFO - DAG(s) dict_keys(['example_nested_branch_dag']) retrieved from /home/v/Documents/iac-airflow-dev/dags/venv/lib/python3.9/site-packages/airflow/example_dags/example_nested_branch_dag.py
[2023-05-10 21:02:06,470] {logging_mixin.py:115} INFO - [2023-05-10 21:02:06,470] {dag.py:2379} INFO - Sync 1 DAGs
[2023-05-10 21:02:06,488] {logging_mixin.py:115} INFO - [2023-05-10 21:02:06,488] {dag.py:2927} INFO - Setting next_dagrun for example_nested_branch_dag to 2023-05-10T00:00:00+00:00, run_after=2023-05-11T00:00:00+00:00
[2023-05-10 21:02:06,502] {processor.py:161} INFO - Processing /home/v/Documents/iac-airflow-dev/dags/venv/lib/python3.9/site-packages/airflow/example_dags/example_nested_branch_dag.py took 0.063 seconds
[2023-05-10 21:02:41,679] {processor.py:153} INFO - Started process (PID=92901) to work on /home/v/Documents/iac-airflow-dev/dags/venv/lib/python3.9/site-packages/airflow/example_dags/example_nested_branch_dag.py
[2023-05-10 21:02:41,679] {processor.py:641} INFO - Processing file /home/v/Documents/iac-airflow-dev/dags/venv/lib/python3.9/site-packages/airflow/example_dags/example_nested_branch_dag.py for tasks to queue
[2023-05-10 21:02:41,680] {logging_mixin.py:115} INFO - [2023-05-10 21:02:41,680] {dagbag.py:507} INFO - Filling up the DagBag from /home/v/Documents/iac-airflow-dev/dags/venv/lib/python3.9/site-packages/airflow/example_dags/example_nested_branch_dag.py
[2023-05-10 21:02:41,691] {processor.py:651} INFO - DAG(s) dict_keys(['example_nested_branch_dag']) retrieved from /home/v/Documents/iac-airflow-dev/dags/venv/lib/python3.9/site-packages/airflow/example_dags/example_nested_branch_dag.py
[2023-05-10 21:02:41,707] {logging_mixin.py:115} INFO - [2023-05-10 21:02:41,707] {dag.py:2379} INFO - Sync 1 DAGs
[2023-05-10 21:02:41,725] {logging_mixin.py:115} INFO - [2023-05-10 21:02:41,725] {dag.py:2927} INFO - Setting next_dagrun for example_nested_branch_dag to 2023-05-10T00:00:00+00:00, run_after=2023-05-11T00:00:00+00:00
[2023-05-10 21:02:41,741] {processor.py:161} INFO - Processing /home/v/Documents/iac-airflow-dev/dags/venv/lib/python3.9/site-packages/airflow/example_dags/example_nested_branch_dag.py took 0.065 seconds
[2023-05-10 21:03:20,889] {processor.py:153} INFO - Started process (PID=93068) to work on /home/v/Documents/iac-airflow-dev/dags/venv/lib/python3.9/site-packages/airflow/example_dags/example_nested_branch_dag.py
[2023-05-10 21:03:20,902] {processor.py:641} INFO - Processing file /home/v/Documents/iac-airflow-dev/dags/venv/lib/python3.9/site-packages/airflow/example_dags/example_nested_branch_dag.py for tasks to queue
[2023-05-10 21:03:20,902] {logging_mixin.py:115} INFO - [2023-05-10 21:03:20,902] {dagbag.py:507} INFO - Filling up the DagBag from /home/v/Documents/iac-airflow-dev/dags/venv/lib/python3.9/site-packages/airflow/example_dags/example_nested_branch_dag.py
[2023-05-10 21:03:20,913] {processor.py:651} INFO - DAG(s) dict_keys(['example_nested_branch_dag']) retrieved from /home/v/Documents/iac-airflow-dev/dags/venv/lib/python3.9/site-packages/airflow/example_dags/example_nested_branch_dag.py
[2023-05-10 21:03:20,929] {logging_mixin.py:115} INFO - [2023-05-10 21:03:20,929] {dag.py:2379} INFO - Sync 1 DAGs
[2023-05-10 21:03:20,951] {logging_mixin.py:115} INFO - [2023-05-10 21:03:20,951] {dag.py:2927} INFO - Setting next_dagrun for example_nested_branch_dag to 2023-05-10T00:00:00+00:00, run_after=2023-05-11T00:00:00+00:00
[2023-05-10 21:03:20,966] {processor.py:161} INFO - Processing /home/v/Documents/iac-airflow-dev/dags/venv/lib/python3.9/site-packages/airflow/example_dags/example_nested_branch_dag.py took 0.080 seconds
[2023-05-10 21:03:56,649] {processor.py:153} INFO - Started process (PID=93179) to work on /home/v/Documents/iac-airflow-dev/dags/venv/lib/python3.9/site-packages/airflow/example_dags/example_nested_branch_dag.py
[2023-05-10 21:03:56,649] {processor.py:641} INFO - Processing file /home/v/Documents/iac-airflow-dev/dags/venv/lib/python3.9/site-packages/airflow/example_dags/example_nested_branch_dag.py for tasks to queue
[2023-05-10 21:03:56,650] {logging_mixin.py:115} INFO - [2023-05-10 21:03:56,650] {dagbag.py:507} INFO - Filling up the DagBag from /home/v/Documents/iac-airflow-dev/dags/venv/lib/python3.9/site-packages/airflow/example_dags/example_nested_branch_dag.py
[2023-05-10 21:03:56,659] {processor.py:651} INFO - DAG(s) dict_keys(['example_nested_branch_dag']) retrieved from /home/v/Documents/iac-airflow-dev/dags/venv/lib/python3.9/site-packages/airflow/example_dags/example_nested_branch_dag.py
[2023-05-10 21:03:56,675] {logging_mixin.py:115} INFO - [2023-05-10 21:03:56,675] {dag.py:2379} INFO - Sync 1 DAGs
[2023-05-10 21:03:56,694] {logging_mixin.py:115} INFO - [2023-05-10 21:03:56,694] {dag.py:2927} INFO - Setting next_dagrun for example_nested_branch_dag to 2023-05-10T00:00:00+00:00, run_after=2023-05-11T00:00:00+00:00
[2023-05-10 21:03:56,711] {processor.py:161} INFO - Processing /home/v/Documents/iac-airflow-dev/dags/venv/lib/python3.9/site-packages/airflow/example_dags/example_nested_branch_dag.py took 0.065 seconds
[2023-05-10 21:04:34,693] {processor.py:153} INFO - Started process (PID=93323) to work on /home/v/Documents/iac-airflow-dev/dags/venv/lib/python3.9/site-packages/airflow/example_dags/example_nested_branch_dag.py
[2023-05-10 21:04:34,694] {processor.py:641} INFO - Processing file /home/v/Documents/iac-airflow-dev/dags/venv/lib/python3.9/site-packages/airflow/example_dags/example_nested_branch_dag.py for tasks to queue
[2023-05-10 21:04:34,695] {logging_mixin.py:115} INFO - [2023-05-10 21:04:34,695] {dagbag.py:507} INFO - Filling up the DagBag from /home/v/Documents/iac-airflow-dev/dags/venv/lib/python3.9/site-packages/airflow/example_dags/example_nested_branch_dag.py
[2023-05-10 21:04:34,706] {processor.py:651} INFO - DAG(s) dict_keys(['example_nested_branch_dag']) retrieved from /home/v/Documents/iac-airflow-dev/dags/venv/lib/python3.9/site-packages/airflow/example_dags/example_nested_branch_dag.py
[2023-05-10 21:04:34,722] {logging_mixin.py:115} INFO - [2023-05-10 21:04:34,722] {dag.py:2379} INFO - Sync 1 DAGs
[2023-05-10 21:04:34,741] {logging_mixin.py:115} INFO - [2023-05-10 21:04:34,740] {dag.py:2927} INFO - Setting next_dagrun for example_nested_branch_dag to 2023-05-10T00:00:00+00:00, run_after=2023-05-11T00:00:00+00:00
[2023-05-10 21:04:34,754] {processor.py:161} INFO - Processing /home/v/Documents/iac-airflow-dev/dags/venv/lib/python3.9/site-packages/airflow/example_dags/example_nested_branch_dag.py took 0.064 seconds
[2023-05-10 21:05:11,427] {processor.py:153} INFO - Started process (PID=93492) to work on /home/v/Documents/iac-airflow-dev/dags/venv/lib/python3.9/site-packages/airflow/example_dags/example_nested_branch_dag.py
[2023-05-10 21:05:11,540] {processor.py:641} INFO - Processing file /home/v/Documents/iac-airflow-dev/dags/venv/lib/python3.9/site-packages/airflow/example_dags/example_nested_branch_dag.py for tasks to queue
[2023-05-10 21:05:11,543] {logging_mixin.py:115} INFO - [2023-05-10 21:05:11,543] {dagbag.py:507} INFO - Filling up the DagBag from /home/v/Documents/iac-airflow-dev/dags/venv/lib/python3.9/site-packages/airflow/example_dags/example_nested_branch_dag.py
[2023-05-10 21:05:11,556] {processor.py:651} INFO - DAG(s) dict_keys(['example_nested_branch_dag']) retrieved from /home/v/Documents/iac-airflow-dev/dags/venv/lib/python3.9/site-packages/airflow/example_dags/example_nested_branch_dag.py
[2023-05-10 21:05:11,577] {logging_mixin.py:115} INFO - [2023-05-10 21:05:11,577] {dag.py:2379} INFO - Sync 1 DAGs
[2023-05-10 21:05:11,600] {logging_mixin.py:115} INFO - [2023-05-10 21:05:11,600] {dag.py:2927} INFO - Setting next_dagrun for example_nested_branch_dag to 2023-05-10T00:00:00+00:00, run_after=2023-05-11T00:00:00+00:00
[2023-05-10 21:05:11,615] {processor.py:161} INFO - Processing /home/v/Documents/iac-airflow-dev/dags/venv/lib/python3.9/site-packages/airflow/example_dags/example_nested_branch_dag.py took 0.190 seconds
[2023-05-10 21:05:47,422] {processor.py:153} INFO - Started process (PID=93629) to work on /home/v/Documents/iac-airflow-dev/dags/venv/lib/python3.9/site-packages/airflow/example_dags/example_nested_branch_dag.py
[2023-05-10 21:05:47,423] {processor.py:641} INFO - Processing file /home/v/Documents/iac-airflow-dev/dags/venv/lib/python3.9/site-packages/airflow/example_dags/example_nested_branch_dag.py for tasks to queue
[2023-05-10 21:05:47,424] {logging_mixin.py:115} INFO - [2023-05-10 21:05:47,424] {dagbag.py:507} INFO - Filling up the DagBag from /home/v/Documents/iac-airflow-dev/dags/venv/lib/python3.9/site-packages/airflow/example_dags/example_nested_branch_dag.py
[2023-05-10 21:05:47,434] {processor.py:651} INFO - DAG(s) dict_keys(['example_nested_branch_dag']) retrieved from /home/v/Documents/iac-airflow-dev/dags/venv/lib/python3.9/site-packages/airflow/example_dags/example_nested_branch_dag.py
[2023-05-10 21:05:47,449] {logging_mixin.py:115} INFO - [2023-05-10 21:05:47,449] {dag.py:2379} INFO - Sync 1 DAGs
[2023-05-10 21:05:47,468] {logging_mixin.py:115} INFO - [2023-05-10 21:05:47,468] {dag.py:2927} INFO - Setting next_dagrun for example_nested_branch_dag to 2023-05-10T00:00:00+00:00, run_after=2023-05-11T00:00:00+00:00
[2023-05-10 21:05:47,481] {processor.py:161} INFO - Processing /home/v/Documents/iac-airflow-dev/dags/venv/lib/python3.9/site-packages/airflow/example_dags/example_nested_branch_dag.py took 0.062 seconds
[2023-05-10 21:06:24,463] {processor.py:153} INFO - Started process (PID=93751) to work on /home/v/Documents/iac-airflow-dev/dags/venv/lib/python3.9/site-packages/airflow/example_dags/example_nested_branch_dag.py
[2023-05-10 21:06:24,465] {processor.py:641} INFO - Processing file /home/v/Documents/iac-airflow-dev/dags/venv/lib/python3.9/site-packages/airflow/example_dags/example_nested_branch_dag.py for tasks to queue
[2023-05-10 21:06:24,466] {logging_mixin.py:115} INFO - [2023-05-10 21:06:24,466] {dagbag.py:507} INFO - Filling up the DagBag from /home/v/Documents/iac-airflow-dev/dags/venv/lib/python3.9/site-packages/airflow/example_dags/example_nested_branch_dag.py
[2023-05-10 21:06:24,476] {processor.py:651} INFO - DAG(s) dict_keys(['example_nested_branch_dag']) retrieved from /home/v/Documents/iac-airflow-dev/dags/venv/lib/python3.9/site-packages/airflow/example_dags/example_nested_branch_dag.py
[2023-05-10 21:06:24,491] {logging_mixin.py:115} INFO - [2023-05-10 21:06:24,491] {dag.py:2379} INFO - Sync 1 DAGs
[2023-05-10 21:06:24,509] {logging_mixin.py:115} INFO - [2023-05-10 21:06:24,509] {dag.py:2927} INFO - Setting next_dagrun for example_nested_branch_dag to 2023-05-10T00:00:00+00:00, run_after=2023-05-11T00:00:00+00:00
[2023-05-10 21:06:24,523] {processor.py:161} INFO - Processing /home/v/Documents/iac-airflow-dev/dags/venv/lib/python3.9/site-packages/airflow/example_dags/example_nested_branch_dag.py took 0.062 seconds
[2023-05-10 21:07:01,974] {processor.py:153} INFO - Started process (PID=93912) to work on /home/v/Documents/iac-airflow-dev/dags/venv/lib/python3.9/site-packages/airflow/example_dags/example_nested_branch_dag.py
[2023-05-10 21:07:01,974] {processor.py:641} INFO - Processing file /home/v/Documents/iac-airflow-dev/dags/venv/lib/python3.9/site-packages/airflow/example_dags/example_nested_branch_dag.py for tasks to queue
[2023-05-10 21:07:01,975] {logging_mixin.py:115} INFO - [2023-05-10 21:07:01,975] {dagbag.py:507} INFO - Filling up the DagBag from /home/v/Documents/iac-airflow-dev/dags/venv/lib/python3.9/site-packages/airflow/example_dags/example_nested_branch_dag.py
[2023-05-10 21:07:01,986] {processor.py:651} INFO - DAG(s) dict_keys(['example_nested_branch_dag']) retrieved from /home/v/Documents/iac-airflow-dev/dags/venv/lib/python3.9/site-packages/airflow/example_dags/example_nested_branch_dag.py
[2023-05-10 21:07:02,002] {logging_mixin.py:115} INFO - [2023-05-10 21:07:02,002] {dag.py:2379} INFO - Sync 1 DAGs
[2023-05-10 21:07:02,021] {logging_mixin.py:115} INFO - [2023-05-10 21:07:02,021] {dag.py:2927} INFO - Setting next_dagrun for example_nested_branch_dag to 2023-05-10T00:00:00+00:00, run_after=2023-05-11T00:00:00+00:00
[2023-05-10 21:07:02,034] {processor.py:161} INFO - Processing /home/v/Documents/iac-airflow-dev/dags/venv/lib/python3.9/site-packages/airflow/example_dags/example_nested_branch_dag.py took 0.064 seconds
[2023-05-10 21:07:36,308] {processor.py:153} INFO - Started process (PID=94044) to work on /home/v/Documents/iac-airflow-dev/dags/venv/lib/python3.9/site-packages/airflow/example_dags/example_nested_branch_dag.py
[2023-05-10 21:07:36,308] {processor.py:641} INFO - Processing file /home/v/Documents/iac-airflow-dev/dags/venv/lib/python3.9/site-packages/airflow/example_dags/example_nested_branch_dag.py for tasks to queue
[2023-05-10 21:07:36,309] {logging_mixin.py:115} INFO - [2023-05-10 21:07:36,309] {dagbag.py:507} INFO - Filling up the DagBag from /home/v/Documents/iac-airflow-dev/dags/venv/lib/python3.9/site-packages/airflow/example_dags/example_nested_branch_dag.py
[2023-05-10 21:07:36,318] {processor.py:651} INFO - DAG(s) dict_keys(['example_nested_branch_dag']) retrieved from /home/v/Documents/iac-airflow-dev/dags/venv/lib/python3.9/site-packages/airflow/example_dags/example_nested_branch_dag.py
[2023-05-10 21:07:36,332] {logging_mixin.py:115} INFO - [2023-05-10 21:07:36,332] {dag.py:2379} INFO - Sync 1 DAGs
[2023-05-10 21:07:36,349] {logging_mixin.py:115} INFO - [2023-05-10 21:07:36,349] {dag.py:2927} INFO - Setting next_dagrun for example_nested_branch_dag to 2023-05-10T00:00:00+00:00, run_after=2023-05-11T00:00:00+00:00
[2023-05-10 21:07:36,361] {processor.py:161} INFO - Processing /home/v/Documents/iac-airflow-dev/dags/venv/lib/python3.9/site-packages/airflow/example_dags/example_nested_branch_dag.py took 0.056 seconds
