[2023-05-10 21:00:05,737] {processor.py:153} INFO - Started process (PID=92176) to work on /home/v/Documents/iac-airflow-dev/dags/venv/lib/python3.9/site-packages/airflow/example_dags/example_trigger_controller_dag.py
[2023-05-10 21:00:05,737] {processor.py:641} INFO - Processing file /home/v/Documents/iac-airflow-dev/dags/venv/lib/python3.9/site-packages/airflow/example_dags/example_trigger_controller_dag.py for tasks to queue
[2023-05-10 21:00:05,737] {logging_mixin.py:115} INFO - [2023-05-10 21:00:05,737] {dagbag.py:507} INFO - Filling up the DagBag from /home/v/Documents/iac-airflow-dev/dags/venv/lib/python3.9/site-packages/airflow/example_dags/example_trigger_controller_dag.py
[2023-05-10 21:00:05,740] {processor.py:651} INFO - DAG(s) dict_keys(['example_trigger_controller_dag']) retrieved from /home/v/Documents/iac-airflow-dev/dags/venv/lib/python3.9/site-packages/airflow/example_dags/example_trigger_controller_dag.py
[2023-05-10 21:00:05,758] {logging_mixin.py:115} INFO - [2023-05-10 21:00:05,758] {dag.py:2379} INFO - Sync 1 DAGs
[2023-05-10 21:00:05,773] {logging_mixin.py:115} INFO - [2023-05-10 21:00:05,773] {dag.py:2927} INFO - Setting next_dagrun for example_trigger_controller_dag to 2021-01-01T00:00:00+00:00, run_after=2021-01-01T00:00:00+00:00
[2023-05-10 21:00:05,785] {processor.py:161} INFO - Processing /home/v/Documents/iac-airflow-dev/dags/venv/lib/python3.9/site-packages/airflow/example_dags/example_trigger_controller_dag.py took 0.051 seconds
[2023-05-10 21:00:38,685] {processor.py:153} INFO - Started process (PID=92336) to work on /home/v/Documents/iac-airflow-dev/dags/venv/lib/python3.9/site-packages/airflow/example_dags/example_trigger_controller_dag.py
[2023-05-10 21:00:38,686] {processor.py:641} INFO - Processing file /home/v/Documents/iac-airflow-dev/dags/venv/lib/python3.9/site-packages/airflow/example_dags/example_trigger_controller_dag.py for tasks to queue
[2023-05-10 21:00:38,687] {logging_mixin.py:115} INFO - [2023-05-10 21:00:38,686] {dagbag.py:507} INFO - Filling up the DagBag from /home/v/Documents/iac-airflow-dev/dags/venv/lib/python3.9/site-packages/airflow/example_dags/example_trigger_controller_dag.py
[2023-05-10 21:00:38,690] {processor.py:651} INFO - DAG(s) dict_keys(['example_trigger_controller_dag']) retrieved from /home/v/Documents/iac-airflow-dev/dags/venv/lib/python3.9/site-packages/airflow/example_dags/example_trigger_controller_dag.py
[2023-05-10 21:00:38,707] {logging_mixin.py:115} INFO - [2023-05-10 21:00:38,707] {dag.py:2379} INFO - Sync 1 DAGs
[2023-05-10 21:00:38,724] {logging_mixin.py:115} INFO - [2023-05-10 21:00:38,724] {dag.py:2927} INFO - Setting next_dagrun for example_trigger_controller_dag to 2021-01-01T00:00:00+00:00, run_after=2021-01-01T00:00:00+00:00
[2023-05-10 21:00:38,738] {processor.py:161} INFO - Processing /home/v/Documents/iac-airflow-dev/dags/venv/lib/python3.9/site-packages/airflow/example_dags/example_trigger_controller_dag.py took 0.056 seconds
[2023-05-10 21:01:12,597] {processor.py:153} INFO - Started process (PID=92455) to work on /home/v/Documents/iac-airflow-dev/dags/venv/lib/python3.9/site-packages/airflow/example_dags/example_trigger_controller_dag.py
[2023-05-10 21:01:12,597] {processor.py:641} INFO - Processing file /home/v/Documents/iac-airflow-dev/dags/venv/lib/python3.9/site-packages/airflow/example_dags/example_trigger_controller_dag.py for tasks to queue
[2023-05-10 21:01:12,598] {logging_mixin.py:115} INFO - [2023-05-10 21:01:12,598] {dagbag.py:507} INFO - Filling up the DagBag from /home/v/Documents/iac-airflow-dev/dags/venv/lib/python3.9/site-packages/airflow/example_dags/example_trigger_controller_dag.py
[2023-05-10 21:01:12,601] {processor.py:651} INFO - DAG(s) dict_keys(['example_trigger_controller_dag']) retrieved from /home/v/Documents/iac-airflow-dev/dags/venv/lib/python3.9/site-packages/airflow/example_dags/example_trigger_controller_dag.py
[2023-05-10 21:01:12,618] {logging_mixin.py:115} INFO - [2023-05-10 21:01:12,618] {dag.py:2379} INFO - Sync 1 DAGs
[2023-05-10 21:01:12,635] {logging_mixin.py:115} INFO - [2023-05-10 21:01:12,635] {dag.py:2927} INFO - Setting next_dagrun for example_trigger_controller_dag to 2021-01-01T00:00:00+00:00, run_after=2021-01-01T00:00:00+00:00
[2023-05-10 21:01:12,648] {processor.py:161} INFO - Processing /home/v/Documents/iac-airflow-dev/dags/venv/lib/python3.9/site-packages/airflow/example_dags/example_trigger_controller_dag.py took 0.055 seconds
[2023-05-10 21:01:46,908] {processor.py:153} INFO - Started process (PID=92566) to work on /home/v/Documents/iac-airflow-dev/dags/venv/lib/python3.9/site-packages/airflow/example_dags/example_trigger_controller_dag.py
[2023-05-10 21:01:46,909] {processor.py:641} INFO - Processing file /home/v/Documents/iac-airflow-dev/dags/venv/lib/python3.9/site-packages/airflow/example_dags/example_trigger_controller_dag.py for tasks to queue
[2023-05-10 21:01:46,910] {logging_mixin.py:115} INFO - [2023-05-10 21:01:46,910] {dagbag.py:507} INFO - Filling up the DagBag from /home/v/Documents/iac-airflow-dev/dags/venv/lib/python3.9/site-packages/airflow/example_dags/example_trigger_controller_dag.py
[2023-05-10 21:01:46,913] {processor.py:651} INFO - DAG(s) dict_keys(['example_trigger_controller_dag']) retrieved from /home/v/Documents/iac-airflow-dev/dags/venv/lib/python3.9/site-packages/airflow/example_dags/example_trigger_controller_dag.py
[2023-05-10 21:01:46,930] {logging_mixin.py:115} INFO - [2023-05-10 21:01:46,930] {dag.py:2379} INFO - Sync 1 DAGs
[2023-05-10 21:01:46,947] {logging_mixin.py:115} INFO - [2023-05-10 21:01:46,947] {dag.py:2927} INFO - Setting next_dagrun for example_trigger_controller_dag to 2021-01-01T00:00:00+00:00, run_after=2021-01-01T00:00:00+00:00
[2023-05-10 21:01:46,961] {processor.py:161} INFO - Processing /home/v/Documents/iac-airflow-dev/dags/venv/lib/python3.9/site-packages/airflow/example_dags/example_trigger_controller_dag.py took 0.055 seconds
[2023-05-10 21:02:23,471] {processor.py:153} INFO - Started process (PID=92775) to work on /home/v/Documents/iac-airflow-dev/dags/venv/lib/python3.9/site-packages/airflow/example_dags/example_trigger_controller_dag.py
[2023-05-10 21:02:23,472] {processor.py:641} INFO - Processing file /home/v/Documents/iac-airflow-dev/dags/venv/lib/python3.9/site-packages/airflow/example_dags/example_trigger_controller_dag.py for tasks to queue
[2023-05-10 21:02:23,472] {logging_mixin.py:115} INFO - [2023-05-10 21:02:23,472] {dagbag.py:507} INFO - Filling up the DagBag from /home/v/Documents/iac-airflow-dev/dags/venv/lib/python3.9/site-packages/airflow/example_dags/example_trigger_controller_dag.py
[2023-05-10 21:02:23,475] {processor.py:651} INFO - DAG(s) dict_keys(['example_trigger_controller_dag']) retrieved from /home/v/Documents/iac-airflow-dev/dags/venv/lib/python3.9/site-packages/airflow/example_dags/example_trigger_controller_dag.py
[2023-05-10 21:02:23,495] {logging_mixin.py:115} INFO - [2023-05-10 21:02:23,495] {dag.py:2379} INFO - Sync 1 DAGs
[2023-05-10 21:02:23,512] {logging_mixin.py:115} INFO - [2023-05-10 21:02:23,512] {dag.py:2927} INFO - Setting next_dagrun for example_trigger_controller_dag to 2021-01-01T00:00:00+00:00, run_after=2021-01-01T00:00:00+00:00
[2023-05-10 21:02:23,526] {processor.py:161} INFO - Processing /home/v/Documents/iac-airflow-dev/dags/venv/lib/python3.9/site-packages/airflow/example_dags/example_trigger_controller_dag.py took 0.059 seconds
[2023-05-10 21:02:56,815] {processor.py:153} INFO - Started process (PID=92960) to work on /home/v/Documents/iac-airflow-dev/dags/venv/lib/python3.9/site-packages/airflow/example_dags/example_trigger_controller_dag.py
[2023-05-10 21:02:56,816] {processor.py:641} INFO - Processing file /home/v/Documents/iac-airflow-dev/dags/venv/lib/python3.9/site-packages/airflow/example_dags/example_trigger_controller_dag.py for tasks to queue
[2023-05-10 21:02:56,816] {logging_mixin.py:115} INFO - [2023-05-10 21:02:56,816] {dagbag.py:507} INFO - Filling up the DagBag from /home/v/Documents/iac-airflow-dev/dags/venv/lib/python3.9/site-packages/airflow/example_dags/example_trigger_controller_dag.py
[2023-05-10 21:02:56,820] {processor.py:651} INFO - DAG(s) dict_keys(['example_trigger_controller_dag']) retrieved from /home/v/Documents/iac-airflow-dev/dags/venv/lib/python3.9/site-packages/airflow/example_dags/example_trigger_controller_dag.py
[2023-05-10 21:02:56,836] {logging_mixin.py:115} INFO - [2023-05-10 21:02:56,836] {dag.py:2379} INFO - Sync 1 DAGs
[2023-05-10 21:02:56,857] {logging_mixin.py:115} INFO - [2023-05-10 21:02:56,857] {dag.py:2927} INFO - Setting next_dagrun for example_trigger_controller_dag to 2021-01-01T00:00:00+00:00, run_after=2021-01-01T00:00:00+00:00
[2023-05-10 21:02:56,873] {processor.py:161} INFO - Processing /home/v/Documents/iac-airflow-dev/dags/venv/lib/python3.9/site-packages/airflow/example_dags/example_trigger_controller_dag.py took 0.062 seconds
[2023-05-10 21:03:31,758] {processor.py:153} INFO - Started process (PID=93100) to work on /home/v/Documents/iac-airflow-dev/dags/venv/lib/python3.9/site-packages/airflow/example_dags/example_trigger_controller_dag.py
[2023-05-10 21:03:31,758] {processor.py:641} INFO - Processing file /home/v/Documents/iac-airflow-dev/dags/venv/lib/python3.9/site-packages/airflow/example_dags/example_trigger_controller_dag.py for tasks to queue
[2023-05-10 21:03:31,759] {logging_mixin.py:115} INFO - [2023-05-10 21:03:31,759] {dagbag.py:507} INFO - Filling up the DagBag from /home/v/Documents/iac-airflow-dev/dags/venv/lib/python3.9/site-packages/airflow/example_dags/example_trigger_controller_dag.py
[2023-05-10 21:03:31,762] {processor.py:651} INFO - DAG(s) dict_keys(['example_trigger_controller_dag']) retrieved from /home/v/Documents/iac-airflow-dev/dags/venv/lib/python3.9/site-packages/airflow/example_dags/example_trigger_controller_dag.py
[2023-05-10 21:03:31,778] {logging_mixin.py:115} INFO - [2023-05-10 21:03:31,778] {dag.py:2379} INFO - Sync 1 DAGs
[2023-05-10 21:03:31,795] {logging_mixin.py:115} INFO - [2023-05-10 21:03:31,795] {dag.py:2927} INFO - Setting next_dagrun for example_trigger_controller_dag to 2021-01-01T00:00:00+00:00, run_after=2021-01-01T00:00:00+00:00
[2023-05-10 21:03:31,808] {processor.py:161} INFO - Processing /home/v/Documents/iac-airflow-dev/dags/venv/lib/python3.9/site-packages/airflow/example_dags/example_trigger_controller_dag.py took 0.054 seconds
[2023-05-10 21:04:07,230] {processor.py:153} INFO - Started process (PID=93215) to work on /home/v/Documents/iac-airflow-dev/dags/venv/lib/python3.9/site-packages/airflow/example_dags/example_trigger_controller_dag.py
[2023-05-10 21:04:07,231] {processor.py:641} INFO - Processing file /home/v/Documents/iac-airflow-dev/dags/venv/lib/python3.9/site-packages/airflow/example_dags/example_trigger_controller_dag.py for tasks to queue
[2023-05-10 21:04:07,232] {logging_mixin.py:115} INFO - [2023-05-10 21:04:07,232] {dagbag.py:507} INFO - Filling up the DagBag from /home/v/Documents/iac-airflow-dev/dags/venv/lib/python3.9/site-packages/airflow/example_dags/example_trigger_controller_dag.py
[2023-05-10 21:04:07,235] {processor.py:651} INFO - DAG(s) dict_keys(['example_trigger_controller_dag']) retrieved from /home/v/Documents/iac-airflow-dev/dags/venv/lib/python3.9/site-packages/airflow/example_dags/example_trigger_controller_dag.py
[2023-05-10 21:04:07,252] {logging_mixin.py:115} INFO - [2023-05-10 21:04:07,252] {dag.py:2379} INFO - Sync 1 DAGs
[2023-05-10 21:04:07,269] {logging_mixin.py:115} INFO - [2023-05-10 21:04:07,269] {dag.py:2927} INFO - Setting next_dagrun for example_trigger_controller_dag to 2021-01-01T00:00:00+00:00, run_after=2021-01-01T00:00:00+00:00
[2023-05-10 21:04:07,283] {processor.py:161} INFO - Processing /home/v/Documents/iac-airflow-dev/dags/venv/lib/python3.9/site-packages/airflow/example_dags/example_trigger_controller_dag.py took 0.056 seconds
[2023-05-10 21:04:40,961] {processor.py:153} INFO - Started process (PID=93393) to work on /home/v/Documents/iac-airflow-dev/dags/venv/lib/python3.9/site-packages/airflow/example_dags/example_trigger_controller_dag.py
[2023-05-10 21:04:40,962] {processor.py:641} INFO - Processing file /home/v/Documents/iac-airflow-dev/dags/venv/lib/python3.9/site-packages/airflow/example_dags/example_trigger_controller_dag.py for tasks to queue
[2023-05-10 21:04:40,963] {logging_mixin.py:115} INFO - [2023-05-10 21:04:40,963] {dagbag.py:507} INFO - Filling up the DagBag from /home/v/Documents/iac-airflow-dev/dags/venv/lib/python3.9/site-packages/airflow/example_dags/example_trigger_controller_dag.py
[2023-05-10 21:04:40,966] {processor.py:651} INFO - DAG(s) dict_keys(['example_trigger_controller_dag']) retrieved from /home/v/Documents/iac-airflow-dev/dags/venv/lib/python3.9/site-packages/airflow/example_dags/example_trigger_controller_dag.py
[2023-05-10 21:04:40,981] {logging_mixin.py:115} INFO - [2023-05-10 21:04:40,981] {dag.py:2379} INFO - Sync 1 DAGs
[2023-05-10 21:04:40,998] {logging_mixin.py:115} INFO - [2023-05-10 21:04:40,998] {dag.py:2927} INFO - Setting next_dagrun for example_trigger_controller_dag to 2021-01-01T00:00:00+00:00, run_after=2021-01-01T00:00:00+00:00
[2023-05-10 21:04:41,013] {processor.py:161} INFO - Processing /home/v/Documents/iac-airflow-dev/dags/venv/lib/python3.9/site-packages/airflow/example_dags/example_trigger_controller_dag.py took 0.054 seconds
[2023-05-10 21:05:14,689] {processor.py:153} INFO - Started process (PID=93515) to work on /home/v/Documents/iac-airflow-dev/dags/venv/lib/python3.9/site-packages/airflow/example_dags/example_trigger_controller_dag.py
[2023-05-10 21:05:14,690] {processor.py:641} INFO - Processing file /home/v/Documents/iac-airflow-dev/dags/venv/lib/python3.9/site-packages/airflow/example_dags/example_trigger_controller_dag.py for tasks to queue
[2023-05-10 21:05:14,690] {logging_mixin.py:115} INFO - [2023-05-10 21:05:14,690] {dagbag.py:507} INFO - Filling up the DagBag from /home/v/Documents/iac-airflow-dev/dags/venv/lib/python3.9/site-packages/airflow/example_dags/example_trigger_controller_dag.py
[2023-05-10 21:05:14,694] {processor.py:651} INFO - DAG(s) dict_keys(['example_trigger_controller_dag']) retrieved from /home/v/Documents/iac-airflow-dev/dags/venv/lib/python3.9/site-packages/airflow/example_dags/example_trigger_controller_dag.py
[2023-05-10 21:05:14,710] {logging_mixin.py:115} INFO - [2023-05-10 21:05:14,710] {dag.py:2379} INFO - Sync 1 DAGs
[2023-05-10 21:05:14,728] {logging_mixin.py:115} INFO - [2023-05-10 21:05:14,728] {dag.py:2927} INFO - Setting next_dagrun for example_trigger_controller_dag to 2021-01-01T00:00:00+00:00, run_after=2021-01-01T00:00:00+00:00
[2023-05-10 21:05:14,742] {processor.py:161} INFO - Processing /home/v/Documents/iac-airflow-dev/dags/venv/lib/python3.9/site-packages/airflow/example_dags/example_trigger_controller_dag.py took 0.056 seconds
[2023-05-10 21:05:50,829] {processor.py:153} INFO - Started process (PID=93638) to work on /home/v/Documents/iac-airflow-dev/dags/venv/lib/python3.9/site-packages/airflow/example_dags/example_trigger_controller_dag.py
[2023-05-10 21:05:50,830] {processor.py:641} INFO - Processing file /home/v/Documents/iac-airflow-dev/dags/venv/lib/python3.9/site-packages/airflow/example_dags/example_trigger_controller_dag.py for tasks to queue
[2023-05-10 21:05:50,831] {logging_mixin.py:115} INFO - [2023-05-10 21:05:50,830] {dagbag.py:507} INFO - Filling up the DagBag from /home/v/Documents/iac-airflow-dev/dags/venv/lib/python3.9/site-packages/airflow/example_dags/example_trigger_controller_dag.py
[2023-05-10 21:05:50,834] {processor.py:651} INFO - DAG(s) dict_keys(['example_trigger_controller_dag']) retrieved from /home/v/Documents/iac-airflow-dev/dags/venv/lib/python3.9/site-packages/airflow/example_dags/example_trigger_controller_dag.py
[2023-05-10 21:05:50,851] {logging_mixin.py:115} INFO - [2023-05-10 21:05:50,851] {dag.py:2379} INFO - Sync 1 DAGs
[2023-05-10 21:05:50,868] {logging_mixin.py:115} INFO - [2023-05-10 21:05:50,868] {dag.py:2927} INFO - Setting next_dagrun for example_trigger_controller_dag to 2021-01-01T00:00:00+00:00, run_after=2021-01-01T00:00:00+00:00
[2023-05-10 21:05:50,883] {processor.py:161} INFO - Processing /home/v/Documents/iac-airflow-dev/dags/venv/lib/python3.9/site-packages/airflow/example_dags/example_trigger_controller_dag.py took 0.057 seconds
[2023-05-10 21:06:22,338] {processor.py:153} INFO - Started process (PID=93742) to work on /home/v/Documents/iac-airflow-dev/dags/venv/lib/python3.9/site-packages/airflow/example_dags/example_trigger_controller_dag.py
[2023-05-10 21:06:22,339] {processor.py:641} INFO - Processing file /home/v/Documents/iac-airflow-dev/dags/venv/lib/python3.9/site-packages/airflow/example_dags/example_trigger_controller_dag.py for tasks to queue
[2023-05-10 21:06:22,339] {logging_mixin.py:115} INFO - [2023-05-10 21:06:22,339] {dagbag.py:507} INFO - Filling up the DagBag from /home/v/Documents/iac-airflow-dev/dags/venv/lib/python3.9/site-packages/airflow/example_dags/example_trigger_controller_dag.py
[2023-05-10 21:06:22,343] {processor.py:651} INFO - DAG(s) dict_keys(['example_trigger_controller_dag']) retrieved from /home/v/Documents/iac-airflow-dev/dags/venv/lib/python3.9/site-packages/airflow/example_dags/example_trigger_controller_dag.py
[2023-05-10 21:06:22,359] {logging_mixin.py:115} INFO - [2023-05-10 21:06:22,359] {dag.py:2379} INFO - Sync 1 DAGs
[2023-05-10 21:06:22,377] {logging_mixin.py:115} INFO - [2023-05-10 21:06:22,377] {dag.py:2927} INFO - Setting next_dagrun for example_trigger_controller_dag to 2021-01-01T00:00:00+00:00, run_after=2021-01-01T00:00:00+00:00
[2023-05-10 21:06:22,390] {processor.py:161} INFO - Processing /home/v/Documents/iac-airflow-dev/dags/venv/lib/python3.9/site-packages/airflow/example_dags/example_trigger_controller_dag.py took 0.055 seconds
[2023-05-10 21:06:58,542] {processor.py:153} INFO - Started process (PID=93905) to work on /home/v/Documents/iac-airflow-dev/dags/venv/lib/python3.9/site-packages/airflow/example_dags/example_trigger_controller_dag.py
[2023-05-10 21:06:58,543] {processor.py:641} INFO - Processing file /home/v/Documents/iac-airflow-dev/dags/venv/lib/python3.9/site-packages/airflow/example_dags/example_trigger_controller_dag.py for tasks to queue
[2023-05-10 21:06:58,543] {logging_mixin.py:115} INFO - [2023-05-10 21:06:58,543] {dagbag.py:507} INFO - Filling up the DagBag from /home/v/Documents/iac-airflow-dev/dags/venv/lib/python3.9/site-packages/airflow/example_dags/example_trigger_controller_dag.py
[2023-05-10 21:06:58,546] {processor.py:651} INFO - DAG(s) dict_keys(['example_trigger_controller_dag']) retrieved from /home/v/Documents/iac-airflow-dev/dags/venv/lib/python3.9/site-packages/airflow/example_dags/example_trigger_controller_dag.py
[2023-05-10 21:06:58,563] {logging_mixin.py:115} INFO - [2023-05-10 21:06:58,563] {dag.py:2379} INFO - Sync 1 DAGs
[2023-05-10 21:06:58,580] {logging_mixin.py:115} INFO - [2023-05-10 21:06:58,580] {dag.py:2927} INFO - Setting next_dagrun for example_trigger_controller_dag to 2021-01-01T00:00:00+00:00, run_after=2021-01-01T00:00:00+00:00
[2023-05-10 21:06:58,593] {processor.py:161} INFO - Processing /home/v/Documents/iac-airflow-dev/dags/venv/lib/python3.9/site-packages/airflow/example_dags/example_trigger_controller_dag.py took 0.054 seconds
[2023-05-10 21:07:34,349] {processor.py:153} INFO - Started process (PID=94035) to work on /home/v/Documents/iac-airflow-dev/dags/venv/lib/python3.9/site-packages/airflow/example_dags/example_trigger_controller_dag.py
[2023-05-10 21:07:34,350] {processor.py:641} INFO - Processing file /home/v/Documents/iac-airflow-dev/dags/venv/lib/python3.9/site-packages/airflow/example_dags/example_trigger_controller_dag.py for tasks to queue
[2023-05-10 21:07:34,350] {logging_mixin.py:115} INFO - [2023-05-10 21:07:34,350] {dagbag.py:507} INFO - Filling up the DagBag from /home/v/Documents/iac-airflow-dev/dags/venv/lib/python3.9/site-packages/airflow/example_dags/example_trigger_controller_dag.py
[2023-05-10 21:07:34,354] {processor.py:651} INFO - DAG(s) dict_keys(['example_trigger_controller_dag']) retrieved from /home/v/Documents/iac-airflow-dev/dags/venv/lib/python3.9/site-packages/airflow/example_dags/example_trigger_controller_dag.py
[2023-05-10 21:07:34,372] {logging_mixin.py:115} INFO - [2023-05-10 21:07:34,372] {dag.py:2379} INFO - Sync 1 DAGs
[2023-05-10 21:07:34,392] {logging_mixin.py:115} INFO - [2023-05-10 21:07:34,391] {dag.py:2927} INFO - Setting next_dagrun for example_trigger_controller_dag to 2021-01-01T00:00:00+00:00, run_after=2021-01-01T00:00:00+00:00
[2023-05-10 21:07:34,405] {processor.py:161} INFO - Processing /home/v/Documents/iac-airflow-dev/dags/venv/lib/python3.9/site-packages/airflow/example_dags/example_trigger_controller_dag.py took 0.059 seconds
