[2023-05-10 21:00:21,035] {processor.py:153} INFO - Started process (PID=92275) to work on /home/v/Documents/iac-airflow-dev/dags/venv/lib/python3.9/site-packages/airflow/example_dags/example_branch_day_of_week_operator.py
[2023-05-10 21:00:21,036] {processor.py:641} INFO - Processing file /home/v/Documents/iac-airflow-dev/dags/venv/lib/python3.9/site-packages/airflow/example_dags/example_branch_day_of_week_operator.py for tasks to queue
[2023-05-10 21:00:21,036] {logging_mixin.py:115} INFO - [2023-05-10 21:00:21,036] {dagbag.py:507} INFO - Filling up the DagBag from /home/v/Documents/iac-airflow-dev/dags/venv/lib/python3.9/site-packages/airflow/example_dags/example_branch_day_of_week_operator.py
[2023-05-10 21:00:21,044] {processor.py:651} INFO - DAG(s) dict_keys(['example_weekday_branch_operator']) retrieved from /home/v/Documents/iac-airflow-dev/dags/venv/lib/python3.9/site-packages/airflow/example_dags/example_branch_day_of_week_operator.py
[2023-05-10 21:00:21,060] {logging_mixin.py:115} INFO - [2023-05-10 21:00:21,060] {dag.py:2379} INFO - Sync 1 DAGs
[2023-05-10 21:00:21,079] {logging_mixin.py:115} INFO - [2023-05-10 21:00:21,079] {dag.py:2927} INFO - Setting next_dagrun for example_weekday_branch_operator to 2023-05-10T00:00:00+00:00, run_after=2023-05-11T00:00:00+00:00
[2023-05-10 21:00:21,096] {processor.py:161} INFO - Processing /home/v/Documents/iac-airflow-dev/dags/venv/lib/python3.9/site-packages/airflow/example_dags/example_branch_day_of_week_operator.py took 0.064 seconds
[2023-05-10 21:00:54,986] {processor.py:153} INFO - Started process (PID=92390) to work on /home/v/Documents/iac-airflow-dev/dags/venv/lib/python3.9/site-packages/airflow/example_dags/example_branch_day_of_week_operator.py
[2023-05-10 21:00:54,987] {processor.py:641} INFO - Processing file /home/v/Documents/iac-airflow-dev/dags/venv/lib/python3.9/site-packages/airflow/example_dags/example_branch_day_of_week_operator.py for tasks to queue
[2023-05-10 21:00:54,987] {logging_mixin.py:115} INFO - [2023-05-10 21:00:54,987] {dagbag.py:507} INFO - Filling up the DagBag from /home/v/Documents/iac-airflow-dev/dags/venv/lib/python3.9/site-packages/airflow/example_dags/example_branch_day_of_week_operator.py
[2023-05-10 21:00:54,995] {processor.py:651} INFO - DAG(s) dict_keys(['example_weekday_branch_operator']) retrieved from /home/v/Documents/iac-airflow-dev/dags/venv/lib/python3.9/site-packages/airflow/example_dags/example_branch_day_of_week_operator.py
[2023-05-10 21:00:55,010] {logging_mixin.py:115} INFO - [2023-05-10 21:00:55,010] {dag.py:2379} INFO - Sync 1 DAGs
[2023-05-10 21:00:55,028] {logging_mixin.py:115} INFO - [2023-05-10 21:00:55,028] {dag.py:2927} INFO - Setting next_dagrun for example_weekday_branch_operator to 2023-05-10T00:00:00+00:00, run_after=2023-05-11T00:00:00+00:00
[2023-05-10 21:00:55,041] {processor.py:161} INFO - Processing /home/v/Documents/iac-airflow-dev/dags/venv/lib/python3.9/site-packages/airflow/example_dags/example_branch_day_of_week_operator.py took 0.058 seconds
[2023-05-10 21:01:33,000] {processor.py:153} INFO - Started process (PID=92520) to work on /home/v/Documents/iac-airflow-dev/dags/venv/lib/python3.9/site-packages/airflow/example_dags/example_branch_day_of_week_operator.py
[2023-05-10 21:01:33,001] {processor.py:641} INFO - Processing file /home/v/Documents/iac-airflow-dev/dags/venv/lib/python3.9/site-packages/airflow/example_dags/example_branch_day_of_week_operator.py for tasks to queue
[2023-05-10 21:01:33,001] {logging_mixin.py:115} INFO - [2023-05-10 21:01:33,001] {dagbag.py:507} INFO - Filling up the DagBag from /home/v/Documents/iac-airflow-dev/dags/venv/lib/python3.9/site-packages/airflow/example_dags/example_branch_day_of_week_operator.py
[2023-05-10 21:01:33,010] {processor.py:651} INFO - DAG(s) dict_keys(['example_weekday_branch_operator']) retrieved from /home/v/Documents/iac-airflow-dev/dags/venv/lib/python3.9/site-packages/airflow/example_dags/example_branch_day_of_week_operator.py
[2023-05-10 21:01:33,027] {logging_mixin.py:115} INFO - [2023-05-10 21:01:33,027] {dag.py:2379} INFO - Sync 1 DAGs
[2023-05-10 21:01:33,046] {logging_mixin.py:115} INFO - [2023-05-10 21:01:33,046] {dag.py:2927} INFO - Setting next_dagrun for example_weekday_branch_operator to 2023-05-10T00:00:00+00:00, run_after=2023-05-11T00:00:00+00:00
[2023-05-10 21:01:33,060] {processor.py:161} INFO - Processing /home/v/Documents/iac-airflow-dev/dags/venv/lib/python3.9/site-packages/airflow/example_dags/example_branch_day_of_week_operator.py took 0.063 seconds
[2023-05-10 21:02:05,291] {processor.py:153} INFO - Started process (PID=92675) to work on /home/v/Documents/iac-airflow-dev/dags/venv/lib/python3.9/site-packages/airflow/example_dags/example_branch_day_of_week_operator.py
[2023-05-10 21:02:05,292] {processor.py:641} INFO - Processing file /home/v/Documents/iac-airflow-dev/dags/venv/lib/python3.9/site-packages/airflow/example_dags/example_branch_day_of_week_operator.py for tasks to queue
[2023-05-10 21:02:05,292] {logging_mixin.py:115} INFO - [2023-05-10 21:02:05,292] {dagbag.py:507} INFO - Filling up the DagBag from /home/v/Documents/iac-airflow-dev/dags/venv/lib/python3.9/site-packages/airflow/example_dags/example_branch_day_of_week_operator.py
[2023-05-10 21:02:05,301] {processor.py:651} INFO - DAG(s) dict_keys(['example_weekday_branch_operator']) retrieved from /home/v/Documents/iac-airflow-dev/dags/venv/lib/python3.9/site-packages/airflow/example_dags/example_branch_day_of_week_operator.py
[2023-05-10 21:02:05,316] {logging_mixin.py:115} INFO - [2023-05-10 21:02:05,316] {dag.py:2379} INFO - Sync 1 DAGs
[2023-05-10 21:02:05,335] {logging_mixin.py:115} INFO - [2023-05-10 21:02:05,335] {dag.py:2927} INFO - Setting next_dagrun for example_weekday_branch_operator to 2023-05-10T00:00:00+00:00, run_after=2023-05-11T00:00:00+00:00
[2023-05-10 21:02:05,348] {processor.py:161} INFO - Processing /home/v/Documents/iac-airflow-dev/dags/venv/lib/python3.9/site-packages/airflow/example_dags/example_branch_day_of_week_operator.py took 0.061 seconds
[2023-05-10 21:02:40,526] {processor.py:153} INFO - Started process (PID=92900) to work on /home/v/Documents/iac-airflow-dev/dags/venv/lib/python3.9/site-packages/airflow/example_dags/example_branch_day_of_week_operator.py
[2023-05-10 21:02:40,527] {processor.py:641} INFO - Processing file /home/v/Documents/iac-airflow-dev/dags/venv/lib/python3.9/site-packages/airflow/example_dags/example_branch_day_of_week_operator.py for tasks to queue
[2023-05-10 21:02:40,528] {logging_mixin.py:115} INFO - [2023-05-10 21:02:40,528] {dagbag.py:507} INFO - Filling up the DagBag from /home/v/Documents/iac-airflow-dev/dags/venv/lib/python3.9/site-packages/airflow/example_dags/example_branch_day_of_week_operator.py
[2023-05-10 21:02:40,537] {processor.py:651} INFO - DAG(s) dict_keys(['example_weekday_branch_operator']) retrieved from /home/v/Documents/iac-airflow-dev/dags/venv/lib/python3.9/site-packages/airflow/example_dags/example_branch_day_of_week_operator.py
[2023-05-10 21:02:40,554] {logging_mixin.py:115} INFO - [2023-05-10 21:02:40,554] {dag.py:2379} INFO - Sync 1 DAGs
[2023-05-10 21:02:40,573] {logging_mixin.py:115} INFO - [2023-05-10 21:02:40,573] {dag.py:2927} INFO - Setting next_dagrun for example_weekday_branch_operator to 2023-05-10T00:00:00+00:00, run_after=2023-05-11T00:00:00+00:00
[2023-05-10 21:02:40,586] {processor.py:161} INFO - Processing /home/v/Documents/iac-airflow-dev/dags/venv/lib/python3.9/site-packages/airflow/example_dags/example_branch_day_of_week_operator.py took 0.063 seconds
[2023-05-10 21:03:16,290] {processor.py:153} INFO - Started process (PID=93055) to work on /home/v/Documents/iac-airflow-dev/dags/venv/lib/python3.9/site-packages/airflow/example_dags/example_branch_day_of_week_operator.py
[2023-05-10 21:03:16,290] {processor.py:641} INFO - Processing file /home/v/Documents/iac-airflow-dev/dags/venv/lib/python3.9/site-packages/airflow/example_dags/example_branch_day_of_week_operator.py for tasks to queue
[2023-05-10 21:03:16,291] {logging_mixin.py:115} INFO - [2023-05-10 21:03:16,291] {dagbag.py:507} INFO - Filling up the DagBag from /home/v/Documents/iac-airflow-dev/dags/venv/lib/python3.9/site-packages/airflow/example_dags/example_branch_day_of_week_operator.py
[2023-05-10 21:03:16,299] {processor.py:651} INFO - DAG(s) dict_keys(['example_weekday_branch_operator']) retrieved from /home/v/Documents/iac-airflow-dev/dags/venv/lib/python3.9/site-packages/airflow/example_dags/example_branch_day_of_week_operator.py
[2023-05-10 21:03:16,315] {logging_mixin.py:115} INFO - [2023-05-10 21:03:16,314] {dag.py:2379} INFO - Sync 1 DAGs
[2023-05-10 21:03:16,333] {logging_mixin.py:115} INFO - [2023-05-10 21:03:16,333] {dag.py:2927} INFO - Setting next_dagrun for example_weekday_branch_operator to 2023-05-10T00:00:00+00:00, run_after=2023-05-11T00:00:00+00:00
[2023-05-10 21:03:16,346] {processor.py:161} INFO - Processing /home/v/Documents/iac-airflow-dev/dags/venv/lib/python3.9/site-packages/airflow/example_dags/example_branch_day_of_week_operator.py took 0.060 seconds
[2023-05-10 21:03:51,453] {processor.py:153} INFO - Started process (PID=93164) to work on /home/v/Documents/iac-airflow-dev/dags/venv/lib/python3.9/site-packages/airflow/example_dags/example_branch_day_of_week_operator.py
[2023-05-10 21:03:51,454] {processor.py:641} INFO - Processing file /home/v/Documents/iac-airflow-dev/dags/venv/lib/python3.9/site-packages/airflow/example_dags/example_branch_day_of_week_operator.py for tasks to queue
[2023-05-10 21:03:51,455] {logging_mixin.py:115} INFO - [2023-05-10 21:03:51,454] {dagbag.py:507} INFO - Filling up the DagBag from /home/v/Documents/iac-airflow-dev/dags/venv/lib/python3.9/site-packages/airflow/example_dags/example_branch_day_of_week_operator.py
[2023-05-10 21:03:51,464] {processor.py:651} INFO - DAG(s) dict_keys(['example_weekday_branch_operator']) retrieved from /home/v/Documents/iac-airflow-dev/dags/venv/lib/python3.9/site-packages/airflow/example_dags/example_branch_day_of_week_operator.py
[2023-05-10 21:03:51,479] {logging_mixin.py:115} INFO - [2023-05-10 21:03:51,479] {dag.py:2379} INFO - Sync 1 DAGs
[2023-05-10 21:03:51,498] {logging_mixin.py:115} INFO - [2023-05-10 21:03:51,498] {dag.py:2927} INFO - Setting next_dagrun for example_weekday_branch_operator to 2023-05-10T00:00:00+00:00, run_after=2023-05-11T00:00:00+00:00
[2023-05-10 21:03:51,512] {processor.py:161} INFO - Processing /home/v/Documents/iac-airflow-dev/dags/venv/lib/python3.9/site-packages/airflow/example_dags/example_branch_day_of_week_operator.py took 0.062 seconds
[2023-05-10 21:04:30,678] {processor.py:153} INFO - Started process (PID=93308) to work on /home/v/Documents/iac-airflow-dev/dags/venv/lib/python3.9/site-packages/airflow/example_dags/example_branch_day_of_week_operator.py
[2023-05-10 21:04:30,679] {processor.py:641} INFO - Processing file /home/v/Documents/iac-airflow-dev/dags/venv/lib/python3.9/site-packages/airflow/example_dags/example_branch_day_of_week_operator.py for tasks to queue
[2023-05-10 21:04:30,679] {logging_mixin.py:115} INFO - [2023-05-10 21:04:30,679] {dagbag.py:507} INFO - Filling up the DagBag from /home/v/Documents/iac-airflow-dev/dags/venv/lib/python3.9/site-packages/airflow/example_dags/example_branch_day_of_week_operator.py
[2023-05-10 21:04:30,688] {processor.py:651} INFO - DAG(s) dict_keys(['example_weekday_branch_operator']) retrieved from /home/v/Documents/iac-airflow-dev/dags/venv/lib/python3.9/site-packages/airflow/example_dags/example_branch_day_of_week_operator.py
[2023-05-10 21:04:30,704] {logging_mixin.py:115} INFO - [2023-05-10 21:04:30,704] {dag.py:2379} INFO - Sync 1 DAGs
[2023-05-10 21:04:30,723] {logging_mixin.py:115} INFO - [2023-05-10 21:04:30,723] {dag.py:2927} INFO - Setting next_dagrun for example_weekday_branch_operator to 2023-05-10T00:00:00+00:00, run_after=2023-05-11T00:00:00+00:00
[2023-05-10 21:04:30,737] {processor.py:161} INFO - Processing /home/v/Documents/iac-airflow-dev/dags/venv/lib/python3.9/site-packages/airflow/example_dags/example_branch_day_of_week_operator.py took 0.062 seconds
[2023-05-10 21:05:10,278] {processor.py:153} INFO - Started process (PID=93491) to work on /home/v/Documents/iac-airflow-dev/dags/venv/lib/python3.9/site-packages/airflow/example_dags/example_branch_day_of_week_operator.py
[2023-05-10 21:05:10,279] {processor.py:641} INFO - Processing file /home/v/Documents/iac-airflow-dev/dags/venv/lib/python3.9/site-packages/airflow/example_dags/example_branch_day_of_week_operator.py for tasks to queue
[2023-05-10 21:05:10,280] {logging_mixin.py:115} INFO - [2023-05-10 21:05:10,280] {dagbag.py:507} INFO - Filling up the DagBag from /home/v/Documents/iac-airflow-dev/dags/venv/lib/python3.9/site-packages/airflow/example_dags/example_branch_day_of_week_operator.py
[2023-05-10 21:05:10,289] {processor.py:651} INFO - DAG(s) dict_keys(['example_weekday_branch_operator']) retrieved from /home/v/Documents/iac-airflow-dev/dags/venv/lib/python3.9/site-packages/airflow/example_dags/example_branch_day_of_week_operator.py
[2023-05-10 21:05:10,305] {logging_mixin.py:115} INFO - [2023-05-10 21:05:10,304] {dag.py:2379} INFO - Sync 1 DAGs
[2023-05-10 21:05:10,323] {logging_mixin.py:115} INFO - [2023-05-10 21:05:10,323] {dag.py:2927} INFO - Setting next_dagrun for example_weekday_branch_operator to 2023-05-10T00:00:00+00:00, run_after=2023-05-11T00:00:00+00:00
[2023-05-10 21:05:10,337] {processor.py:161} INFO - Processing /home/v/Documents/iac-airflow-dev/dags/venv/lib/python3.9/site-packages/airflow/example_dags/example_branch_day_of_week_operator.py took 0.062 seconds
[2023-05-10 21:05:46,271] {processor.py:153} INFO - Started process (PID=93621) to work on /home/v/Documents/iac-airflow-dev/dags/venv/lib/python3.9/site-packages/airflow/example_dags/example_branch_day_of_week_operator.py
[2023-05-10 21:05:46,272] {processor.py:641} INFO - Processing file /home/v/Documents/iac-airflow-dev/dags/venv/lib/python3.9/site-packages/airflow/example_dags/example_branch_day_of_week_operator.py for tasks to queue
[2023-05-10 21:05:46,273] {logging_mixin.py:115} INFO - [2023-05-10 21:05:46,273] {dagbag.py:507} INFO - Filling up the DagBag from /home/v/Documents/iac-airflow-dev/dags/venv/lib/python3.9/site-packages/airflow/example_dags/example_branch_day_of_week_operator.py
[2023-05-10 21:05:46,282] {processor.py:651} INFO - DAG(s) dict_keys(['example_weekday_branch_operator']) retrieved from /home/v/Documents/iac-airflow-dev/dags/venv/lib/python3.9/site-packages/airflow/example_dags/example_branch_day_of_week_operator.py
[2023-05-10 21:05:46,297] {logging_mixin.py:115} INFO - [2023-05-10 21:05:46,297] {dag.py:2379} INFO - Sync 1 DAGs
[2023-05-10 21:05:46,316] {logging_mixin.py:115} INFO - [2023-05-10 21:05:46,315] {dag.py:2927} INFO - Setting next_dagrun for example_weekday_branch_operator to 2023-05-10T00:00:00+00:00, run_after=2023-05-11T00:00:00+00:00
[2023-05-10 21:05:46,330] {processor.py:161} INFO - Processing /home/v/Documents/iac-airflow-dev/dags/venv/lib/python3.9/site-packages/airflow/example_dags/example_branch_day_of_week_operator.py took 0.062 seconds
[2023-05-10 21:06:19,481] {processor.py:153} INFO - Started process (PID=93735) to work on /home/v/Documents/iac-airflow-dev/dags/venv/lib/python3.9/site-packages/airflow/example_dags/example_branch_day_of_week_operator.py
[2023-05-10 21:06:19,481] {processor.py:641} INFO - Processing file /home/v/Documents/iac-airflow-dev/dags/venv/lib/python3.9/site-packages/airflow/example_dags/example_branch_day_of_week_operator.py for tasks to queue
[2023-05-10 21:06:19,482] {logging_mixin.py:115} INFO - [2023-05-10 21:06:19,482] {dagbag.py:507} INFO - Filling up the DagBag from /home/v/Documents/iac-airflow-dev/dags/venv/lib/python3.9/site-packages/airflow/example_dags/example_branch_day_of_week_operator.py
[2023-05-10 21:06:19,491] {processor.py:651} INFO - DAG(s) dict_keys(['example_weekday_branch_operator']) retrieved from /home/v/Documents/iac-airflow-dev/dags/venv/lib/python3.9/site-packages/airflow/example_dags/example_branch_day_of_week_operator.py
[2023-05-10 21:06:19,507] {logging_mixin.py:115} INFO - [2023-05-10 21:06:19,507] {dag.py:2379} INFO - Sync 1 DAGs
[2023-05-10 21:06:19,526] {logging_mixin.py:115} INFO - [2023-05-10 21:06:19,526] {dag.py:2927} INFO - Setting next_dagrun for example_weekday_branch_operator to 2023-05-10T00:00:00+00:00, run_after=2023-05-11T00:00:00+00:00
[2023-05-10 21:06:19,540] {processor.py:161} INFO - Processing /home/v/Documents/iac-airflow-dev/dags/venv/lib/python3.9/site-packages/airflow/example_dags/example_branch_day_of_week_operator.py took 0.062 seconds
[2023-05-10 21:06:54,925] {processor.py:153} INFO - Started process (PID=93865) to work on /home/v/Documents/iac-airflow-dev/dags/venv/lib/python3.9/site-packages/airflow/example_dags/example_branch_day_of_week_operator.py
[2023-05-10 21:06:54,926] {processor.py:641} INFO - Processing file /home/v/Documents/iac-airflow-dev/dags/venv/lib/python3.9/site-packages/airflow/example_dags/example_branch_day_of_week_operator.py for tasks to queue
[2023-05-10 21:06:54,927] {logging_mixin.py:115} INFO - [2023-05-10 21:06:54,927] {dagbag.py:507} INFO - Filling up the DagBag from /home/v/Documents/iac-airflow-dev/dags/venv/lib/python3.9/site-packages/airflow/example_dags/example_branch_day_of_week_operator.py
[2023-05-10 21:06:54,936] {processor.py:651} INFO - DAG(s) dict_keys(['example_weekday_branch_operator']) retrieved from /home/v/Documents/iac-airflow-dev/dags/venv/lib/python3.9/site-packages/airflow/example_dags/example_branch_day_of_week_operator.py
[2023-05-10 21:06:54,951] {logging_mixin.py:115} INFO - [2023-05-10 21:06:54,951] {dag.py:2379} INFO - Sync 1 DAGs
[2023-05-10 21:06:54,970] {logging_mixin.py:115} INFO - [2023-05-10 21:06:54,970] {dag.py:2927} INFO - Setting next_dagrun for example_weekday_branch_operator to 2023-05-10T00:00:00+00:00, run_after=2023-05-11T00:00:00+00:00
[2023-05-10 21:06:54,983] {processor.py:161} INFO - Processing /home/v/Documents/iac-airflow-dev/dags/venv/lib/python3.9/site-packages/airflow/example_dags/example_branch_day_of_week_operator.py took 0.061 seconds
[2023-05-10 21:07:30,523] {processor.py:153} INFO - Started process (PID=94021) to work on /home/v/Documents/iac-airflow-dev/dags/venv/lib/python3.9/site-packages/airflow/example_dags/example_branch_day_of_week_operator.py
[2023-05-10 21:07:30,524] {processor.py:641} INFO - Processing file /home/v/Documents/iac-airflow-dev/dags/venv/lib/python3.9/site-packages/airflow/example_dags/example_branch_day_of_week_operator.py for tasks to queue
[2023-05-10 21:07:30,524] {logging_mixin.py:115} INFO - [2023-05-10 21:07:30,524] {dagbag.py:507} INFO - Filling up the DagBag from /home/v/Documents/iac-airflow-dev/dags/venv/lib/python3.9/site-packages/airflow/example_dags/example_branch_day_of_week_operator.py
[2023-05-10 21:07:30,534] {processor.py:651} INFO - DAG(s) dict_keys(['example_weekday_branch_operator']) retrieved from /home/v/Documents/iac-airflow-dev/dags/venv/lib/python3.9/site-packages/airflow/example_dags/example_branch_day_of_week_operator.py
[2023-05-10 21:07:30,550] {logging_mixin.py:115} INFO - [2023-05-10 21:07:30,550] {dag.py:2379} INFO - Sync 1 DAGs
[2023-05-10 21:07:30,570] {logging_mixin.py:115} INFO - [2023-05-10 21:07:30,570] {dag.py:2927} INFO - Setting next_dagrun for example_weekday_branch_operator to 2023-05-10T00:00:00+00:00, run_after=2023-05-11T00:00:00+00:00
[2023-05-10 21:07:30,584] {processor.py:161} INFO - Processing /home/v/Documents/iac-airflow-dev/dags/venv/lib/python3.9/site-packages/airflow/example_dags/example_branch_day_of_week_operator.py took 0.064 seconds
