[2023-05-10 21:00:08,399] {processor.py:153} INFO - Started process (PID=92204) to work on /home/v/Documents/iac-airflow-dev/dags/venv/lib/python3.9/site-packages/airflow/example_dags/example_bash_operator.py
[2023-05-10 21:00:08,400] {processor.py:641} INFO - Processing file /home/v/Documents/iac-airflow-dev/dags/venv/lib/python3.9/site-packages/airflow/example_dags/example_bash_operator.py for tasks to queue
[2023-05-10 21:00:08,400] {logging_mixin.py:115} INFO - [2023-05-10 21:00:08,400] {dagbag.py:507} INFO - Filling up the DagBag from /home/v/Documents/iac-airflow-dev/dags/venv/lib/python3.9/site-packages/airflow/example_dags/example_bash_operator.py
[2023-05-10 21:00:08,413] {processor.py:651} INFO - DAG(s) dict_keys(['example_bash_operator']) retrieved from /home/v/Documents/iac-airflow-dev/dags/venv/lib/python3.9/site-packages/airflow/example_dags/example_bash_operator.py
[2023-05-10 21:00:08,427] {logging_mixin.py:115} INFO - [2023-05-10 21:00:08,427] {dag.py:2379} INFO - Sync 1 DAGs
[2023-05-10 21:00:08,443] {logging_mixin.py:115} INFO - [2023-05-10 21:00:08,443] {dag.py:2927} INFO - Setting next_dagrun for example_bash_operator to 2023-05-10T00:00:00+00:00, run_after=2023-05-11T00:00:00+00:00
[2023-05-10 21:00:08,457] {processor.py:161} INFO - Processing /home/v/Documents/iac-airflow-dev/dags/venv/lib/python3.9/site-packages/airflow/example_dags/example_bash_operator.py took 0.060 seconds
[2023-05-10 21:00:41,647] {processor.py:153} INFO - Started process (PID=92342) to work on /home/v/Documents/iac-airflow-dev/dags/venv/lib/python3.9/site-packages/airflow/example_dags/example_bash_operator.py
[2023-05-10 21:00:41,648] {processor.py:641} INFO - Processing file /home/v/Documents/iac-airflow-dev/dags/venv/lib/python3.9/site-packages/airflow/example_dags/example_bash_operator.py for tasks to queue
[2023-05-10 21:00:41,648] {logging_mixin.py:115} INFO - [2023-05-10 21:00:41,648] {dagbag.py:507} INFO - Filling up the DagBag from /home/v/Documents/iac-airflow-dev/dags/venv/lib/python3.9/site-packages/airflow/example_dags/example_bash_operator.py
[2023-05-10 21:00:41,660] {processor.py:651} INFO - DAG(s) dict_keys(['example_bash_operator']) retrieved from /home/v/Documents/iac-airflow-dev/dags/venv/lib/python3.9/site-packages/airflow/example_dags/example_bash_operator.py
[2023-05-10 21:00:41,676] {logging_mixin.py:115} INFO - [2023-05-10 21:00:41,676] {dag.py:2379} INFO - Sync 1 DAGs
[2023-05-10 21:00:41,694] {logging_mixin.py:115} INFO - [2023-05-10 21:00:41,694] {dag.py:2927} INFO - Setting next_dagrun for example_bash_operator to 2023-05-10T00:00:00+00:00, run_after=2023-05-11T00:00:00+00:00
[2023-05-10 21:00:41,708] {processor.py:161} INFO - Processing /home/v/Documents/iac-airflow-dev/dags/venv/lib/python3.9/site-packages/airflow/example_dags/example_bash_operator.py took 0.064 seconds
[2023-05-10 21:01:18,893] {processor.py:153} INFO - Started process (PID=92477) to work on /home/v/Documents/iac-airflow-dev/dags/venv/lib/python3.9/site-packages/airflow/example_dags/example_bash_operator.py
[2023-05-10 21:01:18,894] {processor.py:641} INFO - Processing file /home/v/Documents/iac-airflow-dev/dags/venv/lib/python3.9/site-packages/airflow/example_dags/example_bash_operator.py for tasks to queue
[2023-05-10 21:01:18,895] {logging_mixin.py:115} INFO - [2023-05-10 21:01:18,894] {dagbag.py:507} INFO - Filling up the DagBag from /home/v/Documents/iac-airflow-dev/dags/venv/lib/python3.9/site-packages/airflow/example_dags/example_bash_operator.py
[2023-05-10 21:01:18,907] {processor.py:651} INFO - DAG(s) dict_keys(['example_bash_operator']) retrieved from /home/v/Documents/iac-airflow-dev/dags/venv/lib/python3.9/site-packages/airflow/example_dags/example_bash_operator.py
[2023-05-10 21:01:18,923] {logging_mixin.py:115} INFO - [2023-05-10 21:01:18,923] {dag.py:2379} INFO - Sync 1 DAGs
[2023-05-10 21:01:18,941] {logging_mixin.py:115} INFO - [2023-05-10 21:01:18,941] {dag.py:2927} INFO - Setting next_dagrun for example_bash_operator to 2023-05-10T00:00:00+00:00, run_after=2023-05-11T00:00:00+00:00
[2023-05-10 21:01:18,959] {processor.py:161} INFO - Processing /home/v/Documents/iac-airflow-dev/dags/venv/lib/python3.9/site-packages/airflow/example_dags/example_bash_operator.py took 0.069 seconds
[2023-05-10 21:01:53,162] {processor.py:153} INFO - Started process (PID=92599) to work on /home/v/Documents/iac-airflow-dev/dags/venv/lib/python3.9/site-packages/airflow/example_dags/example_bash_operator.py
[2023-05-10 21:01:53,163] {processor.py:641} INFO - Processing file /home/v/Documents/iac-airflow-dev/dags/venv/lib/python3.9/site-packages/airflow/example_dags/example_bash_operator.py for tasks to queue
[2023-05-10 21:01:53,163] {logging_mixin.py:115} INFO - [2023-05-10 21:01:53,163] {dagbag.py:507} INFO - Filling up the DagBag from /home/v/Documents/iac-airflow-dev/dags/venv/lib/python3.9/site-packages/airflow/example_dags/example_bash_operator.py
[2023-05-10 21:01:53,176] {processor.py:651} INFO - DAG(s) dict_keys(['example_bash_operator']) retrieved from /home/v/Documents/iac-airflow-dev/dags/venv/lib/python3.9/site-packages/airflow/example_dags/example_bash_operator.py
[2023-05-10 21:01:53,192] {logging_mixin.py:115} INFO - [2023-05-10 21:01:53,192] {dag.py:2379} INFO - Sync 1 DAGs
[2023-05-10 21:01:53,210] {logging_mixin.py:115} INFO - [2023-05-10 21:01:53,210] {dag.py:2927} INFO - Setting next_dagrun for example_bash_operator to 2023-05-10T00:00:00+00:00, run_after=2023-05-11T00:00:00+00:00
[2023-05-10 21:01:53,223] {processor.py:161} INFO - Processing /home/v/Documents/iac-airflow-dev/dags/venv/lib/python3.9/site-packages/airflow/example_dags/example_bash_operator.py took 0.064 seconds
[2023-05-10 21:02:30,386] {processor.py:153} INFO - Started process (PID=92806) to work on /home/v/Documents/iac-airflow-dev/dags/venv/lib/python3.9/site-packages/airflow/example_dags/example_bash_operator.py
[2023-05-10 21:02:30,387] {processor.py:641} INFO - Processing file /home/v/Documents/iac-airflow-dev/dags/venv/lib/python3.9/site-packages/airflow/example_dags/example_bash_operator.py for tasks to queue
[2023-05-10 21:02:30,387] {logging_mixin.py:115} INFO - [2023-05-10 21:02:30,387] {dagbag.py:507} INFO - Filling up the DagBag from /home/v/Documents/iac-airflow-dev/dags/venv/lib/python3.9/site-packages/airflow/example_dags/example_bash_operator.py
[2023-05-10 21:02:30,400] {processor.py:651} INFO - DAG(s) dict_keys(['example_bash_operator']) retrieved from /home/v/Documents/iac-airflow-dev/dags/venv/lib/python3.9/site-packages/airflow/example_dags/example_bash_operator.py
[2023-05-10 21:02:30,416] {logging_mixin.py:115} INFO - [2023-05-10 21:02:30,415] {dag.py:2379} INFO - Sync 1 DAGs
[2023-05-10 21:02:30,435] {logging_mixin.py:115} INFO - [2023-05-10 21:02:30,435] {dag.py:2927} INFO - Setting next_dagrun for example_bash_operator to 2023-05-10T00:00:00+00:00, run_after=2023-05-11T00:00:00+00:00
[2023-05-10 21:02:30,449] {processor.py:161} INFO - Processing /home/v/Documents/iac-airflow-dev/dags/venv/lib/python3.9/site-packages/airflow/example_dags/example_bash_operator.py took 0.066 seconds
[2023-05-10 21:03:04,273] {processor.py:153} INFO - Started process (PID=92985) to work on /home/v/Documents/iac-airflow-dev/dags/venv/lib/python3.9/site-packages/airflow/example_dags/example_bash_operator.py
[2023-05-10 21:03:04,274] {processor.py:641} INFO - Processing file /home/v/Documents/iac-airflow-dev/dags/venv/lib/python3.9/site-packages/airflow/example_dags/example_bash_operator.py for tasks to queue
[2023-05-10 21:03:04,275] {logging_mixin.py:115} INFO - [2023-05-10 21:03:04,274] {dagbag.py:507} INFO - Filling up the DagBag from /home/v/Documents/iac-airflow-dev/dags/venv/lib/python3.9/site-packages/airflow/example_dags/example_bash_operator.py
[2023-05-10 21:03:04,285] {processor.py:651} INFO - DAG(s) dict_keys(['example_bash_operator']) retrieved from /home/v/Documents/iac-airflow-dev/dags/venv/lib/python3.9/site-packages/airflow/example_dags/example_bash_operator.py
[2023-05-10 21:03:04,299] {logging_mixin.py:115} INFO - [2023-05-10 21:03:04,299] {dag.py:2379} INFO - Sync 1 DAGs
[2023-05-10 21:03:04,316] {logging_mixin.py:115} INFO - [2023-05-10 21:03:04,316] {dag.py:2927} INFO - Setting next_dagrun for example_bash_operator to 2023-05-10T00:00:00+00:00, run_after=2023-05-11T00:00:00+00:00
[2023-05-10 21:03:04,329] {processor.py:161} INFO - Processing /home/v/Documents/iac-airflow-dev/dags/venv/lib/python3.9/site-packages/airflow/example_dags/example_bash_operator.py took 0.058 seconds
[2023-05-10 21:03:38,058] {processor.py:153} INFO - Started process (PID=93123) to work on /home/v/Documents/iac-airflow-dev/dags/venv/lib/python3.9/site-packages/airflow/example_dags/example_bash_operator.py
[2023-05-10 21:03:38,059] {processor.py:641} INFO - Processing file /home/v/Documents/iac-airflow-dev/dags/venv/lib/python3.9/site-packages/airflow/example_dags/example_bash_operator.py for tasks to queue
[2023-05-10 21:03:38,060] {logging_mixin.py:115} INFO - [2023-05-10 21:03:38,060] {dagbag.py:507} INFO - Filling up the DagBag from /home/v/Documents/iac-airflow-dev/dags/venv/lib/python3.9/site-packages/airflow/example_dags/example_bash_operator.py
[2023-05-10 21:03:38,072] {processor.py:651} INFO - DAG(s) dict_keys(['example_bash_operator']) retrieved from /home/v/Documents/iac-airflow-dev/dags/venv/lib/python3.9/site-packages/airflow/example_dags/example_bash_operator.py
[2023-05-10 21:03:38,088] {logging_mixin.py:115} INFO - [2023-05-10 21:03:38,088] {dag.py:2379} INFO - Sync 1 DAGs
[2023-05-10 21:03:38,107] {logging_mixin.py:115} INFO - [2023-05-10 21:03:38,107] {dag.py:2927} INFO - Setting next_dagrun for example_bash_operator to 2023-05-10T00:00:00+00:00, run_after=2023-05-11T00:00:00+00:00
[2023-05-10 21:03:38,121] {processor.py:161} INFO - Processing /home/v/Documents/iac-airflow-dev/dags/venv/lib/python3.9/site-packages/airflow/example_dags/example_bash_operator.py took 0.065 seconds
[2023-05-10 21:04:16,343] {processor.py:153} INFO - Started process (PID=93254) to work on /home/v/Documents/iac-airflow-dev/dags/venv/lib/python3.9/site-packages/airflow/example_dags/example_bash_operator.py
[2023-05-10 21:04:16,343] {processor.py:641} INFO - Processing file /home/v/Documents/iac-airflow-dev/dags/venv/lib/python3.9/site-packages/airflow/example_dags/example_bash_operator.py for tasks to queue
[2023-05-10 21:04:16,344] {logging_mixin.py:115} INFO - [2023-05-10 21:04:16,344] {dagbag.py:507} INFO - Filling up the DagBag from /home/v/Documents/iac-airflow-dev/dags/venv/lib/python3.9/site-packages/airflow/example_dags/example_bash_operator.py
[2023-05-10 21:04:16,355] {processor.py:651} INFO - DAG(s) dict_keys(['example_bash_operator']) retrieved from /home/v/Documents/iac-airflow-dev/dags/venv/lib/python3.9/site-packages/airflow/example_dags/example_bash_operator.py
[2023-05-10 21:04:16,370] {logging_mixin.py:115} INFO - [2023-05-10 21:04:16,370] {dag.py:2379} INFO - Sync 1 DAGs
[2023-05-10 21:04:16,388] {logging_mixin.py:115} INFO - [2023-05-10 21:04:16,388] {dag.py:2927} INFO - Setting next_dagrun for example_bash_operator to 2023-05-10T00:00:00+00:00, run_after=2023-05-11T00:00:00+00:00
[2023-05-10 21:04:16,401] {processor.py:161} INFO - Processing /home/v/Documents/iac-airflow-dev/dags/venv/lib/python3.9/site-packages/airflow/example_dags/example_bash_operator.py took 0.062 seconds
[2023-05-10 21:04:50,178] {processor.py:153} INFO - Started process (PID=93424) to work on /home/v/Documents/iac-airflow-dev/dags/venv/lib/python3.9/site-packages/airflow/example_dags/example_bash_operator.py
[2023-05-10 21:04:50,179] {processor.py:641} INFO - Processing file /home/v/Documents/iac-airflow-dev/dags/venv/lib/python3.9/site-packages/airflow/example_dags/example_bash_operator.py for tasks to queue
[2023-05-10 21:04:50,179] {logging_mixin.py:115} INFO - [2023-05-10 21:04:50,179] {dagbag.py:507} INFO - Filling up the DagBag from /home/v/Documents/iac-airflow-dev/dags/venv/lib/python3.9/site-packages/airflow/example_dags/example_bash_operator.py
[2023-05-10 21:04:50,191] {processor.py:651} INFO - DAG(s) dict_keys(['example_bash_operator']) retrieved from /home/v/Documents/iac-airflow-dev/dags/venv/lib/python3.9/site-packages/airflow/example_dags/example_bash_operator.py
[2023-05-10 21:04:50,208] {logging_mixin.py:115} INFO - [2023-05-10 21:04:50,208] {dag.py:2379} INFO - Sync 1 DAGs
[2023-05-10 21:04:50,226] {logging_mixin.py:115} INFO - [2023-05-10 21:04:50,226] {dag.py:2927} INFO - Setting next_dagrun for example_bash_operator to 2023-05-10T00:00:00+00:00, run_after=2023-05-11T00:00:00+00:00
[2023-05-10 21:04:50,240] {processor.py:161} INFO - Processing /home/v/Documents/iac-airflow-dev/dags/venv/lib/python3.9/site-packages/airflow/example_dags/example_bash_operator.py took 0.066 seconds
[2023-05-10 21:05:23,691] {processor.py:153} INFO - Started process (PID=93552) to work on /home/v/Documents/iac-airflow-dev/dags/venv/lib/python3.9/site-packages/airflow/example_dags/example_bash_operator.py
[2023-05-10 21:05:23,691] {processor.py:641} INFO - Processing file /home/v/Documents/iac-airflow-dev/dags/venv/lib/python3.9/site-packages/airflow/example_dags/example_bash_operator.py for tasks to queue
[2023-05-10 21:05:23,692] {logging_mixin.py:115} INFO - [2023-05-10 21:05:23,691] {dagbag.py:507} INFO - Filling up the DagBag from /home/v/Documents/iac-airflow-dev/dags/venv/lib/python3.9/site-packages/airflow/example_dags/example_bash_operator.py
[2023-05-10 21:05:23,703] {processor.py:651} INFO - DAG(s) dict_keys(['example_bash_operator']) retrieved from /home/v/Documents/iac-airflow-dev/dags/venv/lib/python3.9/site-packages/airflow/example_dags/example_bash_operator.py
[2023-05-10 21:05:23,719] {logging_mixin.py:115} INFO - [2023-05-10 21:05:23,719] {dag.py:2379} INFO - Sync 1 DAGs
[2023-05-10 21:05:23,736] {logging_mixin.py:115} INFO - [2023-05-10 21:05:23,736] {dag.py:2927} INFO - Setting next_dagrun for example_bash_operator to 2023-05-10T00:00:00+00:00, run_after=2023-05-11T00:00:00+00:00
[2023-05-10 21:05:23,783] {processor.py:161} INFO - Processing /home/v/Documents/iac-airflow-dev/dags/venv/lib/python3.9/site-packages/airflow/example_dags/example_bash_operator.py took 0.096 seconds
[2023-05-10 21:05:57,734] {processor.py:153} INFO - Started process (PID=93668) to work on /home/v/Documents/iac-airflow-dev/dags/venv/lib/python3.9/site-packages/airflow/example_dags/example_bash_operator.py
[2023-05-10 21:05:57,734] {processor.py:641} INFO - Processing file /home/v/Documents/iac-airflow-dev/dags/venv/lib/python3.9/site-packages/airflow/example_dags/example_bash_operator.py for tasks to queue
[2023-05-10 21:05:57,735] {logging_mixin.py:115} INFO - [2023-05-10 21:05:57,735] {dagbag.py:507} INFO - Filling up the DagBag from /home/v/Documents/iac-airflow-dev/dags/venv/lib/python3.9/site-packages/airflow/example_dags/example_bash_operator.py
[2023-05-10 21:05:57,747] {processor.py:651} INFO - DAG(s) dict_keys(['example_bash_operator']) retrieved from /home/v/Documents/iac-airflow-dev/dags/venv/lib/python3.9/site-packages/airflow/example_dags/example_bash_operator.py
[2023-05-10 21:05:57,763] {logging_mixin.py:115} INFO - [2023-05-10 21:05:57,763] {dag.py:2379} INFO - Sync 1 DAGs
[2023-05-10 21:05:57,782] {logging_mixin.py:115} INFO - [2023-05-10 21:05:57,781] {dag.py:2927} INFO - Setting next_dagrun for example_bash_operator to 2023-05-10T00:00:00+00:00, run_after=2023-05-11T00:00:00+00:00
[2023-05-10 21:05:57,795] {processor.py:161} INFO - Processing /home/v/Documents/iac-airflow-dev/dags/venv/lib/python3.9/site-packages/airflow/example_dags/example_bash_operator.py took 0.064 seconds
[2023-05-10 21:06:32,106] {processor.py:153} INFO - Started process (PID=93772) to work on /home/v/Documents/iac-airflow-dev/dags/venv/lib/python3.9/site-packages/airflow/example_dags/example_bash_operator.py
[2023-05-10 21:06:32,106] {processor.py:641} INFO - Processing file /home/v/Documents/iac-airflow-dev/dags/venv/lib/python3.9/site-packages/airflow/example_dags/example_bash_operator.py for tasks to queue
[2023-05-10 21:06:32,107] {logging_mixin.py:115} INFO - [2023-05-10 21:06:32,107] {dagbag.py:507} INFO - Filling up the DagBag from /home/v/Documents/iac-airflow-dev/dags/venv/lib/python3.9/site-packages/airflow/example_dags/example_bash_operator.py
[2023-05-10 21:06:32,118] {processor.py:651} INFO - DAG(s) dict_keys(['example_bash_operator']) retrieved from /home/v/Documents/iac-airflow-dev/dags/venv/lib/python3.9/site-packages/airflow/example_dags/example_bash_operator.py
[2023-05-10 21:06:32,133] {logging_mixin.py:115} INFO - [2023-05-10 21:06:32,133] {dag.py:2379} INFO - Sync 1 DAGs
[2023-05-10 21:06:32,149] {logging_mixin.py:115} INFO - [2023-05-10 21:06:32,149] {dag.py:2927} INFO - Setting next_dagrun for example_bash_operator to 2023-05-10T00:00:00+00:00, run_after=2023-05-11T00:00:00+00:00
[2023-05-10 21:06:32,161] {processor.py:161} INFO - Processing /home/v/Documents/iac-airflow-dev/dags/venv/lib/python3.9/site-packages/airflow/example_dags/example_bash_operator.py took 0.058 seconds
[2023-05-10 21:07:03,923] {processor.py:153} INFO - Started process (PID=93927) to work on /home/v/Documents/iac-airflow-dev/dags/venv/lib/python3.9/site-packages/airflow/example_dags/example_bash_operator.py
[2023-05-10 21:07:03,924] {processor.py:641} INFO - Processing file /home/v/Documents/iac-airflow-dev/dags/venv/lib/python3.9/site-packages/airflow/example_dags/example_bash_operator.py for tasks to queue
[2023-05-10 21:07:03,924] {logging_mixin.py:115} INFO - [2023-05-10 21:07:03,924] {dagbag.py:507} INFO - Filling up the DagBag from /home/v/Documents/iac-airflow-dev/dags/venv/lib/python3.9/site-packages/airflow/example_dags/example_bash_operator.py
[2023-05-10 21:07:03,936] {processor.py:651} INFO - DAG(s) dict_keys(['example_bash_operator']) retrieved from /home/v/Documents/iac-airflow-dev/dags/venv/lib/python3.9/site-packages/airflow/example_dags/example_bash_operator.py
[2023-05-10 21:07:03,954] {logging_mixin.py:115} INFO - [2023-05-10 21:07:03,954] {dag.py:2379} INFO - Sync 1 DAGs
[2023-05-10 21:07:03,972] {logging_mixin.py:115} INFO - [2023-05-10 21:07:03,972] {dag.py:2927} INFO - Setting next_dagrun for example_bash_operator to 2023-05-10T00:00:00+00:00, run_after=2023-05-11T00:00:00+00:00
[2023-05-10 21:07:03,986] {processor.py:161} INFO - Processing /home/v/Documents/iac-airflow-dev/dags/venv/lib/python3.9/site-packages/airflow/example_dags/example_bash_operator.py took 0.066 seconds
[2023-05-10 21:07:38,596] {processor.py:153} INFO - Started process (PID=94117) to work on /home/v/Documents/iac-airflow-dev/dags/venv/lib/python3.9/site-packages/airflow/example_dags/example_bash_operator.py
[2023-05-10 21:07:38,597] {processor.py:641} INFO - Processing file /home/v/Documents/iac-airflow-dev/dags/venv/lib/python3.9/site-packages/airflow/example_dags/example_bash_operator.py for tasks to queue
[2023-05-10 21:07:38,598] {logging_mixin.py:115} INFO - [2023-05-10 21:07:38,598] {dagbag.py:507} INFO - Filling up the DagBag from /home/v/Documents/iac-airflow-dev/dags/venv/lib/python3.9/site-packages/airflow/example_dags/example_bash_operator.py
[2023-05-10 21:07:38,609] {processor.py:651} INFO - DAG(s) dict_keys(['example_bash_operator']) retrieved from /home/v/Documents/iac-airflow-dev/dags/venv/lib/python3.9/site-packages/airflow/example_dags/example_bash_operator.py
[2023-05-10 21:07:38,625] {logging_mixin.py:115} INFO - [2023-05-10 21:07:38,625] {dag.py:2379} INFO - Sync 1 DAGs
[2023-05-10 21:07:38,643] {logging_mixin.py:115} INFO - [2023-05-10 21:07:38,643] {dag.py:2927} INFO - Setting next_dagrun for example_bash_operator to 2023-05-10T00:00:00+00:00, run_after=2023-05-11T00:00:00+00:00
[2023-05-10 21:07:38,658] {processor.py:161} INFO - Processing /home/v/Documents/iac-airflow-dev/dags/venv/lib/python3.9/site-packages/airflow/example_dags/example_bash_operator.py took 0.066 seconds
