[2023-05-10 21:00:00,552] {processor.py:153} INFO - Started process (PID=92104) to work on /home/v/Documents/iac-airflow-dev/dags/venv/lib/python3.9/site-packages/airflow/example_dags/example_kubernetes_executor.py
[2023-05-10 21:00:00,552] {processor.py:641} INFO - Processing file /home/v/Documents/iac-airflow-dev/dags/venv/lib/python3.9/site-packages/airflow/example_dags/example_kubernetes_executor.py for tasks to queue
[2023-05-10 21:00:00,553] {logging_mixin.py:115} INFO - [2023-05-10 21:00:00,553] {dagbag.py:507} INFO - Filling up the DagBag from /home/v/Documents/iac-airflow-dev/dags/venv/lib/python3.9/site-packages/airflow/example_dags/example_kubernetes_executor.py
[2023-05-10 21:00:00,570] {logging_mixin.py:115} INFO - [2023-05-10 21:00:00,570] {example_kubernetes_executor.py:39} WARNING - The example_kubernetes_executor example DAG requires the kubernetes provider. Please install it with: pip install apache-airflow[cncf.kubernetes]
[2023-05-10 21:00:00,570] {processor.py:653} WARNING - No viable dags retrieved from /home/v/Documents/iac-airflow-dev/dags/venv/lib/python3.9/site-packages/airflow/example_dags/example_kubernetes_executor.py
[2023-05-10 21:00:00,582] {processor.py:161} INFO - Processing /home/v/Documents/iac-airflow-dev/dags/venv/lib/python3.9/site-packages/airflow/example_dags/example_kubernetes_executor.py took 0.034 seconds
[2023-05-10 21:00:35,911] {processor.py:153} INFO - Started process (PID=92325) to work on /home/v/Documents/iac-airflow-dev/dags/venv/lib/python3.9/site-packages/airflow/example_dags/example_kubernetes_executor.py
[2023-05-10 21:00:35,914] {processor.py:641} INFO - Processing file /home/v/Documents/iac-airflow-dev/dags/venv/lib/python3.9/site-packages/airflow/example_dags/example_kubernetes_executor.py for tasks to queue
[2023-05-10 21:00:35,914] {logging_mixin.py:115} INFO - [2023-05-10 21:00:35,914] {dagbag.py:507} INFO - Filling up the DagBag from /home/v/Documents/iac-airflow-dev/dags/venv/lib/python3.9/site-packages/airflow/example_dags/example_kubernetes_executor.py
[2023-05-10 21:00:35,929] {logging_mixin.py:115} INFO - [2023-05-10 21:00:35,929] {example_kubernetes_executor.py:39} WARNING - The example_kubernetes_executor example DAG requires the kubernetes provider. Please install it with: pip install apache-airflow[cncf.kubernetes]
[2023-05-10 21:00:35,930] {processor.py:653} WARNING - No viable dags retrieved from /home/v/Documents/iac-airflow-dev/dags/venv/lib/python3.9/site-packages/airflow/example_dags/example_kubernetes_executor.py
[2023-05-10 21:00:35,940] {processor.py:161} INFO - Processing /home/v/Documents/iac-airflow-dev/dags/venv/lib/python3.9/site-packages/airflow/example_dags/example_kubernetes_executor.py took 0.032 seconds
[2023-05-10 21:01:14,879] {processor.py:153} INFO - Started process (PID=92459) to work on /home/v/Documents/iac-airflow-dev/dags/venv/lib/python3.9/site-packages/airflow/example_dags/example_kubernetes_executor.py
[2023-05-10 21:01:14,897] {processor.py:641} INFO - Processing file /home/v/Documents/iac-airflow-dev/dags/venv/lib/python3.9/site-packages/airflow/example_dags/example_kubernetes_executor.py for tasks to queue
[2023-05-10 21:01:14,897] {logging_mixin.py:115} INFO - [2023-05-10 21:01:14,897] {dagbag.py:507} INFO - Filling up the DagBag from /home/v/Documents/iac-airflow-dev/dags/venv/lib/python3.9/site-packages/airflow/example_dags/example_kubernetes_executor.py
[2023-05-10 21:01:14,914] {logging_mixin.py:115} INFO - [2023-05-10 21:01:14,913] {example_kubernetes_executor.py:39} WARNING - The example_kubernetes_executor example DAG requires the kubernetes provider. Please install it with: pip install apache-airflow[cncf.kubernetes]
[2023-05-10 21:01:14,914] {processor.py:653} WARNING - No viable dags retrieved from /home/v/Documents/iac-airflow-dev/dags/venv/lib/python3.9/site-packages/airflow/example_dags/example_kubernetes_executor.py
[2023-05-10 21:01:14,924] {processor.py:161} INFO - Processing /home/v/Documents/iac-airflow-dev/dags/venv/lib/python3.9/site-packages/airflow/example_dags/example_kubernetes_executor.py took 0.049 seconds
[2023-05-10 21:01:50,947] {processor.py:153} INFO - Started process (PID=92588) to work on /home/v/Documents/iac-airflow-dev/dags/venv/lib/python3.9/site-packages/airflow/example_dags/example_kubernetes_executor.py
[2023-05-10 21:01:50,961] {processor.py:641} INFO - Processing file /home/v/Documents/iac-airflow-dev/dags/venv/lib/python3.9/site-packages/airflow/example_dags/example_kubernetes_executor.py for tasks to queue
[2023-05-10 21:01:50,961] {logging_mixin.py:115} INFO - [2023-05-10 21:01:50,961] {dagbag.py:507} INFO - Filling up the DagBag from /home/v/Documents/iac-airflow-dev/dags/venv/lib/python3.9/site-packages/airflow/example_dags/example_kubernetes_executor.py
[2023-05-10 21:01:50,978] {logging_mixin.py:115} INFO - [2023-05-10 21:01:50,978] {example_kubernetes_executor.py:39} WARNING - The example_kubernetes_executor example DAG requires the kubernetes provider. Please install it with: pip install apache-airflow[cncf.kubernetes]
[2023-05-10 21:01:50,978] {processor.py:653} WARNING - No viable dags retrieved from /home/v/Documents/iac-airflow-dev/dags/venv/lib/python3.9/site-packages/airflow/example_dags/example_kubernetes_executor.py
[2023-05-10 21:01:50,989] {processor.py:161} INFO - Processing /home/v/Documents/iac-airflow-dev/dags/venv/lib/python3.9/site-packages/airflow/example_dags/example_kubernetes_executor.py took 0.044 seconds
[2023-05-10 21:02:28,042] {processor.py:153} INFO - Started process (PID=92795) to work on /home/v/Documents/iac-airflow-dev/dags/venv/lib/python3.9/site-packages/airflow/example_dags/example_kubernetes_executor.py
[2023-05-10 21:02:28,043] {processor.py:641} INFO - Processing file /home/v/Documents/iac-airflow-dev/dags/venv/lib/python3.9/site-packages/airflow/example_dags/example_kubernetes_executor.py for tasks to queue
[2023-05-10 21:02:28,043] {logging_mixin.py:115} INFO - [2023-05-10 21:02:28,043] {dagbag.py:507} INFO - Filling up the DagBag from /home/v/Documents/iac-airflow-dev/dags/venv/lib/python3.9/site-packages/airflow/example_dags/example_kubernetes_executor.py
[2023-05-10 21:02:28,062] {logging_mixin.py:115} INFO - [2023-05-10 21:02:28,061] {example_kubernetes_executor.py:39} WARNING - The example_kubernetes_executor example DAG requires the kubernetes provider. Please install it with: pip install apache-airflow[cncf.kubernetes]
[2023-05-10 21:02:28,062] {processor.py:653} WARNING - No viable dags retrieved from /home/v/Documents/iac-airflow-dev/dags/venv/lib/python3.9/site-packages/airflow/example_dags/example_kubernetes_executor.py
[2023-05-10 21:02:28,074] {processor.py:161} INFO - Processing /home/v/Documents/iac-airflow-dev/dags/venv/lib/python3.9/site-packages/airflow/example_dags/example_kubernetes_executor.py took 0.035 seconds
[2023-05-10 21:03:05,408] {processor.py:153} INFO - Started process (PID=92986) to work on /home/v/Documents/iac-airflow-dev/dags/venv/lib/python3.9/site-packages/airflow/example_dags/example_kubernetes_executor.py
[2023-05-10 21:03:05,409] {processor.py:641} INFO - Processing file /home/v/Documents/iac-airflow-dev/dags/venv/lib/python3.9/site-packages/airflow/example_dags/example_kubernetes_executor.py for tasks to queue
[2023-05-10 21:03:05,409] {logging_mixin.py:115} INFO - [2023-05-10 21:03:05,409] {dagbag.py:507} INFO - Filling up the DagBag from /home/v/Documents/iac-airflow-dev/dags/venv/lib/python3.9/site-packages/airflow/example_dags/example_kubernetes_executor.py
[2023-05-10 21:03:05,423] {logging_mixin.py:115} INFO - [2023-05-10 21:03:05,423] {example_kubernetes_executor.py:39} WARNING - The example_kubernetes_executor example DAG requires the kubernetes provider. Please install it with: pip install apache-airflow[cncf.kubernetes]
[2023-05-10 21:03:05,424] {processor.py:653} WARNING - No viable dags retrieved from /home/v/Documents/iac-airflow-dev/dags/venv/lib/python3.9/site-packages/airflow/example_dags/example_kubernetes_executor.py
[2023-05-10 21:03:05,433] {processor.py:161} INFO - Processing /home/v/Documents/iac-airflow-dev/dags/venv/lib/python3.9/site-packages/airflow/example_dags/example_kubernetes_executor.py took 0.028 seconds
[2023-05-10 21:03:39,198] {processor.py:153} INFO - Started process (PID=93124) to work on /home/v/Documents/iac-airflow-dev/dags/venv/lib/python3.9/site-packages/airflow/example_dags/example_kubernetes_executor.py
[2023-05-10 21:03:39,198] {processor.py:641} INFO - Processing file /home/v/Documents/iac-airflow-dev/dags/venv/lib/python3.9/site-packages/airflow/example_dags/example_kubernetes_executor.py for tasks to queue
[2023-05-10 21:03:39,199] {logging_mixin.py:115} INFO - [2023-05-10 21:03:39,199] {dagbag.py:507} INFO - Filling up the DagBag from /home/v/Documents/iac-airflow-dev/dags/venv/lib/python3.9/site-packages/airflow/example_dags/example_kubernetes_executor.py
[2023-05-10 21:03:39,214] {logging_mixin.py:115} INFO - [2023-05-10 21:03:39,214] {example_kubernetes_executor.py:39} WARNING - The example_kubernetes_executor example DAG requires the kubernetes provider. Please install it with: pip install apache-airflow[cncf.kubernetes]
[2023-05-10 21:03:39,214] {processor.py:653} WARNING - No viable dags retrieved from /home/v/Documents/iac-airflow-dev/dags/venv/lib/python3.9/site-packages/airflow/example_dags/example_kubernetes_executor.py
[2023-05-10 21:03:39,224] {processor.py:161} INFO - Processing /home/v/Documents/iac-airflow-dev/dags/venv/lib/python3.9/site-packages/airflow/example_dags/example_kubernetes_executor.py took 0.029 seconds
[2023-05-10 21:04:18,063] {processor.py:153} INFO - Started process (PID=93265) to work on /home/v/Documents/iac-airflow-dev/dags/venv/lib/python3.9/site-packages/airflow/example_dags/example_kubernetes_executor.py
[2023-05-10 21:04:18,063] {processor.py:641} INFO - Processing file /home/v/Documents/iac-airflow-dev/dags/venv/lib/python3.9/site-packages/airflow/example_dags/example_kubernetes_executor.py for tasks to queue
[2023-05-10 21:04:18,064] {logging_mixin.py:115} INFO - [2023-05-10 21:04:18,064] {dagbag.py:507} INFO - Filling up the DagBag from /home/v/Documents/iac-airflow-dev/dags/venv/lib/python3.9/site-packages/airflow/example_dags/example_kubernetes_executor.py
[2023-05-10 21:04:18,079] {logging_mixin.py:115} INFO - [2023-05-10 21:04:18,079] {example_kubernetes_executor.py:39} WARNING - The example_kubernetes_executor example DAG requires the kubernetes provider. Please install it with: pip install apache-airflow[cncf.kubernetes]
[2023-05-10 21:04:18,080] {processor.py:653} WARNING - No viable dags retrieved from /home/v/Documents/iac-airflow-dev/dags/venv/lib/python3.9/site-packages/airflow/example_dags/example_kubernetes_executor.py
[2023-05-10 21:04:18,090] {processor.py:161} INFO - Processing /home/v/Documents/iac-airflow-dev/dags/venv/lib/python3.9/site-packages/airflow/example_dags/example_kubernetes_executor.py took 0.030 seconds
[2023-05-10 21:04:52,250] {processor.py:153} INFO - Started process (PID=93428) to work on /home/v/Documents/iac-airflow-dev/dags/venv/lib/python3.9/site-packages/airflow/example_dags/example_kubernetes_executor.py
[2023-05-10 21:04:52,251] {processor.py:641} INFO - Processing file /home/v/Documents/iac-airflow-dev/dags/venv/lib/python3.9/site-packages/airflow/example_dags/example_kubernetes_executor.py for tasks to queue
[2023-05-10 21:04:52,251] {logging_mixin.py:115} INFO - [2023-05-10 21:04:52,251] {dagbag.py:507} INFO - Filling up the DagBag from /home/v/Documents/iac-airflow-dev/dags/venv/lib/python3.9/site-packages/airflow/example_dags/example_kubernetes_executor.py
[2023-05-10 21:04:52,267] {logging_mixin.py:115} INFO - [2023-05-10 21:04:52,267] {example_kubernetes_executor.py:39} WARNING - The example_kubernetes_executor example DAG requires the kubernetes provider. Please install it with: pip install apache-airflow[cncf.kubernetes]
[2023-05-10 21:04:52,267] {processor.py:653} WARNING - No viable dags retrieved from /home/v/Documents/iac-airflow-dev/dags/venv/lib/python3.9/site-packages/airflow/example_dags/example_kubernetes_executor.py
[2023-05-10 21:04:52,278] {processor.py:161} INFO - Processing /home/v/Documents/iac-airflow-dev/dags/venv/lib/python3.9/site-packages/airflow/example_dags/example_kubernetes_executor.py took 0.031 seconds
[2023-05-10 21:05:30,876] {processor.py:153} INFO - Started process (PID=93577) to work on /home/v/Documents/iac-airflow-dev/dags/venv/lib/python3.9/site-packages/airflow/example_dags/example_kubernetes_executor.py
[2023-05-10 21:05:30,876] {processor.py:641} INFO - Processing file /home/v/Documents/iac-airflow-dev/dags/venv/lib/python3.9/site-packages/airflow/example_dags/example_kubernetes_executor.py for tasks to queue
[2023-05-10 21:05:30,877] {logging_mixin.py:115} INFO - [2023-05-10 21:05:30,877] {dagbag.py:507} INFO - Filling up the DagBag from /home/v/Documents/iac-airflow-dev/dags/venv/lib/python3.9/site-packages/airflow/example_dags/example_kubernetes_executor.py
[2023-05-10 21:05:30,893] {logging_mixin.py:115} INFO - [2023-05-10 21:05:30,893] {example_kubernetes_executor.py:39} WARNING - The example_kubernetes_executor example DAG requires the kubernetes provider. Please install it with: pip install apache-airflow[cncf.kubernetes]
[2023-05-10 21:05:30,893] {processor.py:653} WARNING - No viable dags retrieved from /home/v/Documents/iac-airflow-dev/dags/venv/lib/python3.9/site-packages/airflow/example_dags/example_kubernetes_executor.py
[2023-05-10 21:05:30,903] {processor.py:161} INFO - Processing /home/v/Documents/iac-airflow-dev/dags/venv/lib/python3.9/site-packages/airflow/example_dags/example_kubernetes_executor.py took 0.030 seconds
[2023-05-10 21:06:04,275] {processor.py:153} INFO - Started process (PID=93682) to work on /home/v/Documents/iac-airflow-dev/dags/venv/lib/python3.9/site-packages/airflow/example_dags/example_kubernetes_executor.py
[2023-05-10 21:06:04,276] {processor.py:641} INFO - Processing file /home/v/Documents/iac-airflow-dev/dags/venv/lib/python3.9/site-packages/airflow/example_dags/example_kubernetes_executor.py for tasks to queue
[2023-05-10 21:06:04,276] {logging_mixin.py:115} INFO - [2023-05-10 21:06:04,276] {dagbag.py:507} INFO - Filling up the DagBag from /home/v/Documents/iac-airflow-dev/dags/venv/lib/python3.9/site-packages/airflow/example_dags/example_kubernetes_executor.py
[2023-05-10 21:06:04,292] {logging_mixin.py:115} INFO - [2023-05-10 21:06:04,292] {example_kubernetes_executor.py:39} WARNING - The example_kubernetes_executor example DAG requires the kubernetes provider. Please install it with: pip install apache-airflow[cncf.kubernetes]
[2023-05-10 21:06:04,292] {processor.py:653} WARNING - No viable dags retrieved from /home/v/Documents/iac-airflow-dev/dags/venv/lib/python3.9/site-packages/airflow/example_dags/example_kubernetes_executor.py
[2023-05-10 21:06:04,302] {processor.py:161} INFO - Processing /home/v/Documents/iac-airflow-dev/dags/venv/lib/python3.9/site-packages/airflow/example_dags/example_kubernetes_executor.py took 0.030 seconds
[2023-05-10 21:06:38,991] {processor.py:153} INFO - Started process (PID=93800) to work on /home/v/Documents/iac-airflow-dev/dags/venv/lib/python3.9/site-packages/airflow/example_dags/example_kubernetes_executor.py
[2023-05-10 21:06:38,992] {processor.py:641} INFO - Processing file /home/v/Documents/iac-airflow-dev/dags/venv/lib/python3.9/site-packages/airflow/example_dags/example_kubernetes_executor.py for tasks to queue
[2023-05-10 21:06:38,992] {logging_mixin.py:115} INFO - [2023-05-10 21:06:38,992] {dagbag.py:507} INFO - Filling up the DagBag from /home/v/Documents/iac-airflow-dev/dags/venv/lib/python3.9/site-packages/airflow/example_dags/example_kubernetes_executor.py
[2023-05-10 21:06:39,008] {logging_mixin.py:115} INFO - [2023-05-10 21:06:39,008] {example_kubernetes_executor.py:39} WARNING - The example_kubernetes_executor example DAG requires the kubernetes provider. Please install it with: pip install apache-airflow[cncf.kubernetes]
[2023-05-10 21:06:39,008] {processor.py:653} WARNING - No viable dags retrieved from /home/v/Documents/iac-airflow-dev/dags/venv/lib/python3.9/site-packages/airflow/example_dags/example_kubernetes_executor.py
[2023-05-10 21:06:39,018] {processor.py:161} INFO - Processing /home/v/Documents/iac-airflow-dev/dags/venv/lib/python3.9/site-packages/airflow/example_dags/example_kubernetes_executor.py took 0.030 seconds
[2023-05-10 21:07:14,018] {processor.py:153} INFO - Started process (PID=93965) to work on /home/v/Documents/iac-airflow-dev/dags/venv/lib/python3.9/site-packages/airflow/example_dags/example_kubernetes_executor.py
[2023-05-10 21:07:14,019] {processor.py:641} INFO - Processing file /home/v/Documents/iac-airflow-dev/dags/venv/lib/python3.9/site-packages/airflow/example_dags/example_kubernetes_executor.py for tasks to queue
[2023-05-10 21:07:14,020] {logging_mixin.py:115} INFO - [2023-05-10 21:07:14,020] {dagbag.py:507} INFO - Filling up the DagBag from /home/v/Documents/iac-airflow-dev/dags/venv/lib/python3.9/site-packages/airflow/example_dags/example_kubernetes_executor.py
[2023-05-10 21:07:14,035] {logging_mixin.py:115} INFO - [2023-05-10 21:07:14,035] {example_kubernetes_executor.py:39} WARNING - The example_kubernetes_executor example DAG requires the kubernetes provider. Please install it with: pip install apache-airflow[cncf.kubernetes]
[2023-05-10 21:07:14,035] {processor.py:653} WARNING - No viable dags retrieved from /home/v/Documents/iac-airflow-dev/dags/venv/lib/python3.9/site-packages/airflow/example_dags/example_kubernetes_executor.py
[2023-05-10 21:07:14,045] {processor.py:161} INFO - Processing /home/v/Documents/iac-airflow-dev/dags/venv/lib/python3.9/site-packages/airflow/example_dags/example_kubernetes_executor.py took 0.029 seconds
