[2023-05-10 21:00:30,970] {processor.py:153} INFO - Started process (PID=92305) to work on /home/v/Documents/iac-airflow-dev/dags/venv/lib/python3.9/site-packages/airflow/example_dags/example_dag_decorator.py
[2023-05-10 21:00:30,971] {processor.py:641} INFO - Processing file /home/v/Documents/iac-airflow-dev/dags/venv/lib/python3.9/site-packages/airflow/example_dags/example_dag_decorator.py for tasks to queue
[2023-05-10 21:00:30,971] {logging_mixin.py:115} INFO - [2023-05-10 21:00:30,971] {dagbag.py:507} INFO - Filling up the DagBag from /home/v/Documents/iac-airflow-dev/dags/venv/lib/python3.9/site-packages/airflow/example_dags/example_dag_decorator.py
[2023-05-10 21:00:30,995] {processor.py:651} INFO - DAG(s) dict_keys(['example_dag_decorator']) retrieved from /home/v/Documents/iac-airflow-dev/dags/venv/lib/python3.9/site-packages/airflow/example_dags/example_dag_decorator.py
[2023-05-10 21:00:31,010] {logging_mixin.py:115} INFO - [2023-05-10 21:00:31,010] {dag.py:2379} INFO - Sync 1 DAGs
[2023-05-10 21:00:31,026] {logging_mixin.py:115} INFO - [2023-05-10 21:00:31,026] {dag.py:2927} INFO - Setting next_dagrun for example_dag_decorator to None, run_after=None
[2023-05-10 21:00:31,039] {processor.py:161} INFO - Processing /home/v/Documents/iac-airflow-dev/dags/venv/lib/python3.9/site-packages/airflow/example_dags/example_dag_decorator.py took 0.072 seconds
[2023-05-10 21:01:09,262] {processor.py:153} INFO - Started process (PID=92445) to work on /home/v/Documents/iac-airflow-dev/dags/venv/lib/python3.9/site-packages/airflow/example_dags/example_dag_decorator.py
[2023-05-10 21:01:09,263] {processor.py:641} INFO - Processing file /home/v/Documents/iac-airflow-dev/dags/venv/lib/python3.9/site-packages/airflow/example_dags/example_dag_decorator.py for tasks to queue
[2023-05-10 21:01:09,264] {logging_mixin.py:115} INFO - [2023-05-10 21:01:09,264] {dagbag.py:507} INFO - Filling up the DagBag from /home/v/Documents/iac-airflow-dev/dags/venv/lib/python3.9/site-packages/airflow/example_dags/example_dag_decorator.py
[2023-05-10 21:01:09,288] {processor.py:651} INFO - DAG(s) dict_keys(['example_dag_decorator']) retrieved from /home/v/Documents/iac-airflow-dev/dags/venv/lib/python3.9/site-packages/airflow/example_dags/example_dag_decorator.py
[2023-05-10 21:01:09,302] {logging_mixin.py:115} INFO - [2023-05-10 21:01:09,302] {dag.py:2379} INFO - Sync 1 DAGs
[2023-05-10 21:01:09,318] {logging_mixin.py:115} INFO - [2023-05-10 21:01:09,318] {dag.py:2927} INFO - Setting next_dagrun for example_dag_decorator to None, run_after=None
[2023-05-10 21:01:09,332] {processor.py:161} INFO - Processing /home/v/Documents/iac-airflow-dev/dags/venv/lib/python3.9/site-packages/airflow/example_dags/example_dag_decorator.py took 0.073 seconds
[2023-05-10 21:01:43,485] {processor.py:153} INFO - Started process (PID=92560) to work on /home/v/Documents/iac-airflow-dev/dags/venv/lib/python3.9/site-packages/airflow/example_dags/example_dag_decorator.py
[2023-05-10 21:01:43,486] {processor.py:641} INFO - Processing file /home/v/Documents/iac-airflow-dev/dags/venv/lib/python3.9/site-packages/airflow/example_dags/example_dag_decorator.py for tasks to queue
[2023-05-10 21:01:43,486] {logging_mixin.py:115} INFO - [2023-05-10 21:01:43,486] {dagbag.py:507} INFO - Filling up the DagBag from /home/v/Documents/iac-airflow-dev/dags/venv/lib/python3.9/site-packages/airflow/example_dags/example_dag_decorator.py
[2023-05-10 21:01:43,510] {processor.py:651} INFO - DAG(s) dict_keys(['example_dag_decorator']) retrieved from /home/v/Documents/iac-airflow-dev/dags/venv/lib/python3.9/site-packages/airflow/example_dags/example_dag_decorator.py
[2023-05-10 21:01:43,525] {logging_mixin.py:115} INFO - [2023-05-10 21:01:43,525] {dag.py:2379} INFO - Sync 1 DAGs
[2023-05-10 21:01:43,540] {logging_mixin.py:115} INFO - [2023-05-10 21:01:43,540] {dag.py:2927} INFO - Setting next_dagrun for example_dag_decorator to None, run_after=None
[2023-05-10 21:01:43,553] {processor.py:161} INFO - Processing /home/v/Documents/iac-airflow-dev/dags/venv/lib/python3.9/site-packages/airflow/example_dags/example_dag_decorator.py took 0.071 seconds
[2023-05-10 21:02:20,235] {processor.py:153} INFO - Started process (PID=92756) to work on /home/v/Documents/iac-airflow-dev/dags/venv/lib/python3.9/site-packages/airflow/example_dags/example_dag_decorator.py
[2023-05-10 21:02:20,236] {processor.py:641} INFO - Processing file /home/v/Documents/iac-airflow-dev/dags/venv/lib/python3.9/site-packages/airflow/example_dags/example_dag_decorator.py for tasks to queue
[2023-05-10 21:02:20,237] {logging_mixin.py:115} INFO - [2023-05-10 21:02:20,236] {dagbag.py:507} INFO - Filling up the DagBag from /home/v/Documents/iac-airflow-dev/dags/venv/lib/python3.9/site-packages/airflow/example_dags/example_dag_decorator.py
[2023-05-10 21:02:20,261] {processor.py:651} INFO - DAG(s) dict_keys(['example_dag_decorator']) retrieved from /home/v/Documents/iac-airflow-dev/dags/venv/lib/python3.9/site-packages/airflow/example_dags/example_dag_decorator.py
[2023-05-10 21:02:20,277] {logging_mixin.py:115} INFO - [2023-05-10 21:02:20,277] {dag.py:2379} INFO - Sync 1 DAGs
[2023-05-10 21:02:20,293] {logging_mixin.py:115} INFO - [2023-05-10 21:02:20,293] {dag.py:2927} INFO - Setting next_dagrun for example_dag_decorator to None, run_after=None
[2023-05-10 21:02:20,307] {processor.py:161} INFO - Processing /home/v/Documents/iac-airflow-dev/dags/venv/lib/python3.9/site-packages/airflow/example_dags/example_dag_decorator.py took 0.076 seconds
[2023-05-10 21:02:59,212] {processor.py:153} INFO - Started process (PID=92968) to work on /home/v/Documents/iac-airflow-dev/dags/venv/lib/python3.9/site-packages/airflow/example_dags/example_dag_decorator.py
[2023-05-10 21:02:59,213] {processor.py:641} INFO - Processing file /home/v/Documents/iac-airflow-dev/dags/venv/lib/python3.9/site-packages/airflow/example_dags/example_dag_decorator.py for tasks to queue
[2023-05-10 21:02:59,214] {logging_mixin.py:115} INFO - [2023-05-10 21:02:59,213] {dagbag.py:507} INFO - Filling up the DagBag from /home/v/Documents/iac-airflow-dev/dags/venv/lib/python3.9/site-packages/airflow/example_dags/example_dag_decorator.py
[2023-05-10 21:02:59,237] {processor.py:651} INFO - DAG(s) dict_keys(['example_dag_decorator']) retrieved from /home/v/Documents/iac-airflow-dev/dags/venv/lib/python3.9/site-packages/airflow/example_dags/example_dag_decorator.py
[2023-05-10 21:02:59,280] {logging_mixin.py:115} INFO - [2023-05-10 21:02:59,280] {dag.py:2379} INFO - Sync 1 DAGs
[2023-05-10 21:02:59,294] {logging_mixin.py:115} INFO - [2023-05-10 21:02:59,293] {dag.py:2927} INFO - Setting next_dagrun for example_dag_decorator to None, run_after=None
[2023-05-10 21:02:59,308] {processor.py:161} INFO - Processing /home/v/Documents/iac-airflow-dev/dags/venv/lib/python3.9/site-packages/airflow/example_dags/example_dag_decorator.py took 0.099 seconds
[2023-05-10 21:03:34,045] {processor.py:153} INFO - Started process (PID=93108) to work on /home/v/Documents/iac-airflow-dev/dags/venv/lib/python3.9/site-packages/airflow/example_dags/example_dag_decorator.py
[2023-05-10 21:03:34,059] {processor.py:641} INFO - Processing file /home/v/Documents/iac-airflow-dev/dags/venv/lib/python3.9/site-packages/airflow/example_dags/example_dag_decorator.py for tasks to queue
[2023-05-10 21:03:34,059] {logging_mixin.py:115} INFO - [2023-05-10 21:03:34,059] {dagbag.py:507} INFO - Filling up the DagBag from /home/v/Documents/iac-airflow-dev/dags/venv/lib/python3.9/site-packages/airflow/example_dags/example_dag_decorator.py
[2023-05-10 21:03:34,081] {processor.py:651} INFO - DAG(s) dict_keys(['example_dag_decorator']) retrieved from /home/v/Documents/iac-airflow-dev/dags/venv/lib/python3.9/site-packages/airflow/example_dags/example_dag_decorator.py
[2023-05-10 21:03:34,095] {logging_mixin.py:115} INFO - [2023-05-10 21:03:34,095] {dag.py:2379} INFO - Sync 1 DAGs
[2023-05-10 21:03:34,110] {logging_mixin.py:115} INFO - [2023-05-10 21:03:34,110] {dag.py:2927} INFO - Setting next_dagrun for example_dag_decorator to None, run_after=None
[2023-05-10 21:03:34,122] {processor.py:161} INFO - Processing /home/v/Documents/iac-airflow-dev/dags/venv/lib/python3.9/site-packages/airflow/example_dags/example_dag_decorator.py took 0.079 seconds
[2023-05-10 21:04:09,505] {processor.py:153} INFO - Started process (PID=93235) to work on /home/v/Documents/iac-airflow-dev/dags/venv/lib/python3.9/site-packages/airflow/example_dags/example_dag_decorator.py
[2023-05-10 21:04:09,506] {processor.py:641} INFO - Processing file /home/v/Documents/iac-airflow-dev/dags/venv/lib/python3.9/site-packages/airflow/example_dags/example_dag_decorator.py for tasks to queue
[2023-05-10 21:04:09,507] {logging_mixin.py:115} INFO - [2023-05-10 21:04:09,507] {dagbag.py:507} INFO - Filling up the DagBag from /home/v/Documents/iac-airflow-dev/dags/venv/lib/python3.9/site-packages/airflow/example_dags/example_dag_decorator.py
[2023-05-10 21:04:09,531] {processor.py:651} INFO - DAG(s) dict_keys(['example_dag_decorator']) retrieved from /home/v/Documents/iac-airflow-dev/dags/venv/lib/python3.9/site-packages/airflow/example_dags/example_dag_decorator.py
[2023-05-10 21:04:09,546] {logging_mixin.py:115} INFO - [2023-05-10 21:04:09,546] {dag.py:2379} INFO - Sync 1 DAGs
[2023-05-10 21:04:09,562] {logging_mixin.py:115} INFO - [2023-05-10 21:04:09,562] {dag.py:2927} INFO - Setting next_dagrun for example_dag_decorator to None, run_after=None
[2023-05-10 21:04:09,575] {processor.py:161} INFO - Processing /home/v/Documents/iac-airflow-dev/dags/venv/lib/python3.9/site-packages/airflow/example_dags/example_dag_decorator.py took 0.073 seconds
[2023-05-10 21:04:43,855] {processor.py:153} INFO - Started process (PID=93402) to work on /home/v/Documents/iac-airflow-dev/dags/venv/lib/python3.9/site-packages/airflow/example_dags/example_dag_decorator.py
[2023-05-10 21:04:43,856] {processor.py:641} INFO - Processing file /home/v/Documents/iac-airflow-dev/dags/venv/lib/python3.9/site-packages/airflow/example_dags/example_dag_decorator.py for tasks to queue
[2023-05-10 21:04:43,856] {logging_mixin.py:115} INFO - [2023-05-10 21:04:43,856] {dagbag.py:507} INFO - Filling up the DagBag from /home/v/Documents/iac-airflow-dev/dags/venv/lib/python3.9/site-packages/airflow/example_dags/example_dag_decorator.py
[2023-05-10 21:04:43,881] {processor.py:651} INFO - DAG(s) dict_keys(['example_dag_decorator']) retrieved from /home/v/Documents/iac-airflow-dev/dags/venv/lib/python3.9/site-packages/airflow/example_dags/example_dag_decorator.py
[2023-05-10 21:04:43,895] {logging_mixin.py:115} INFO - [2023-05-10 21:04:43,895] {dag.py:2379} INFO - Sync 1 DAGs
[2023-05-10 21:04:43,911] {logging_mixin.py:115} INFO - [2023-05-10 21:04:43,911] {dag.py:2927} INFO - Setting next_dagrun for example_dag_decorator to None, run_after=None
[2023-05-10 21:04:43,925] {processor.py:161} INFO - Processing /home/v/Documents/iac-airflow-dev/dags/venv/lib/python3.9/site-packages/airflow/example_dags/example_dag_decorator.py took 0.073 seconds
[2023-05-10 21:05:24,829] {processor.py:153} INFO - Started process (PID=93556) to work on /home/v/Documents/iac-airflow-dev/dags/venv/lib/python3.9/site-packages/airflow/example_dags/example_dag_decorator.py
[2023-05-10 21:05:24,830] {processor.py:641} INFO - Processing file /home/v/Documents/iac-airflow-dev/dags/venv/lib/python3.9/site-packages/airflow/example_dags/example_dag_decorator.py for tasks to queue
[2023-05-10 21:05:24,831] {logging_mixin.py:115} INFO - [2023-05-10 21:05:24,830] {dagbag.py:507} INFO - Filling up the DagBag from /home/v/Documents/iac-airflow-dev/dags/venv/lib/python3.9/site-packages/airflow/example_dags/example_dag_decorator.py
[2023-05-10 21:05:24,854] {processor.py:651} INFO - DAG(s) dict_keys(['example_dag_decorator']) retrieved from /home/v/Documents/iac-airflow-dev/dags/venv/lib/python3.9/site-packages/airflow/example_dags/example_dag_decorator.py
[2023-05-10 21:05:24,867] {logging_mixin.py:115} INFO - [2023-05-10 21:05:24,867] {dag.py:2379} INFO - Sync 1 DAGs
[2023-05-10 21:05:24,883] {logging_mixin.py:115} INFO - [2023-05-10 21:05:24,882] {dag.py:2927} INFO - Setting next_dagrun for example_dag_decorator to None, run_after=None
[2023-05-10 21:05:24,895] {processor.py:161} INFO - Processing /home/v/Documents/iac-airflow-dev/dags/venv/lib/python3.9/site-packages/airflow/example_dags/example_dag_decorator.py took 0.069 seconds
[2023-05-10 21:05:58,867] {processor.py:153} INFO - Started process (PID=93669) to work on /home/v/Documents/iac-airflow-dev/dags/venv/lib/python3.9/site-packages/airflow/example_dags/example_dag_decorator.py
[2023-05-10 21:05:58,888] {processor.py:641} INFO - Processing file /home/v/Documents/iac-airflow-dev/dags/venv/lib/python3.9/site-packages/airflow/example_dags/example_dag_decorator.py for tasks to queue
[2023-05-10 21:05:58,889] {logging_mixin.py:115} INFO - [2023-05-10 21:05:58,888] {dagbag.py:507} INFO - Filling up the DagBag from /home/v/Documents/iac-airflow-dev/dags/venv/lib/python3.9/site-packages/airflow/example_dags/example_dag_decorator.py
[2023-05-10 21:05:58,912] {processor.py:651} INFO - DAG(s) dict_keys(['example_dag_decorator']) retrieved from /home/v/Documents/iac-airflow-dev/dags/venv/lib/python3.9/site-packages/airflow/example_dags/example_dag_decorator.py
[2023-05-10 21:05:58,928] {logging_mixin.py:115} INFO - [2023-05-10 21:05:58,928] {dag.py:2379} INFO - Sync 1 DAGs
[2023-05-10 21:05:58,944] {logging_mixin.py:115} INFO - [2023-05-10 21:05:58,944] {dag.py:2927} INFO - Setting next_dagrun for example_dag_decorator to None, run_after=None
[2023-05-10 21:05:58,957] {processor.py:161} INFO - Processing /home/v/Documents/iac-airflow-dev/dags/venv/lib/python3.9/site-packages/airflow/example_dags/example_dag_decorator.py took 0.093 seconds
[2023-05-10 21:06:32,668] {processor.py:153} INFO - Started process (PID=93782) to work on /home/v/Documents/iac-airflow-dev/dags/venv/lib/python3.9/site-packages/airflow/example_dags/example_dag_decorator.py
[2023-05-10 21:06:32,669] {processor.py:641} INFO - Processing file /home/v/Documents/iac-airflow-dev/dags/venv/lib/python3.9/site-packages/airflow/example_dags/example_dag_decorator.py for tasks to queue
[2023-05-10 21:06:32,670] {logging_mixin.py:115} INFO - [2023-05-10 21:06:32,670] {dagbag.py:507} INFO - Filling up the DagBag from /home/v/Documents/iac-airflow-dev/dags/venv/lib/python3.9/site-packages/airflow/example_dags/example_dag_decorator.py
[2023-05-10 21:06:32,692] {processor.py:651} INFO - DAG(s) dict_keys(['example_dag_decorator']) retrieved from /home/v/Documents/iac-airflow-dev/dags/venv/lib/python3.9/site-packages/airflow/example_dags/example_dag_decorator.py
[2023-05-10 21:06:32,705] {logging_mixin.py:115} INFO - [2023-05-10 21:06:32,705] {dag.py:2379} INFO - Sync 1 DAGs
[2023-05-10 21:06:32,719] {logging_mixin.py:115} INFO - [2023-05-10 21:06:32,719] {dag.py:2927} INFO - Setting next_dagrun for example_dag_decorator to None, run_after=None
[2023-05-10 21:06:32,731] {processor.py:161} INFO - Processing /home/v/Documents/iac-airflow-dev/dags/venv/lib/python3.9/site-packages/airflow/example_dags/example_dag_decorator.py took 0.066 seconds
[2023-05-10 21:07:08,495] {processor.py:153} INFO - Started process (PID=93943) to work on /home/v/Documents/iac-airflow-dev/dags/venv/lib/python3.9/site-packages/airflow/example_dags/example_dag_decorator.py
[2023-05-10 21:07:08,506] {processor.py:641} INFO - Processing file /home/v/Documents/iac-airflow-dev/dags/venv/lib/python3.9/site-packages/airflow/example_dags/example_dag_decorator.py for tasks to queue
[2023-05-10 21:07:08,506] {logging_mixin.py:115} INFO - [2023-05-10 21:07:08,506] {dagbag.py:507} INFO - Filling up the DagBag from /home/v/Documents/iac-airflow-dev/dags/venv/lib/python3.9/site-packages/airflow/example_dags/example_dag_decorator.py
[2023-05-10 21:07:08,532] {processor.py:651} INFO - DAG(s) dict_keys(['example_dag_decorator']) retrieved from /home/v/Documents/iac-airflow-dev/dags/venv/lib/python3.9/site-packages/airflow/example_dags/example_dag_decorator.py
[2023-05-10 21:07:08,547] {logging_mixin.py:115} INFO - [2023-05-10 21:07:08,547] {dag.py:2379} INFO - Sync 1 DAGs
[2023-05-10 21:07:08,564] {logging_mixin.py:115} INFO - [2023-05-10 21:07:08,564] {dag.py:2927} INFO - Setting next_dagrun for example_dag_decorator to None, run_after=None
[2023-05-10 21:07:08,577] {processor.py:161} INFO - Processing /home/v/Documents/iac-airflow-dev/dags/venv/lib/python3.9/site-packages/airflow/example_dags/example_dag_decorator.py took 0.085 seconds
