[2023-05-10 21:00:06,887] {processor.py:153} INFO - Started process (PID=92177) to work on /home/v/Documents/iac-airflow-dev/dags/venv/lib/python3.9/site-packages/airflow/example_dags/example_branch_operator.py
[2023-05-10 21:00:06,888] {processor.py:641} INFO - Processing file /home/v/Documents/iac-airflow-dev/dags/venv/lib/python3.9/site-packages/airflow/example_dags/example_branch_operator.py for tasks to queue
[2023-05-10 21:00:06,888] {logging_mixin.py:115} INFO - [2023-05-10 21:00:06,888] {dagbag.py:507} INFO - Filling up the DagBag from /home/v/Documents/iac-airflow-dev/dags/venv/lib/python3.9/site-packages/airflow/example_dags/example_branch_operator.py
[2023-05-10 21:00:06,900] {processor.py:651} INFO - DAG(s) dict_keys(['example_branch_operator']) retrieved from /home/v/Documents/iac-airflow-dev/dags/venv/lib/python3.9/site-packages/airflow/example_dags/example_branch_operator.py
[2023-05-10 21:00:06,915] {logging_mixin.py:115} INFO - [2023-05-10 21:00:06,915] {dag.py:2379} INFO - Sync 1 DAGs
[2023-05-10 21:00:06,934] {logging_mixin.py:115} INFO - [2023-05-10 21:00:06,934] {dag.py:2927} INFO - Setting next_dagrun for example_branch_operator to 2023-05-10T00:00:00+00:00, run_after=2023-05-11T00:00:00+00:00
[2023-05-10 21:00:06,948] {processor.py:161} INFO - Processing /home/v/Documents/iac-airflow-dev/dags/venv/lib/python3.9/site-packages/airflow/example_dags/example_branch_operator.py took 0.064 seconds
[2023-05-10 21:00:39,971] {processor.py:153} INFO - Started process (PID=92340) to work on /home/v/Documents/iac-airflow-dev/dags/venv/lib/python3.9/site-packages/airflow/example_dags/example_branch_operator.py
[2023-05-10 21:00:39,972] {processor.py:641} INFO - Processing file /home/v/Documents/iac-airflow-dev/dags/venv/lib/python3.9/site-packages/airflow/example_dags/example_branch_operator.py for tasks to queue
[2023-05-10 21:00:39,973] {logging_mixin.py:115} INFO - [2023-05-10 21:00:39,973] {dagbag.py:507} INFO - Filling up the DagBag from /home/v/Documents/iac-airflow-dev/dags/venv/lib/python3.9/site-packages/airflow/example_dags/example_branch_operator.py
[2023-05-10 21:00:39,984] {processor.py:651} INFO - DAG(s) dict_keys(['example_branch_operator']) retrieved from /home/v/Documents/iac-airflow-dev/dags/venv/lib/python3.9/site-packages/airflow/example_dags/example_branch_operator.py
[2023-05-10 21:00:40,000] {logging_mixin.py:115} INFO - [2023-05-10 21:00:40,000] {dag.py:2379} INFO - Sync 1 DAGs
[2023-05-10 21:00:40,019] {logging_mixin.py:115} INFO - [2023-05-10 21:00:40,019] {dag.py:2927} INFO - Setting next_dagrun for example_branch_operator to 2023-05-10T00:00:00+00:00, run_after=2023-05-11T00:00:00+00:00
[2023-05-10 21:00:40,032] {processor.py:161} INFO - Processing /home/v/Documents/iac-airflow-dev/dags/venv/lib/python3.9/site-packages/airflow/example_dags/example_branch_operator.py took 0.064 seconds
[2023-05-10 21:01:13,745] {processor.py:153} INFO - Started process (PID=92457) to work on /home/v/Documents/iac-airflow-dev/dags/venv/lib/python3.9/site-packages/airflow/example_dags/example_branch_operator.py
[2023-05-10 21:01:13,746] {processor.py:641} INFO - Processing file /home/v/Documents/iac-airflow-dev/dags/venv/lib/python3.9/site-packages/airflow/example_dags/example_branch_operator.py for tasks to queue
[2023-05-10 21:01:13,746] {logging_mixin.py:115} INFO - [2023-05-10 21:01:13,746] {dagbag.py:507} INFO - Filling up the DagBag from /home/v/Documents/iac-airflow-dev/dags/venv/lib/python3.9/site-packages/airflow/example_dags/example_branch_operator.py
[2023-05-10 21:01:13,758] {processor.py:651} INFO - DAG(s) dict_keys(['example_branch_operator']) retrieved from /home/v/Documents/iac-airflow-dev/dags/venv/lib/python3.9/site-packages/airflow/example_dags/example_branch_operator.py
[2023-05-10 21:01:13,774] {logging_mixin.py:115} INFO - [2023-05-10 21:01:13,774] {dag.py:2379} INFO - Sync 1 DAGs
[2023-05-10 21:01:13,793] {logging_mixin.py:115} INFO - [2023-05-10 21:01:13,793] {dag.py:2927} INFO - Setting next_dagrun for example_branch_operator to 2023-05-10T00:00:00+00:00, run_after=2023-05-11T00:00:00+00:00
[2023-05-10 21:01:13,806] {processor.py:161} INFO - Processing /home/v/Documents/iac-airflow-dev/dags/venv/lib/python3.9/site-packages/airflow/example_dags/example_branch_operator.py took 0.064 seconds
[2023-05-10 21:01:48,057] {processor.py:153} INFO - Started process (PID=92577) to work on /home/v/Documents/iac-airflow-dev/dags/venv/lib/python3.9/site-packages/airflow/example_dags/example_branch_operator.py
[2023-05-10 21:01:48,058] {processor.py:641} INFO - Processing file /home/v/Documents/iac-airflow-dev/dags/venv/lib/python3.9/site-packages/airflow/example_dags/example_branch_operator.py for tasks to queue
[2023-05-10 21:01:48,059] {logging_mixin.py:115} INFO - [2023-05-10 21:01:48,059] {dagbag.py:507} INFO - Filling up the DagBag from /home/v/Documents/iac-airflow-dev/dags/venv/lib/python3.9/site-packages/airflow/example_dags/example_branch_operator.py
[2023-05-10 21:01:48,070] {processor.py:651} INFO - DAG(s) dict_keys(['example_branch_operator']) retrieved from /home/v/Documents/iac-airflow-dev/dags/venv/lib/python3.9/site-packages/airflow/example_dags/example_branch_operator.py
[2023-05-10 21:01:48,087] {logging_mixin.py:115} INFO - [2023-05-10 21:01:48,086] {dag.py:2379} INFO - Sync 1 DAGs
[2023-05-10 21:01:48,105] {logging_mixin.py:115} INFO - [2023-05-10 21:01:48,105] {dag.py:2927} INFO - Setting next_dagrun for example_branch_operator to 2023-05-10T00:00:00+00:00, run_after=2023-05-11T00:00:00+00:00
[2023-05-10 21:01:48,118] {processor.py:161} INFO - Processing /home/v/Documents/iac-airflow-dev/dags/venv/lib/python3.9/site-packages/airflow/example_dags/example_branch_operator.py took 0.063 seconds
[2023-05-10 21:02:25,769] {processor.py:153} INFO - Started process (PID=92778) to work on /home/v/Documents/iac-airflow-dev/dags/venv/lib/python3.9/site-packages/airflow/example_dags/example_branch_operator.py
[2023-05-10 21:02:25,770] {processor.py:641} INFO - Processing file /home/v/Documents/iac-airflow-dev/dags/venv/lib/python3.9/site-packages/airflow/example_dags/example_branch_operator.py for tasks to queue
[2023-05-10 21:02:25,771] {logging_mixin.py:115} INFO - [2023-05-10 21:02:25,770] {dagbag.py:507} INFO - Filling up the DagBag from /home/v/Documents/iac-airflow-dev/dags/venv/lib/python3.9/site-packages/airflow/example_dags/example_branch_operator.py
[2023-05-10 21:02:25,782] {processor.py:651} INFO - DAG(s) dict_keys(['example_branch_operator']) retrieved from /home/v/Documents/iac-airflow-dev/dags/venv/lib/python3.9/site-packages/airflow/example_dags/example_branch_operator.py
[2023-05-10 21:02:25,799] {logging_mixin.py:115} INFO - [2023-05-10 21:02:25,799] {dag.py:2379} INFO - Sync 1 DAGs
[2023-05-10 21:02:25,817] {logging_mixin.py:115} INFO - [2023-05-10 21:02:25,817] {dag.py:2927} INFO - Setting next_dagrun for example_branch_operator to 2023-05-10T00:00:00+00:00, run_after=2023-05-11T00:00:00+00:00
[2023-05-10 21:02:25,832] {processor.py:161} INFO - Processing /home/v/Documents/iac-airflow-dev/dags/venv/lib/python3.9/site-packages/airflow/example_dags/example_branch_operator.py took 0.066 seconds
[2023-05-10 21:03:01,978] {processor.py:153} INFO - Started process (PID=92972) to work on /home/v/Documents/iac-airflow-dev/dags/venv/lib/python3.9/site-packages/airflow/example_dags/example_branch_operator.py
[2023-05-10 21:03:01,978] {processor.py:641} INFO - Processing file /home/v/Documents/iac-airflow-dev/dags/venv/lib/python3.9/site-packages/airflow/example_dags/example_branch_operator.py for tasks to queue
[2023-05-10 21:03:01,979] {logging_mixin.py:115} INFO - [2023-05-10 21:03:01,979] {dagbag.py:507} INFO - Filling up the DagBag from /home/v/Documents/iac-airflow-dev/dags/venv/lib/python3.9/site-packages/airflow/example_dags/example_branch_operator.py
[2023-05-10 21:03:01,990] {processor.py:651} INFO - DAG(s) dict_keys(['example_branch_operator']) retrieved from /home/v/Documents/iac-airflow-dev/dags/venv/lib/python3.9/site-packages/airflow/example_dags/example_branch_operator.py
[2023-05-10 21:03:02,006] {logging_mixin.py:115} INFO - [2023-05-10 21:03:02,005] {dag.py:2379} INFO - Sync 1 DAGs
[2023-05-10 21:03:02,024] {logging_mixin.py:115} INFO - [2023-05-10 21:03:02,024] {dag.py:2927} INFO - Setting next_dagrun for example_branch_operator to 2023-05-10T00:00:00+00:00, run_after=2023-05-11T00:00:00+00:00
[2023-05-10 21:03:02,036] {processor.py:161} INFO - Processing /home/v/Documents/iac-airflow-dev/dags/venv/lib/python3.9/site-packages/airflow/example_dags/example_branch_operator.py took 0.062 seconds
[2023-05-10 21:03:36,342] {processor.py:153} INFO - Started process (PID=93110) to work on /home/v/Documents/iac-airflow-dev/dags/venv/lib/python3.9/site-packages/airflow/example_dags/example_branch_operator.py
[2023-05-10 21:03:36,343] {processor.py:641} INFO - Processing file /home/v/Documents/iac-airflow-dev/dags/venv/lib/python3.9/site-packages/airflow/example_dags/example_branch_operator.py for tasks to queue
[2023-05-10 21:03:36,343] {logging_mixin.py:115} INFO - [2023-05-10 21:03:36,343] {dagbag.py:507} INFO - Filling up the DagBag from /home/v/Documents/iac-airflow-dev/dags/venv/lib/python3.9/site-packages/airflow/example_dags/example_branch_operator.py
[2023-05-10 21:03:36,354] {processor.py:651} INFO - DAG(s) dict_keys(['example_branch_operator']) retrieved from /home/v/Documents/iac-airflow-dev/dags/venv/lib/python3.9/site-packages/airflow/example_dags/example_branch_operator.py
[2023-05-10 21:03:36,370] {logging_mixin.py:115} INFO - [2023-05-10 21:03:36,370] {dag.py:2379} INFO - Sync 1 DAGs
[2023-05-10 21:03:36,388] {logging_mixin.py:115} INFO - [2023-05-10 21:03:36,388] {dag.py:2927} INFO - Setting next_dagrun for example_branch_operator to 2023-05-10T00:00:00+00:00, run_after=2023-05-11T00:00:00+00:00
[2023-05-10 21:03:36,403] {processor.py:161} INFO - Processing /home/v/Documents/iac-airflow-dev/dags/venv/lib/python3.9/site-packages/airflow/example_dags/example_branch_operator.py took 0.064 seconds
[2023-05-10 21:04:14,062] {processor.py:153} INFO - Started process (PID=93250) to work on /home/v/Documents/iac-airflow-dev/dags/venv/lib/python3.9/site-packages/airflow/example_dags/example_branch_operator.py
[2023-05-10 21:04:14,063] {processor.py:641} INFO - Processing file /home/v/Documents/iac-airflow-dev/dags/venv/lib/python3.9/site-packages/airflow/example_dags/example_branch_operator.py for tasks to queue
[2023-05-10 21:04:14,063] {logging_mixin.py:115} INFO - [2023-05-10 21:04:14,063] {dagbag.py:507} INFO - Filling up the DagBag from /home/v/Documents/iac-airflow-dev/dags/venv/lib/python3.9/site-packages/airflow/example_dags/example_branch_operator.py
[2023-05-10 21:04:14,074] {processor.py:651} INFO - DAG(s) dict_keys(['example_branch_operator']) retrieved from /home/v/Documents/iac-airflow-dev/dags/venv/lib/python3.9/site-packages/airflow/example_dags/example_branch_operator.py
[2023-05-10 21:04:14,091] {logging_mixin.py:115} INFO - [2023-05-10 21:04:14,091] {dag.py:2379} INFO - Sync 1 DAGs
[2023-05-10 21:04:14,109] {logging_mixin.py:115} INFO - [2023-05-10 21:04:14,109] {dag.py:2927} INFO - Setting next_dagrun for example_branch_operator to 2023-05-10T00:00:00+00:00, run_after=2023-05-11T00:00:00+00:00
[2023-05-10 21:04:14,122] {processor.py:161} INFO - Processing /home/v/Documents/iac-airflow-dev/dags/venv/lib/python3.9/site-packages/airflow/example_dags/example_branch_operator.py took 0.064 seconds
[2023-05-10 21:04:47,303] {processor.py:153} INFO - Started process (PID=93408) to work on /home/v/Documents/iac-airflow-dev/dags/venv/lib/python3.9/site-packages/airflow/example_dags/example_branch_operator.py
[2023-05-10 21:04:47,304] {processor.py:641} INFO - Processing file /home/v/Documents/iac-airflow-dev/dags/venv/lib/python3.9/site-packages/airflow/example_dags/example_branch_operator.py for tasks to queue
[2023-05-10 21:04:47,305] {logging_mixin.py:115} INFO - [2023-05-10 21:04:47,305] {dagbag.py:507} INFO - Filling up the DagBag from /home/v/Documents/iac-airflow-dev/dags/venv/lib/python3.9/site-packages/airflow/example_dags/example_branch_operator.py
[2023-05-10 21:04:47,316] {processor.py:651} INFO - DAG(s) dict_keys(['example_branch_operator']) retrieved from /home/v/Documents/iac-airflow-dev/dags/venv/lib/python3.9/site-packages/airflow/example_dags/example_branch_operator.py
[2023-05-10 21:04:47,333] {logging_mixin.py:115} INFO - [2023-05-10 21:04:47,333] {dag.py:2379} INFO - Sync 1 DAGs
[2023-05-10 21:04:47,352] {logging_mixin.py:115} INFO - [2023-05-10 21:04:47,352] {dag.py:2927} INFO - Setting next_dagrun for example_branch_operator to 2023-05-10T00:00:00+00:00, run_after=2023-05-11T00:00:00+00:00
[2023-05-10 21:04:47,366] {processor.py:161} INFO - Processing /home/v/Documents/iac-airflow-dev/dags/venv/lib/python3.9/site-packages/airflow/example_dags/example_branch_operator.py took 0.066 seconds
[2023-05-10 21:05:21,734] {processor.py:153} INFO - Started process (PID=93536) to work on /home/v/Documents/iac-airflow-dev/dags/venv/lib/python3.9/site-packages/airflow/example_dags/example_branch_operator.py
[2023-05-10 21:05:21,734] {processor.py:641} INFO - Processing file /home/v/Documents/iac-airflow-dev/dags/venv/lib/python3.9/site-packages/airflow/example_dags/example_branch_operator.py for tasks to queue
[2023-05-10 21:05:21,735] {logging_mixin.py:115} INFO - [2023-05-10 21:05:21,735] {dagbag.py:507} INFO - Filling up the DagBag from /home/v/Documents/iac-airflow-dev/dags/venv/lib/python3.9/site-packages/airflow/example_dags/example_branch_operator.py
[2023-05-10 21:05:21,746] {processor.py:651} INFO - DAG(s) dict_keys(['example_branch_operator']) retrieved from /home/v/Documents/iac-airflow-dev/dags/venv/lib/python3.9/site-packages/airflow/example_dags/example_branch_operator.py
[2023-05-10 21:05:21,763] {logging_mixin.py:115} INFO - [2023-05-10 21:05:21,763] {dag.py:2379} INFO - Sync 1 DAGs
[2023-05-10 21:05:21,782] {logging_mixin.py:115} INFO - [2023-05-10 21:05:21,782] {dag.py:2927} INFO - Setting next_dagrun for example_branch_operator to 2023-05-10T00:00:00+00:00, run_after=2023-05-11T00:00:00+00:00
[2023-05-10 21:05:21,796] {processor.py:161} INFO - Processing /home/v/Documents/iac-airflow-dev/dags/venv/lib/python3.9/site-packages/airflow/example_dags/example_branch_operator.py took 0.066 seconds
[2023-05-10 21:05:55,528] {processor.py:153} INFO - Started process (PID=93651) to work on /home/v/Documents/iac-airflow-dev/dags/venv/lib/python3.9/site-packages/airflow/example_dags/example_branch_operator.py
[2023-05-10 21:05:55,529] {processor.py:641} INFO - Processing file /home/v/Documents/iac-airflow-dev/dags/venv/lib/python3.9/site-packages/airflow/example_dags/example_branch_operator.py for tasks to queue
[2023-05-10 21:05:55,530] {logging_mixin.py:115} INFO - [2023-05-10 21:05:55,530] {dagbag.py:507} INFO - Filling up the DagBag from /home/v/Documents/iac-airflow-dev/dags/venv/lib/python3.9/site-packages/airflow/example_dags/example_branch_operator.py
[2023-05-10 21:05:55,541] {processor.py:651} INFO - DAG(s) dict_keys(['example_branch_operator']) retrieved from /home/v/Documents/iac-airflow-dev/dags/venv/lib/python3.9/site-packages/airflow/example_dags/example_branch_operator.py
[2023-05-10 21:05:55,558] {logging_mixin.py:115} INFO - [2023-05-10 21:05:55,557] {dag.py:2379} INFO - Sync 1 DAGs
[2023-05-10 21:05:55,576] {logging_mixin.py:115} INFO - [2023-05-10 21:05:55,576] {dag.py:2927} INFO - Setting next_dagrun for example_branch_operator to 2023-05-10T00:00:00+00:00, run_after=2023-05-11T00:00:00+00:00
[2023-05-10 21:05:55,589] {processor.py:161} INFO - Processing /home/v/Documents/iac-airflow-dev/dags/venv/lib/python3.9/site-packages/airflow/example_dags/example_branch_operator.py took 0.064 seconds
[2023-05-10 21:06:26,965] {processor.py:153} INFO - Started process (PID=93755) to work on /home/v/Documents/iac-airflow-dev/dags/venv/lib/python3.9/site-packages/airflow/example_dags/example_branch_operator.py
[2023-05-10 21:06:26,966] {processor.py:641} INFO - Processing file /home/v/Documents/iac-airflow-dev/dags/venv/lib/python3.9/site-packages/airflow/example_dags/example_branch_operator.py for tasks to queue
[2023-05-10 21:06:26,966] {logging_mixin.py:115} INFO - [2023-05-10 21:06:26,966] {dagbag.py:507} INFO - Filling up the DagBag from /home/v/Documents/iac-airflow-dev/dags/venv/lib/python3.9/site-packages/airflow/example_dags/example_branch_operator.py
[2023-05-10 21:06:26,978] {processor.py:651} INFO - DAG(s) dict_keys(['example_branch_operator']) retrieved from /home/v/Documents/iac-airflow-dev/dags/venv/lib/python3.9/site-packages/airflow/example_dags/example_branch_operator.py
[2023-05-10 21:06:26,994] {logging_mixin.py:115} INFO - [2023-05-10 21:06:26,994] {dag.py:2379} INFO - Sync 1 DAGs
[2023-05-10 21:06:27,013] {logging_mixin.py:115} INFO - [2023-05-10 21:06:27,013] {dag.py:2927} INFO - Setting next_dagrun for example_branch_operator to 2023-05-10T00:00:00+00:00, run_after=2023-05-11T00:00:00+00:00
[2023-05-10 21:06:27,026] {processor.py:161} INFO - Processing /home/v/Documents/iac-airflow-dev/dags/venv/lib/python3.9/site-packages/airflow/example_dags/example_branch_operator.py took 0.064 seconds
[2023-05-10 21:07:00,839] {processor.py:153} INFO - Started process (PID=93910) to work on /home/v/Documents/iac-airflow-dev/dags/venv/lib/python3.9/site-packages/airflow/example_dags/example_branch_operator.py
[2023-05-10 21:07:00,839] {processor.py:641} INFO - Processing file /home/v/Documents/iac-airflow-dev/dags/venv/lib/python3.9/site-packages/airflow/example_dags/example_branch_operator.py for tasks to queue
[2023-05-10 21:07:00,840] {logging_mixin.py:115} INFO - [2023-05-10 21:07:00,839] {dagbag.py:507} INFO - Filling up the DagBag from /home/v/Documents/iac-airflow-dev/dags/venv/lib/python3.9/site-packages/airflow/example_dags/example_branch_operator.py
[2023-05-10 21:07:00,852] {processor.py:651} INFO - DAG(s) dict_keys(['example_branch_operator']) retrieved from /home/v/Documents/iac-airflow-dev/dags/venv/lib/python3.9/site-packages/airflow/example_dags/example_branch_operator.py
[2023-05-10 21:07:00,869] {logging_mixin.py:115} INFO - [2023-05-10 21:07:00,869] {dag.py:2379} INFO - Sync 1 DAGs
[2023-05-10 21:07:00,888] {logging_mixin.py:115} INFO - [2023-05-10 21:07:00,888] {dag.py:2927} INFO - Setting next_dagrun for example_branch_operator to 2023-05-10T00:00:00+00:00, run_after=2023-05-11T00:00:00+00:00
[2023-05-10 21:07:00,901] {processor.py:161} INFO - Processing /home/v/Documents/iac-airflow-dev/dags/venv/lib/python3.9/site-packages/airflow/example_dags/example_branch_operator.py took 0.065 seconds
[2023-05-10 21:07:35,664] {processor.py:153} INFO - Started process (PID=94043) to work on /home/v/Documents/iac-airflow-dev/dags/venv/lib/python3.9/site-packages/airflow/example_dags/example_branch_operator.py
[2023-05-10 21:07:35,665] {processor.py:641} INFO - Processing file /home/v/Documents/iac-airflow-dev/dags/venv/lib/python3.9/site-packages/airflow/example_dags/example_branch_operator.py for tasks to queue
[2023-05-10 21:07:35,665] {logging_mixin.py:115} INFO - [2023-05-10 21:07:35,665] {dagbag.py:507} INFO - Filling up the DagBag from /home/v/Documents/iac-airflow-dev/dags/venv/lib/python3.9/site-packages/airflow/example_dags/example_branch_operator.py
[2023-05-10 21:07:35,677] {processor.py:651} INFO - DAG(s) dict_keys(['example_branch_operator']) retrieved from /home/v/Documents/iac-airflow-dev/dags/venv/lib/python3.9/site-packages/airflow/example_dags/example_branch_operator.py
[2023-05-10 21:07:35,695] {logging_mixin.py:115} INFO - [2023-05-10 21:07:35,694] {dag.py:2379} INFO - Sync 1 DAGs
[2023-05-10 21:07:35,714] {logging_mixin.py:115} INFO - [2023-05-10 21:07:35,713] {dag.py:2927} INFO - Setting next_dagrun for example_branch_operator to 2023-05-10T00:00:00+00:00, run_after=2023-05-11T00:00:00+00:00
[2023-05-10 21:07:35,728] {processor.py:161} INFO - Processing /home/v/Documents/iac-airflow-dev/dags/venv/lib/python3.9/site-packages/airflow/example_dags/example_branch_operator.py took 0.067 seconds
