[2023-05-10 21:00:15,886] {processor.py:153} INFO - Started process (PID=92255) to work on /home/v/Documents/iac-airflow-dev/dags/venv/lib/python3.9/site-packages/airflow/example_dags/example_branch_python_dop_operator_3.py
[2023-05-10 21:00:15,886] {processor.py:641} INFO - Processing file /home/v/Documents/iac-airflow-dev/dags/venv/lib/python3.9/site-packages/airflow/example_dags/example_branch_python_dop_operator_3.py for tasks to queue
[2023-05-10 21:00:15,887] {logging_mixin.py:115} INFO - [2023-05-10 21:00:15,887] {dagbag.py:507} INFO - Filling up the DagBag from /home/v/Documents/iac-airflow-dev/dags/venv/lib/python3.9/site-packages/airflow/example_dags/example_branch_python_dop_operator_3.py
[2023-05-10 21:00:15,898] {processor.py:651} INFO - DAG(s) dict_keys(['example_branch_dop_operator_v3']) retrieved from /home/v/Documents/iac-airflow-dev/dags/venv/lib/python3.9/site-packages/airflow/example_dags/example_branch_python_dop_operator_3.py
[2023-05-10 21:00:15,915] {logging_mixin.py:115} INFO - [2023-05-10 21:00:15,914] {dag.py:2379} INFO - Sync 1 DAGs
[2023-05-10 21:00:15,936] {logging_mixin.py:115} INFO - [2023-05-10 21:00:15,936] {dag.py:2927} INFO - Setting next_dagrun for example_branch_dop_operator_v3 to 2023-05-10T23:59:00+00:00, run_after=2023-05-11T00:00:00+00:00
[2023-05-10 21:00:15,949] {processor.py:161} INFO - Processing /home/v/Documents/iac-airflow-dev/dags/venv/lib/python3.9/site-packages/airflow/example_dags/example_branch_python_dop_operator_3.py took 0.067 seconds
[2023-05-10 21:00:48,971] {processor.py:153} INFO - Started process (PID=92373) to work on /home/v/Documents/iac-airflow-dev/dags/venv/lib/python3.9/site-packages/airflow/example_dags/example_branch_python_dop_operator_3.py
[2023-05-10 21:00:48,972] {processor.py:641} INFO - Processing file /home/v/Documents/iac-airflow-dev/dags/venv/lib/python3.9/site-packages/airflow/example_dags/example_branch_python_dop_operator_3.py for tasks to queue
[2023-05-10 21:00:48,972] {logging_mixin.py:115} INFO - [2023-05-10 21:00:48,972] {dagbag.py:507} INFO - Filling up the DagBag from /home/v/Documents/iac-airflow-dev/dags/venv/lib/python3.9/site-packages/airflow/example_dags/example_branch_python_dop_operator_3.py
[2023-05-10 21:00:48,982] {processor.py:651} INFO - DAG(s) dict_keys(['example_branch_dop_operator_v3']) retrieved from /home/v/Documents/iac-airflow-dev/dags/venv/lib/python3.9/site-packages/airflow/example_dags/example_branch_python_dop_operator_3.py
[2023-05-10 21:00:48,999] {logging_mixin.py:115} INFO - [2023-05-10 21:00:48,999] {dag.py:2379} INFO - Sync 1 DAGs
[2023-05-10 21:00:49,020] {logging_mixin.py:115} INFO - [2023-05-10 21:00:49,020] {dag.py:2927} INFO - Setting next_dagrun for example_branch_dop_operator_v3 to 2023-05-10T23:59:00+00:00, run_after=2023-05-11T00:00:00+00:00
[2023-05-10 21:00:49,033] {processor.py:161} INFO - Processing /home/v/Documents/iac-airflow-dev/dags/venv/lib/python3.9/site-packages/airflow/example_dags/example_branch_python_dop_operator_3.py took 0.066 seconds
[2023-05-10 21:01:26,314] {processor.py:153} INFO - Started process (PID=92493) to work on /home/v/Documents/iac-airflow-dev/dags/venv/lib/python3.9/site-packages/airflow/example_dags/example_branch_python_dop_operator_3.py
[2023-05-10 21:01:26,315] {processor.py:641} INFO - Processing file /home/v/Documents/iac-airflow-dev/dags/venv/lib/python3.9/site-packages/airflow/example_dags/example_branch_python_dop_operator_3.py for tasks to queue
[2023-05-10 21:01:26,316] {logging_mixin.py:115} INFO - [2023-05-10 21:01:26,315] {dagbag.py:507} INFO - Filling up the DagBag from /home/v/Documents/iac-airflow-dev/dags/venv/lib/python3.9/site-packages/airflow/example_dags/example_branch_python_dop_operator_3.py
[2023-05-10 21:01:26,326] {processor.py:651} INFO - DAG(s) dict_keys(['example_branch_dop_operator_v3']) retrieved from /home/v/Documents/iac-airflow-dev/dags/venv/lib/python3.9/site-packages/airflow/example_dags/example_branch_python_dop_operator_3.py
[2023-05-10 21:01:26,342] {logging_mixin.py:115} INFO - [2023-05-10 21:01:26,341] {dag.py:2379} INFO - Sync 1 DAGs
[2023-05-10 21:01:26,363] {logging_mixin.py:115} INFO - [2023-05-10 21:01:26,363] {dag.py:2927} INFO - Setting next_dagrun for example_branch_dop_operator_v3 to 2023-05-11T00:00:00+00:00, run_after=2023-05-11T00:01:00+00:00
[2023-05-10 21:01:26,376] {processor.py:161} INFO - Processing /home/v/Documents/iac-airflow-dev/dags/venv/lib/python3.9/site-packages/airflow/example_dags/example_branch_python_dop_operator_3.py took 0.065 seconds
[2023-05-10 21:01:59,947] {processor.py:153} INFO - Started process (PID=92657) to work on /home/v/Documents/iac-airflow-dev/dags/venv/lib/python3.9/site-packages/airflow/example_dags/example_branch_python_dop_operator_3.py
[2023-05-10 21:01:59,948] {processor.py:641} INFO - Processing file /home/v/Documents/iac-airflow-dev/dags/venv/lib/python3.9/site-packages/airflow/example_dags/example_branch_python_dop_operator_3.py for tasks to queue
[2023-05-10 21:01:59,949] {logging_mixin.py:115} INFO - [2023-05-10 21:01:59,949] {dagbag.py:507} INFO - Filling up the DagBag from /home/v/Documents/iac-airflow-dev/dags/venv/lib/python3.9/site-packages/airflow/example_dags/example_branch_python_dop_operator_3.py
[2023-05-10 21:01:59,959] {processor.py:651} INFO - DAG(s) dict_keys(['example_branch_dop_operator_v3']) retrieved from /home/v/Documents/iac-airflow-dev/dags/venv/lib/python3.9/site-packages/airflow/example_dags/example_branch_python_dop_operator_3.py
[2023-05-10 21:01:59,974] {logging_mixin.py:115} INFO - [2023-05-10 21:01:59,974] {dag.py:2379} INFO - Sync 1 DAGs
[2023-05-10 21:01:59,996] {logging_mixin.py:115} INFO - [2023-05-10 21:01:59,996] {dag.py:2927} INFO - Setting next_dagrun for example_branch_dop_operator_v3 to 2023-05-11T00:00:00+00:00, run_after=2023-05-11T00:01:00+00:00
[2023-05-10 21:02:00,010] {processor.py:161} INFO - Processing /home/v/Documents/iac-airflow-dev/dags/venv/lib/python3.9/site-packages/airflow/example_dags/example_branch_python_dop_operator_3.py took 0.066 seconds
[2023-05-10 21:02:38,621] {processor.py:153} INFO - Started process (PID=92896) to work on /home/v/Documents/iac-airflow-dev/dags/venv/lib/python3.9/site-packages/airflow/example_dags/example_branch_python_dop_operator_3.py
[2023-05-10 21:02:38,622] {processor.py:641} INFO - Processing file /home/v/Documents/iac-airflow-dev/dags/venv/lib/python3.9/site-packages/airflow/example_dags/example_branch_python_dop_operator_3.py for tasks to queue
[2023-05-10 21:02:38,622] {logging_mixin.py:115} INFO - [2023-05-10 21:02:38,622] {dagbag.py:507} INFO - Filling up the DagBag from /home/v/Documents/iac-airflow-dev/dags/venv/lib/python3.9/site-packages/airflow/example_dags/example_branch_python_dop_operator_3.py
[2023-05-10 21:02:38,631] {processor.py:651} INFO - DAG(s) dict_keys(['example_branch_dop_operator_v3']) retrieved from /home/v/Documents/iac-airflow-dev/dags/venv/lib/python3.9/site-packages/airflow/example_dags/example_branch_python_dop_operator_3.py
[2023-05-10 21:02:38,646] {logging_mixin.py:115} INFO - [2023-05-10 21:02:38,646] {dag.py:2379} INFO - Sync 1 DAGs
[2023-05-10 21:02:38,666] {logging_mixin.py:115} INFO - [2023-05-10 21:02:38,666] {dag.py:2927} INFO - Setting next_dagrun for example_branch_dop_operator_v3 to 2023-05-11T00:01:00+00:00, run_after=2023-05-11T00:02:00+00:00
[2023-05-10 21:02:38,679] {processor.py:161} INFO - Processing /home/v/Documents/iac-airflow-dev/dags/venv/lib/python3.9/site-packages/airflow/example_dags/example_branch_python_dop_operator_3.py took 0.060 seconds
[2023-05-10 21:03:13,520] {processor.py:153} INFO - Started process (PID=93046) to work on /home/v/Documents/iac-airflow-dev/dags/venv/lib/python3.9/site-packages/airflow/example_dags/example_branch_python_dop_operator_3.py
[2023-05-10 21:03:13,521] {processor.py:641} INFO - Processing file /home/v/Documents/iac-airflow-dev/dags/venv/lib/python3.9/site-packages/airflow/example_dags/example_branch_python_dop_operator_3.py for tasks to queue
[2023-05-10 21:03:13,521] {logging_mixin.py:115} INFO - [2023-05-10 21:03:13,521] {dagbag.py:507} INFO - Filling up the DagBag from /home/v/Documents/iac-airflow-dev/dags/venv/lib/python3.9/site-packages/airflow/example_dags/example_branch_python_dop_operator_3.py
[2023-05-10 21:03:13,531] {processor.py:651} INFO - DAG(s) dict_keys(['example_branch_dop_operator_v3']) retrieved from /home/v/Documents/iac-airflow-dev/dags/venv/lib/python3.9/site-packages/airflow/example_dags/example_branch_python_dop_operator_3.py
[2023-05-10 21:03:13,548] {logging_mixin.py:115} INFO - [2023-05-10 21:03:13,548] {dag.py:2379} INFO - Sync 1 DAGs
[2023-05-10 21:03:13,570] {logging_mixin.py:115} INFO - [2023-05-10 21:03:13,570] {dag.py:2927} INFO - Setting next_dagrun for example_branch_dop_operator_v3 to 2023-05-11T00:02:00+00:00, run_after=2023-05-11T00:03:00+00:00
[2023-05-10 21:03:13,589] {processor.py:161} INFO - Processing /home/v/Documents/iac-airflow-dev/dags/venv/lib/python3.9/site-packages/airflow/example_dags/example_branch_python_dop_operator_3.py took 0.071 seconds
[2023-05-10 21:03:48,346] {processor.py:153} INFO - Started process (PID=93156) to work on /home/v/Documents/iac-airflow-dev/dags/venv/lib/python3.9/site-packages/airflow/example_dags/example_branch_python_dop_operator_3.py
[2023-05-10 21:03:48,346] {processor.py:641} INFO - Processing file /home/v/Documents/iac-airflow-dev/dags/venv/lib/python3.9/site-packages/airflow/example_dags/example_branch_python_dop_operator_3.py for tasks to queue
[2023-05-10 21:03:48,347] {logging_mixin.py:115} INFO - [2023-05-10 21:03:48,347] {dagbag.py:507} INFO - Filling up the DagBag from /home/v/Documents/iac-airflow-dev/dags/venv/lib/python3.9/site-packages/airflow/example_dags/example_branch_python_dop_operator_3.py
[2023-05-10 21:03:48,356] {processor.py:651} INFO - DAG(s) dict_keys(['example_branch_dop_operator_v3']) retrieved from /home/v/Documents/iac-airflow-dev/dags/venv/lib/python3.9/site-packages/airflow/example_dags/example_branch_python_dop_operator_3.py
[2023-05-10 21:03:48,370] {logging_mixin.py:115} INFO - [2023-05-10 21:03:48,370] {dag.py:2379} INFO - Sync 1 DAGs
[2023-05-10 21:03:48,390] {logging_mixin.py:115} INFO - [2023-05-10 21:03:48,389] {dag.py:2927} INFO - Setting next_dagrun for example_branch_dop_operator_v3 to 2023-05-11T00:02:00+00:00, run_after=2023-05-11T00:03:00+00:00
[2023-05-10 21:03:48,402] {processor.py:161} INFO - Processing /home/v/Documents/iac-airflow-dev/dags/venv/lib/python3.9/site-packages/airflow/example_dags/example_branch_python_dop_operator_3.py took 0.059 seconds
[2023-05-10 21:04:23,218] {processor.py:153} INFO - Started process (PID=93285) to work on /home/v/Documents/iac-airflow-dev/dags/venv/lib/python3.9/site-packages/airflow/example_dags/example_branch_python_dop_operator_3.py
[2023-05-10 21:04:23,218] {processor.py:641} INFO - Processing file /home/v/Documents/iac-airflow-dev/dags/venv/lib/python3.9/site-packages/airflow/example_dags/example_branch_python_dop_operator_3.py for tasks to queue
[2023-05-10 21:04:23,219] {logging_mixin.py:115} INFO - [2023-05-10 21:04:23,219] {dagbag.py:507} INFO - Filling up the DagBag from /home/v/Documents/iac-airflow-dev/dags/venv/lib/python3.9/site-packages/airflow/example_dags/example_branch_python_dop_operator_3.py
[2023-05-10 21:04:23,229] {processor.py:651} INFO - DAG(s) dict_keys(['example_branch_dop_operator_v3']) retrieved from /home/v/Documents/iac-airflow-dev/dags/venv/lib/python3.9/site-packages/airflow/example_dags/example_branch_python_dop_operator_3.py
[2023-05-10 21:04:23,243] {logging_mixin.py:115} INFO - [2023-05-10 21:04:23,243] {dag.py:2379} INFO - Sync 1 DAGs
[2023-05-10 21:04:23,263] {logging_mixin.py:115} INFO - [2023-05-10 21:04:23,263] {dag.py:2927} INFO - Setting next_dagrun for example_branch_dop_operator_v3 to 2023-05-11T00:03:00+00:00, run_after=2023-05-11T00:04:00+00:00
[2023-05-10 21:04:23,277] {processor.py:161} INFO - Processing /home/v/Documents/iac-airflow-dev/dags/venv/lib/python3.9/site-packages/airflow/example_dags/example_branch_python_dop_operator_3.py took 0.062 seconds
[2023-05-10 21:04:58,370] {processor.py:153} INFO - Started process (PID=93458) to work on /home/v/Documents/iac-airflow-dev/dags/venv/lib/python3.9/site-packages/airflow/example_dags/example_branch_python_dop_operator_3.py
[2023-05-10 21:04:58,372] {processor.py:641} INFO - Processing file /home/v/Documents/iac-airflow-dev/dags/venv/lib/python3.9/site-packages/airflow/example_dags/example_branch_python_dop_operator_3.py for tasks to queue
[2023-05-10 21:04:58,372] {logging_mixin.py:115} INFO - [2023-05-10 21:04:58,372] {dagbag.py:507} INFO - Filling up the DagBag from /home/v/Documents/iac-airflow-dev/dags/venv/lib/python3.9/site-packages/airflow/example_dags/example_branch_python_dop_operator_3.py
[2023-05-10 21:04:58,383] {processor.py:651} INFO - DAG(s) dict_keys(['example_branch_dop_operator_v3']) retrieved from /home/v/Documents/iac-airflow-dev/dags/venv/lib/python3.9/site-packages/airflow/example_dags/example_branch_python_dop_operator_3.py
[2023-05-10 21:04:58,398] {logging_mixin.py:115} INFO - [2023-05-10 21:04:58,398] {dag.py:2379} INFO - Sync 1 DAGs
[2023-05-10 21:04:58,420] {logging_mixin.py:115} INFO - [2023-05-10 21:04:58,420] {dag.py:2927} INFO - Setting next_dagrun for example_branch_dop_operator_v3 to 2023-05-11T00:03:00+00:00, run_after=2023-05-11T00:04:00+00:00
[2023-05-10 21:04:58,433] {processor.py:161} INFO - Processing /home/v/Documents/iac-airflow-dev/dags/venv/lib/python3.9/site-packages/airflow/example_dags/example_branch_python_dop_operator_3.py took 0.066 seconds
[2023-05-10 21:05:37,189] {processor.py:153} INFO - Started process (PID=93595) to work on /home/v/Documents/iac-airflow-dev/dags/venv/lib/python3.9/site-packages/airflow/example_dags/example_branch_python_dop_operator_3.py
[2023-05-10 21:05:37,190] {processor.py:641} INFO - Processing file /home/v/Documents/iac-airflow-dev/dags/venv/lib/python3.9/site-packages/airflow/example_dags/example_branch_python_dop_operator_3.py for tasks to queue
[2023-05-10 21:05:37,191] {logging_mixin.py:115} INFO - [2023-05-10 21:05:37,191] {dagbag.py:507} INFO - Filling up the DagBag from /home/v/Documents/iac-airflow-dev/dags/venv/lib/python3.9/site-packages/airflow/example_dags/example_branch_python_dop_operator_3.py
[2023-05-10 21:05:37,202] {processor.py:651} INFO - DAG(s) dict_keys(['example_branch_dop_operator_v3']) retrieved from /home/v/Documents/iac-airflow-dev/dags/venv/lib/python3.9/site-packages/airflow/example_dags/example_branch_python_dop_operator_3.py
[2023-05-10 21:05:37,217] {logging_mixin.py:115} INFO - [2023-05-10 21:05:37,217] {dag.py:2379} INFO - Sync 1 DAGs
[2023-05-10 21:05:37,239] {logging_mixin.py:115} INFO - [2023-05-10 21:05:37,239] {dag.py:2927} INFO - Setting next_dagrun for example_branch_dop_operator_v3 to 2023-05-11T00:04:00+00:00, run_after=2023-05-11T00:05:00+00:00
[2023-05-10 21:05:37,253] {processor.py:161} INFO - Processing /home/v/Documents/iac-airflow-dev/dags/venv/lib/python3.9/site-packages/airflow/example_dags/example_branch_python_dop_operator_3.py took 0.066 seconds
[2023-05-10 21:06:14,312] {processor.py:153} INFO - Started process (PID=93719) to work on /home/v/Documents/iac-airflow-dev/dags/venv/lib/python3.9/site-packages/airflow/example_dags/example_branch_python_dop_operator_3.py
[2023-05-10 21:06:14,313] {processor.py:641} INFO - Processing file /home/v/Documents/iac-airflow-dev/dags/venv/lib/python3.9/site-packages/airflow/example_dags/example_branch_python_dop_operator_3.py for tasks to queue
[2023-05-10 21:06:14,314] {logging_mixin.py:115} INFO - [2023-05-10 21:06:14,313] {dagbag.py:507} INFO - Filling up the DagBag from /home/v/Documents/iac-airflow-dev/dags/venv/lib/python3.9/site-packages/airflow/example_dags/example_branch_python_dop_operator_3.py
[2023-05-10 21:06:14,325] {processor.py:651} INFO - DAG(s) dict_keys(['example_branch_dop_operator_v3']) retrieved from /home/v/Documents/iac-airflow-dev/dags/venv/lib/python3.9/site-packages/airflow/example_dags/example_branch_python_dop_operator_3.py
[2023-05-10 21:06:14,340] {logging_mixin.py:115} INFO - [2023-05-10 21:06:14,340] {dag.py:2379} INFO - Sync 1 DAGs
[2023-05-10 21:06:14,362] {logging_mixin.py:115} INFO - [2023-05-10 21:06:14,362] {dag.py:2927} INFO - Setting next_dagrun for example_branch_dop_operator_v3 to 2023-05-11T00:05:00+00:00, run_after=2023-05-11T00:06:00+00:00
[2023-05-10 21:06:14,377] {processor.py:161} INFO - Processing /home/v/Documents/iac-airflow-dev/dags/venv/lib/python3.9/site-packages/airflow/example_dags/example_branch_python_dop_operator_3.py took 0.068 seconds
[2023-05-10 21:06:49,379] {processor.py:153} INFO - Started process (PID=93842) to work on /home/v/Documents/iac-airflow-dev/dags/venv/lib/python3.9/site-packages/airflow/example_dags/example_branch_python_dop_operator_3.py
[2023-05-10 21:06:49,380] {processor.py:641} INFO - Processing file /home/v/Documents/iac-airflow-dev/dags/venv/lib/python3.9/site-packages/airflow/example_dags/example_branch_python_dop_operator_3.py for tasks to queue
[2023-05-10 21:06:49,381] {logging_mixin.py:115} INFO - [2023-05-10 21:06:49,381] {dagbag.py:507} INFO - Filling up the DagBag from /home/v/Documents/iac-airflow-dev/dags/venv/lib/python3.9/site-packages/airflow/example_dags/example_branch_python_dop_operator_3.py
[2023-05-10 21:06:49,391] {processor.py:651} INFO - DAG(s) dict_keys(['example_branch_dop_operator_v3']) retrieved from /home/v/Documents/iac-airflow-dev/dags/venv/lib/python3.9/site-packages/airflow/example_dags/example_branch_python_dop_operator_3.py
[2023-05-10 21:06:49,406] {logging_mixin.py:115} INFO - [2023-05-10 21:06:49,406] {dag.py:2379} INFO - Sync 1 DAGs
[2023-05-10 21:06:49,427] {logging_mixin.py:115} INFO - [2023-05-10 21:06:49,427] {dag.py:2927} INFO - Setting next_dagrun for example_branch_dop_operator_v3 to 2023-05-11T00:05:00+00:00, run_after=2023-05-11T00:06:00+00:00
[2023-05-10 21:06:49,440] {processor.py:161} INFO - Processing /home/v/Documents/iac-airflow-dev/dags/venv/lib/python3.9/site-packages/airflow/example_dags/example_branch_python_dop_operator_3.py took 0.064 seconds
[2023-05-10 21:07:24,187] {processor.py:153} INFO - Started process (PID=93999) to work on /home/v/Documents/iac-airflow-dev/dags/venv/lib/python3.9/site-packages/airflow/example_dags/example_branch_python_dop_operator_3.py
[2023-05-10 21:07:24,188] {processor.py:641} INFO - Processing file /home/v/Documents/iac-airflow-dev/dags/venv/lib/python3.9/site-packages/airflow/example_dags/example_branch_python_dop_operator_3.py for tasks to queue
[2023-05-10 21:07:24,188] {logging_mixin.py:115} INFO - [2023-05-10 21:07:24,188] {dagbag.py:507} INFO - Filling up the DagBag from /home/v/Documents/iac-airflow-dev/dags/venv/lib/python3.9/site-packages/airflow/example_dags/example_branch_python_dop_operator_3.py
[2023-05-10 21:07:24,199] {processor.py:651} INFO - DAG(s) dict_keys(['example_branch_dop_operator_v3']) retrieved from /home/v/Documents/iac-airflow-dev/dags/venv/lib/python3.9/site-packages/airflow/example_dags/example_branch_python_dop_operator_3.py
[2023-05-10 21:07:24,215] {logging_mixin.py:115} INFO - [2023-05-10 21:07:24,215] {dag.py:2379} INFO - Sync 1 DAGs
[2023-05-10 21:07:24,237] {logging_mixin.py:115} INFO - [2023-05-10 21:07:24,237] {dag.py:2927} INFO - Setting next_dagrun for example_branch_dop_operator_v3 to 2023-05-11T00:06:00+00:00, run_after=2023-05-11T00:07:00+00:00
[2023-05-10 21:07:24,250] {processor.py:161} INFO - Processing /home/v/Documents/iac-airflow-dev/dags/venv/lib/python3.9/site-packages/airflow/example_dags/example_branch_python_dop_operator_3.py took 0.067 seconds
