[2023-05-10 21:00:14,168] {processor.py:153} INFO - Started process (PID=92253) to work on /home/v/Documents/iac-airflow-dev/dags/venv/lib/python3.9/site-packages/airflow/example_dags/example_subdag_operator.py
[2023-05-10 21:00:14,168] {processor.py:641} INFO - Processing file /home/v/Documents/iac-airflow-dev/dags/venv/lib/python3.9/site-packages/airflow/example_dags/example_subdag_operator.py for tasks to queue
[2023-05-10 21:00:14,169] {logging_mixin.py:115} INFO - [2023-05-10 21:00:14,169] {dagbag.py:507} INFO - Filling up the DagBag from /home/v/Documents/iac-airflow-dev/dags/venv/lib/python3.9/site-packages/airflow/example_dags/example_subdag_operator.py
[2023-05-10 21:00:14,190] {processor.py:651} INFO - DAG(s) dict_keys(['example_subdag_operator.section-1', 'example_subdag_operator.section-2', 'example_subdag_operator']) retrieved from /home/v/Documents/iac-airflow-dev/dags/venv/lib/python3.9/site-packages/airflow/example_dags/example_subdag_operator.py
[2023-05-10 21:00:14,209] {logging_mixin.py:115} INFO - [2023-05-10 21:00:14,209] {dag.py:2379} INFO - Sync 3 DAGs
[2023-05-10 21:00:14,226] {logging_mixin.py:115} INFO - [2023-05-10 21:00:14,225] {dag.py:2927} INFO - Setting next_dagrun for example_subdag_operator to 2022-01-01T00:00:00+00:00, run_after=2022-01-01T00:00:00+00:00
[2023-05-10 21:00:14,226] {logging_mixin.py:115} INFO - [2023-05-10 21:00:14,226] {dag.py:2927} INFO - Setting next_dagrun for example_subdag_operator.section-1 to None, run_after=None
[2023-05-10 21:00:14,226] {logging_mixin.py:115} INFO - [2023-05-10 21:00:14,226] {dag.py:2927} INFO - Setting next_dagrun for example_subdag_operator.section-2 to None, run_after=None
[2023-05-10 21:00:14,231] {logging_mixin.py:115} INFO - [2023-05-10 21:00:14,231] {dag.py:2379} INFO - Sync 2 DAGs
[2023-05-10 21:00:14,234] {logging_mixin.py:115} INFO - [2023-05-10 21:00:14,234] {dag.py:2927} INFO - Setting next_dagrun for example_subdag_operator.section-1 to None, run_after=None
[2023-05-10 21:00:14,235] {logging_mixin.py:115} INFO - [2023-05-10 21:00:14,235] {dag.py:2927} INFO - Setting next_dagrun for example_subdag_operator.section-2 to None, run_after=None
[2023-05-10 21:00:14,245] {processor.py:161} INFO - Processing /home/v/Documents/iac-airflow-dev/dags/venv/lib/python3.9/site-packages/airflow/example_dags/example_subdag_operator.py took 0.081 seconds
[2023-05-10 21:00:46,798] {processor.py:153} INFO - Started process (PID=92362) to work on /home/v/Documents/iac-airflow-dev/dags/venv/lib/python3.9/site-packages/airflow/example_dags/example_subdag_operator.py
[2023-05-10 21:00:46,798] {processor.py:641} INFO - Processing file /home/v/Documents/iac-airflow-dev/dags/venv/lib/python3.9/site-packages/airflow/example_dags/example_subdag_operator.py for tasks to queue
[2023-05-10 21:00:46,799] {logging_mixin.py:115} INFO - [2023-05-10 21:00:46,798] {dagbag.py:507} INFO - Filling up the DagBag from /home/v/Documents/iac-airflow-dev/dags/venv/lib/python3.9/site-packages/airflow/example_dags/example_subdag_operator.py
[2023-05-10 21:00:46,820] {processor.py:651} INFO - DAG(s) dict_keys(['example_subdag_operator.section-1', 'example_subdag_operator.section-2', 'example_subdag_operator']) retrieved from /home/v/Documents/iac-airflow-dev/dags/venv/lib/python3.9/site-packages/airflow/example_dags/example_subdag_operator.py
[2023-05-10 21:00:46,839] {logging_mixin.py:115} INFO - [2023-05-10 21:00:46,839] {dag.py:2379} INFO - Sync 3 DAGs
[2023-05-10 21:00:46,855] {logging_mixin.py:115} INFO - [2023-05-10 21:00:46,855] {dag.py:2927} INFO - Setting next_dagrun for example_subdag_operator to 2022-01-01T00:00:00+00:00, run_after=2022-01-01T00:00:00+00:00
[2023-05-10 21:00:46,856] {logging_mixin.py:115} INFO - [2023-05-10 21:00:46,855] {dag.py:2927} INFO - Setting next_dagrun for example_subdag_operator.section-1 to None, run_after=None
[2023-05-10 21:00:46,856] {logging_mixin.py:115} INFO - [2023-05-10 21:00:46,856] {dag.py:2927} INFO - Setting next_dagrun for example_subdag_operator.section-2 to None, run_after=None
[2023-05-10 21:00:46,860] {logging_mixin.py:115} INFO - [2023-05-10 21:00:46,860] {dag.py:2379} INFO - Sync 2 DAGs
[2023-05-10 21:00:46,864] {logging_mixin.py:115} INFO - [2023-05-10 21:00:46,864] {dag.py:2927} INFO - Setting next_dagrun for example_subdag_operator.section-1 to None, run_after=None
[2023-05-10 21:00:46,864] {logging_mixin.py:115} INFO - [2023-05-10 21:00:46,864] {dag.py:2927} INFO - Setting next_dagrun for example_subdag_operator.section-2 to None, run_after=None
[2023-05-10 21:00:46,875] {processor.py:161} INFO - Processing /home/v/Documents/iac-airflow-dev/dags/venv/lib/python3.9/site-packages/airflow/example_dags/example_subdag_operator.py took 0.080 seconds
[2023-05-10 21:01:21,702] {processor.py:153} INFO - Started process (PID=92480) to work on /home/v/Documents/iac-airflow-dev/dags/venv/lib/python3.9/site-packages/airflow/example_dags/example_subdag_operator.py
[2023-05-10 21:01:21,703] {processor.py:641} INFO - Processing file /home/v/Documents/iac-airflow-dev/dags/venv/lib/python3.9/site-packages/airflow/example_dags/example_subdag_operator.py for tasks to queue
[2023-05-10 21:01:21,703] {logging_mixin.py:115} INFO - [2023-05-10 21:01:21,703] {dagbag.py:507} INFO - Filling up the DagBag from /home/v/Documents/iac-airflow-dev/dags/venv/lib/python3.9/site-packages/airflow/example_dags/example_subdag_operator.py
[2023-05-10 21:01:21,724] {processor.py:651} INFO - DAG(s) dict_keys(['example_subdag_operator.section-1', 'example_subdag_operator.section-2', 'example_subdag_operator']) retrieved from /home/v/Documents/iac-airflow-dev/dags/venv/lib/python3.9/site-packages/airflow/example_dags/example_subdag_operator.py
[2023-05-10 21:01:21,741] {logging_mixin.py:115} INFO - [2023-05-10 21:01:21,741] {dag.py:2379} INFO - Sync 3 DAGs
[2023-05-10 21:01:21,755] {logging_mixin.py:115} INFO - [2023-05-10 21:01:21,755] {dag.py:2927} INFO - Setting next_dagrun for example_subdag_operator to 2022-01-01T00:00:00+00:00, run_after=2022-01-01T00:00:00+00:00
[2023-05-10 21:01:21,755] {logging_mixin.py:115} INFO - [2023-05-10 21:01:21,755] {dag.py:2927} INFO - Setting next_dagrun for example_subdag_operator.section-1 to None, run_after=None
[2023-05-10 21:01:21,755] {logging_mixin.py:115} INFO - [2023-05-10 21:01:21,755] {dag.py:2927} INFO - Setting next_dagrun for example_subdag_operator.section-2 to None, run_after=None
[2023-05-10 21:01:21,760] {logging_mixin.py:115} INFO - [2023-05-10 21:01:21,760] {dag.py:2379} INFO - Sync 2 DAGs
[2023-05-10 21:01:21,763] {logging_mixin.py:115} INFO - [2023-05-10 21:01:21,763] {dag.py:2927} INFO - Setting next_dagrun for example_subdag_operator.section-1 to None, run_after=None
[2023-05-10 21:01:21,763] {logging_mixin.py:115} INFO - [2023-05-10 21:01:21,763] {dag.py:2927} INFO - Setting next_dagrun for example_subdag_operator.section-2 to None, run_after=None
[2023-05-10 21:01:21,773] {processor.py:161} INFO - Processing /home/v/Documents/iac-airflow-dev/dags/venv/lib/python3.9/site-packages/airflow/example_dags/example_subdag_operator.py took 0.074 seconds
[2023-05-10 21:01:56,103] {processor.py:153} INFO - Started process (PID=92633) to work on /home/v/Documents/iac-airflow-dev/dags/venv/lib/python3.9/site-packages/airflow/example_dags/example_subdag_operator.py
[2023-05-10 21:01:56,103] {processor.py:641} INFO - Processing file /home/v/Documents/iac-airflow-dev/dags/venv/lib/python3.9/site-packages/airflow/example_dags/example_subdag_operator.py for tasks to queue
[2023-05-10 21:01:56,104] {logging_mixin.py:115} INFO - [2023-05-10 21:01:56,104] {dagbag.py:507} INFO - Filling up the DagBag from /home/v/Documents/iac-airflow-dev/dags/venv/lib/python3.9/site-packages/airflow/example_dags/example_subdag_operator.py
[2023-05-10 21:01:56,124] {processor.py:651} INFO - DAG(s) dict_keys(['example_subdag_operator.section-1', 'example_subdag_operator.section-2', 'example_subdag_operator']) retrieved from /home/v/Documents/iac-airflow-dev/dags/venv/lib/python3.9/site-packages/airflow/example_dags/example_subdag_operator.py
[2023-05-10 21:01:56,142] {logging_mixin.py:115} INFO - [2023-05-10 21:01:56,142] {dag.py:2379} INFO - Sync 3 DAGs
[2023-05-10 21:01:56,161] {logging_mixin.py:115} INFO - [2023-05-10 21:01:56,161] {dag.py:2927} INFO - Setting next_dagrun for example_subdag_operator to 2022-01-01T00:00:00+00:00, run_after=2022-01-01T00:00:00+00:00
[2023-05-10 21:01:56,161] {logging_mixin.py:115} INFO - [2023-05-10 21:01:56,161] {dag.py:2927} INFO - Setting next_dagrun for example_subdag_operator.section-1 to None, run_after=None
[2023-05-10 21:01:56,161] {logging_mixin.py:115} INFO - [2023-05-10 21:01:56,161] {dag.py:2927} INFO - Setting next_dagrun for example_subdag_operator.section-2 to None, run_after=None
[2023-05-10 21:01:56,166] {logging_mixin.py:115} INFO - [2023-05-10 21:01:56,166] {dag.py:2379} INFO - Sync 2 DAGs
[2023-05-10 21:01:56,170] {logging_mixin.py:115} INFO - [2023-05-10 21:01:56,170] {dag.py:2927} INFO - Setting next_dagrun for example_subdag_operator.section-1 to None, run_after=None
[2023-05-10 21:01:56,170] {logging_mixin.py:115} INFO - [2023-05-10 21:01:56,170] {dag.py:2927} INFO - Setting next_dagrun for example_subdag_operator.section-2 to None, run_after=None
[2023-05-10 21:01:56,180] {processor.py:161} INFO - Processing /home/v/Documents/iac-airflow-dev/dags/venv/lib/python3.9/site-packages/airflow/example_dags/example_subdag_operator.py took 0.080 seconds
[2023-05-10 21:02:33,819] {processor.py:153} INFO - Started process (PID=92825) to work on /home/v/Documents/iac-airflow-dev/dags/venv/lib/python3.9/site-packages/airflow/example_dags/example_subdag_operator.py
[2023-05-10 21:02:33,820] {processor.py:641} INFO - Processing file /home/v/Documents/iac-airflow-dev/dags/venv/lib/python3.9/site-packages/airflow/example_dags/example_subdag_operator.py for tasks to queue
[2023-05-10 21:02:33,820] {logging_mixin.py:115} INFO - [2023-05-10 21:02:33,820] {dagbag.py:507} INFO - Filling up the DagBag from /home/v/Documents/iac-airflow-dev/dags/venv/lib/python3.9/site-packages/airflow/example_dags/example_subdag_operator.py
[2023-05-10 21:02:33,842] {processor.py:651} INFO - DAG(s) dict_keys(['example_subdag_operator.section-1', 'example_subdag_operator.section-2', 'example_subdag_operator']) retrieved from /home/v/Documents/iac-airflow-dev/dags/venv/lib/python3.9/site-packages/airflow/example_dags/example_subdag_operator.py
[2023-05-10 21:02:33,860] {logging_mixin.py:115} INFO - [2023-05-10 21:02:33,860] {dag.py:2379} INFO - Sync 3 DAGs
[2023-05-10 21:02:33,875] {logging_mixin.py:115} INFO - [2023-05-10 21:02:33,875] {dag.py:2927} INFO - Setting next_dagrun for example_subdag_operator to 2022-01-01T00:00:00+00:00, run_after=2022-01-01T00:00:00+00:00
[2023-05-10 21:02:33,876] {logging_mixin.py:115} INFO - [2023-05-10 21:02:33,876] {dag.py:2927} INFO - Setting next_dagrun for example_subdag_operator.section-1 to None, run_after=None
[2023-05-10 21:02:33,876] {logging_mixin.py:115} INFO - [2023-05-10 21:02:33,876] {dag.py:2927} INFO - Setting next_dagrun for example_subdag_operator.section-2 to None, run_after=None
[2023-05-10 21:02:33,880] {logging_mixin.py:115} INFO - [2023-05-10 21:02:33,880] {dag.py:2379} INFO - Sync 2 DAGs
[2023-05-10 21:02:33,884] {logging_mixin.py:115} INFO - [2023-05-10 21:02:33,884] {dag.py:2927} INFO - Setting next_dagrun for example_subdag_operator.section-1 to None, run_after=None
[2023-05-10 21:02:33,884] {logging_mixin.py:115} INFO - [2023-05-10 21:02:33,884] {dag.py:2927} INFO - Setting next_dagrun for example_subdag_operator.section-2 to None, run_after=None
[2023-05-10 21:02:33,893] {processor.py:161} INFO - Processing /home/v/Documents/iac-airflow-dev/dags/venv/lib/python3.9/site-packages/airflow/example_dags/example_subdag_operator.py took 0.078 seconds
[2023-05-10 21:03:08,927] {processor.py:153} INFO - Started process (PID=93029) to work on /home/v/Documents/iac-airflow-dev/dags/venv/lib/python3.9/site-packages/airflow/example_dags/example_subdag_operator.py
[2023-05-10 21:03:08,927] {processor.py:641} INFO - Processing file /home/v/Documents/iac-airflow-dev/dags/venv/lib/python3.9/site-packages/airflow/example_dags/example_subdag_operator.py for tasks to queue
[2023-05-10 21:03:08,928] {logging_mixin.py:115} INFO - [2023-05-10 21:03:08,928] {dagbag.py:507} INFO - Filling up the DagBag from /home/v/Documents/iac-airflow-dev/dags/venv/lib/python3.9/site-packages/airflow/example_dags/example_subdag_operator.py
[2023-05-10 21:03:08,947] {processor.py:651} INFO - DAG(s) dict_keys(['example_subdag_operator.section-1', 'example_subdag_operator.section-2', 'example_subdag_operator']) retrieved from /home/v/Documents/iac-airflow-dev/dags/venv/lib/python3.9/site-packages/airflow/example_dags/example_subdag_operator.py
[2023-05-10 21:03:08,964] {logging_mixin.py:115} INFO - [2023-05-10 21:03:08,964] {dag.py:2379} INFO - Sync 3 DAGs
[2023-05-10 21:03:08,980] {logging_mixin.py:115} INFO - [2023-05-10 21:03:08,980] {dag.py:2927} INFO - Setting next_dagrun for example_subdag_operator to 2022-01-01T00:00:00+00:00, run_after=2022-01-01T00:00:00+00:00
[2023-05-10 21:03:08,980] {logging_mixin.py:115} INFO - [2023-05-10 21:03:08,980] {dag.py:2927} INFO - Setting next_dagrun for example_subdag_operator.section-1 to None, run_after=None
[2023-05-10 21:03:08,981] {logging_mixin.py:115} INFO - [2023-05-10 21:03:08,980] {dag.py:2927} INFO - Setting next_dagrun for example_subdag_operator.section-2 to None, run_after=None
[2023-05-10 21:03:08,985] {logging_mixin.py:115} INFO - [2023-05-10 21:03:08,985] {dag.py:2379} INFO - Sync 2 DAGs
[2023-05-10 21:03:08,989] {logging_mixin.py:115} INFO - [2023-05-10 21:03:08,989] {dag.py:2927} INFO - Setting next_dagrun for example_subdag_operator.section-1 to None, run_after=None
[2023-05-10 21:03:08,989] {logging_mixin.py:115} INFO - [2023-05-10 21:03:08,989] {dag.py:2927} INFO - Setting next_dagrun for example_subdag_operator.section-2 to None, run_after=None
[2023-05-10 21:03:08,999] {processor.py:161} INFO - Processing /home/v/Documents/iac-airflow-dev/dags/venv/lib/python3.9/site-packages/airflow/example_dags/example_subdag_operator.py took 0.076 seconds
[2023-05-10 21:03:44,342] {processor.py:153} INFO - Started process (PID=93134) to work on /home/v/Documents/iac-airflow-dev/dags/venv/lib/python3.9/site-packages/airflow/example_dags/example_subdag_operator.py
[2023-05-10 21:03:44,343] {processor.py:641} INFO - Processing file /home/v/Documents/iac-airflow-dev/dags/venv/lib/python3.9/site-packages/airflow/example_dags/example_subdag_operator.py for tasks to queue
[2023-05-10 21:03:44,343] {logging_mixin.py:115} INFO - [2023-05-10 21:03:44,343] {dagbag.py:507} INFO - Filling up the DagBag from /home/v/Documents/iac-airflow-dev/dags/venv/lib/python3.9/site-packages/airflow/example_dags/example_subdag_operator.py
[2023-05-10 21:03:44,365] {processor.py:651} INFO - DAG(s) dict_keys(['example_subdag_operator.section-1', 'example_subdag_operator.section-2', 'example_subdag_operator']) retrieved from /home/v/Documents/iac-airflow-dev/dags/venv/lib/python3.9/site-packages/airflow/example_dags/example_subdag_operator.py
[2023-05-10 21:03:44,384] {logging_mixin.py:115} INFO - [2023-05-10 21:03:44,384] {dag.py:2379} INFO - Sync 3 DAGs
[2023-05-10 21:03:44,407] {logging_mixin.py:115} INFO - [2023-05-10 21:03:44,406] {dag.py:2927} INFO - Setting next_dagrun for example_subdag_operator to 2022-01-01T00:00:00+00:00, run_after=2022-01-01T00:00:00+00:00
[2023-05-10 21:03:44,407] {logging_mixin.py:115} INFO - [2023-05-10 21:03:44,407] {dag.py:2927} INFO - Setting next_dagrun for example_subdag_operator.section-1 to None, run_after=None
[2023-05-10 21:03:44,407] {logging_mixin.py:115} INFO - [2023-05-10 21:03:44,407] {dag.py:2927} INFO - Setting next_dagrun for example_subdag_operator.section-2 to None, run_after=None
[2023-05-10 21:03:44,415] {logging_mixin.py:115} INFO - [2023-05-10 21:03:44,415] {dag.py:2379} INFO - Sync 2 DAGs
[2023-05-10 21:03:44,421] {logging_mixin.py:115} INFO - [2023-05-10 21:03:44,421] {dag.py:2927} INFO - Setting next_dagrun for example_subdag_operator.section-1 to None, run_after=None
[2023-05-10 21:03:44,421] {logging_mixin.py:115} INFO - [2023-05-10 21:03:44,421] {dag.py:2927} INFO - Setting next_dagrun for example_subdag_operator.section-2 to None, run_after=None
[2023-05-10 21:03:44,435] {processor.py:161} INFO - Processing /home/v/Documents/iac-airflow-dev/dags/venv/lib/python3.9/site-packages/airflow/example_dags/example_subdag_operator.py took 0.096 seconds
[2023-05-10 21:04:21,903] {processor.py:153} INFO - Started process (PID=93277) to work on /home/v/Documents/iac-airflow-dev/dags/venv/lib/python3.9/site-packages/airflow/example_dags/example_subdag_operator.py
[2023-05-10 21:04:21,903] {processor.py:641} INFO - Processing file /home/v/Documents/iac-airflow-dev/dags/venv/lib/python3.9/site-packages/airflow/example_dags/example_subdag_operator.py for tasks to queue
[2023-05-10 21:04:21,904] {logging_mixin.py:115} INFO - [2023-05-10 21:04:21,904] {dagbag.py:507} INFO - Filling up the DagBag from /home/v/Documents/iac-airflow-dev/dags/venv/lib/python3.9/site-packages/airflow/example_dags/example_subdag_operator.py
[2023-05-10 21:04:21,925] {processor.py:651} INFO - DAG(s) dict_keys(['example_subdag_operator.section-1', 'example_subdag_operator.section-2', 'example_subdag_operator']) retrieved from /home/v/Documents/iac-airflow-dev/dags/venv/lib/python3.9/site-packages/airflow/example_dags/example_subdag_operator.py
[2023-05-10 21:04:21,943] {logging_mixin.py:115} INFO - [2023-05-10 21:04:21,943] {dag.py:2379} INFO - Sync 3 DAGs
[2023-05-10 21:04:21,959] {logging_mixin.py:115} INFO - [2023-05-10 21:04:21,959] {dag.py:2927} INFO - Setting next_dagrun for example_subdag_operator to 2022-01-01T00:00:00+00:00, run_after=2022-01-01T00:00:00+00:00
[2023-05-10 21:04:21,959] {logging_mixin.py:115} INFO - [2023-05-10 21:04:21,959] {dag.py:2927} INFO - Setting next_dagrun for example_subdag_operator.section-1 to None, run_after=None
[2023-05-10 21:04:21,959] {logging_mixin.py:115} INFO - [2023-05-10 21:04:21,959] {dag.py:2927} INFO - Setting next_dagrun for example_subdag_operator.section-2 to None, run_after=None
[2023-05-10 21:04:21,964] {logging_mixin.py:115} INFO - [2023-05-10 21:04:21,964] {dag.py:2379} INFO - Sync 2 DAGs
[2023-05-10 21:04:21,968] {logging_mixin.py:115} INFO - [2023-05-10 21:04:21,968] {dag.py:2927} INFO - Setting next_dagrun for example_subdag_operator.section-1 to None, run_after=None
[2023-05-10 21:04:21,968] {logging_mixin.py:115} INFO - [2023-05-10 21:04:21,968] {dag.py:2927} INFO - Setting next_dagrun for example_subdag_operator.section-2 to None, run_after=None
[2023-05-10 21:04:21,977] {processor.py:161} INFO - Processing /home/v/Documents/iac-airflow-dev/dags/venv/lib/python3.9/site-packages/airflow/example_dags/example_subdag_operator.py took 0.078 seconds
[2023-05-10 21:04:56,098] {processor.py:153} INFO - Started process (PID=93451) to work on /home/v/Documents/iac-airflow-dev/dags/venv/lib/python3.9/site-packages/airflow/example_dags/example_subdag_operator.py
[2023-05-10 21:04:56,099] {processor.py:641} INFO - Processing file /home/v/Documents/iac-airflow-dev/dags/venv/lib/python3.9/site-packages/airflow/example_dags/example_subdag_operator.py for tasks to queue
[2023-05-10 21:04:56,099] {logging_mixin.py:115} INFO - [2023-05-10 21:04:56,099] {dagbag.py:507} INFO - Filling up the DagBag from /home/v/Documents/iac-airflow-dev/dags/venv/lib/python3.9/site-packages/airflow/example_dags/example_subdag_operator.py
[2023-05-10 21:04:56,120] {processor.py:651} INFO - DAG(s) dict_keys(['example_subdag_operator.section-1', 'example_subdag_operator.section-2', 'example_subdag_operator']) retrieved from /home/v/Documents/iac-airflow-dev/dags/venv/lib/python3.9/site-packages/airflow/example_dags/example_subdag_operator.py
[2023-05-10 21:04:56,139] {logging_mixin.py:115} INFO - [2023-05-10 21:04:56,139] {dag.py:2379} INFO - Sync 3 DAGs
[2023-05-10 21:04:56,155] {logging_mixin.py:115} INFO - [2023-05-10 21:04:56,155] {dag.py:2927} INFO - Setting next_dagrun for example_subdag_operator to 2022-01-01T00:00:00+00:00, run_after=2022-01-01T00:00:00+00:00
[2023-05-10 21:04:56,155] {logging_mixin.py:115} INFO - [2023-05-10 21:04:56,155] {dag.py:2927} INFO - Setting next_dagrun for example_subdag_operator.section-1 to None, run_after=None
[2023-05-10 21:04:56,155] {logging_mixin.py:115} INFO - [2023-05-10 21:04:56,155] {dag.py:2927} INFO - Setting next_dagrun for example_subdag_operator.section-2 to None, run_after=None
[2023-05-10 21:04:56,160] {logging_mixin.py:115} INFO - [2023-05-10 21:04:56,160] {dag.py:2379} INFO - Sync 2 DAGs
[2023-05-10 21:04:56,164] {logging_mixin.py:115} INFO - [2023-05-10 21:04:56,164] {dag.py:2927} INFO - Setting next_dagrun for example_subdag_operator.section-1 to None, run_after=None
[2023-05-10 21:04:56,164] {logging_mixin.py:115} INFO - [2023-05-10 21:04:56,164] {dag.py:2927} INFO - Setting next_dagrun for example_subdag_operator.section-2 to None, run_after=None
[2023-05-10 21:04:56,173] {processor.py:161} INFO - Processing /home/v/Documents/iac-airflow-dev/dags/venv/lib/python3.9/site-packages/airflow/example_dags/example_subdag_operator.py took 0.079 seconds
[2023-05-10 21:05:30,289] {processor.py:153} INFO - Started process (PID=93576) to work on /home/v/Documents/iac-airflow-dev/dags/venv/lib/python3.9/site-packages/airflow/example_dags/example_subdag_operator.py
[2023-05-10 21:05:30,290] {processor.py:641} INFO - Processing file /home/v/Documents/iac-airflow-dev/dags/venv/lib/python3.9/site-packages/airflow/example_dags/example_subdag_operator.py for tasks to queue
[2023-05-10 21:05:30,291] {logging_mixin.py:115} INFO - [2023-05-10 21:05:30,291] {dagbag.py:507} INFO - Filling up the DagBag from /home/v/Documents/iac-airflow-dev/dags/venv/lib/python3.9/site-packages/airflow/example_dags/example_subdag_operator.py
[2023-05-10 21:05:30,311] {processor.py:651} INFO - DAG(s) dict_keys(['example_subdag_operator.section-1', 'example_subdag_operator.section-2', 'example_subdag_operator']) retrieved from /home/v/Documents/iac-airflow-dev/dags/venv/lib/python3.9/site-packages/airflow/example_dags/example_subdag_operator.py
[2023-05-10 21:05:30,330] {logging_mixin.py:115} INFO - [2023-05-10 21:05:30,330] {dag.py:2379} INFO - Sync 3 DAGs
[2023-05-10 21:05:30,346] {logging_mixin.py:115} INFO - [2023-05-10 21:05:30,346] {dag.py:2927} INFO - Setting next_dagrun for example_subdag_operator to 2022-01-01T00:00:00+00:00, run_after=2022-01-01T00:00:00+00:00
[2023-05-10 21:05:30,347] {logging_mixin.py:115} INFO - [2023-05-10 21:05:30,347] {dag.py:2927} INFO - Setting next_dagrun for example_subdag_operator.section-1 to None, run_after=None
[2023-05-10 21:05:30,347] {logging_mixin.py:115} INFO - [2023-05-10 21:05:30,347] {dag.py:2927} INFO - Setting next_dagrun for example_subdag_operator.section-2 to None, run_after=None
[2023-05-10 21:05:30,352] {logging_mixin.py:115} INFO - [2023-05-10 21:05:30,352] {dag.py:2379} INFO - Sync 2 DAGs
[2023-05-10 21:05:30,355] {logging_mixin.py:115} INFO - [2023-05-10 21:05:30,355] {dag.py:2927} INFO - Setting next_dagrun for example_subdag_operator.section-1 to None, run_after=None
[2023-05-10 21:05:30,355] {logging_mixin.py:115} INFO - [2023-05-10 21:05:30,355] {dag.py:2927} INFO - Setting next_dagrun for example_subdag_operator.section-2 to None, run_after=None
[2023-05-10 21:05:30,365] {processor.py:161} INFO - Processing /home/v/Documents/iac-airflow-dev/dags/venv/lib/python3.9/site-packages/airflow/example_dags/example_subdag_operator.py took 0.078 seconds
[2023-05-10 21:06:03,134] {processor.py:153} INFO - Started process (PID=93681) to work on /home/v/Documents/iac-airflow-dev/dags/venv/lib/python3.9/site-packages/airflow/example_dags/example_subdag_operator.py
[2023-05-10 21:06:03,135] {processor.py:641} INFO - Processing file /home/v/Documents/iac-airflow-dev/dags/venv/lib/python3.9/site-packages/airflow/example_dags/example_subdag_operator.py for tasks to queue
[2023-05-10 21:06:03,135] {logging_mixin.py:115} INFO - [2023-05-10 21:06:03,135] {dagbag.py:507} INFO - Filling up the DagBag from /home/v/Documents/iac-airflow-dev/dags/venv/lib/python3.9/site-packages/airflow/example_dags/example_subdag_operator.py
[2023-05-10 21:06:03,156] {processor.py:651} INFO - DAG(s) dict_keys(['example_subdag_operator.section-1', 'example_subdag_operator.section-2', 'example_subdag_operator']) retrieved from /home/v/Documents/iac-airflow-dev/dags/venv/lib/python3.9/site-packages/airflow/example_dags/example_subdag_operator.py
[2023-05-10 21:06:03,175] {logging_mixin.py:115} INFO - [2023-05-10 21:06:03,175] {dag.py:2379} INFO - Sync 3 DAGs
[2023-05-10 21:06:03,192] {logging_mixin.py:115} INFO - [2023-05-10 21:06:03,192] {dag.py:2927} INFO - Setting next_dagrun for example_subdag_operator to 2022-01-01T00:00:00+00:00, run_after=2022-01-01T00:00:00+00:00
[2023-05-10 21:06:03,192] {logging_mixin.py:115} INFO - [2023-05-10 21:06:03,192] {dag.py:2927} INFO - Setting next_dagrun for example_subdag_operator.section-1 to None, run_after=None
[2023-05-10 21:06:03,192] {logging_mixin.py:115} INFO - [2023-05-10 21:06:03,192] {dag.py:2927} INFO - Setting next_dagrun for example_subdag_operator.section-2 to None, run_after=None
[2023-05-10 21:06:03,197] {logging_mixin.py:115} INFO - [2023-05-10 21:06:03,197] {dag.py:2379} INFO - Sync 2 DAGs
[2023-05-10 21:06:03,200] {logging_mixin.py:115} INFO - [2023-05-10 21:06:03,200] {dag.py:2927} INFO - Setting next_dagrun for example_subdag_operator.section-1 to None, run_after=None
[2023-05-10 21:06:03,201] {logging_mixin.py:115} INFO - [2023-05-10 21:06:03,201] {dag.py:2927} INFO - Setting next_dagrun for example_subdag_operator.section-2 to None, run_after=None
[2023-05-10 21:06:03,212] {processor.py:161} INFO - Processing /home/v/Documents/iac-airflow-dev/dags/venv/lib/python3.9/site-packages/airflow/example_dags/example_subdag_operator.py took 0.081 seconds
[2023-05-10 21:06:37,830] {processor.py:153} INFO - Started process (PID=93799) to work on /home/v/Documents/iac-airflow-dev/dags/venv/lib/python3.9/site-packages/airflow/example_dags/example_subdag_operator.py
[2023-05-10 21:06:37,831] {processor.py:641} INFO - Processing file /home/v/Documents/iac-airflow-dev/dags/venv/lib/python3.9/site-packages/airflow/example_dags/example_subdag_operator.py for tasks to queue
[2023-05-10 21:06:37,831] {logging_mixin.py:115} INFO - [2023-05-10 21:06:37,831] {dagbag.py:507} INFO - Filling up the DagBag from /home/v/Documents/iac-airflow-dev/dags/venv/lib/python3.9/site-packages/airflow/example_dags/example_subdag_operator.py
[2023-05-10 21:06:37,852] {processor.py:651} INFO - DAG(s) dict_keys(['example_subdag_operator.section-1', 'example_subdag_operator.section-2', 'example_subdag_operator']) retrieved from /home/v/Documents/iac-airflow-dev/dags/venv/lib/python3.9/site-packages/airflow/example_dags/example_subdag_operator.py
[2023-05-10 21:06:37,870] {logging_mixin.py:115} INFO - [2023-05-10 21:06:37,870] {dag.py:2379} INFO - Sync 3 DAGs
[2023-05-10 21:06:37,886] {logging_mixin.py:115} INFO - [2023-05-10 21:06:37,886] {dag.py:2927} INFO - Setting next_dagrun for example_subdag_operator to 2022-01-01T00:00:00+00:00, run_after=2022-01-01T00:00:00+00:00
[2023-05-10 21:06:37,887] {logging_mixin.py:115} INFO - [2023-05-10 21:06:37,886] {dag.py:2927} INFO - Setting next_dagrun for example_subdag_operator.section-1 to None, run_after=None
[2023-05-10 21:06:37,887] {logging_mixin.py:115} INFO - [2023-05-10 21:06:37,887] {dag.py:2927} INFO - Setting next_dagrun for example_subdag_operator.section-2 to None, run_after=None
[2023-05-10 21:06:37,891] {logging_mixin.py:115} INFO - [2023-05-10 21:06:37,891] {dag.py:2379} INFO - Sync 2 DAGs
[2023-05-10 21:06:37,895] {logging_mixin.py:115} INFO - [2023-05-10 21:06:37,895] {dag.py:2927} INFO - Setting next_dagrun for example_subdag_operator.section-1 to None, run_after=None
[2023-05-10 21:06:37,895] {logging_mixin.py:115} INFO - [2023-05-10 21:06:37,895] {dag.py:2927} INFO - Setting next_dagrun for example_subdag_operator.section-2 to None, run_after=None
[2023-05-10 21:06:37,905] {processor.py:161} INFO - Processing /home/v/Documents/iac-airflow-dev/dags/venv/lib/python3.9/site-packages/airflow/example_dags/example_subdag_operator.py took 0.079 seconds
[2023-05-10 21:07:13,481] {processor.py:153} INFO - Started process (PID=93963) to work on /home/v/Documents/iac-airflow-dev/dags/venv/lib/python3.9/site-packages/airflow/example_dags/example_subdag_operator.py
[2023-05-10 21:07:13,482] {processor.py:641} INFO - Processing file /home/v/Documents/iac-airflow-dev/dags/venv/lib/python3.9/site-packages/airflow/example_dags/example_subdag_operator.py for tasks to queue
[2023-05-10 21:07:13,482] {logging_mixin.py:115} INFO - [2023-05-10 21:07:13,482] {dagbag.py:507} INFO - Filling up the DagBag from /home/v/Documents/iac-airflow-dev/dags/venv/lib/python3.9/site-packages/airflow/example_dags/example_subdag_operator.py
[2023-05-10 21:07:13,503] {processor.py:651} INFO - DAG(s) dict_keys(['example_subdag_operator.section-1', 'example_subdag_operator.section-2', 'example_subdag_operator']) retrieved from /home/v/Documents/iac-airflow-dev/dags/venv/lib/python3.9/site-packages/airflow/example_dags/example_subdag_operator.py
[2023-05-10 21:07:13,522] {logging_mixin.py:115} INFO - [2023-05-10 21:07:13,522] {dag.py:2379} INFO - Sync 3 DAGs
[2023-05-10 21:07:13,538] {logging_mixin.py:115} INFO - [2023-05-10 21:07:13,538] {dag.py:2927} INFO - Setting next_dagrun for example_subdag_operator to 2022-01-01T00:00:00+00:00, run_after=2022-01-01T00:00:00+00:00
[2023-05-10 21:07:13,538] {logging_mixin.py:115} INFO - [2023-05-10 21:07:13,538] {dag.py:2927} INFO - Setting next_dagrun for example_subdag_operator.section-1 to None, run_after=None
[2023-05-10 21:07:13,538] {logging_mixin.py:115} INFO - [2023-05-10 21:07:13,538] {dag.py:2927} INFO - Setting next_dagrun for example_subdag_operator.section-2 to None, run_after=None
[2023-05-10 21:07:13,543] {logging_mixin.py:115} INFO - [2023-05-10 21:07:13,543] {dag.py:2379} INFO - Sync 2 DAGs
[2023-05-10 21:07:13,547] {logging_mixin.py:115} INFO - [2023-05-10 21:07:13,547] {dag.py:2927} INFO - Setting next_dagrun for example_subdag_operator.section-1 to None, run_after=None
[2023-05-10 21:07:13,547] {logging_mixin.py:115} INFO - [2023-05-10 21:07:13,547] {dag.py:2927} INFO - Setting next_dagrun for example_subdag_operator.section-2 to None, run_after=None
[2023-05-10 21:07:13,556] {processor.py:161} INFO - Processing /home/v/Documents/iac-airflow-dev/dags/venv/lib/python3.9/site-packages/airflow/example_dags/example_subdag_operator.py took 0.079 seconds
