[2023-05-10 21:00:28,474] {processor.py:153} INFO - Started process (PID=92300) to work on /home/v/Documents/iac-airflow-dev/dags/venv/lib/python3.9/site-packages/airflow/example_dags/example_trigger_target_dag.py
[2023-05-10 21:00:28,475] {processor.py:641} INFO - Processing file /home/v/Documents/iac-airflow-dev/dags/venv/lib/python3.9/site-packages/airflow/example_dags/example_trigger_target_dag.py for tasks to queue
[2023-05-10 21:00:28,476] {logging_mixin.py:115} INFO - [2023-05-10 21:00:28,475] {dagbag.py:507} INFO - Filling up the DagBag from /home/v/Documents/iac-airflow-dev/dags/venv/lib/python3.9/site-packages/airflow/example_dags/example_trigger_target_dag.py
[2023-05-10 21:00:28,494] {processor.py:651} INFO - DAG(s) dict_keys(['example_trigger_target_dag']) retrieved from /home/v/Documents/iac-airflow-dev/dags/venv/lib/python3.9/site-packages/airflow/example_dags/example_trigger_target_dag.py
[2023-05-10 21:00:28,508] {logging_mixin.py:115} INFO - [2023-05-10 21:00:28,508] {dag.py:2379} INFO - Sync 1 DAGs
[2023-05-10 21:00:28,525] {logging_mixin.py:115} INFO - [2023-05-10 21:00:28,525] {dag.py:2927} INFO - Setting next_dagrun for example_trigger_target_dag to None, run_after=None
[2023-05-10 21:00:28,538] {processor.py:161} INFO - Processing /home/v/Documents/iac-airflow-dev/dags/venv/lib/python3.9/site-packages/airflow/example_dags/example_trigger_target_dag.py took 0.067 seconds
[2023-05-10 21:01:01,410] {processor.py:153} INFO - Started process (PID=92412) to work on /home/v/Documents/iac-airflow-dev/dags/venv/lib/python3.9/site-packages/airflow/example_dags/example_trigger_target_dag.py
[2023-05-10 21:01:01,410] {processor.py:641} INFO - Processing file /home/v/Documents/iac-airflow-dev/dags/venv/lib/python3.9/site-packages/airflow/example_dags/example_trigger_target_dag.py for tasks to queue
[2023-05-10 21:01:01,411] {logging_mixin.py:115} INFO - [2023-05-10 21:01:01,411] {dagbag.py:507} INFO - Filling up the DagBag from /home/v/Documents/iac-airflow-dev/dags/venv/lib/python3.9/site-packages/airflow/example_dags/example_trigger_target_dag.py
[2023-05-10 21:01:01,428] {processor.py:651} INFO - DAG(s) dict_keys(['example_trigger_target_dag']) retrieved from /home/v/Documents/iac-airflow-dev/dags/venv/lib/python3.9/site-packages/airflow/example_dags/example_trigger_target_dag.py
[2023-05-10 21:01:01,443] {logging_mixin.py:115} INFO - [2023-05-10 21:01:01,443] {dag.py:2379} INFO - Sync 1 DAGs
[2023-05-10 21:01:01,459] {logging_mixin.py:115} INFO - [2023-05-10 21:01:01,459] {dag.py:2927} INFO - Setting next_dagrun for example_trigger_target_dag to None, run_after=None
[2023-05-10 21:01:01,473] {processor.py:161} INFO - Processing /home/v/Documents/iac-airflow-dev/dags/venv/lib/python3.9/site-packages/airflow/example_dags/example_trigger_target_dag.py took 0.066 seconds
[2023-05-10 21:01:36,622] {processor.py:153} INFO - Started process (PID=92527) to work on /home/v/Documents/iac-airflow-dev/dags/venv/lib/python3.9/site-packages/airflow/example_dags/example_trigger_target_dag.py
[2023-05-10 21:01:36,623] {processor.py:641} INFO - Processing file /home/v/Documents/iac-airflow-dev/dags/venv/lib/python3.9/site-packages/airflow/example_dags/example_trigger_target_dag.py for tasks to queue
[2023-05-10 21:01:36,624] {logging_mixin.py:115} INFO - [2023-05-10 21:01:36,624] {dagbag.py:507} INFO - Filling up the DagBag from /home/v/Documents/iac-airflow-dev/dags/venv/lib/python3.9/site-packages/airflow/example_dags/example_trigger_target_dag.py
[2023-05-10 21:01:36,641] {processor.py:651} INFO - DAG(s) dict_keys(['example_trigger_target_dag']) retrieved from /home/v/Documents/iac-airflow-dev/dags/venv/lib/python3.9/site-packages/airflow/example_dags/example_trigger_target_dag.py
[2023-05-10 21:01:36,657] {logging_mixin.py:115} INFO - [2023-05-10 21:01:36,656] {dag.py:2379} INFO - Sync 1 DAGs
[2023-05-10 21:01:36,674] {logging_mixin.py:115} INFO - [2023-05-10 21:01:36,673] {dag.py:2927} INFO - Setting next_dagrun for example_trigger_target_dag to None, run_after=None
[2023-05-10 21:01:36,688] {processor.py:161} INFO - Processing /home/v/Documents/iac-airflow-dev/dags/venv/lib/python3.9/site-packages/airflow/example_dags/example_trigger_target_dag.py took 0.068 seconds
[2023-05-10 21:02:09,290] {processor.py:153} INFO - Started process (PID=92690) to work on /home/v/Documents/iac-airflow-dev/dags/venv/lib/python3.9/site-packages/airflow/example_dags/example_trigger_target_dag.py
[2023-05-10 21:02:09,291] {processor.py:641} INFO - Processing file /home/v/Documents/iac-airflow-dev/dags/venv/lib/python3.9/site-packages/airflow/example_dags/example_trigger_target_dag.py for tasks to queue
[2023-05-10 21:02:09,291] {logging_mixin.py:115} INFO - [2023-05-10 21:02:09,291] {dagbag.py:507} INFO - Filling up the DagBag from /home/v/Documents/iac-airflow-dev/dags/venv/lib/python3.9/site-packages/airflow/example_dags/example_trigger_target_dag.py
[2023-05-10 21:02:09,306] {processor.py:651} INFO - DAG(s) dict_keys(['example_trigger_target_dag']) retrieved from /home/v/Documents/iac-airflow-dev/dags/venv/lib/python3.9/site-packages/airflow/example_dags/example_trigger_target_dag.py
[2023-05-10 21:02:09,320] {logging_mixin.py:115} INFO - [2023-05-10 21:02:09,320] {dag.py:2379} INFO - Sync 1 DAGs
[2023-05-10 21:02:09,335] {logging_mixin.py:115} INFO - [2023-05-10 21:02:09,335] {dag.py:2927} INFO - Setting next_dagrun for example_trigger_target_dag to None, run_after=None
[2023-05-10 21:02:09,347] {processor.py:161} INFO - Processing /home/v/Documents/iac-airflow-dev/dags/venv/lib/python3.9/site-packages/airflow/example_dags/example_trigger_target_dag.py took 0.059 seconds
[2023-05-10 21:02:42,826] {processor.py:153} INFO - Started process (PID=92908) to work on /home/v/Documents/iac-airflow-dev/dags/venv/lib/python3.9/site-packages/airflow/example_dags/example_trigger_target_dag.py
[2023-05-10 21:02:42,827] {processor.py:641} INFO - Processing file /home/v/Documents/iac-airflow-dev/dags/venv/lib/python3.9/site-packages/airflow/example_dags/example_trigger_target_dag.py for tasks to queue
[2023-05-10 21:02:42,828] {logging_mixin.py:115} INFO - [2023-05-10 21:02:42,827] {dagbag.py:507} INFO - Filling up the DagBag from /home/v/Documents/iac-airflow-dev/dags/venv/lib/python3.9/site-packages/airflow/example_dags/example_trigger_target_dag.py
[2023-05-10 21:02:42,845] {processor.py:651} INFO - DAG(s) dict_keys(['example_trigger_target_dag']) retrieved from /home/v/Documents/iac-airflow-dev/dags/venv/lib/python3.9/site-packages/airflow/example_dags/example_trigger_target_dag.py
[2023-05-10 21:02:42,860] {logging_mixin.py:115} INFO - [2023-05-10 21:02:42,859] {dag.py:2379} INFO - Sync 1 DAGs
[2023-05-10 21:02:42,876] {logging_mixin.py:115} INFO - [2023-05-10 21:02:42,876] {dag.py:2927} INFO - Setting next_dagrun for example_trigger_target_dag to None, run_after=None
[2023-05-10 21:02:42,889] {processor.py:161} INFO - Processing /home/v/Documents/iac-airflow-dev/dags/venv/lib/python3.9/site-packages/airflow/example_dags/example_trigger_target_dag.py took 0.065 seconds
[2023-05-10 21:03:17,449] {processor.py:153} INFO - Started process (PID=93059) to work on /home/v/Documents/iac-airflow-dev/dags/venv/lib/python3.9/site-packages/airflow/example_dags/example_trigger_target_dag.py
[2023-05-10 21:03:17,450] {processor.py:641} INFO - Processing file /home/v/Documents/iac-airflow-dev/dags/venv/lib/python3.9/site-packages/airflow/example_dags/example_trigger_target_dag.py for tasks to queue
[2023-05-10 21:03:17,450] {logging_mixin.py:115} INFO - [2023-05-10 21:03:17,450] {dagbag.py:507} INFO - Filling up the DagBag from /home/v/Documents/iac-airflow-dev/dags/venv/lib/python3.9/site-packages/airflow/example_dags/example_trigger_target_dag.py
[2023-05-10 21:03:17,467] {processor.py:651} INFO - DAG(s) dict_keys(['example_trigger_target_dag']) retrieved from /home/v/Documents/iac-airflow-dev/dags/venv/lib/python3.9/site-packages/airflow/example_dags/example_trigger_target_dag.py
[2023-05-10 21:03:17,480] {logging_mixin.py:115} INFO - [2023-05-10 21:03:17,480] {dag.py:2379} INFO - Sync 1 DAGs
[2023-05-10 21:03:17,495] {logging_mixin.py:115} INFO - [2023-05-10 21:03:17,495] {dag.py:2927} INFO - Setting next_dagrun for example_trigger_target_dag to None, run_after=None
[2023-05-10 21:03:17,508] {processor.py:161} INFO - Processing /home/v/Documents/iac-airflow-dev/dags/venv/lib/python3.9/site-packages/airflow/example_dags/example_trigger_target_dag.py took 0.061 seconds
[2023-05-10 21:03:53,498] {processor.py:153} INFO - Started process (PID=93174) to work on /home/v/Documents/iac-airflow-dev/dags/venv/lib/python3.9/site-packages/airflow/example_dags/example_trigger_target_dag.py
[2023-05-10 21:03:53,499] {processor.py:641} INFO - Processing file /home/v/Documents/iac-airflow-dev/dags/venv/lib/python3.9/site-packages/airflow/example_dags/example_trigger_target_dag.py for tasks to queue
[2023-05-10 21:03:53,500] {logging_mixin.py:115} INFO - [2023-05-10 21:03:53,500] {dagbag.py:507} INFO - Filling up the DagBag from /home/v/Documents/iac-airflow-dev/dags/venv/lib/python3.9/site-packages/airflow/example_dags/example_trigger_target_dag.py
[2023-05-10 21:03:53,524] {processor.py:651} INFO - DAG(s) dict_keys(['example_trigger_target_dag']) retrieved from /home/v/Documents/iac-airflow-dev/dags/venv/lib/python3.9/site-packages/airflow/example_dags/example_trigger_target_dag.py
[2023-05-10 21:03:53,539] {logging_mixin.py:115} INFO - [2023-05-10 21:03:53,539] {dag.py:2379} INFO - Sync 1 DAGs
[2023-05-10 21:03:53,554] {logging_mixin.py:115} INFO - [2023-05-10 21:03:53,554] {dag.py:2927} INFO - Setting next_dagrun for example_trigger_target_dag to None, run_after=None
[2023-05-10 21:03:53,566] {processor.py:161} INFO - Processing /home/v/Documents/iac-airflow-dev/dags/venv/lib/python3.9/site-packages/airflow/example_dags/example_trigger_target_dag.py took 0.072 seconds
[2023-05-10 21:04:26,958] {processor.py:153} INFO - Started process (PID=93289) to work on /home/v/Documents/iac-airflow-dev/dags/venv/lib/python3.9/site-packages/airflow/example_dags/example_trigger_target_dag.py
[2023-05-10 21:04:26,958] {processor.py:641} INFO - Processing file /home/v/Documents/iac-airflow-dev/dags/venv/lib/python3.9/site-packages/airflow/example_dags/example_trigger_target_dag.py for tasks to queue
[2023-05-10 21:04:26,959] {logging_mixin.py:115} INFO - [2023-05-10 21:04:26,959] {dagbag.py:507} INFO - Filling up the DagBag from /home/v/Documents/iac-airflow-dev/dags/venv/lib/python3.9/site-packages/airflow/example_dags/example_trigger_target_dag.py
[2023-05-10 21:04:26,976] {processor.py:651} INFO - DAG(s) dict_keys(['example_trigger_target_dag']) retrieved from /home/v/Documents/iac-airflow-dev/dags/venv/lib/python3.9/site-packages/airflow/example_dags/example_trigger_target_dag.py
[2023-05-10 21:04:26,991] {logging_mixin.py:115} INFO - [2023-05-10 21:04:26,990] {dag.py:2379} INFO - Sync 1 DAGs
[2023-05-10 21:04:27,007] {logging_mixin.py:115} INFO - [2023-05-10 21:04:27,007] {dag.py:2927} INFO - Setting next_dagrun for example_trigger_target_dag to None, run_after=None
[2023-05-10 21:04:27,021] {processor.py:161} INFO - Processing /home/v/Documents/iac-airflow-dev/dags/venv/lib/python3.9/site-packages/airflow/example_dags/example_trigger_target_dag.py took 0.067 seconds
[2023-05-10 21:05:01,137] {processor.py:153} INFO - Started process (PID=93461) to work on /home/v/Documents/iac-airflow-dev/dags/venv/lib/python3.9/site-packages/airflow/example_dags/example_trigger_target_dag.py
[2023-05-10 21:05:01,140] {processor.py:641} INFO - Processing file /home/v/Documents/iac-airflow-dev/dags/venv/lib/python3.9/site-packages/airflow/example_dags/example_trigger_target_dag.py for tasks to queue
[2023-05-10 21:05:01,141] {logging_mixin.py:115} INFO - [2023-05-10 21:05:01,141] {dagbag.py:507} INFO - Filling up the DagBag from /home/v/Documents/iac-airflow-dev/dags/venv/lib/python3.9/site-packages/airflow/example_dags/example_trigger_target_dag.py
[2023-05-10 21:05:01,159] {processor.py:651} INFO - DAG(s) dict_keys(['example_trigger_target_dag']) retrieved from /home/v/Documents/iac-airflow-dev/dags/venv/lib/python3.9/site-packages/airflow/example_dags/example_trigger_target_dag.py
[2023-05-10 21:05:01,186] {logging_mixin.py:115} INFO - [2023-05-10 21:05:01,185] {dag.py:2379} INFO - Sync 1 DAGs
[2023-05-10 21:05:01,202] {logging_mixin.py:115} INFO - [2023-05-10 21:05:01,202] {dag.py:2927} INFO - Setting next_dagrun for example_trigger_target_dag to None, run_after=None
[2023-05-10 21:05:01,222] {processor.py:161} INFO - Processing /home/v/Documents/iac-airflow-dev/dags/venv/lib/python3.9/site-packages/airflow/example_dags/example_trigger_target_dag.py took 0.088 seconds
[2023-05-10 21:05:33,843] {processor.py:153} INFO - Started process (PID=93586) to work on /home/v/Documents/iac-airflow-dev/dags/venv/lib/python3.9/site-packages/airflow/example_dags/example_trigger_target_dag.py
[2023-05-10 21:05:33,844] {processor.py:641} INFO - Processing file /home/v/Documents/iac-airflow-dev/dags/venv/lib/python3.9/site-packages/airflow/example_dags/example_trigger_target_dag.py for tasks to queue
[2023-05-10 21:05:33,844] {logging_mixin.py:115} INFO - [2023-05-10 21:05:33,844] {dagbag.py:507} INFO - Filling up the DagBag from /home/v/Documents/iac-airflow-dev/dags/venv/lib/python3.9/site-packages/airflow/example_dags/example_trigger_target_dag.py
[2023-05-10 21:05:33,860] {processor.py:651} INFO - DAG(s) dict_keys(['example_trigger_target_dag']) retrieved from /home/v/Documents/iac-airflow-dev/dags/venv/lib/python3.9/site-packages/airflow/example_dags/example_trigger_target_dag.py
[2023-05-10 21:05:33,875] {logging_mixin.py:115} INFO - [2023-05-10 21:05:33,875] {dag.py:2379} INFO - Sync 1 DAGs
[2023-05-10 21:05:33,891] {logging_mixin.py:115} INFO - [2023-05-10 21:05:33,890] {dag.py:2927} INFO - Setting next_dagrun for example_trigger_target_dag to None, run_after=None
[2023-05-10 21:05:33,904] {processor.py:161} INFO - Processing /home/v/Documents/iac-airflow-dev/dags/venv/lib/python3.9/site-packages/airflow/example_dags/example_trigger_target_dag.py took 0.064 seconds
[2023-05-10 21:06:08,022] {processor.py:153} INFO - Started process (PID=93698) to work on /home/v/Documents/iac-airflow-dev/dags/venv/lib/python3.9/site-packages/airflow/example_dags/example_trigger_target_dag.py
[2023-05-10 21:06:08,023] {processor.py:641} INFO - Processing file /home/v/Documents/iac-airflow-dev/dags/venv/lib/python3.9/site-packages/airflow/example_dags/example_trigger_target_dag.py for tasks to queue
[2023-05-10 21:06:08,024] {logging_mixin.py:115} INFO - [2023-05-10 21:06:08,024] {dagbag.py:507} INFO - Filling up the DagBag from /home/v/Documents/iac-airflow-dev/dags/venv/lib/python3.9/site-packages/airflow/example_dags/example_trigger_target_dag.py
[2023-05-10 21:06:08,041] {processor.py:651} INFO - DAG(s) dict_keys(['example_trigger_target_dag']) retrieved from /home/v/Documents/iac-airflow-dev/dags/venv/lib/python3.9/site-packages/airflow/example_dags/example_trigger_target_dag.py
[2023-05-10 21:06:08,056] {logging_mixin.py:115} INFO - [2023-05-10 21:06:08,056] {dag.py:2379} INFO - Sync 1 DAGs
[2023-05-10 21:06:08,073] {logging_mixin.py:115} INFO - [2023-05-10 21:06:08,073] {dag.py:2927} INFO - Setting next_dagrun for example_trigger_target_dag to None, run_after=None
[2023-05-10 21:06:08,085] {processor.py:161} INFO - Processing /home/v/Documents/iac-airflow-dev/dags/venv/lib/python3.9/site-packages/airflow/example_dags/example_trigger_target_dag.py took 0.066 seconds
[2023-05-10 21:06:40,962] {processor.py:153} INFO - Started process (PID=93808) to work on /home/v/Documents/iac-airflow-dev/dags/venv/lib/python3.9/site-packages/airflow/example_dags/example_trigger_target_dag.py
[2023-05-10 21:06:40,963] {processor.py:641} INFO - Processing file /home/v/Documents/iac-airflow-dev/dags/venv/lib/python3.9/site-packages/airflow/example_dags/example_trigger_target_dag.py for tasks to queue
[2023-05-10 21:06:40,963] {logging_mixin.py:115} INFO - [2023-05-10 21:06:40,963] {dagbag.py:507} INFO - Filling up the DagBag from /home/v/Documents/iac-airflow-dev/dags/venv/lib/python3.9/site-packages/airflow/example_dags/example_trigger_target_dag.py
[2023-05-10 21:06:40,980] {processor.py:651} INFO - DAG(s) dict_keys(['example_trigger_target_dag']) retrieved from /home/v/Documents/iac-airflow-dev/dags/venv/lib/python3.9/site-packages/airflow/example_dags/example_trigger_target_dag.py
[2023-05-10 21:06:40,995] {logging_mixin.py:115} INFO - [2023-05-10 21:06:40,995] {dag.py:2379} INFO - Sync 1 DAGs
[2023-05-10 21:06:41,012] {logging_mixin.py:115} INFO - [2023-05-10 21:06:41,011] {dag.py:2927} INFO - Setting next_dagrun for example_trigger_target_dag to None, run_after=None
[2023-05-10 21:06:41,025] {processor.py:161} INFO - Processing /home/v/Documents/iac-airflow-dev/dags/venv/lib/python3.9/site-packages/airflow/example_dags/example_trigger_target_dag.py took 0.065 seconds
[2023-05-10 21:07:16,336] {processor.py:153} INFO - Started process (PID=93967) to work on /home/v/Documents/iac-airflow-dev/dags/venv/lib/python3.9/site-packages/airflow/example_dags/example_trigger_target_dag.py
[2023-05-10 21:07:16,339] {processor.py:641} INFO - Processing file /home/v/Documents/iac-airflow-dev/dags/venv/lib/python3.9/site-packages/airflow/example_dags/example_trigger_target_dag.py for tasks to queue
[2023-05-10 21:07:16,340] {logging_mixin.py:115} INFO - [2023-05-10 21:07:16,339] {dagbag.py:507} INFO - Filling up the DagBag from /home/v/Documents/iac-airflow-dev/dags/venv/lib/python3.9/site-packages/airflow/example_dags/example_trigger_target_dag.py
[2023-05-10 21:07:16,357] {processor.py:651} INFO - DAG(s) dict_keys(['example_trigger_target_dag']) retrieved from /home/v/Documents/iac-airflow-dev/dags/venv/lib/python3.9/site-packages/airflow/example_dags/example_trigger_target_dag.py
[2023-05-10 21:07:16,372] {logging_mixin.py:115} INFO - [2023-05-10 21:07:16,371] {dag.py:2379} INFO - Sync 1 DAGs
[2023-05-10 21:07:16,387] {logging_mixin.py:115} INFO - [2023-05-10 21:07:16,387] {dag.py:2927} INFO - Setting next_dagrun for example_trigger_target_dag to None, run_after=None
[2023-05-10 21:07:16,400] {processor.py:161} INFO - Processing /home/v/Documents/iac-airflow-dev/dags/venv/lib/python3.9/site-packages/airflow/example_dags/example_trigger_target_dag.py took 0.066 seconds
