[2023-05-10 21:00:09,553] {processor.py:153} INFO - Started process (PID=92231) to work on /home/v/Documents/iac-airflow-dev/dags/venv/lib/python3.9/site-packages/airflow/example_dags/example_branch_datetime_operator.py
[2023-05-10 21:00:09,554] {processor.py:641} INFO - Processing file /home/v/Documents/iac-airflow-dev/dags/venv/lib/python3.9/site-packages/airflow/example_dags/example_branch_datetime_operator.py for tasks to queue
[2023-05-10 21:00:09,555] {logging_mixin.py:115} INFO - [2023-05-10 21:00:09,554] {dagbag.py:507} INFO - Filling up the DagBag from /home/v/Documents/iac-airflow-dev/dags/venv/lib/python3.9/site-packages/airflow/example_dags/example_branch_datetime_operator.py
[2023-05-10 21:00:09,563] {processor.py:651} INFO - DAG(s) dict_keys(['example_branch_datetime_operator_2']) retrieved from /home/v/Documents/iac-airflow-dev/dags/venv/lib/python3.9/site-packages/airflow/example_dags/example_branch_datetime_operator.py
[2023-05-10 21:00:09,579] {logging_mixin.py:115} INFO - [2023-05-10 21:00:09,579] {dag.py:2379} INFO - Sync 1 DAGs
[2023-05-10 21:00:09,598] {logging_mixin.py:115} INFO - [2023-05-10 21:00:09,598] {dag.py:2927} INFO - Setting next_dagrun for example_branch_datetime_operator_2 to 2023-05-11T00:00:00+00:00, run_after=2023-05-12T00:00:00+00:00
[2023-05-10 21:00:09,611] {processor.py:161} INFO - Processing /home/v/Documents/iac-airflow-dev/dags/venv/lib/python3.9/site-packages/airflow/example_dags/example_branch_datetime_operator.py took 0.061 seconds
[2023-05-10 21:00:42,797] {processor.py:153} INFO - Started process (PID=92352) to work on /home/v/Documents/iac-airflow-dev/dags/venv/lib/python3.9/site-packages/airflow/example_dags/example_branch_datetime_operator.py
[2023-05-10 21:00:42,798] {processor.py:641} INFO - Processing file /home/v/Documents/iac-airflow-dev/dags/venv/lib/python3.9/site-packages/airflow/example_dags/example_branch_datetime_operator.py for tasks to queue
[2023-05-10 21:00:42,798] {logging_mixin.py:115} INFO - [2023-05-10 21:00:42,798] {dagbag.py:507} INFO - Filling up the DagBag from /home/v/Documents/iac-airflow-dev/dags/venv/lib/python3.9/site-packages/airflow/example_dags/example_branch_datetime_operator.py
[2023-05-10 21:00:42,807] {processor.py:651} INFO - DAG(s) dict_keys(['example_branch_datetime_operator_2']) retrieved from /home/v/Documents/iac-airflow-dev/dags/venv/lib/python3.9/site-packages/airflow/example_dags/example_branch_datetime_operator.py
[2023-05-10 21:00:42,823] {logging_mixin.py:115} INFO - [2023-05-10 21:00:42,823] {dag.py:2379} INFO - Sync 1 DAGs
[2023-05-10 21:00:42,842] {logging_mixin.py:115} INFO - [2023-05-10 21:00:42,842] {dag.py:2927} INFO - Setting next_dagrun for example_branch_datetime_operator_2 to 2023-05-11T00:00:00+00:00, run_after=2023-05-12T00:00:00+00:00
[2023-05-10 21:00:42,855] {processor.py:161} INFO - Processing /home/v/Documents/iac-airflow-dev/dags/venv/lib/python3.9/site-packages/airflow/example_dags/example_branch_datetime_operator.py took 0.061 seconds
[2023-05-10 21:01:19,401] {processor.py:153} INFO - Started process (PID=92478) to work on /home/v/Documents/iac-airflow-dev/dags/venv/lib/python3.9/site-packages/airflow/example_dags/example_branch_datetime_operator.py
[2023-05-10 21:01:19,402] {processor.py:641} INFO - Processing file /home/v/Documents/iac-airflow-dev/dags/venv/lib/python3.9/site-packages/airflow/example_dags/example_branch_datetime_operator.py for tasks to queue
[2023-05-10 21:01:19,403] {logging_mixin.py:115} INFO - [2023-05-10 21:01:19,403] {dagbag.py:507} INFO - Filling up the DagBag from /home/v/Documents/iac-airflow-dev/dags/venv/lib/python3.9/site-packages/airflow/example_dags/example_branch_datetime_operator.py
[2023-05-10 21:01:19,411] {processor.py:651} INFO - DAG(s) dict_keys(['example_branch_datetime_operator_2']) retrieved from /home/v/Documents/iac-airflow-dev/dags/venv/lib/python3.9/site-packages/airflow/example_dags/example_branch_datetime_operator.py
[2023-05-10 21:01:19,427] {logging_mixin.py:115} INFO - [2023-05-10 21:01:19,427] {dag.py:2379} INFO - Sync 1 DAGs
[2023-05-10 21:01:19,446] {logging_mixin.py:115} INFO - [2023-05-10 21:01:19,446] {dag.py:2927} INFO - Setting next_dagrun for example_branch_datetime_operator_2 to 2023-05-11T00:00:00+00:00, run_after=2023-05-12T00:00:00+00:00
[2023-05-10 21:01:19,460] {processor.py:161} INFO - Processing /home/v/Documents/iac-airflow-dev/dags/venv/lib/python3.9/site-packages/airflow/example_dags/example_branch_datetime_operator.py took 0.062 seconds
[2023-05-10 21:01:53,794] {processor.py:153} INFO - Started process (PID=92603) to work on /home/v/Documents/iac-airflow-dev/dags/venv/lib/python3.9/site-packages/airflow/example_dags/example_branch_datetime_operator.py
[2023-05-10 21:01:53,795] {processor.py:641} INFO - Processing file /home/v/Documents/iac-airflow-dev/dags/venv/lib/python3.9/site-packages/airflow/example_dags/example_branch_datetime_operator.py for tasks to queue
[2023-05-10 21:01:53,796] {logging_mixin.py:115} INFO - [2023-05-10 21:01:53,796] {dagbag.py:507} INFO - Filling up the DagBag from /home/v/Documents/iac-airflow-dev/dags/venv/lib/python3.9/site-packages/airflow/example_dags/example_branch_datetime_operator.py
[2023-05-10 21:01:53,804] {processor.py:651} INFO - DAG(s) dict_keys(['example_branch_datetime_operator_2']) retrieved from /home/v/Documents/iac-airflow-dev/dags/venv/lib/python3.9/site-packages/airflow/example_dags/example_branch_datetime_operator.py
[2023-05-10 21:01:53,820] {logging_mixin.py:115} INFO - [2023-05-10 21:01:53,820] {dag.py:2379} INFO - Sync 1 DAGs
[2023-05-10 21:01:53,839] {logging_mixin.py:115} INFO - [2023-05-10 21:01:53,838] {dag.py:2927} INFO - Setting next_dagrun for example_branch_datetime_operator_2 to 2023-05-11T00:00:00+00:00, run_after=2023-05-12T00:00:00+00:00
[2023-05-10 21:01:53,852] {processor.py:161} INFO - Processing /home/v/Documents/iac-airflow-dev/dags/venv/lib/python3.9/site-packages/airflow/example_dags/example_branch_datetime_operator.py took 0.061 seconds
[2023-05-10 21:02:31,525] {processor.py:153} INFO - Started process (PID=92809) to work on /home/v/Documents/iac-airflow-dev/dags/venv/lib/python3.9/site-packages/airflow/example_dags/example_branch_datetime_operator.py
[2023-05-10 21:02:31,526] {processor.py:641} INFO - Processing file /home/v/Documents/iac-airflow-dev/dags/venv/lib/python3.9/site-packages/airflow/example_dags/example_branch_datetime_operator.py for tasks to queue
[2023-05-10 21:02:31,526] {logging_mixin.py:115} INFO - [2023-05-10 21:02:31,526] {dagbag.py:507} INFO - Filling up the DagBag from /home/v/Documents/iac-airflow-dev/dags/venv/lib/python3.9/site-packages/airflow/example_dags/example_branch_datetime_operator.py
[2023-05-10 21:02:31,536] {processor.py:651} INFO - DAG(s) dict_keys(['example_branch_datetime_operator_2']) retrieved from /home/v/Documents/iac-airflow-dev/dags/venv/lib/python3.9/site-packages/airflow/example_dags/example_branch_datetime_operator.py
[2023-05-10 21:02:31,557] {logging_mixin.py:115} INFO - [2023-05-10 21:02:31,557] {dag.py:2379} INFO - Sync 1 DAGs
[2023-05-10 21:02:31,584] {logging_mixin.py:115} INFO - [2023-05-10 21:02:31,583] {dag.py:2927} INFO - Setting next_dagrun for example_branch_datetime_operator_2 to 2023-05-11T00:00:00+00:00, run_after=2023-05-12T00:00:00+00:00
[2023-05-10 21:02:31,601] {processor.py:161} INFO - Processing /home/v/Documents/iac-airflow-dev/dags/venv/lib/python3.9/site-packages/airflow/example_dags/example_branch_datetime_operator.py took 0.078 seconds
[2023-05-10 21:03:07,139] {processor.py:153} INFO - Started process (PID=92996) to work on /home/v/Documents/iac-airflow-dev/dags/venv/lib/python3.9/site-packages/airflow/example_dags/example_branch_datetime_operator.py
[2023-05-10 21:03:07,140] {processor.py:641} INFO - Processing file /home/v/Documents/iac-airflow-dev/dags/venv/lib/python3.9/site-packages/airflow/example_dags/example_branch_datetime_operator.py for tasks to queue
[2023-05-10 21:03:07,141] {logging_mixin.py:115} INFO - [2023-05-10 21:03:07,140] {dagbag.py:507} INFO - Filling up the DagBag from /home/v/Documents/iac-airflow-dev/dags/venv/lib/python3.9/site-packages/airflow/example_dags/example_branch_datetime_operator.py
[2023-05-10 21:03:07,149] {processor.py:651} INFO - DAG(s) dict_keys(['example_branch_datetime_operator_2']) retrieved from /home/v/Documents/iac-airflow-dev/dags/venv/lib/python3.9/site-packages/airflow/example_dags/example_branch_datetime_operator.py
[2023-05-10 21:03:07,166] {logging_mixin.py:115} INFO - [2023-05-10 21:03:07,166] {dag.py:2379} INFO - Sync 1 DAGs
[2023-05-10 21:03:07,186] {logging_mixin.py:115} INFO - [2023-05-10 21:03:07,186] {dag.py:2927} INFO - Setting next_dagrun for example_branch_datetime_operator_2 to 2023-05-11T00:00:00+00:00, run_after=2023-05-12T00:00:00+00:00
[2023-05-10 21:03:07,200] {processor.py:161} INFO - Processing /home/v/Documents/iac-airflow-dev/dags/venv/lib/python3.9/site-packages/airflow/example_dags/example_branch_datetime_operator.py took 0.064 seconds
[2023-05-10 21:03:42,058] {processor.py:153} INFO - Started process (PID=93127) to work on /home/v/Documents/iac-airflow-dev/dags/venv/lib/python3.9/site-packages/airflow/example_dags/example_branch_datetime_operator.py
[2023-05-10 21:03:42,059] {processor.py:641} INFO - Processing file /home/v/Documents/iac-airflow-dev/dags/venv/lib/python3.9/site-packages/airflow/example_dags/example_branch_datetime_operator.py for tasks to queue
[2023-05-10 21:03:42,059] {logging_mixin.py:115} INFO - [2023-05-10 21:03:42,059] {dagbag.py:507} INFO - Filling up the DagBag from /home/v/Documents/iac-airflow-dev/dags/venv/lib/python3.9/site-packages/airflow/example_dags/example_branch_datetime_operator.py
[2023-05-10 21:03:42,069] {processor.py:651} INFO - DAG(s) dict_keys(['example_branch_datetime_operator_2']) retrieved from /home/v/Documents/iac-airflow-dev/dags/venv/lib/python3.9/site-packages/airflow/example_dags/example_branch_datetime_operator.py
[2023-05-10 21:03:42,090] {logging_mixin.py:115} INFO - [2023-05-10 21:03:42,089] {dag.py:2379} INFO - Sync 1 DAGs
[2023-05-10 21:03:42,109] {logging_mixin.py:115} INFO - [2023-05-10 21:03:42,109] {dag.py:2927} INFO - Setting next_dagrun for example_branch_datetime_operator_2 to 2023-05-11T00:00:00+00:00, run_after=2023-05-12T00:00:00+00:00
[2023-05-10 21:03:42,124] {processor.py:161} INFO - Processing /home/v/Documents/iac-airflow-dev/dags/venv/lib/python3.9/site-packages/airflow/example_dags/example_branch_datetime_operator.py took 0.069 seconds
[2023-05-10 21:04:17,482] {processor.py:153} INFO - Started process (PID=93264) to work on /home/v/Documents/iac-airflow-dev/dags/venv/lib/python3.9/site-packages/airflow/example_dags/example_branch_datetime_operator.py
[2023-05-10 21:04:17,544] {processor.py:641} INFO - Processing file /home/v/Documents/iac-airflow-dev/dags/venv/lib/python3.9/site-packages/airflow/example_dags/example_branch_datetime_operator.py for tasks to queue
[2023-05-10 21:04:17,545] {logging_mixin.py:115} INFO - [2023-05-10 21:04:17,545] {dagbag.py:507} INFO - Filling up the DagBag from /home/v/Documents/iac-airflow-dev/dags/venv/lib/python3.9/site-packages/airflow/example_dags/example_branch_datetime_operator.py
[2023-05-10 21:04:17,555] {processor.py:651} INFO - DAG(s) dict_keys(['example_branch_datetime_operator_2']) retrieved from /home/v/Documents/iac-airflow-dev/dags/venv/lib/python3.9/site-packages/airflow/example_dags/example_branch_datetime_operator.py
[2023-05-10 21:04:17,572] {logging_mixin.py:115} INFO - [2023-05-10 21:04:17,572] {dag.py:2379} INFO - Sync 1 DAGs
[2023-05-10 21:04:17,594] {logging_mixin.py:115} INFO - [2023-05-10 21:04:17,593] {dag.py:2927} INFO - Setting next_dagrun for example_branch_datetime_operator_2 to 2023-05-11T00:00:00+00:00, run_after=2023-05-12T00:00:00+00:00
[2023-05-10 21:04:17,606] {processor.py:161} INFO - Processing /home/v/Documents/iac-airflow-dev/dags/venv/lib/python3.9/site-packages/airflow/example_dags/example_branch_datetime_operator.py took 0.126 seconds
[2023-05-10 21:04:51,326] {processor.py:153} INFO - Started process (PID=93426) to work on /home/v/Documents/iac-airflow-dev/dags/venv/lib/python3.9/site-packages/airflow/example_dags/example_branch_datetime_operator.py
[2023-05-10 21:04:51,327] {processor.py:641} INFO - Processing file /home/v/Documents/iac-airflow-dev/dags/venv/lib/python3.9/site-packages/airflow/example_dags/example_branch_datetime_operator.py for tasks to queue
[2023-05-10 21:04:51,328] {logging_mixin.py:115} INFO - [2023-05-10 21:04:51,328] {dagbag.py:507} INFO - Filling up the DagBag from /home/v/Documents/iac-airflow-dev/dags/venv/lib/python3.9/site-packages/airflow/example_dags/example_branch_datetime_operator.py
[2023-05-10 21:04:51,337] {processor.py:651} INFO - DAG(s) dict_keys(['example_branch_datetime_operator_2']) retrieved from /home/v/Documents/iac-airflow-dev/dags/venv/lib/python3.9/site-packages/airflow/example_dags/example_branch_datetime_operator.py
[2023-05-10 21:04:51,352] {logging_mixin.py:115} INFO - [2023-05-10 21:04:51,352] {dag.py:2379} INFO - Sync 1 DAGs
[2023-05-10 21:04:51,371] {logging_mixin.py:115} INFO - [2023-05-10 21:04:51,371] {dag.py:2927} INFO - Setting next_dagrun for example_branch_datetime_operator_2 to 2023-05-11T00:00:00+00:00, run_after=2023-05-12T00:00:00+00:00
[2023-05-10 21:04:51,385] {processor.py:161} INFO - Processing /home/v/Documents/iac-airflow-dev/dags/venv/lib/python3.9/site-packages/airflow/example_dags/example_branch_datetime_operator.py took 0.062 seconds
[2023-05-10 21:05:28,016] {processor.py:153} INFO - Started process (PID=93574) to work on /home/v/Documents/iac-airflow-dev/dags/venv/lib/python3.9/site-packages/airflow/example_dags/example_branch_datetime_operator.py
[2023-05-10 21:05:28,016] {processor.py:641} INFO - Processing file /home/v/Documents/iac-airflow-dev/dags/venv/lib/python3.9/site-packages/airflow/example_dags/example_branch_datetime_operator.py for tasks to queue
[2023-05-10 21:05:28,017] {logging_mixin.py:115} INFO - [2023-05-10 21:05:28,017] {dagbag.py:507} INFO - Filling up the DagBag from /home/v/Documents/iac-airflow-dev/dags/venv/lib/python3.9/site-packages/airflow/example_dags/example_branch_datetime_operator.py
[2023-05-10 21:05:28,026] {processor.py:651} INFO - DAG(s) dict_keys(['example_branch_datetime_operator_2']) retrieved from /home/v/Documents/iac-airflow-dev/dags/venv/lib/python3.9/site-packages/airflow/example_dags/example_branch_datetime_operator.py
[2023-05-10 21:05:28,041] {logging_mixin.py:115} INFO - [2023-05-10 21:05:28,041] {dag.py:2379} INFO - Sync 1 DAGs
[2023-05-10 21:05:28,062] {logging_mixin.py:115} INFO - [2023-05-10 21:05:28,061] {dag.py:2927} INFO - Setting next_dagrun for example_branch_datetime_operator_2 to 2023-05-11T00:00:00+00:00, run_after=2023-05-12T00:00:00+00:00
[2023-05-10 21:05:28,076] {processor.py:161} INFO - Processing /home/v/Documents/iac-airflow-dev/dags/venv/lib/python3.9/site-packages/airflow/example_dags/example_branch_datetime_operator.py took 0.064 seconds
[2023-05-10 21:06:01,731] {processor.py:153} INFO - Started process (PID=93673) to work on /home/v/Documents/iac-airflow-dev/dags/venv/lib/python3.9/site-packages/airflow/example_dags/example_branch_datetime_operator.py
[2023-05-10 21:06:01,732] {processor.py:641} INFO - Processing file /home/v/Documents/iac-airflow-dev/dags/venv/lib/python3.9/site-packages/airflow/example_dags/example_branch_datetime_operator.py for tasks to queue
[2023-05-10 21:06:01,732] {logging_mixin.py:115} INFO - [2023-05-10 21:06:01,732] {dagbag.py:507} INFO - Filling up the DagBag from /home/v/Documents/iac-airflow-dev/dags/venv/lib/python3.9/site-packages/airflow/example_dags/example_branch_datetime_operator.py
[2023-05-10 21:06:01,742] {processor.py:651} INFO - DAG(s) dict_keys(['example_branch_datetime_operator_2']) retrieved from /home/v/Documents/iac-airflow-dev/dags/venv/lib/python3.9/site-packages/airflow/example_dags/example_branch_datetime_operator.py
[2023-05-10 21:06:01,757] {logging_mixin.py:115} INFO - [2023-05-10 21:06:01,757] {dag.py:2379} INFO - Sync 1 DAGs
[2023-05-10 21:06:01,776] {logging_mixin.py:115} INFO - [2023-05-10 21:06:01,776] {dag.py:2927} INFO - Setting next_dagrun for example_branch_datetime_operator_2 to 2023-05-11T00:00:00+00:00, run_after=2023-05-12T00:00:00+00:00
[2023-05-10 21:06:01,789] {processor.py:161} INFO - Processing /home/v/Documents/iac-airflow-dev/dags/venv/lib/python3.9/site-packages/airflow/example_dags/example_branch_datetime_operator.py took 0.061 seconds
[2023-05-10 21:06:35,766] {processor.py:153} INFO - Started process (PID=93788) to work on /home/v/Documents/iac-airflow-dev/dags/venv/lib/python3.9/site-packages/airflow/example_dags/example_branch_datetime_operator.py
[2023-05-10 21:06:35,766] {processor.py:641} INFO - Processing file /home/v/Documents/iac-airflow-dev/dags/venv/lib/python3.9/site-packages/airflow/example_dags/example_branch_datetime_operator.py for tasks to queue
[2023-05-10 21:06:35,767] {logging_mixin.py:115} INFO - [2023-05-10 21:06:35,767] {dagbag.py:507} INFO - Filling up the DagBag from /home/v/Documents/iac-airflow-dev/dags/venv/lib/python3.9/site-packages/airflow/example_dags/example_branch_datetime_operator.py
[2023-05-10 21:06:35,775] {processor.py:651} INFO - DAG(s) dict_keys(['example_branch_datetime_operator_2']) retrieved from /home/v/Documents/iac-airflow-dev/dags/venv/lib/python3.9/site-packages/airflow/example_dags/example_branch_datetime_operator.py
[2023-05-10 21:06:35,791] {logging_mixin.py:115} INFO - [2023-05-10 21:06:35,791] {dag.py:2379} INFO - Sync 1 DAGs
[2023-05-10 21:06:35,810] {logging_mixin.py:115} INFO - [2023-05-10 21:06:35,810] {dag.py:2927} INFO - Setting next_dagrun for example_branch_datetime_operator_2 to 2023-05-11T00:00:00+00:00, run_after=2023-05-12T00:00:00+00:00
[2023-05-10 21:06:35,825] {processor.py:161} INFO - Processing /home/v/Documents/iac-airflow-dev/dags/venv/lib/python3.9/site-packages/airflow/example_dags/example_branch_datetime_operator.py took 0.062 seconds
[2023-05-10 21:07:11,176] {processor.py:153} INFO - Started process (PID=93947) to work on /home/v/Documents/iac-airflow-dev/dags/venv/lib/python3.9/site-packages/airflow/example_dags/example_branch_datetime_operator.py
[2023-05-10 21:07:11,178] {processor.py:641} INFO - Processing file /home/v/Documents/iac-airflow-dev/dags/venv/lib/python3.9/site-packages/airflow/example_dags/example_branch_datetime_operator.py for tasks to queue
[2023-05-10 21:07:11,179] {logging_mixin.py:115} INFO - [2023-05-10 21:07:11,179] {dagbag.py:507} INFO - Filling up the DagBag from /home/v/Documents/iac-airflow-dev/dags/venv/lib/python3.9/site-packages/airflow/example_dags/example_branch_datetime_operator.py
[2023-05-10 21:07:11,188] {processor.py:651} INFO - DAG(s) dict_keys(['example_branch_datetime_operator_2']) retrieved from /home/v/Documents/iac-airflow-dev/dags/venv/lib/python3.9/site-packages/airflow/example_dags/example_branch_datetime_operator.py
[2023-05-10 21:07:11,202] {logging_mixin.py:115} INFO - [2023-05-10 21:07:11,202] {dag.py:2379} INFO - Sync 1 DAGs
[2023-05-10 21:07:11,222] {logging_mixin.py:115} INFO - [2023-05-10 21:07:11,222] {dag.py:2927} INFO - Setting next_dagrun for example_branch_datetime_operator_2 to 2023-05-11T00:00:00+00:00, run_after=2023-05-12T00:00:00+00:00
[2023-05-10 21:07:11,235] {processor.py:161} INFO - Processing /home/v/Documents/iac-airflow-dev/dags/venv/lib/python3.9/site-packages/airflow/example_dags/example_branch_datetime_operator.py took 0.062 seconds
