[2023-05-10 21:00:29,829] {processor.py:153} INFO - Started process (PID=92303) to work on /home/v/Documents/iac-airflow-dev/dags/venv/lib/python3.9/site-packages/airflow/example_dags/example_latest_only_with_trigger.py
[2023-05-10 21:00:29,830] {processor.py:641} INFO - Processing file /home/v/Documents/iac-airflow-dev/dags/venv/lib/python3.9/site-packages/airflow/example_dags/example_latest_only_with_trigger.py for tasks to queue
[2023-05-10 21:00:29,830] {logging_mixin.py:115} INFO - [2023-05-10 21:00:29,830] {dagbag.py:507} INFO - Filling up the DagBag from /home/v/Documents/iac-airflow-dev/dags/venv/lib/python3.9/site-packages/airflow/example_dags/example_latest_only_with_trigger.py
[2023-05-10 21:00:29,837] {processor.py:651} INFO - DAG(s) dict_keys(['latest_only_with_trigger']) retrieved from /home/v/Documents/iac-airflow-dev/dags/venv/lib/python3.9/site-packages/airflow/example_dags/example_latest_only_with_trigger.py
[2023-05-10 21:00:29,853] {logging_mixin.py:115} INFO - [2023-05-10 21:00:29,853] {dag.py:2379} INFO - Sync 1 DAGs
[2023-05-10 21:00:29,871] {logging_mixin.py:115} INFO - [2023-05-10 21:00:29,871] {dag.py:2927} INFO - Setting next_dagrun for latest_only_with_trigger to 2023-05-10T20:00:29.871018+00:00, run_after=2023-05-11T00:00:29.871018+00:00
[2023-05-10 21:00:29,884] {processor.py:161} INFO - Processing /home/v/Documents/iac-airflow-dev/dags/venv/lib/python3.9/site-packages/airflow/example_dags/example_latest_only_with_trigger.py took 0.058 seconds
[2023-05-10 21:01:08,983] {processor.py:153} INFO - Started process (PID=92444) to work on /home/v/Documents/iac-airflow-dev/dags/venv/lib/python3.9/site-packages/airflow/example_dags/example_latest_only_with_trigger.py
[2023-05-10 21:01:08,984] {processor.py:641} INFO - Processing file /home/v/Documents/iac-airflow-dev/dags/venv/lib/python3.9/site-packages/airflow/example_dags/example_latest_only_with_trigger.py for tasks to queue
[2023-05-10 21:01:08,984] {logging_mixin.py:115} INFO - [2023-05-10 21:01:08,984] {dagbag.py:507} INFO - Filling up the DagBag from /home/v/Documents/iac-airflow-dev/dags/venv/lib/python3.9/site-packages/airflow/example_dags/example_latest_only_with_trigger.py
[2023-05-10 21:01:08,990] {processor.py:651} INFO - DAG(s) dict_keys(['latest_only_with_trigger']) retrieved from /home/v/Documents/iac-airflow-dev/dags/venv/lib/python3.9/site-packages/airflow/example_dags/example_latest_only_with_trigger.py
[2023-05-10 21:01:09,007] {logging_mixin.py:115} INFO - [2023-05-10 21:01:09,007] {dag.py:2379} INFO - Sync 1 DAGs
[2023-05-10 21:01:09,025] {logging_mixin.py:115} INFO - [2023-05-10 21:01:09,024] {dag.py:2927} INFO - Setting next_dagrun for latest_only_with_trigger to 2023-05-10T20:01:09.024667+00:00, run_after=2023-05-11T00:01:09.024667+00:00
[2023-05-10 21:01:09,039] {processor.py:161} INFO - Processing /home/v/Documents/iac-airflow-dev/dags/venv/lib/python3.9/site-packages/airflow/example_dags/example_latest_only_with_trigger.py took 0.059 seconds
[2023-05-10 21:01:43,149] {processor.py:153} INFO - Started process (PID=92559) to work on /home/v/Documents/iac-airflow-dev/dags/venv/lib/python3.9/site-packages/airflow/example_dags/example_latest_only_with_trigger.py
[2023-05-10 21:01:43,150] {processor.py:641} INFO - Processing file /home/v/Documents/iac-airflow-dev/dags/venv/lib/python3.9/site-packages/airflow/example_dags/example_latest_only_with_trigger.py for tasks to queue
[2023-05-10 21:01:43,150] {logging_mixin.py:115} INFO - [2023-05-10 21:01:43,150] {dagbag.py:507} INFO - Filling up the DagBag from /home/v/Documents/iac-airflow-dev/dags/venv/lib/python3.9/site-packages/airflow/example_dags/example_latest_only_with_trigger.py
[2023-05-10 21:01:43,156] {processor.py:651} INFO - DAG(s) dict_keys(['latest_only_with_trigger']) retrieved from /home/v/Documents/iac-airflow-dev/dags/venv/lib/python3.9/site-packages/airflow/example_dags/example_latest_only_with_trigger.py
[2023-05-10 21:01:43,173] {logging_mixin.py:115} INFO - [2023-05-10 21:01:43,173] {dag.py:2379} INFO - Sync 1 DAGs
[2023-05-10 21:01:43,190] {logging_mixin.py:115} INFO - [2023-05-10 21:01:43,190] {dag.py:2927} INFO - Setting next_dagrun for latest_only_with_trigger to 2023-05-10T20:01:43.190484+00:00, run_after=2023-05-11T00:01:43.190484+00:00
[2023-05-10 21:01:43,204] {processor.py:161} INFO - Processing /home/v/Documents/iac-airflow-dev/dags/venv/lib/python3.9/site-packages/airflow/example_dags/example_latest_only_with_trigger.py took 0.058 seconds
[2023-05-10 21:02:19,598] {processor.py:153} INFO - Started process (PID=92755) to work on /home/v/Documents/iac-airflow-dev/dags/venv/lib/python3.9/site-packages/airflow/example_dags/example_latest_only_with_trigger.py
[2023-05-10 21:02:19,599] {processor.py:641} INFO - Processing file /home/v/Documents/iac-airflow-dev/dags/venv/lib/python3.9/site-packages/airflow/example_dags/example_latest_only_with_trigger.py for tasks to queue
[2023-05-10 21:02:19,599] {logging_mixin.py:115} INFO - [2023-05-10 21:02:19,599] {dagbag.py:507} INFO - Filling up the DagBag from /home/v/Documents/iac-airflow-dev/dags/venv/lib/python3.9/site-packages/airflow/example_dags/example_latest_only_with_trigger.py
[2023-05-10 21:02:19,605] {processor.py:651} INFO - DAG(s) dict_keys(['latest_only_with_trigger']) retrieved from /home/v/Documents/iac-airflow-dev/dags/venv/lib/python3.9/site-packages/airflow/example_dags/example_latest_only_with_trigger.py
[2023-05-10 21:02:19,620] {logging_mixin.py:115} INFO - [2023-05-10 21:02:19,620] {dag.py:2379} INFO - Sync 1 DAGs
[2023-05-10 21:02:19,636] {logging_mixin.py:115} INFO - [2023-05-10 21:02:19,636] {dag.py:2927} INFO - Setting next_dagrun for latest_only_with_trigger to 2023-05-10T20:02:19.636316+00:00, run_after=2023-05-11T00:02:19.636316+00:00
[2023-05-10 21:02:19,652] {processor.py:161} INFO - Processing /home/v/Documents/iac-airflow-dev/dags/venv/lib/python3.9/site-packages/airflow/example_dags/example_latest_only_with_trigger.py took 0.056 seconds
[2023-05-10 21:02:53,773] {processor.py:153} INFO - Started process (PID=92948) to work on /home/v/Documents/iac-airflow-dev/dags/venv/lib/python3.9/site-packages/airflow/example_dags/example_latest_only_with_trigger.py
[2023-05-10 21:02:53,774] {processor.py:641} INFO - Processing file /home/v/Documents/iac-airflow-dev/dags/venv/lib/python3.9/site-packages/airflow/example_dags/example_latest_only_with_trigger.py for tasks to queue
[2023-05-10 21:02:53,775] {logging_mixin.py:115} INFO - [2023-05-10 21:02:53,775] {dagbag.py:507} INFO - Filling up the DagBag from /home/v/Documents/iac-airflow-dev/dags/venv/lib/python3.9/site-packages/airflow/example_dags/example_latest_only_with_trigger.py
[2023-05-10 21:02:53,783] {processor.py:651} INFO - DAG(s) dict_keys(['latest_only_with_trigger']) retrieved from /home/v/Documents/iac-airflow-dev/dags/venv/lib/python3.9/site-packages/airflow/example_dags/example_latest_only_with_trigger.py
[2023-05-10 21:02:53,805] {logging_mixin.py:115} INFO - [2023-05-10 21:02:53,805] {dag.py:2379} INFO - Sync 1 DAGs
[2023-05-10 21:02:53,823] {logging_mixin.py:115} INFO - [2023-05-10 21:02:53,823] {dag.py:2927} INFO - Setting next_dagrun for latest_only_with_trigger to 2023-05-10T20:02:53.823189+00:00, run_after=2023-05-11T00:02:53.823189+00:00
[2023-05-10 21:02:53,837] {processor.py:161} INFO - Processing /home/v/Documents/iac-airflow-dev/dags/venv/lib/python3.9/site-packages/airflow/example_dags/example_latest_only_with_trigger.py took 0.067 seconds
[2023-05-10 21:03:28,897] {processor.py:153} INFO - Started process (PID=93096) to work on /home/v/Documents/iac-airflow-dev/dags/venv/lib/python3.9/site-packages/airflow/example_dags/example_latest_only_with_trigger.py
[2023-05-10 21:03:28,898] {processor.py:641} INFO - Processing file /home/v/Documents/iac-airflow-dev/dags/venv/lib/python3.9/site-packages/airflow/example_dags/example_latest_only_with_trigger.py for tasks to queue
[2023-05-10 21:03:28,898] {logging_mixin.py:115} INFO - [2023-05-10 21:03:28,898] {dagbag.py:507} INFO - Filling up the DagBag from /home/v/Documents/iac-airflow-dev/dags/venv/lib/python3.9/site-packages/airflow/example_dags/example_latest_only_with_trigger.py
[2023-05-10 21:03:28,903] {processor.py:651} INFO - DAG(s) dict_keys(['latest_only_with_trigger']) retrieved from /home/v/Documents/iac-airflow-dev/dags/venv/lib/python3.9/site-packages/airflow/example_dags/example_latest_only_with_trigger.py
[2023-05-10 21:03:28,918] {logging_mixin.py:115} INFO - [2023-05-10 21:03:28,918] {dag.py:2379} INFO - Sync 1 DAGs
[2023-05-10 21:03:28,933] {logging_mixin.py:115} INFO - [2023-05-10 21:03:28,933] {dag.py:2927} INFO - Setting next_dagrun for latest_only_with_trigger to 2023-05-10T20:03:28.933185+00:00, run_after=2023-05-11T00:03:28.933185+00:00
[2023-05-10 21:03:28,945] {processor.py:161} INFO - Processing /home/v/Documents/iac-airflow-dev/dags/venv/lib/python3.9/site-packages/airflow/example_dags/example_latest_only_with_trigger.py took 0.051 seconds
[2023-05-10 21:04:08,967] {processor.py:153} INFO - Started process (PID=93232) to work on /home/v/Documents/iac-airflow-dev/dags/venv/lib/python3.9/site-packages/airflow/example_dags/example_latest_only_with_trigger.py
[2023-05-10 21:04:08,968] {processor.py:641} INFO - Processing file /home/v/Documents/iac-airflow-dev/dags/venv/lib/python3.9/site-packages/airflow/example_dags/example_latest_only_with_trigger.py for tasks to queue
[2023-05-10 21:04:08,969] {logging_mixin.py:115} INFO - [2023-05-10 21:04:08,968] {dagbag.py:507} INFO - Filling up the DagBag from /home/v/Documents/iac-airflow-dev/dags/venv/lib/python3.9/site-packages/airflow/example_dags/example_latest_only_with_trigger.py
[2023-05-10 21:04:08,975] {processor.py:651} INFO - DAG(s) dict_keys(['latest_only_with_trigger']) retrieved from /home/v/Documents/iac-airflow-dev/dags/venv/lib/python3.9/site-packages/airflow/example_dags/example_latest_only_with_trigger.py
[2023-05-10 21:04:08,990] {logging_mixin.py:115} INFO - [2023-05-10 21:04:08,990] {dag.py:2379} INFO - Sync 1 DAGs
[2023-05-10 21:04:09,007] {logging_mixin.py:115} INFO - [2023-05-10 21:04:09,007] {dag.py:2927} INFO - Setting next_dagrun for latest_only_with_trigger to 2023-05-10T20:04:09.006882+00:00, run_after=2023-05-11T00:04:09.006882+00:00
[2023-05-10 21:04:09,020] {processor.py:161} INFO - Processing /home/v/Documents/iac-airflow-dev/dags/venv/lib/python3.9/site-packages/airflow/example_dags/example_latest_only_with_trigger.py took 0.056 seconds
[2023-05-10 21:04:43,247] {processor.py:153} INFO - Started process (PID=93401) to work on /home/v/Documents/iac-airflow-dev/dags/venv/lib/python3.9/site-packages/airflow/example_dags/example_latest_only_with_trigger.py
[2023-05-10 21:04:43,248] {processor.py:641} INFO - Processing file /home/v/Documents/iac-airflow-dev/dags/venv/lib/python3.9/site-packages/airflow/example_dags/example_latest_only_with_trigger.py for tasks to queue
[2023-05-10 21:04:43,248] {logging_mixin.py:115} INFO - [2023-05-10 21:04:43,248] {dagbag.py:507} INFO - Filling up the DagBag from /home/v/Documents/iac-airflow-dev/dags/venv/lib/python3.9/site-packages/airflow/example_dags/example_latest_only_with_trigger.py
[2023-05-10 21:04:43,254] {processor.py:651} INFO - DAG(s) dict_keys(['latest_only_with_trigger']) retrieved from /home/v/Documents/iac-airflow-dev/dags/venv/lib/python3.9/site-packages/airflow/example_dags/example_latest_only_with_trigger.py
[2023-05-10 21:04:43,270] {logging_mixin.py:115} INFO - [2023-05-10 21:04:43,270] {dag.py:2379} INFO - Sync 1 DAGs
[2023-05-10 21:04:43,287] {logging_mixin.py:115} INFO - [2023-05-10 21:04:43,287] {dag.py:2927} INFO - Setting next_dagrun for latest_only_with_trigger to 2023-05-10T20:04:43.287483+00:00, run_after=2023-05-11T00:04:43.287483+00:00
[2023-05-10 21:04:43,301] {processor.py:161} INFO - Processing /home/v/Documents/iac-airflow-dev/dags/venv/lib/python3.9/site-packages/airflow/example_dags/example_latest_only_with_trigger.py took 0.057 seconds
[2023-05-10 21:05:19,059] {processor.py:153} INFO - Started process (PID=93530) to work on /home/v/Documents/iac-airflow-dev/dags/venv/lib/python3.9/site-packages/airflow/example_dags/example_latest_only_with_trigger.py
[2023-05-10 21:05:19,060] {processor.py:641} INFO - Processing file /home/v/Documents/iac-airflow-dev/dags/venv/lib/python3.9/site-packages/airflow/example_dags/example_latest_only_with_trigger.py for tasks to queue
[2023-05-10 21:05:19,061] {logging_mixin.py:115} INFO - [2023-05-10 21:05:19,061] {dagbag.py:507} INFO - Filling up the DagBag from /home/v/Documents/iac-airflow-dev/dags/venv/lib/python3.9/site-packages/airflow/example_dags/example_latest_only_with_trigger.py
[2023-05-10 21:05:19,067] {processor.py:651} INFO - DAG(s) dict_keys(['latest_only_with_trigger']) retrieved from /home/v/Documents/iac-airflow-dev/dags/venv/lib/python3.9/site-packages/airflow/example_dags/example_latest_only_with_trigger.py
[2023-05-10 21:05:19,084] {logging_mixin.py:115} INFO - [2023-05-10 21:05:19,084] {dag.py:2379} INFO - Sync 1 DAGs
[2023-05-10 21:05:19,102] {logging_mixin.py:115} INFO - [2023-05-10 21:05:19,101] {dag.py:2927} INFO - Setting next_dagrun for latest_only_with_trigger to 2023-05-10T20:05:19.101623+00:00, run_after=2023-05-11T00:05:19.101623+00:00
[2023-05-10 21:05:19,116] {processor.py:161} INFO - Processing /home/v/Documents/iac-airflow-dev/dags/venv/lib/python3.9/site-packages/airflow/example_dags/example_latest_only_with_trigger.py took 0.060 seconds
[2023-05-10 21:05:54,135] {processor.py:153} INFO - Started process (PID=93649) to work on /home/v/Documents/iac-airflow-dev/dags/venv/lib/python3.9/site-packages/airflow/example_dags/example_latest_only_with_trigger.py
[2023-05-10 21:05:54,136] {processor.py:641} INFO - Processing file /home/v/Documents/iac-airflow-dev/dags/venv/lib/python3.9/site-packages/airflow/example_dags/example_latest_only_with_trigger.py for tasks to queue
[2023-05-10 21:05:54,137] {logging_mixin.py:115} INFO - [2023-05-10 21:05:54,137] {dagbag.py:507} INFO - Filling up the DagBag from /home/v/Documents/iac-airflow-dev/dags/venv/lib/python3.9/site-packages/airflow/example_dags/example_latest_only_with_trigger.py
[2023-05-10 21:05:54,143] {processor.py:651} INFO - DAG(s) dict_keys(['latest_only_with_trigger']) retrieved from /home/v/Documents/iac-airflow-dev/dags/venv/lib/python3.9/site-packages/airflow/example_dags/example_latest_only_with_trigger.py
[2023-05-10 21:05:54,159] {logging_mixin.py:115} INFO - [2023-05-10 21:05:54,159] {dag.py:2379} INFO - Sync 1 DAGs
[2023-05-10 21:05:54,177] {logging_mixin.py:115} INFO - [2023-05-10 21:05:54,177] {dag.py:2927} INFO - Setting next_dagrun for latest_only_with_trigger to 2023-05-10T20:05:54.176892+00:00, run_after=2023-05-11T00:05:54.176892+00:00
[2023-05-10 21:05:54,204] {processor.py:161} INFO - Processing /home/v/Documents/iac-airflow-dev/dags/venv/lib/python3.9/site-packages/airflow/example_dags/example_latest_only_with_trigger.py took 0.071 seconds
[2023-05-10 21:06:29,818] {processor.py:153} INFO - Started process (PID=93768) to work on /home/v/Documents/iac-airflow-dev/dags/venv/lib/python3.9/site-packages/airflow/example_dags/example_latest_only_with_trigger.py
[2023-05-10 21:06:29,819] {processor.py:641} INFO - Processing file /home/v/Documents/iac-airflow-dev/dags/venv/lib/python3.9/site-packages/airflow/example_dags/example_latest_only_with_trigger.py for tasks to queue
[2023-05-10 21:06:29,819] {logging_mixin.py:115} INFO - [2023-05-10 21:06:29,819] {dagbag.py:507} INFO - Filling up the DagBag from /home/v/Documents/iac-airflow-dev/dags/venv/lib/python3.9/site-packages/airflow/example_dags/example_latest_only_with_trigger.py
[2023-05-10 21:06:29,826] {processor.py:651} INFO - DAG(s) dict_keys(['latest_only_with_trigger']) retrieved from /home/v/Documents/iac-airflow-dev/dags/venv/lib/python3.9/site-packages/airflow/example_dags/example_latest_only_with_trigger.py
[2023-05-10 21:06:29,841] {logging_mixin.py:115} INFO - [2023-05-10 21:06:29,841] {dag.py:2379} INFO - Sync 1 DAGs
[2023-05-10 21:06:29,860] {logging_mixin.py:115} INFO - [2023-05-10 21:06:29,860] {dag.py:2927} INFO - Setting next_dagrun for latest_only_with_trigger to 2023-05-10T20:06:29.860234+00:00, run_after=2023-05-11T00:06:29.860234+00:00
[2023-05-10 21:06:29,877] {processor.py:161} INFO - Processing /home/v/Documents/iac-airflow-dev/dags/venv/lib/python3.9/site-packages/airflow/example_dags/example_latest_only_with_trigger.py took 0.062 seconds
[2023-05-10 21:07:07,361] {processor.py:153} INFO - Started process (PID=93932) to work on /home/v/Documents/iac-airflow-dev/dags/venv/lib/python3.9/site-packages/airflow/example_dags/example_latest_only_with_trigger.py
[2023-05-10 21:07:07,362] {processor.py:641} INFO - Processing file /home/v/Documents/iac-airflow-dev/dags/venv/lib/python3.9/site-packages/airflow/example_dags/example_latest_only_with_trigger.py for tasks to queue
[2023-05-10 21:07:07,363] {logging_mixin.py:115} INFO - [2023-05-10 21:07:07,363] {dagbag.py:507} INFO - Filling up the DagBag from /home/v/Documents/iac-airflow-dev/dags/venv/lib/python3.9/site-packages/airflow/example_dags/example_latest_only_with_trigger.py
[2023-05-10 21:07:07,369] {processor.py:651} INFO - DAG(s) dict_keys(['latest_only_with_trigger']) retrieved from /home/v/Documents/iac-airflow-dev/dags/venv/lib/python3.9/site-packages/airflow/example_dags/example_latest_only_with_trigger.py
[2023-05-10 21:07:07,386] {logging_mixin.py:115} INFO - [2023-05-10 21:07:07,386] {dag.py:2379} INFO - Sync 1 DAGs
[2023-05-10 21:07:07,403] {logging_mixin.py:115} INFO - [2023-05-10 21:07:07,403] {dag.py:2927} INFO - Setting next_dagrun for latest_only_with_trigger to 2023-05-10T20:07:07.403164+00:00, run_after=2023-05-11T00:07:07.403164+00:00
[2023-05-10 21:07:07,416] {processor.py:161} INFO - Processing /home/v/Documents/iac-airflow-dev/dags/venv/lib/python3.9/site-packages/airflow/example_dags/example_latest_only_with_trigger.py took 0.058 seconds
