[2023-05-10 21:00:15,307] {processor.py:153} INFO - Started process (PID=92254) to work on /home/v/Documents/iac-airflow-dev/dags/venv/lib/python3.9/site-packages/airflow/example_dags/example_external_task_marker_dag.py
[2023-05-10 21:00:15,307] {processor.py:641} INFO - Processing file /home/v/Documents/iac-airflow-dev/dags/venv/lib/python3.9/site-packages/airflow/example_dags/example_external_task_marker_dag.py for tasks to queue
[2023-05-10 21:00:15,308] {logging_mixin.py:115} INFO - [2023-05-10 21:00:15,308] {dagbag.py:507} INFO - Filling up the DagBag from /home/v/Documents/iac-airflow-dev/dags/venv/lib/python3.9/site-packages/airflow/example_dags/example_external_task_marker_dag.py
[2023-05-10 21:00:15,312] {processor.py:651} INFO - DAG(s) dict_keys(['example_external_task_marker_parent', 'example_external_task_marker_child']) retrieved from /home/v/Documents/iac-airflow-dev/dags/venv/lib/python3.9/site-packages/airflow/example_dags/example_external_task_marker_dag.py
[2023-05-10 21:00:15,338] {logging_mixin.py:115} INFO - [2023-05-10 21:00:15,338] {dag.py:2379} INFO - Sync 2 DAGs
[2023-05-10 21:00:15,355] {logging_mixin.py:115} INFO - [2023-05-10 21:00:15,355] {dag.py:2927} INFO - Setting next_dagrun for example_external_task_marker_child to None, run_after=None
[2023-05-10 21:00:15,356] {logging_mixin.py:115} INFO - [2023-05-10 21:00:15,356] {dag.py:2927} INFO - Setting next_dagrun for example_external_task_marker_parent to None, run_after=None
[2023-05-10 21:00:15,369] {processor.py:161} INFO - Processing /home/v/Documents/iac-airflow-dev/dags/venv/lib/python3.9/site-packages/airflow/example_dags/example_external_task_marker_dag.py took 0.065 seconds
[2023-05-10 21:00:47,948] {processor.py:153} INFO - Started process (PID=92372) to work on /home/v/Documents/iac-airflow-dev/dags/venv/lib/python3.9/site-packages/airflow/example_dags/example_external_task_marker_dag.py
[2023-05-10 21:00:47,949] {processor.py:641} INFO - Processing file /home/v/Documents/iac-airflow-dev/dags/venv/lib/python3.9/site-packages/airflow/example_dags/example_external_task_marker_dag.py for tasks to queue
[2023-05-10 21:00:47,949] {logging_mixin.py:115} INFO - [2023-05-10 21:00:47,949] {dagbag.py:507} INFO - Filling up the DagBag from /home/v/Documents/iac-airflow-dev/dags/venv/lib/python3.9/site-packages/airflow/example_dags/example_external_task_marker_dag.py
[2023-05-10 21:00:47,954] {processor.py:651} INFO - DAG(s) dict_keys(['example_external_task_marker_parent', 'example_external_task_marker_child']) retrieved from /home/v/Documents/iac-airflow-dev/dags/venv/lib/python3.9/site-packages/airflow/example_dags/example_external_task_marker_dag.py
[2023-05-10 21:00:47,980] {logging_mixin.py:115} INFO - [2023-05-10 21:00:47,980] {dag.py:2379} INFO - Sync 2 DAGs
[2023-05-10 21:00:47,997] {logging_mixin.py:115} INFO - [2023-05-10 21:00:47,997] {dag.py:2927} INFO - Setting next_dagrun for example_external_task_marker_child to None, run_after=None
[2023-05-10 21:00:47,997] {logging_mixin.py:115} INFO - [2023-05-10 21:00:47,997] {dag.py:2927} INFO - Setting next_dagrun for example_external_task_marker_parent to None, run_after=None
[2023-05-10 21:00:48,010] {processor.py:161} INFO - Processing /home/v/Documents/iac-airflow-dev/dags/venv/lib/python3.9/site-packages/airflow/example_dags/example_external_task_marker_dag.py took 0.065 seconds
[2023-05-10 21:01:25,167] {processor.py:153} INFO - Started process (PID=92492) to work on /home/v/Documents/iac-airflow-dev/dags/venv/lib/python3.9/site-packages/airflow/example_dags/example_external_task_marker_dag.py
[2023-05-10 21:01:25,185] {processor.py:641} INFO - Processing file /home/v/Documents/iac-airflow-dev/dags/venv/lib/python3.9/site-packages/airflow/example_dags/example_external_task_marker_dag.py for tasks to queue
[2023-05-10 21:01:25,185] {logging_mixin.py:115} INFO - [2023-05-10 21:01:25,185] {dagbag.py:507} INFO - Filling up the DagBag from /home/v/Documents/iac-airflow-dev/dags/venv/lib/python3.9/site-packages/airflow/example_dags/example_external_task_marker_dag.py
[2023-05-10 21:01:25,190] {processor.py:651} INFO - DAG(s) dict_keys(['example_external_task_marker_parent', 'example_external_task_marker_child']) retrieved from /home/v/Documents/iac-airflow-dev/dags/venv/lib/python3.9/site-packages/airflow/example_dags/example_external_task_marker_dag.py
[2023-05-10 21:01:25,221] {logging_mixin.py:115} INFO - [2023-05-10 21:01:25,221] {dag.py:2379} INFO - Sync 2 DAGs
[2023-05-10 21:01:25,239] {logging_mixin.py:115} INFO - [2023-05-10 21:01:25,239] {dag.py:2927} INFO - Setting next_dagrun for example_external_task_marker_child to None, run_after=None
[2023-05-10 21:01:25,239] {logging_mixin.py:115} INFO - [2023-05-10 21:01:25,239] {dag.py:2927} INFO - Setting next_dagrun for example_external_task_marker_parent to None, run_after=None
[2023-05-10 21:01:25,254] {processor.py:161} INFO - Processing /home/v/Documents/iac-airflow-dev/dags/venv/lib/python3.9/site-packages/airflow/example_dags/example_external_task_marker_dag.py took 0.090 seconds
[2023-05-10 21:01:58,958] {processor.py:153} INFO - Started process (PID=92656) to work on /home/v/Documents/iac-airflow-dev/dags/venv/lib/python3.9/site-packages/airflow/example_dags/example_external_task_marker_dag.py
[2023-05-10 21:01:58,958] {processor.py:641} INFO - Processing file /home/v/Documents/iac-airflow-dev/dags/venv/lib/python3.9/site-packages/airflow/example_dags/example_external_task_marker_dag.py for tasks to queue
[2023-05-10 21:01:58,959] {logging_mixin.py:115} INFO - [2023-05-10 21:01:58,959] {dagbag.py:507} INFO - Filling up the DagBag from /home/v/Documents/iac-airflow-dev/dags/venv/lib/python3.9/site-packages/airflow/example_dags/example_external_task_marker_dag.py
[2023-05-10 21:01:58,963] {processor.py:651} INFO - DAG(s) dict_keys(['example_external_task_marker_parent', 'example_external_task_marker_child']) retrieved from /home/v/Documents/iac-airflow-dev/dags/venv/lib/python3.9/site-packages/airflow/example_dags/example_external_task_marker_dag.py
[2023-05-10 21:01:58,990] {logging_mixin.py:115} INFO - [2023-05-10 21:01:58,990] {dag.py:2379} INFO - Sync 2 DAGs
[2023-05-10 21:01:59,007] {logging_mixin.py:115} INFO - [2023-05-10 21:01:59,007] {dag.py:2927} INFO - Setting next_dagrun for example_external_task_marker_child to None, run_after=None
[2023-05-10 21:01:59,007] {logging_mixin.py:115} INFO - [2023-05-10 21:01:59,007] {dag.py:2927} INFO - Setting next_dagrun for example_external_task_marker_parent to None, run_after=None
[2023-05-10 21:01:59,021] {processor.py:161} INFO - Processing /home/v/Documents/iac-airflow-dev/dags/venv/lib/python3.9/site-packages/airflow/example_dags/example_external_task_marker_dag.py took 0.067 seconds
[2023-05-10 21:02:34,918] {processor.py:153} INFO - Started process (PID=92833) to work on /home/v/Documents/iac-airflow-dev/dags/venv/lib/python3.9/site-packages/airflow/example_dags/example_external_task_marker_dag.py
[2023-05-10 21:02:34,918] {processor.py:641} INFO - Processing file /home/v/Documents/iac-airflow-dev/dags/venv/lib/python3.9/site-packages/airflow/example_dags/example_external_task_marker_dag.py for tasks to queue
[2023-05-10 21:02:34,919] {logging_mixin.py:115} INFO - [2023-05-10 21:02:34,919] {dagbag.py:507} INFO - Filling up the DagBag from /home/v/Documents/iac-airflow-dev/dags/venv/lib/python3.9/site-packages/airflow/example_dags/example_external_task_marker_dag.py
[2023-05-10 21:02:34,924] {processor.py:651} INFO - DAG(s) dict_keys(['example_external_task_marker_parent', 'example_external_task_marker_child']) retrieved from /home/v/Documents/iac-airflow-dev/dags/venv/lib/python3.9/site-packages/airflow/example_dags/example_external_task_marker_dag.py
[2023-05-10 21:02:34,950] {logging_mixin.py:115} INFO - [2023-05-10 21:02:34,950] {dag.py:2379} INFO - Sync 2 DAGs
[2023-05-10 21:02:34,967] {logging_mixin.py:115} INFO - [2023-05-10 21:02:34,967] {dag.py:2927} INFO - Setting next_dagrun for example_external_task_marker_child to None, run_after=None
[2023-05-10 21:02:34,967] {logging_mixin.py:115} INFO - [2023-05-10 21:02:34,967] {dag.py:2927} INFO - Setting next_dagrun for example_external_task_marker_parent to None, run_after=None
[2023-05-10 21:02:34,981] {processor.py:161} INFO - Processing /home/v/Documents/iac-airflow-dev/dags/venv/lib/python3.9/site-packages/airflow/example_dags/example_external_task_marker_dag.py took 0.066 seconds
[2023-05-10 21:03:10,080] {processor.py:153} INFO - Started process (PID=93031) to work on /home/v/Documents/iac-airflow-dev/dags/venv/lib/python3.9/site-packages/airflow/example_dags/example_external_task_marker_dag.py
[2023-05-10 21:03:10,081] {processor.py:641} INFO - Processing file /home/v/Documents/iac-airflow-dev/dags/venv/lib/python3.9/site-packages/airflow/example_dags/example_external_task_marker_dag.py for tasks to queue
[2023-05-10 21:03:10,082] {logging_mixin.py:115} INFO - [2023-05-10 21:03:10,081] {dagbag.py:507} INFO - Filling up the DagBag from /home/v/Documents/iac-airflow-dev/dags/venv/lib/python3.9/site-packages/airflow/example_dags/example_external_task_marker_dag.py
[2023-05-10 21:03:10,086] {processor.py:651} INFO - DAG(s) dict_keys(['example_external_task_marker_parent', 'example_external_task_marker_child']) retrieved from /home/v/Documents/iac-airflow-dev/dags/venv/lib/python3.9/site-packages/airflow/example_dags/example_external_task_marker_dag.py
[2023-05-10 21:03:10,109] {logging_mixin.py:115} INFO - [2023-05-10 21:03:10,109] {dag.py:2379} INFO - Sync 2 DAGs
[2023-05-10 21:03:10,124] {logging_mixin.py:115} INFO - [2023-05-10 21:03:10,124] {dag.py:2927} INFO - Setting next_dagrun for example_external_task_marker_child to None, run_after=None
[2023-05-10 21:03:10,124] {logging_mixin.py:115} INFO - [2023-05-10 21:03:10,124] {dag.py:2927} INFO - Setting next_dagrun for example_external_task_marker_parent to None, run_after=None
[2023-05-10 21:03:10,138] {processor.py:161} INFO - Processing /home/v/Documents/iac-airflow-dev/dags/venv/lib/python3.9/site-packages/airflow/example_dags/example_external_task_marker_dag.py took 0.061 seconds
[2023-05-10 21:03:45,483] {processor.py:153} INFO - Started process (PID=93136) to work on /home/v/Documents/iac-airflow-dev/dags/venv/lib/python3.9/site-packages/airflow/example_dags/example_external_task_marker_dag.py
[2023-05-10 21:03:45,484] {processor.py:641} INFO - Processing file /home/v/Documents/iac-airflow-dev/dags/venv/lib/python3.9/site-packages/airflow/example_dags/example_external_task_marker_dag.py for tasks to queue
[2023-05-10 21:03:45,485] {logging_mixin.py:115} INFO - [2023-05-10 21:03:45,485] {dagbag.py:507} INFO - Filling up the DagBag from /home/v/Documents/iac-airflow-dev/dags/venv/lib/python3.9/site-packages/airflow/example_dags/example_external_task_marker_dag.py
[2023-05-10 21:03:45,488] {processor.py:651} INFO - DAG(s) dict_keys(['example_external_task_marker_parent', 'example_external_task_marker_child']) retrieved from /home/v/Documents/iac-airflow-dev/dags/venv/lib/python3.9/site-packages/airflow/example_dags/example_external_task_marker_dag.py
[2023-05-10 21:03:45,513] {logging_mixin.py:115} INFO - [2023-05-10 21:03:45,513] {dag.py:2379} INFO - Sync 2 DAGs
[2023-05-10 21:03:45,529] {logging_mixin.py:115} INFO - [2023-05-10 21:03:45,528] {dag.py:2927} INFO - Setting next_dagrun for example_external_task_marker_child to None, run_after=None
[2023-05-10 21:03:45,529] {logging_mixin.py:115} INFO - [2023-05-10 21:03:45,529] {dag.py:2927} INFO - Setting next_dagrun for example_external_task_marker_parent to None, run_after=None
[2023-05-10 21:03:45,551] {processor.py:161} INFO - Processing /home/v/Documents/iac-airflow-dev/dags/venv/lib/python3.9/site-packages/airflow/example_dags/example_external_task_marker_dag.py took 0.070 seconds
[2023-05-10 21:04:23,054] {processor.py:153} INFO - Started process (PID=93283) to work on /home/v/Documents/iac-airflow-dev/dags/venv/lib/python3.9/site-packages/airflow/example_dags/example_external_task_marker_dag.py
[2023-05-10 21:04:23,055] {processor.py:641} INFO - Processing file /home/v/Documents/iac-airflow-dev/dags/venv/lib/python3.9/site-packages/airflow/example_dags/example_external_task_marker_dag.py for tasks to queue
[2023-05-10 21:04:23,055] {logging_mixin.py:115} INFO - [2023-05-10 21:04:23,055] {dagbag.py:507} INFO - Filling up the DagBag from /home/v/Documents/iac-airflow-dev/dags/venv/lib/python3.9/site-packages/airflow/example_dags/example_external_task_marker_dag.py
[2023-05-10 21:04:23,060] {processor.py:651} INFO - DAG(s) dict_keys(['example_external_task_marker_parent', 'example_external_task_marker_child']) retrieved from /home/v/Documents/iac-airflow-dev/dags/venv/lib/python3.9/site-packages/airflow/example_dags/example_external_task_marker_dag.py
[2023-05-10 21:04:23,087] {logging_mixin.py:115} INFO - [2023-05-10 21:04:23,087] {dag.py:2379} INFO - Sync 2 DAGs
[2023-05-10 21:04:23,104] {logging_mixin.py:115} INFO - [2023-05-10 21:04:23,104] {dag.py:2927} INFO - Setting next_dagrun for example_external_task_marker_child to None, run_after=None
[2023-05-10 21:04:23,104] {logging_mixin.py:115} INFO - [2023-05-10 21:04:23,104] {dag.py:2927} INFO - Setting next_dagrun for example_external_task_marker_parent to None, run_after=None
[2023-05-10 21:04:23,118] {processor.py:161} INFO - Processing /home/v/Documents/iac-airflow-dev/dags/venv/lib/python3.9/site-packages/airflow/example_dags/example_external_task_marker_dag.py took 0.067 seconds
[2023-05-10 21:04:57,235] {processor.py:153} INFO - Started process (PID=93452) to work on /home/v/Documents/iac-airflow-dev/dags/venv/lib/python3.9/site-packages/airflow/example_dags/example_external_task_marker_dag.py
[2023-05-10 21:04:57,235] {processor.py:641} INFO - Processing file /home/v/Documents/iac-airflow-dev/dags/venv/lib/python3.9/site-packages/airflow/example_dags/example_external_task_marker_dag.py for tasks to queue
[2023-05-10 21:04:57,236] {logging_mixin.py:115} INFO - [2023-05-10 21:04:57,236] {dagbag.py:507} INFO - Filling up the DagBag from /home/v/Documents/iac-airflow-dev/dags/venv/lib/python3.9/site-packages/airflow/example_dags/example_external_task_marker_dag.py
[2023-05-10 21:04:57,240] {processor.py:651} INFO - DAG(s) dict_keys(['example_external_task_marker_parent', 'example_external_task_marker_child']) retrieved from /home/v/Documents/iac-airflow-dev/dags/venv/lib/python3.9/site-packages/airflow/example_dags/example_external_task_marker_dag.py
[2023-05-10 21:04:57,266] {logging_mixin.py:115} INFO - [2023-05-10 21:04:57,266] {dag.py:2379} INFO - Sync 2 DAGs
[2023-05-10 21:04:57,282] {logging_mixin.py:115} INFO - [2023-05-10 21:04:57,282] {dag.py:2927} INFO - Setting next_dagrun for example_external_task_marker_child to None, run_after=None
[2023-05-10 21:04:57,283] {logging_mixin.py:115} INFO - [2023-05-10 21:04:57,283] {dag.py:2927} INFO - Setting next_dagrun for example_external_task_marker_parent to None, run_after=None
[2023-05-10 21:04:57,296] {processor.py:161} INFO - Processing /home/v/Documents/iac-airflow-dev/dags/venv/lib/python3.9/site-packages/airflow/example_dags/example_external_task_marker_dag.py took 0.064 seconds
[2023-05-10 21:05:36,030] {processor.py:153} INFO - Started process (PID=93589) to work on /home/v/Documents/iac-airflow-dev/dags/venv/lib/python3.9/site-packages/airflow/example_dags/example_external_task_marker_dag.py
[2023-05-10 21:05:36,031] {processor.py:641} INFO - Processing file /home/v/Documents/iac-airflow-dev/dags/venv/lib/python3.9/site-packages/airflow/example_dags/example_external_task_marker_dag.py for tasks to queue
[2023-05-10 21:05:36,032] {logging_mixin.py:115} INFO - [2023-05-10 21:05:36,031] {dagbag.py:507} INFO - Filling up the DagBag from /home/v/Documents/iac-airflow-dev/dags/venv/lib/python3.9/site-packages/airflow/example_dags/example_external_task_marker_dag.py
[2023-05-10 21:05:36,036] {processor.py:651} INFO - DAG(s) dict_keys(['example_external_task_marker_parent', 'example_external_task_marker_child']) retrieved from /home/v/Documents/iac-airflow-dev/dags/venv/lib/python3.9/site-packages/airflow/example_dags/example_external_task_marker_dag.py
[2023-05-10 21:05:36,063] {logging_mixin.py:115} INFO - [2023-05-10 21:05:36,063] {dag.py:2379} INFO - Sync 2 DAGs
[2023-05-10 21:05:36,080] {logging_mixin.py:115} INFO - [2023-05-10 21:05:36,080] {dag.py:2927} INFO - Setting next_dagrun for example_external_task_marker_child to None, run_after=None
[2023-05-10 21:05:36,080] {logging_mixin.py:115} INFO - [2023-05-10 21:05:36,080] {dag.py:2927} INFO - Setting next_dagrun for example_external_task_marker_parent to None, run_after=None
[2023-05-10 21:05:36,093] {processor.py:161} INFO - Processing /home/v/Documents/iac-airflow-dev/dags/venv/lib/python3.9/site-packages/airflow/example_dags/example_external_task_marker_dag.py took 0.066 seconds
[2023-05-10 21:06:10,297] {processor.py:153} INFO - Started process (PID=93702) to work on /home/v/Documents/iac-airflow-dev/dags/venv/lib/python3.9/site-packages/airflow/example_dags/example_external_task_marker_dag.py
[2023-05-10 21:06:10,298] {processor.py:641} INFO - Processing file /home/v/Documents/iac-airflow-dev/dags/venv/lib/python3.9/site-packages/airflow/example_dags/example_external_task_marker_dag.py for tasks to queue
[2023-05-10 21:06:10,298] {logging_mixin.py:115} INFO - [2023-05-10 21:06:10,298] {dagbag.py:507} INFO - Filling up the DagBag from /home/v/Documents/iac-airflow-dev/dags/venv/lib/python3.9/site-packages/airflow/example_dags/example_external_task_marker_dag.py
[2023-05-10 21:06:10,302] {processor.py:651} INFO - DAG(s) dict_keys(['example_external_task_marker_parent', 'example_external_task_marker_child']) retrieved from /home/v/Documents/iac-airflow-dev/dags/venv/lib/python3.9/site-packages/airflow/example_dags/example_external_task_marker_dag.py
[2023-05-10 21:06:10,339] {logging_mixin.py:115} INFO - [2023-05-10 21:06:10,339] {dag.py:2379} INFO - Sync 2 DAGs
[2023-05-10 21:06:10,360] {logging_mixin.py:115} INFO - [2023-05-10 21:06:10,360] {dag.py:2927} INFO - Setting next_dagrun for example_external_task_marker_child to None, run_after=None
[2023-05-10 21:06:10,361] {logging_mixin.py:115} INFO - [2023-05-10 21:06:10,361] {dag.py:2927} INFO - Setting next_dagrun for example_external_task_marker_parent to None, run_after=None
[2023-05-10 21:06:10,375] {processor.py:161} INFO - Processing /home/v/Documents/iac-airflow-dev/dags/venv/lib/python3.9/site-packages/airflow/example_dags/example_external_task_marker_dag.py took 0.080 seconds
[2023-05-10 21:06:48,215] {processor.py:153} INFO - Started process (PID=93841) to work on /home/v/Documents/iac-airflow-dev/dags/venv/lib/python3.9/site-packages/airflow/example_dags/example_external_task_marker_dag.py
[2023-05-10 21:06:48,216] {processor.py:641} INFO - Processing file /home/v/Documents/iac-airflow-dev/dags/venv/lib/python3.9/site-packages/airflow/example_dags/example_external_task_marker_dag.py for tasks to queue
[2023-05-10 21:06:48,216] {logging_mixin.py:115} INFO - [2023-05-10 21:06:48,216] {dagbag.py:507} INFO - Filling up the DagBag from /home/v/Documents/iac-airflow-dev/dags/venv/lib/python3.9/site-packages/airflow/example_dags/example_external_task_marker_dag.py
[2023-05-10 21:06:48,221] {processor.py:651} INFO - DAG(s) dict_keys(['example_external_task_marker_parent', 'example_external_task_marker_child']) retrieved from /home/v/Documents/iac-airflow-dev/dags/venv/lib/python3.9/site-packages/airflow/example_dags/example_external_task_marker_dag.py
[2023-05-10 21:06:48,247] {logging_mixin.py:115} INFO - [2023-05-10 21:06:48,247] {dag.py:2379} INFO - Sync 2 DAGs
[2023-05-10 21:06:48,264] {logging_mixin.py:115} INFO - [2023-05-10 21:06:48,264] {dag.py:2927} INFO - Setting next_dagrun for example_external_task_marker_child to None, run_after=None
[2023-05-10 21:06:48,264] {logging_mixin.py:115} INFO - [2023-05-10 21:06:48,264] {dag.py:2927} INFO - Setting next_dagrun for example_external_task_marker_parent to None, run_after=None
[2023-05-10 21:06:48,278] {processor.py:161} INFO - Processing /home/v/Documents/iac-airflow-dev/dags/venv/lib/python3.9/site-packages/airflow/example_dags/example_external_task_marker_dag.py took 0.066 seconds
[2023-05-10 21:07:23,763] {processor.py:153} INFO - Started process (PID=93993) to work on /home/v/Documents/iac-airflow-dev/dags/venv/lib/python3.9/site-packages/airflow/example_dags/example_external_task_marker_dag.py
[2023-05-10 21:07:23,764] {processor.py:641} INFO - Processing file /home/v/Documents/iac-airflow-dev/dags/venv/lib/python3.9/site-packages/airflow/example_dags/example_external_task_marker_dag.py for tasks to queue
[2023-05-10 21:07:23,764] {logging_mixin.py:115} INFO - [2023-05-10 21:07:23,764] {dagbag.py:507} INFO - Filling up the DagBag from /home/v/Documents/iac-airflow-dev/dags/venv/lib/python3.9/site-packages/airflow/example_dags/example_external_task_marker_dag.py
[2023-05-10 21:07:23,769] {processor.py:651} INFO - DAG(s) dict_keys(['example_external_task_marker_parent', 'example_external_task_marker_child']) retrieved from /home/v/Documents/iac-airflow-dev/dags/venv/lib/python3.9/site-packages/airflow/example_dags/example_external_task_marker_dag.py
[2023-05-10 21:07:23,795] {logging_mixin.py:115} INFO - [2023-05-10 21:07:23,795] {dag.py:2379} INFO - Sync 2 DAGs
[2023-05-10 21:07:23,812] {logging_mixin.py:115} INFO - [2023-05-10 21:07:23,812] {dag.py:2927} INFO - Setting next_dagrun for example_external_task_marker_child to None, run_after=None
[2023-05-10 21:07:23,812] {logging_mixin.py:115} INFO - [2023-05-10 21:07:23,812] {dag.py:2927} INFO - Setting next_dagrun for example_external_task_marker_parent to None, run_after=None
[2023-05-10 21:07:23,826] {processor.py:161} INFO - Processing /home/v/Documents/iac-airflow-dev/dags/venv/lib/python3.9/site-packages/airflow/example_dags/example_external_task_marker_dag.py took 0.066 seconds
