[2023-05-10 21:00:18,551] {processor.py:153} INFO - Started process (PID=92268) to work on /home/v/Documents/iac-airflow-dev/dags/venv/lib/python3.9/site-packages/airflow/example_dags/example_branch_operator_decorator.py
[2023-05-10 21:00:18,552] {processor.py:641} INFO - Processing file /home/v/Documents/iac-airflow-dev/dags/venv/lib/python3.9/site-packages/airflow/example_dags/example_branch_operator_decorator.py for tasks to queue
[2023-05-10 21:00:18,552] {logging_mixin.py:115} INFO - [2023-05-10 21:00:18,552] {dagbag.py:507} INFO - Filling up the DagBag from /home/v/Documents/iac-airflow-dev/dags/venv/lib/python3.9/site-packages/airflow/example_dags/example_branch_operator_decorator.py
[2023-05-10 21:00:18,573] {processor.py:651} INFO - DAG(s) dict_keys(['example_branch_python_operator_decorator']) retrieved from /home/v/Documents/iac-airflow-dev/dags/venv/lib/python3.9/site-packages/airflow/example_dags/example_branch_operator_decorator.py
[2023-05-10 21:00:18,589] {logging_mixin.py:115} INFO - [2023-05-10 21:00:18,589] {dag.py:2379} INFO - Sync 1 DAGs
[2023-05-10 21:00:18,607] {logging_mixin.py:115} INFO - [2023-05-10 21:00:18,607] {dag.py:2927} INFO - Setting next_dagrun for example_branch_python_operator_decorator to 2023-05-10T00:00:00+00:00, run_after=2023-05-11T00:00:00+00:00
[2023-05-10 21:00:18,620] {processor.py:161} INFO - Processing /home/v/Documents/iac-airflow-dev/dags/venv/lib/python3.9/site-packages/airflow/example_dags/example_branch_operator_decorator.py took 0.073 seconds
[2023-05-10 21:00:52,685] {processor.py:153} INFO - Started process (PID=92385) to work on /home/v/Documents/iac-airflow-dev/dags/venv/lib/python3.9/site-packages/airflow/example_dags/example_branch_operator_decorator.py
[2023-05-10 21:00:52,685] {processor.py:641} INFO - Processing file /home/v/Documents/iac-airflow-dev/dags/venv/lib/python3.9/site-packages/airflow/example_dags/example_branch_operator_decorator.py for tasks to queue
[2023-05-10 21:00:52,686] {logging_mixin.py:115} INFO - [2023-05-10 21:00:52,686] {dagbag.py:507} INFO - Filling up the DagBag from /home/v/Documents/iac-airflow-dev/dags/venv/lib/python3.9/site-packages/airflow/example_dags/example_branch_operator_decorator.py
[2023-05-10 21:00:52,706] {processor.py:651} INFO - DAG(s) dict_keys(['example_branch_python_operator_decorator']) retrieved from /home/v/Documents/iac-airflow-dev/dags/venv/lib/python3.9/site-packages/airflow/example_dags/example_branch_operator_decorator.py
[2023-05-10 21:00:52,721] {logging_mixin.py:115} INFO - [2023-05-10 21:00:52,721] {dag.py:2379} INFO - Sync 1 DAGs
[2023-05-10 21:00:52,740] {logging_mixin.py:115} INFO - [2023-05-10 21:00:52,740] {dag.py:2927} INFO - Setting next_dagrun for example_branch_python_operator_decorator to 2023-05-10T00:00:00+00:00, run_after=2023-05-11T00:00:00+00:00
[2023-05-10 21:00:52,753] {processor.py:161} INFO - Processing /home/v/Documents/iac-airflow-dev/dags/venv/lib/python3.9/site-packages/airflow/example_dags/example_branch_operator_decorator.py took 0.071 seconds
[2023-05-10 21:01:29,551] {processor.py:153} INFO - Started process (PID=92508) to work on /home/v/Documents/iac-airflow-dev/dags/venv/lib/python3.9/site-packages/airflow/example_dags/example_branch_operator_decorator.py
[2023-05-10 21:01:29,552] {processor.py:641} INFO - Processing file /home/v/Documents/iac-airflow-dev/dags/venv/lib/python3.9/site-packages/airflow/example_dags/example_branch_operator_decorator.py for tasks to queue
[2023-05-10 21:01:29,553] {logging_mixin.py:115} INFO - [2023-05-10 21:01:29,553] {dagbag.py:507} INFO - Filling up the DagBag from /home/v/Documents/iac-airflow-dev/dags/venv/lib/python3.9/site-packages/airflow/example_dags/example_branch_operator_decorator.py
[2023-05-10 21:01:29,573] {processor.py:651} INFO - DAG(s) dict_keys(['example_branch_python_operator_decorator']) retrieved from /home/v/Documents/iac-airflow-dev/dags/venv/lib/python3.9/site-packages/airflow/example_dags/example_branch_operator_decorator.py
[2023-05-10 21:01:29,589] {logging_mixin.py:115} INFO - [2023-05-10 21:01:29,589] {dag.py:2379} INFO - Sync 1 DAGs
[2023-05-10 21:01:29,607] {logging_mixin.py:115} INFO - [2023-05-10 21:01:29,607] {dag.py:2927} INFO - Setting next_dagrun for example_branch_python_operator_decorator to 2023-05-10T00:00:00+00:00, run_after=2023-05-11T00:00:00+00:00
[2023-05-10 21:01:29,621] {processor.py:161} INFO - Processing /home/v/Documents/iac-airflow-dev/dags/venv/lib/python3.9/site-packages/airflow/example_dags/example_branch_operator_decorator.py took 0.073 seconds
[2023-05-10 21:02:08,313] {processor.py:153} INFO - Started process (PID=92688) to work on /home/v/Documents/iac-airflow-dev/dags/venv/lib/python3.9/site-packages/airflow/example_dags/example_branch_operator_decorator.py
[2023-05-10 21:02:08,314] {processor.py:641} INFO - Processing file /home/v/Documents/iac-airflow-dev/dags/venv/lib/python3.9/site-packages/airflow/example_dags/example_branch_operator_decorator.py for tasks to queue
[2023-05-10 21:02:08,314] {logging_mixin.py:115} INFO - [2023-05-10 21:02:08,314] {dagbag.py:507} INFO - Filling up the DagBag from /home/v/Documents/iac-airflow-dev/dags/venv/lib/python3.9/site-packages/airflow/example_dags/example_branch_operator_decorator.py
[2023-05-10 21:02:08,334] {processor.py:651} INFO - DAG(s) dict_keys(['example_branch_python_operator_decorator']) retrieved from /home/v/Documents/iac-airflow-dev/dags/venv/lib/python3.9/site-packages/airflow/example_dags/example_branch_operator_decorator.py
[2023-05-10 21:02:08,349] {logging_mixin.py:115} INFO - [2023-05-10 21:02:08,349] {dag.py:2379} INFO - Sync 1 DAGs
[2023-05-10 21:02:08,364] {logging_mixin.py:115} INFO - [2023-05-10 21:02:08,364] {dag.py:2927} INFO - Setting next_dagrun for example_branch_python_operator_decorator to 2023-05-10T00:00:00+00:00, run_after=2023-05-11T00:00:00+00:00
[2023-05-10 21:02:08,378] {processor.py:161} INFO - Processing /home/v/Documents/iac-airflow-dev/dags/venv/lib/python3.9/site-packages/airflow/example_dags/example_branch_operator_decorator.py took 0.068 seconds
[2023-05-10 21:02:48,675] {processor.py:153} INFO - Started process (PID=92930) to work on /home/v/Documents/iac-airflow-dev/dags/venv/lib/python3.9/site-packages/airflow/example_dags/example_branch_operator_decorator.py
[2023-05-10 21:02:48,676] {processor.py:641} INFO - Processing file /home/v/Documents/iac-airflow-dev/dags/venv/lib/python3.9/site-packages/airflow/example_dags/example_branch_operator_decorator.py for tasks to queue
[2023-05-10 21:02:48,677] {logging_mixin.py:115} INFO - [2023-05-10 21:02:48,676] {dagbag.py:507} INFO - Filling up the DagBag from /home/v/Documents/iac-airflow-dev/dags/venv/lib/python3.9/site-packages/airflow/example_dags/example_branch_operator_decorator.py
[2023-05-10 21:02:48,697] {processor.py:651} INFO - DAG(s) dict_keys(['example_branch_python_operator_decorator']) retrieved from /home/v/Documents/iac-airflow-dev/dags/venv/lib/python3.9/site-packages/airflow/example_dags/example_branch_operator_decorator.py
[2023-05-10 21:02:48,713] {logging_mixin.py:115} INFO - [2023-05-10 21:02:48,713] {dag.py:2379} INFO - Sync 1 DAGs
[2023-05-10 21:02:48,731] {logging_mixin.py:115} INFO - [2023-05-10 21:02:48,731] {dag.py:2927} INFO - Setting next_dagrun for example_branch_python_operator_decorator to 2023-05-10T00:00:00+00:00, run_after=2023-05-11T00:00:00+00:00
[2023-05-10 21:02:48,744] {processor.py:161} INFO - Processing /home/v/Documents/iac-airflow-dev/dags/venv/lib/python3.9/site-packages/airflow/example_dags/example_branch_operator_decorator.py took 0.072 seconds
[2023-05-10 21:03:25,234] {processor.py:153} INFO - Started process (PID=93080) to work on /home/v/Documents/iac-airflow-dev/dags/venv/lib/python3.9/site-packages/airflow/example_dags/example_branch_operator_decorator.py
[2023-05-10 21:03:25,235] {processor.py:641} INFO - Processing file /home/v/Documents/iac-airflow-dev/dags/venv/lib/python3.9/site-packages/airflow/example_dags/example_branch_operator_decorator.py for tasks to queue
[2023-05-10 21:03:25,236] {logging_mixin.py:115} INFO - [2023-05-10 21:03:25,235] {dagbag.py:507} INFO - Filling up the DagBag from /home/v/Documents/iac-airflow-dev/dags/venv/lib/python3.9/site-packages/airflow/example_dags/example_branch_operator_decorator.py
[2023-05-10 21:03:25,256] {processor.py:651} INFO - DAG(s) dict_keys(['example_branch_python_operator_decorator']) retrieved from /home/v/Documents/iac-airflow-dev/dags/venv/lib/python3.9/site-packages/airflow/example_dags/example_branch_operator_decorator.py
[2023-05-10 21:03:25,271] {logging_mixin.py:115} INFO - [2023-05-10 21:03:25,271] {dag.py:2379} INFO - Sync 1 DAGs
[2023-05-10 21:03:25,291] {logging_mixin.py:115} INFO - [2023-05-10 21:03:25,291] {dag.py:2927} INFO - Setting next_dagrun for example_branch_python_operator_decorator to 2023-05-10T00:00:00+00:00, run_after=2023-05-11T00:00:00+00:00
[2023-05-10 21:03:25,305] {processor.py:161} INFO - Processing /home/v/Documents/iac-airflow-dev/dags/venv/lib/python3.9/site-packages/airflow/example_dags/example_branch_operator_decorator.py took 0.074 seconds
[2023-05-10 21:04:04,949] {processor.py:153} INFO - Started process (PID=93212) to work on /home/v/Documents/iac-airflow-dev/dags/venv/lib/python3.9/site-packages/airflow/example_dags/example_branch_operator_decorator.py
[2023-05-10 21:04:04,950] {processor.py:641} INFO - Processing file /home/v/Documents/iac-airflow-dev/dags/venv/lib/python3.9/site-packages/airflow/example_dags/example_branch_operator_decorator.py for tasks to queue
[2023-05-10 21:04:04,951] {logging_mixin.py:115} INFO - [2023-05-10 21:04:04,951] {dagbag.py:507} INFO - Filling up the DagBag from /home/v/Documents/iac-airflow-dev/dags/venv/lib/python3.9/site-packages/airflow/example_dags/example_branch_operator_decorator.py
[2023-05-10 21:04:04,969] {processor.py:651} INFO - DAG(s) dict_keys(['example_branch_python_operator_decorator']) retrieved from /home/v/Documents/iac-airflow-dev/dags/venv/lib/python3.9/site-packages/airflow/example_dags/example_branch_operator_decorator.py
[2023-05-10 21:04:04,984] {logging_mixin.py:115} INFO - [2023-05-10 21:04:04,984] {dag.py:2379} INFO - Sync 1 DAGs
[2023-05-10 21:04:05,002] {logging_mixin.py:115} INFO - [2023-05-10 21:04:05,002] {dag.py:2927} INFO - Setting next_dagrun for example_branch_python_operator_decorator to 2023-05-10T00:00:00+00:00, run_after=2023-05-11T00:00:00+00:00
[2023-05-10 21:04:05,016] {processor.py:161} INFO - Processing /home/v/Documents/iac-airflow-dev/dags/venv/lib/python3.9/site-packages/airflow/example_dags/example_branch_operator_decorator.py took 0.069 seconds
[2023-05-10 21:04:39,808] {processor.py:153} INFO - Started process (PID=93371) to work on /home/v/Documents/iac-airflow-dev/dags/venv/lib/python3.9/site-packages/airflow/example_dags/example_branch_operator_decorator.py
[2023-05-10 21:04:39,809] {processor.py:641} INFO - Processing file /home/v/Documents/iac-airflow-dev/dags/venv/lib/python3.9/site-packages/airflow/example_dags/example_branch_operator_decorator.py for tasks to queue
[2023-05-10 21:04:39,809] {logging_mixin.py:115} INFO - [2023-05-10 21:04:39,809] {dagbag.py:507} INFO - Filling up the DagBag from /home/v/Documents/iac-airflow-dev/dags/venv/lib/python3.9/site-packages/airflow/example_dags/example_branch_operator_decorator.py
[2023-05-10 21:04:39,828] {processor.py:651} INFO - DAG(s) dict_keys(['example_branch_python_operator_decorator']) retrieved from /home/v/Documents/iac-airflow-dev/dags/venv/lib/python3.9/site-packages/airflow/example_dags/example_branch_operator_decorator.py
[2023-05-10 21:04:39,843] {logging_mixin.py:115} INFO - [2023-05-10 21:04:39,843] {dag.py:2379} INFO - Sync 1 DAGs
[2023-05-10 21:04:39,860] {logging_mixin.py:115} INFO - [2023-05-10 21:04:39,860] {dag.py:2927} INFO - Setting next_dagrun for example_branch_python_operator_decorator to 2023-05-10T00:00:00+00:00, run_after=2023-05-11T00:00:00+00:00
[2023-05-10 21:04:39,872] {processor.py:161} INFO - Processing /home/v/Documents/iac-airflow-dev/dags/venv/lib/python3.9/site-packages/airflow/example_dags/example_branch_operator_decorator.py took 0.067 seconds
[2023-05-10 21:05:20,195] {processor.py:153} INFO - Started process (PID=93531) to work on /home/v/Documents/iac-airflow-dev/dags/venv/lib/python3.9/site-packages/airflow/example_dags/example_branch_operator_decorator.py
[2023-05-10 21:05:20,196] {processor.py:641} INFO - Processing file /home/v/Documents/iac-airflow-dev/dags/venv/lib/python3.9/site-packages/airflow/example_dags/example_branch_operator_decorator.py for tasks to queue
[2023-05-10 21:05:20,197] {logging_mixin.py:115} INFO - [2023-05-10 21:05:20,197] {dagbag.py:507} INFO - Filling up the DagBag from /home/v/Documents/iac-airflow-dev/dags/venv/lib/python3.9/site-packages/airflow/example_dags/example_branch_operator_decorator.py
[2023-05-10 21:05:20,217] {processor.py:651} INFO - DAG(s) dict_keys(['example_branch_python_operator_decorator']) retrieved from /home/v/Documents/iac-airflow-dev/dags/venv/lib/python3.9/site-packages/airflow/example_dags/example_branch_operator_decorator.py
[2023-05-10 21:05:20,233] {logging_mixin.py:115} INFO - [2023-05-10 21:05:20,233] {dag.py:2379} INFO - Sync 1 DAGs
[2023-05-10 21:05:20,251] {logging_mixin.py:115} INFO - [2023-05-10 21:05:20,251] {dag.py:2927} INFO - Setting next_dagrun for example_branch_python_operator_decorator to 2023-05-10T00:00:00+00:00, run_after=2023-05-11T00:00:00+00:00
[2023-05-10 21:05:20,265] {processor.py:161} INFO - Processing /home/v/Documents/iac-airflow-dev/dags/venv/lib/python3.9/site-packages/airflow/example_dags/example_branch_operator_decorator.py took 0.073 seconds
[2023-05-10 21:06:00,011] {processor.py:153} INFO - Started process (PID=93670) to work on /home/v/Documents/iac-airflow-dev/dags/venv/lib/python3.9/site-packages/airflow/example_dags/example_branch_operator_decorator.py
[2023-05-10 21:06:00,011] {processor.py:641} INFO - Processing file /home/v/Documents/iac-airflow-dev/dags/venv/lib/python3.9/site-packages/airflow/example_dags/example_branch_operator_decorator.py for tasks to queue
[2023-05-10 21:06:00,012] {logging_mixin.py:115} INFO - [2023-05-10 21:06:00,012] {dagbag.py:507} INFO - Filling up the DagBag from /home/v/Documents/iac-airflow-dev/dags/venv/lib/python3.9/site-packages/airflow/example_dags/example_branch_operator_decorator.py
[2023-05-10 21:06:00,031] {processor.py:651} INFO - DAG(s) dict_keys(['example_branch_python_operator_decorator']) retrieved from /home/v/Documents/iac-airflow-dev/dags/venv/lib/python3.9/site-packages/airflow/example_dags/example_branch_operator_decorator.py
[2023-05-10 21:06:00,047] {logging_mixin.py:115} INFO - [2023-05-10 21:06:00,047] {dag.py:2379} INFO - Sync 1 DAGs
[2023-05-10 21:06:00,066] {logging_mixin.py:115} INFO - [2023-05-10 21:06:00,066] {dag.py:2927} INFO - Setting next_dagrun for example_branch_python_operator_decorator to 2023-05-10T00:00:00+00:00, run_after=2023-05-11T00:00:00+00:00
[2023-05-10 21:06:00,081] {processor.py:161} INFO - Processing /home/v/Documents/iac-airflow-dev/dags/venv/lib/python3.9/site-packages/airflow/example_dags/example_branch_operator_decorator.py took 0.075 seconds
[2023-05-10 21:06:33,465] {processor.py:153} INFO - Started process (PID=93783) to work on /home/v/Documents/iac-airflow-dev/dags/venv/lib/python3.9/site-packages/airflow/example_dags/example_branch_operator_decorator.py
[2023-05-10 21:06:33,466] {processor.py:641} INFO - Processing file /home/v/Documents/iac-airflow-dev/dags/venv/lib/python3.9/site-packages/airflow/example_dags/example_branch_operator_decorator.py for tasks to queue
[2023-05-10 21:06:33,467] {logging_mixin.py:115} INFO - [2023-05-10 21:06:33,466] {dagbag.py:507} INFO - Filling up the DagBag from /home/v/Documents/iac-airflow-dev/dags/venv/lib/python3.9/site-packages/airflow/example_dags/example_branch_operator_decorator.py
[2023-05-10 21:06:33,488] {processor.py:651} INFO - DAG(s) dict_keys(['example_branch_python_operator_decorator']) retrieved from /home/v/Documents/iac-airflow-dev/dags/venv/lib/python3.9/site-packages/airflow/example_dags/example_branch_operator_decorator.py
[2023-05-10 21:06:33,504] {logging_mixin.py:115} INFO - [2023-05-10 21:06:33,504] {dag.py:2379} INFO - Sync 1 DAGs
[2023-05-10 21:06:33,522] {logging_mixin.py:115} INFO - [2023-05-10 21:06:33,522] {dag.py:2927} INFO - Setting next_dagrun for example_branch_python_operator_decorator to 2023-05-10T00:00:00+00:00, run_after=2023-05-11T00:00:00+00:00
[2023-05-10 21:06:33,536] {processor.py:161} INFO - Processing /home/v/Documents/iac-airflow-dev/dags/venv/lib/python3.9/site-packages/airflow/example_dags/example_branch_operator_decorator.py took 0.074 seconds
[2023-05-10 21:07:08,853] {processor.py:153} INFO - Started process (PID=93944) to work on /home/v/Documents/iac-airflow-dev/dags/venv/lib/python3.9/site-packages/airflow/example_dags/example_branch_operator_decorator.py
[2023-05-10 21:07:08,854] {processor.py:641} INFO - Processing file /home/v/Documents/iac-airflow-dev/dags/venv/lib/python3.9/site-packages/airflow/example_dags/example_branch_operator_decorator.py for tasks to queue
[2023-05-10 21:07:08,854] {logging_mixin.py:115} INFO - [2023-05-10 21:07:08,854] {dagbag.py:507} INFO - Filling up the DagBag from /home/v/Documents/iac-airflow-dev/dags/venv/lib/python3.9/site-packages/airflow/example_dags/example_branch_operator_decorator.py
[2023-05-10 21:07:08,875] {processor.py:651} INFO - DAG(s) dict_keys(['example_branch_python_operator_decorator']) retrieved from /home/v/Documents/iac-airflow-dev/dags/venv/lib/python3.9/site-packages/airflow/example_dags/example_branch_operator_decorator.py
[2023-05-10 21:07:08,891] {logging_mixin.py:115} INFO - [2023-05-10 21:07:08,891] {dag.py:2379} INFO - Sync 1 DAGs
[2023-05-10 21:07:08,909] {logging_mixin.py:115} INFO - [2023-05-10 21:07:08,909] {dag.py:2927} INFO - Setting next_dagrun for example_branch_python_operator_decorator to 2023-05-10T00:00:00+00:00, run_after=2023-05-11T00:00:00+00:00
[2023-05-10 21:07:08,922] {processor.py:161} INFO - Processing /home/v/Documents/iac-airflow-dev/dags/venv/lib/python3.9/site-packages/airflow/example_dags/example_branch_operator_decorator.py took 0.072 seconds
