[2023-05-15 12:18:37,839] {taskinstance.py:1159} INFO - Dependencies all met for <TaskInstance: example_branch_datetime_operator_2.datetime_branch scheduled__2023-05-14T00:00:00+00:00 [queued]>
[2023-05-15 12:18:37,844] {taskinstance.py:1159} INFO - Dependencies all met for <TaskInstance: example_branch_datetime_operator_2.datetime_branch scheduled__2023-05-14T00:00:00+00:00 [queued]>
[2023-05-15 12:18:37,844] {taskinstance.py:1356} INFO - 
--------------------------------------------------------------------------------
[2023-05-15 12:18:37,844] {taskinstance.py:1357} INFO - Starting attempt 1 of 1
[2023-05-15 12:18:37,844] {taskinstance.py:1358} INFO - 
--------------------------------------------------------------------------------
[2023-05-15 12:18:37,858] {taskinstance.py:1377} INFO - Executing <Task(BranchDateTimeOperator): datetime_branch> on 2023-05-14 00:00:00+00:00
[2023-05-15 12:18:37,861] {standard_task_runner.py:52} INFO - Started process 35411 to run task
[2023-05-15 12:18:37,864] {standard_task_runner.py:79} INFO - Running: ['airflow', 'tasks', 'run', 'example_branch_datetime_operator_2', 'datetime_branch', 'scheduled__2023-05-14T00:00:00+00:00', '--job-id', '48', '--raw', '--subdir', '/home/v/Documents/iac-airflow-dev/dags/venv/lib/python3.9/site-packages/airflow/example_dags/example_branch_datetime_operator.py', '--cfg-path', '/tmp/tmpibl4jo04', '--error-file', '/tmp/tmplq5yjwul']
[2023-05-15 12:18:37,864] {standard_task_runner.py:80} INFO - Job 48: Subtask datetime_branch
[2023-05-15 12:18:37,901] {task_command.py:370} INFO - Running <TaskInstance: example_branch_datetime_operator_2.datetime_branch scheduled__2023-05-14T00:00:00+00:00 [running]> on host v-Default-string
[2023-05-15 12:18:37,950] {taskinstance.py:1569} INFO - Exporting the following env vars:
AIRFLOW_CTX_DAG_OWNER=airflow
AIRFLOW_CTX_DAG_ID=example_branch_datetime_operator_2
AIRFLOW_CTX_TASK_ID=datetime_branch
AIRFLOW_CTX_EXECUTION_DATE=2023-05-14T00:00:00+00:00
AIRFLOW_CTX_TRY_NUMBER=1
AIRFLOW_CTX_DAG_RUN_ID=scheduled__2023-05-14T00:00:00+00:00
[2023-05-15 12:18:37,950] {skipmixin.py:140} INFO - Following branch ['date_in_range']
[2023-05-15 12:18:37,951] {skipmixin.py:175} INFO - Skipping tasks ['date_outside_range']
[2023-05-15 12:18:37,987] {taskinstance.py:1395} INFO - Marking task as SUCCESS. dag_id=example_branch_datetime_operator_2, task_id=datetime_branch, execution_date=20230514T000000, start_date=20230515T151837, end_date=20230515T151837
[2023-05-15 12:18:38,035] {local_task_job.py:156} INFO - Task exited with return code 0
[2023-05-15 12:18:38,076] {local_task_job.py:273} INFO - 1 downstream tasks scheduled from follow-on schedule check
