[2023-05-08 13:57:46,590] {taskinstance.py:1159} INFO - Dependencies all met for <TaskInstance: example_branch_datetime_operator_2.datetime_branch scheduled__2023-05-07T00:00:00+00:00 [queued]>
[2023-05-08 13:57:46,595] {taskinstance.py:1159} INFO - Dependencies all met for <TaskInstance: example_branch_datetime_operator_2.datetime_branch scheduled__2023-05-07T00:00:00+00:00 [queued]>
[2023-05-08 13:57:46,595] {taskinstance.py:1356} INFO - 
--------------------------------------------------------------------------------
[2023-05-08 13:57:46,595] {taskinstance.py:1357} INFO - Starting attempt 1 of 1
[2023-05-08 13:57:46,595] {taskinstance.py:1358} INFO - 
--------------------------------------------------------------------------------
[2023-05-08 13:57:46,608] {taskinstance.py:1377} INFO - Executing <Task(BranchDateTimeOperator): datetime_branch> on 2023-05-07 00:00:00+00:00
[2023-05-08 13:57:46,610] {standard_task_runner.py:52} INFO - Started process 12521 to run task
[2023-05-08 13:57:46,615] {standard_task_runner.py:79} INFO - Running: ['airflow', 'tasks', 'run', 'example_branch_datetime_operator_2', 'datetime_branch', 'scheduled__2023-05-07T00:00:00+00:00', '--job-id', '3', '--raw', '--subdir', '/home/v/Desktop/airflow/env/lib/python3.10/site-packages/airflow/example_dags/example_branch_datetime_operator.py', '--cfg-path', '/tmp/tmpw_9bqv2h', '--error-file', '/tmp/tmp2qsi0046']
[2023-05-08 13:57:46,615] {standard_task_runner.py:80} INFO - Job 3: Subtask datetime_branch
[2023-05-08 13:57:46,651] {task_command.py:370} INFO - Running <TaskInstance: example_branch_datetime_operator_2.datetime_branch scheduled__2023-05-07T00:00:00+00:00 [running]> on host v-Default-string
[2023-05-08 13:57:46,695] {taskinstance.py:1569} INFO - Exporting the following env vars:
AIRFLOW_CTX_DAG_OWNER=airflow
AIRFLOW_CTX_DAG_ID=example_branch_datetime_operator_2
AIRFLOW_CTX_TASK_ID=datetime_branch
AIRFLOW_CTX_EXECUTION_DATE=2023-05-07T00:00:00+00:00
AIRFLOW_CTX_TRY_NUMBER=1
AIRFLOW_CTX_DAG_RUN_ID=scheduled__2023-05-07T00:00:00+00:00
[2023-05-08 13:57:46,696] {skipmixin.py:140} INFO - Following branch ['date_in_range']
[2023-05-08 13:57:46,696] {skipmixin.py:175} INFO - Skipping tasks ['date_outside_range']
[2023-05-08 13:57:46,728] {taskinstance.py:1395} INFO - Marking task as SUCCESS. dag_id=example_branch_datetime_operator_2, task_id=datetime_branch, execution_date=20230507T000000, start_date=20230508T165746, end_date=20230508T165746
[2023-05-08 13:57:46,745] {local_task_job.py:156} INFO - Task exited with return code 0
[2023-05-08 13:57:46,773] {local_task_job.py:273} INFO - 1 downstream tasks scheduled from follow-on schedule check
