[2023-05-15 13:17:53,245] {processor.py:153} INFO - Started process (PID=60382) to work on /home/v/Documents/airflowalura/dags/dados_climaticos.py
[2023-05-15 13:17:53,245] {processor.py:641} INFO - Processing file /home/v/Documents/airflowalura/dags/dados_climaticos.py for tasks to queue
[2023-05-15 13:17:53,246] {logging_mixin.py:115} INFO - [2023-05-15 13:17:53,246] {dagbag.py:507} INFO - Filling up the DagBag from /home/v/Documents/airflowalura/dags/dados_climaticos.py
[2023-05-15 13:17:53,254] {logging_mixin.py:115} INFO - [2023-05-15 13:17:53,253] {dagbag.py:320} ERROR - Failed to import: /home/v/Documents/airflowalura/dags/dados_climaticos.py
Traceback (most recent call last):
  File "/home/v/Documents/airflowalura/venv/lib/python3.9/site-packages/airflow/models/dagbag.py", line 317, in parse
    loader.exec_module(new_module)
  File "<frozen importlib._bootstrap_external>", line 850, in exec_module
  File "<frozen importlib._bootstrap>", line 228, in _call_with_frames_removed
  File "/home/v/Documents/airflowalura/dags/dados_climaticos.py", line 7, in <module>
    import pandas as pd
ModuleNotFoundError: No module named 'pandas'
[2023-05-15 13:17:53,254] {processor.py:653} WARNING - No viable dags retrieved from /home/v/Documents/airflowalura/dags/dados_climaticos.py
[2023-05-15 13:17:53,269] {processor.py:161} INFO - Processing /home/v/Documents/airflowalura/dags/dados_climaticos.py took 0.027 seconds
[2023-05-15 13:18:28,879] {processor.py:153} INFO - Started process (PID=61478) to work on /home/v/Documents/airflowalura/dags/dados_climaticos.py
[2023-05-15 13:18:28,879] {processor.py:641} INFO - Processing file /home/v/Documents/airflowalura/dags/dados_climaticos.py for tasks to queue
[2023-05-15 13:18:28,879] {logging_mixin.py:115} INFO - [2023-05-15 13:18:28,879] {dagbag.py:507} INFO - Filling up the DagBag from /home/v/Documents/airflowalura/dags/dados_climaticos.py
[2023-05-15 13:18:28,885] {logging_mixin.py:115} INFO - [2023-05-15 13:18:28,885] {dagbag.py:320} ERROR - Failed to import: /home/v/Documents/airflowalura/dags/dados_climaticos.py
Traceback (most recent call last):
  File "/home/v/Documents/airflowalura/venv/lib/python3.9/site-packages/airflow/models/dagbag.py", line 317, in parse
    loader.exec_module(new_module)
  File "<frozen importlib._bootstrap_external>", line 850, in exec_module
  File "<frozen importlib._bootstrap>", line 228, in _call_with_frames_removed
  File "/home/v/Documents/airflowalura/dags/dados_climaticos.py", line 7, in <module>
    import pandas as pd
ModuleNotFoundError: No module named 'pandas'
[2023-05-15 13:18:28,885] {processor.py:653} WARNING - No viable dags retrieved from /home/v/Documents/airflowalura/dags/dados_climaticos.py
[2023-05-15 13:18:28,901] {processor.py:161} INFO - Processing /home/v/Documents/airflowalura/dags/dados_climaticos.py took 0.025 seconds
[2023-05-15 13:21:07,991] {processor.py:153} INFO - Started process (PID=64073) to work on /home/v/Documents/airflowalura/dags/dados_climaticos.py
[2023-05-15 13:21:07,992] {processor.py:641} INFO - Processing file /home/v/Documents/airflowalura/dags/dados_climaticos.py for tasks to queue
[2023-05-15 13:21:07,992] {logging_mixin.py:115} INFO - [2023-05-15 13:21:07,992] {dagbag.py:507} INFO - Filling up the DagBag from /home/v/Documents/airflowalura/dags/dados_climaticos.py
[2023-05-15 13:21:07,999] {logging_mixin.py:115} INFO - [2023-05-15 13:21:07,998] {dagbag.py:320} ERROR - Failed to import: /home/v/Documents/airflowalura/dags/dados_climaticos.py
Traceback (most recent call last):
  File "/home/v/Documents/airflowalura/venv/lib/python3.9/site-packages/airflow/models/dagbag.py", line 317, in parse
    loader.exec_module(new_module)
  File "<frozen importlib._bootstrap_external>", line 850, in exec_module
  File "<frozen importlib._bootstrap>", line 228, in _call_with_frames_removed
  File "/home/v/Documents/airflowalura/dags/dados_climaticos.py", line 7, in <module>
    import pandas as pd
ModuleNotFoundError: No module named 'pandas'
[2023-05-15 13:21:07,999] {processor.py:653} WARNING - No viable dags retrieved from /home/v/Documents/airflowalura/dags/dados_climaticos.py
[2023-05-15 13:21:08,014] {processor.py:161} INFO - Processing /home/v/Documents/airflowalura/dags/dados_climaticos.py took 0.026 seconds
[2023-05-15 13:23:40,116] {processor.py:153} INFO - Started process (PID=65067) to work on /home/v/Documents/airflowalura/dags/dados_climaticos.py
[2023-05-15 13:23:40,117] {processor.py:641} INFO - Processing file /home/v/Documents/airflowalura/dags/dados_climaticos.py for tasks to queue
[2023-05-15 13:23:40,117] {logging_mixin.py:115} INFO - [2023-05-15 13:23:40,117] {dagbag.py:507} INFO - Filling up the DagBag from /home/v/Documents/airflowalura/dags/dados_climaticos.py
[2023-05-15 13:23:40,123] {logging_mixin.py:115} INFO - [2023-05-15 13:23:40,123] {dagbag.py:320} ERROR - Failed to import: /home/v/Documents/airflowalura/dags/dados_climaticos.py
Traceback (most recent call last):
  File "/home/v/Documents/airflowalura/venv/lib/python3.9/site-packages/airflow/models/dagbag.py", line 317, in parse
    loader.exec_module(new_module)
  File "<frozen importlib._bootstrap_external>", line 850, in exec_module
  File "<frozen importlib._bootstrap>", line 228, in _call_with_frames_removed
  File "/home/v/Documents/airflowalura/dags/dados_climaticos.py", line 7, in <module>
    import pandas as pd
ModuleNotFoundError: No module named 'pandas'
[2023-05-15 13:23:40,124] {processor.py:653} WARNING - No viable dags retrieved from /home/v/Documents/airflowalura/dags/dados_climaticos.py
[2023-05-15 13:23:40,137] {processor.py:161} INFO - Processing /home/v/Documents/airflowalura/dags/dados_climaticos.py took 0.023 seconds
[2023-05-15 13:25:36,440] {processor.py:153} INFO - Started process (PID=65910) to work on /home/v/Documents/airflowalura/dags/dados_climaticos.py
[2023-05-15 13:25:36,441] {processor.py:641} INFO - Processing file /home/v/Documents/airflowalura/dags/dados_climaticos.py for tasks to queue
[2023-05-15 13:25:36,441] {logging_mixin.py:115} INFO - [2023-05-15 13:25:36,441] {dagbag.py:507} INFO - Filling up the DagBag from /home/v/Documents/airflowalura/dags/dados_climaticos.py
[2023-05-15 13:25:36,715] {processor.py:651} INFO - DAG(s) dict_keys(['dados_climaticos']) retrieved from /home/v/Documents/airflowalura/dags/dados_climaticos.py
[2023-05-15 13:25:36,765] {logging_mixin.py:115} INFO - [2023-05-15 13:25:36,765] {manager.py:508} INFO - Created Permission View: can delete on DAG:dados_climaticos
[2023-05-15 13:25:36,774] {logging_mixin.py:115} INFO - [2023-05-15 13:25:36,774] {manager.py:508} INFO - Created Permission View: can read on DAG:dados_climaticos
[2023-05-15 13:25:36,784] {logging_mixin.py:115} INFO - [2023-05-15 13:25:36,784] {manager.py:508} INFO - Created Permission View: can edit on DAG:dados_climaticos
[2023-05-15 13:25:36,784] {logging_mixin.py:115} INFO - [2023-05-15 13:25:36,784] {dag.py:2379} INFO - Sync 1 DAGs
[2023-05-15 13:25:36,791] {logging_mixin.py:115} INFO - [2023-05-15 13:25:36,791] {dag.py:2398} INFO - Creating ORM DAG for dados_climaticos
[2023-05-15 13:25:36,798] {logging_mixin.py:115} INFO - [2023-05-15 13:25:36,798] {dag.py:2927} INFO - Setting next_dagrun for dados_climaticos to 2022-08-22T00:00:00+00:00, run_after=2022-08-29T00:00:00+00:00
[2023-05-15 13:25:36,815] {processor.py:161} INFO - Processing /home/v/Documents/airflowalura/dags/dados_climaticos.py took 0.377 seconds
[2023-05-15 13:26:10,528] {processor.py:153} INFO - Started process (PID=66329) to work on /home/v/Documents/airflowalura/dags/dados_climaticos.py
[2023-05-15 13:26:10,529] {processor.py:641} INFO - Processing file /home/v/Documents/airflowalura/dags/dados_climaticos.py for tasks to queue
[2023-05-15 13:26:10,530] {logging_mixin.py:115} INFO - [2023-05-15 13:26:10,530] {dagbag.py:507} INFO - Filling up the DagBag from /home/v/Documents/airflowalura/dags/dados_climaticos.py
[2023-05-15 13:26:10,845] {processor.py:651} INFO - DAG(s) dict_keys(['dados_climaticos']) retrieved from /home/v/Documents/airflowalura/dags/dados_climaticos.py
[2023-05-15 13:26:10,853] {logging_mixin.py:115} INFO - [2023-05-15 13:26:10,853] {dag.py:2379} INFO - Sync 1 DAGs
[2023-05-15 13:26:10,866] {logging_mixin.py:115} INFO - [2023-05-15 13:26:10,866] {dag.py:2927} INFO - Setting next_dagrun for dados_climaticos to 2022-08-22T00:00:00+00:00, run_after=2022-08-29T00:00:00+00:00
[2023-05-15 13:26:10,877] {processor.py:161} INFO - Processing /home/v/Documents/airflowalura/dags/dados_climaticos.py took 0.352 seconds
[2023-05-15 13:26:42,644] {processor.py:153} INFO - Started process (PID=66482) to work on /home/v/Documents/airflowalura/dags/dados_climaticos.py
[2023-05-15 13:26:42,644] {processor.py:641} INFO - Processing file /home/v/Documents/airflowalura/dags/dados_climaticos.py for tasks to queue
[2023-05-15 13:26:42,645] {logging_mixin.py:115} INFO - [2023-05-15 13:26:42,645] {dagbag.py:507} INFO - Filling up the DagBag from /home/v/Documents/airflowalura/dags/dados_climaticos.py
[2023-05-15 13:26:42,958] {processor.py:651} INFO - DAG(s) dict_keys(['dados_climaticos']) retrieved from /home/v/Documents/airflowalura/dags/dados_climaticos.py
[2023-05-15 13:26:42,967] {logging_mixin.py:115} INFO - [2023-05-15 13:26:42,967] {dag.py:2379} INFO - Sync 1 DAGs
[2023-05-15 13:26:42,983] {logging_mixin.py:115} INFO - [2023-05-15 13:26:42,983] {dag.py:2927} INFO - Setting next_dagrun for dados_climaticos to 2022-08-22T00:00:00+00:00, run_after=2022-08-29T00:00:00+00:00
[2023-05-15 13:26:42,996] {processor.py:161} INFO - Processing /home/v/Documents/airflowalura/dags/dados_climaticos.py took 0.355 seconds
[2023-05-15 13:27:14,114] {processor.py:153} INFO - Started process (PID=66648) to work on /home/v/Documents/airflowalura/dags/dados_climaticos.py
[2023-05-15 13:27:14,114] {processor.py:641} INFO - Processing file /home/v/Documents/airflowalura/dags/dados_climaticos.py for tasks to queue
[2023-05-15 13:27:14,115] {logging_mixin.py:115} INFO - [2023-05-15 13:27:14,115] {dagbag.py:507} INFO - Filling up the DagBag from /home/v/Documents/airflowalura/dags/dados_climaticos.py
[2023-05-15 13:27:14,421] {processor.py:651} INFO - DAG(s) dict_keys(['dados_climaticos']) retrieved from /home/v/Documents/airflowalura/dags/dados_climaticos.py
[2023-05-15 13:27:14,430] {logging_mixin.py:115} INFO - [2023-05-15 13:27:14,430] {dag.py:2379} INFO - Sync 1 DAGs
[2023-05-15 13:27:14,445] {logging_mixin.py:115} INFO - [2023-05-15 13:27:14,445] {dag.py:2927} INFO - Setting next_dagrun for dados_climaticos to 2022-08-22T00:00:00+00:00, run_after=2022-08-29T00:00:00+00:00
[2023-05-15 13:27:14,456] {processor.py:161} INFO - Processing /home/v/Documents/airflowalura/dags/dados_climaticos.py took 0.345 seconds
[2023-05-15 13:27:46,432] {processor.py:153} INFO - Started process (PID=66766) to work on /home/v/Documents/airflowalura/dags/dados_climaticos.py
[2023-05-15 13:27:46,433] {processor.py:641} INFO - Processing file /home/v/Documents/airflowalura/dags/dados_climaticos.py for tasks to queue
[2023-05-15 13:27:46,434] {logging_mixin.py:115} INFO - [2023-05-15 13:27:46,433] {dagbag.py:507} INFO - Filling up the DagBag from /home/v/Documents/airflowalura/dags/dados_climaticos.py
[2023-05-15 13:27:46,757] {processor.py:651} INFO - DAG(s) dict_keys(['dados_climaticos']) retrieved from /home/v/Documents/airflowalura/dags/dados_climaticos.py
[2023-05-15 13:27:46,767] {logging_mixin.py:115} INFO - [2023-05-15 13:27:46,767] {dag.py:2379} INFO - Sync 1 DAGs
[2023-05-15 13:27:46,782] {logging_mixin.py:115} INFO - [2023-05-15 13:27:46,782] {dag.py:2927} INFO - Setting next_dagrun for dados_climaticos to 2022-08-22T00:00:00+00:00, run_after=2022-08-29T00:00:00+00:00
[2023-05-15 13:27:46,794] {processor.py:161} INFO - Processing /home/v/Documents/airflowalura/dags/dados_climaticos.py took 0.366 seconds
[2023-05-15 13:28:20,968] {processor.py:153} INFO - Started process (PID=66933) to work on /home/v/Documents/airflowalura/dags/dados_climaticos.py
[2023-05-15 13:28:20,989] {processor.py:641} INFO - Processing file /home/v/Documents/airflowalura/dags/dados_climaticos.py for tasks to queue
[2023-05-15 13:28:20,990] {logging_mixin.py:115} INFO - [2023-05-15 13:28:20,990] {dagbag.py:507} INFO - Filling up the DagBag from /home/v/Documents/airflowalura/dags/dados_climaticos.py
[2023-05-15 13:28:21,308] {processor.py:651} INFO - DAG(s) dict_keys(['dados_climaticos']) retrieved from /home/v/Documents/airflowalura/dags/dados_climaticos.py
[2023-05-15 13:28:21,318] {logging_mixin.py:115} INFO - [2023-05-15 13:28:21,318] {dag.py:2379} INFO - Sync 1 DAGs
[2023-05-15 13:28:21,333] {logging_mixin.py:115} INFO - [2023-05-15 13:28:21,333] {dag.py:2927} INFO - Setting next_dagrun for dados_climaticos to 2022-08-22T00:00:00+00:00, run_after=2022-08-29T00:00:00+00:00
[2023-05-15 13:28:21,346] {processor.py:161} INFO - Processing /home/v/Documents/airflowalura/dags/dados_climaticos.py took 0.381 seconds
[2023-05-15 13:28:52,220] {processor.py:153} INFO - Started process (PID=67068) to work on /home/v/Documents/airflowalura/dags/dados_climaticos.py
[2023-05-15 13:28:52,220] {processor.py:641} INFO - Processing file /home/v/Documents/airflowalura/dags/dados_climaticos.py for tasks to queue
[2023-05-15 13:28:52,221] {logging_mixin.py:115} INFO - [2023-05-15 13:28:52,221] {dagbag.py:507} INFO - Filling up the DagBag from /home/v/Documents/airflowalura/dags/dados_climaticos.py
[2023-05-15 13:28:52,533] {processor.py:651} INFO - DAG(s) dict_keys(['dados_climaticos']) retrieved from /home/v/Documents/airflowalura/dags/dados_climaticos.py
[2023-05-15 13:28:52,543] {logging_mixin.py:115} INFO - [2023-05-15 13:28:52,543] {dag.py:2379} INFO - Sync 1 DAGs
[2023-05-15 13:28:52,559] {logging_mixin.py:115} INFO - [2023-05-15 13:28:52,559] {dag.py:2927} INFO - Setting next_dagrun for dados_climaticos to 2022-08-22T00:00:00+00:00, run_after=2022-08-29T00:00:00+00:00
[2023-05-15 13:28:52,571] {processor.py:161} INFO - Processing /home/v/Documents/airflowalura/dags/dados_climaticos.py took 0.355 seconds
[2023-05-15 13:29:33,598] {processor.py:153} INFO - Started process (PID=67969) to work on /home/v/Documents/airflowalura/dags/dados_climaticos.py
[2023-05-15 13:29:33,599] {processor.py:641} INFO - Processing file /home/v/Documents/airflowalura/dags/dados_climaticos.py for tasks to queue
[2023-05-15 13:29:33,600] {logging_mixin.py:115} INFO - [2023-05-15 13:29:33,600] {dagbag.py:507} INFO - Filling up the DagBag from /home/v/Documents/airflowalura/dags/dados_climaticos.py
[2023-05-15 13:29:33,924] {processor.py:651} INFO - DAG(s) dict_keys(['dados_climaticos']) retrieved from /home/v/Documents/airflowalura/dags/dados_climaticos.py
[2023-05-15 13:29:33,935] {logging_mixin.py:115} INFO - [2023-05-15 13:29:33,935] {dag.py:2379} INFO - Sync 1 DAGs
[2023-05-15 13:29:33,951] {logging_mixin.py:115} INFO - [2023-05-15 13:29:33,951] {dag.py:2927} INFO - Setting next_dagrun for dados_climaticos to 2022-11-28T00:00:00+00:00, run_after=2022-12-05T00:00:00+00:00
[2023-05-15 13:29:33,965] {processor.py:161} INFO - Processing /home/v/Documents/airflowalura/dags/dados_climaticos.py took 0.370 seconds
[2023-05-15 13:30:04,947] {processor.py:153} INFO - Started process (PID=68650) to work on /home/v/Documents/airflowalura/dags/dados_climaticos.py
[2023-05-15 13:30:04,948] {processor.py:641} INFO - Processing file /home/v/Documents/airflowalura/dags/dados_climaticos.py for tasks to queue
[2023-05-15 13:30:04,948] {logging_mixin.py:115} INFO - [2023-05-15 13:30:04,948] {dagbag.py:507} INFO - Filling up the DagBag from /home/v/Documents/airflowalura/dags/dados_climaticos.py
[2023-05-15 13:30:05,262] {processor.py:651} INFO - DAG(s) dict_keys(['dados_climaticos']) retrieved from /home/v/Documents/airflowalura/dags/dados_climaticos.py
[2023-05-15 13:30:05,272] {logging_mixin.py:115} INFO - [2023-05-15 13:30:05,272] {dag.py:2379} INFO - Sync 1 DAGs
[2023-05-15 13:30:05,287] {logging_mixin.py:115} INFO - [2023-05-15 13:30:05,287] {dag.py:2927} INFO - Setting next_dagrun for dados_climaticos to 2023-02-20T00:00:00+00:00, run_after=2023-02-27T00:00:00+00:00
[2023-05-15 13:30:05,299] {processor.py:161} INFO - Processing /home/v/Documents/airflowalura/dags/dados_climaticos.py took 0.356 seconds
[2023-05-15 13:30:51,023] {processor.py:153} INFO - Started process (PID=69508) to work on /home/v/Documents/airflowalura/dags/dados_climaticos.py
[2023-05-15 13:30:51,024] {processor.py:641} INFO - Processing file /home/v/Documents/airflowalura/dags/dados_climaticos.py for tasks to queue
[2023-05-15 13:30:51,025] {logging_mixin.py:115} INFO - [2023-05-15 13:30:51,024] {dagbag.py:507} INFO - Filling up the DagBag from /home/v/Documents/airflowalura/dags/dados_climaticos.py
[2023-05-15 13:30:51,326] {processor.py:651} INFO - DAG(s) dict_keys(['dados_climaticos']) retrieved from /home/v/Documents/airflowalura/dags/dados_climaticos.py
[2023-05-15 13:30:51,335] {logging_mixin.py:115} INFO - [2023-05-15 13:30:51,335] {dag.py:2379} INFO - Sync 1 DAGs
[2023-05-15 13:30:51,348] {logging_mixin.py:115} INFO - [2023-05-15 13:30:51,348] {dag.py:2927} INFO - Setting next_dagrun for dados_climaticos to 2023-05-15T00:00:00+00:00, run_after=2023-05-22T00:00:00+00:00
[2023-05-15 13:30:51,359] {processor.py:161} INFO - Processing /home/v/Documents/airflowalura/dags/dados_climaticos.py took 0.340 seconds
[2023-05-15 13:31:22,003] {processor.py:153} INFO - Started process (PID=69646) to work on /home/v/Documents/airflowalura/dags/dados_climaticos.py
[2023-05-15 13:31:22,004] {processor.py:641} INFO - Processing file /home/v/Documents/airflowalura/dags/dados_climaticos.py for tasks to queue
[2023-05-15 13:31:22,005] {logging_mixin.py:115} INFO - [2023-05-15 13:31:22,005] {dagbag.py:507} INFO - Filling up the DagBag from /home/v/Documents/airflowalura/dags/dados_climaticos.py
[2023-05-15 13:31:22,314] {processor.py:651} INFO - DAG(s) dict_keys(['dados_climaticos']) retrieved from /home/v/Documents/airflowalura/dags/dados_climaticos.py
[2023-05-15 13:31:22,323] {logging_mixin.py:115} INFO - [2023-05-15 13:31:22,323] {dag.py:2379} INFO - Sync 1 DAGs
[2023-05-15 13:31:22,337] {logging_mixin.py:115} INFO - [2023-05-15 13:31:22,337] {dag.py:2927} INFO - Setting next_dagrun for dados_climaticos to 2023-05-15T00:00:00+00:00, run_after=2023-05-22T00:00:00+00:00
[2023-05-15 13:31:22,347] {processor.py:161} INFO - Processing /home/v/Documents/airflowalura/dags/dados_climaticos.py took 0.347 seconds
[2023-05-15 13:31:56,608] {processor.py:153} INFO - Started process (PID=69816) to work on /home/v/Documents/airflowalura/dags/dados_climaticos.py
[2023-05-15 13:31:56,608] {processor.py:641} INFO - Processing file /home/v/Documents/airflowalura/dags/dados_climaticos.py for tasks to queue
[2023-05-15 13:31:56,609] {logging_mixin.py:115} INFO - [2023-05-15 13:31:56,609] {dagbag.py:507} INFO - Filling up the DagBag from /home/v/Documents/airflowalura/dags/dados_climaticos.py
[2023-05-15 13:31:56,894] {processor.py:651} INFO - DAG(s) dict_keys(['dados_climaticos']) retrieved from /home/v/Documents/airflowalura/dags/dados_climaticos.py
[2023-05-15 13:31:56,902] {logging_mixin.py:115} INFO - [2023-05-15 13:31:56,902] {dag.py:2379} INFO - Sync 1 DAGs
[2023-05-15 13:31:56,914] {logging_mixin.py:115} INFO - [2023-05-15 13:31:56,914] {dag.py:2927} INFO - Setting next_dagrun for dados_climaticos to 2023-05-15T00:00:00+00:00, run_after=2023-05-22T00:00:00+00:00
[2023-05-15 13:31:56,925] {processor.py:161} INFO - Processing /home/v/Documents/airflowalura/dags/dados_climaticos.py took 0.320 seconds
[2023-05-15 13:32:27,869] {processor.py:153} INFO - Started process (PID=69973) to work on /home/v/Documents/airflowalura/dags/dados_climaticos.py
[2023-05-15 13:32:27,870] {processor.py:641} INFO - Processing file /home/v/Documents/airflowalura/dags/dados_climaticos.py for tasks to queue
[2023-05-15 13:32:27,870] {logging_mixin.py:115} INFO - [2023-05-15 13:32:27,870] {dagbag.py:507} INFO - Filling up the DagBag from /home/v/Documents/airflowalura/dags/dados_climaticos.py
[2023-05-15 13:32:28,151] {processor.py:651} INFO - DAG(s) dict_keys(['dados_climaticos']) retrieved from /home/v/Documents/airflowalura/dags/dados_climaticos.py
[2023-05-15 13:32:28,159] {logging_mixin.py:115} INFO - [2023-05-15 13:32:28,159] {dag.py:2379} INFO - Sync 1 DAGs
[2023-05-15 13:32:28,171] {logging_mixin.py:115} INFO - [2023-05-15 13:32:28,171] {dag.py:2927} INFO - Setting next_dagrun for dados_climaticos to 2023-05-15T00:00:00+00:00, run_after=2023-05-22T00:00:00+00:00
[2023-05-15 13:32:28,183] {processor.py:161} INFO - Processing /home/v/Documents/airflowalura/dags/dados_climaticos.py took 0.317 seconds
[2023-05-15 13:33:02,825] {processor.py:153} INFO - Started process (PID=70136) to work on /home/v/Documents/airflowalura/dags/dados_climaticos.py
[2023-05-15 13:33:02,826] {processor.py:641} INFO - Processing file /home/v/Documents/airflowalura/dags/dados_climaticos.py for tasks to queue
[2023-05-15 13:33:02,826] {logging_mixin.py:115} INFO - [2023-05-15 13:33:02,826] {dagbag.py:507} INFO - Filling up the DagBag from /home/v/Documents/airflowalura/dags/dados_climaticos.py
[2023-05-15 13:33:03,130] {processor.py:651} INFO - DAG(s) dict_keys(['dados_climaticos']) retrieved from /home/v/Documents/airflowalura/dags/dados_climaticos.py
[2023-05-15 13:33:03,140] {logging_mixin.py:115} INFO - [2023-05-15 13:33:03,139] {dag.py:2379} INFO - Sync 1 DAGs
[2023-05-15 13:33:03,152] {logging_mixin.py:115} INFO - [2023-05-15 13:33:03,152] {dag.py:2927} INFO - Setting next_dagrun for dados_climaticos to 2023-05-15T00:00:00+00:00, run_after=2023-05-22T00:00:00+00:00
[2023-05-15 13:33:03,163] {processor.py:161} INFO - Processing /home/v/Documents/airflowalura/dags/dados_climaticos.py took 0.342 seconds
[2023-05-15 13:33:36,288] {processor.py:153} INFO - Started process (PID=70316) to work on /home/v/Documents/airflowalura/dags/dados_climaticos.py
[2023-05-15 13:33:36,289] {processor.py:641} INFO - Processing file /home/v/Documents/airflowalura/dags/dados_climaticos.py for tasks to queue
[2023-05-15 13:33:36,289] {logging_mixin.py:115} INFO - [2023-05-15 13:33:36,289] {dagbag.py:507} INFO - Filling up the DagBag from /home/v/Documents/airflowalura/dags/dados_climaticos.py
[2023-05-15 13:33:36,593] {processor.py:651} INFO - DAG(s) dict_keys(['dados_climaticos']) retrieved from /home/v/Documents/airflowalura/dags/dados_climaticos.py
[2023-05-15 13:33:36,603] {logging_mixin.py:115} INFO - [2023-05-15 13:33:36,603] {dag.py:2379} INFO - Sync 1 DAGs
[2023-05-15 13:33:36,618] {logging_mixin.py:115} INFO - [2023-05-15 13:33:36,618] {dag.py:2927} INFO - Setting next_dagrun for dados_climaticos to 2023-05-15T00:00:00+00:00, run_after=2023-05-22T00:00:00+00:00
[2023-05-15 13:33:36,629] {processor.py:161} INFO - Processing /home/v/Documents/airflowalura/dags/dados_climaticos.py took 0.344 seconds
[2023-05-15 13:34:11,399] {processor.py:153} INFO - Started process (PID=70468) to work on /home/v/Documents/airflowalura/dags/dados_climaticos.py
[2023-05-15 13:34:11,399] {processor.py:641} INFO - Processing file /home/v/Documents/airflowalura/dags/dados_climaticos.py for tasks to queue
[2023-05-15 13:34:11,400] {logging_mixin.py:115} INFO - [2023-05-15 13:34:11,400] {dagbag.py:507} INFO - Filling up the DagBag from /home/v/Documents/airflowalura/dags/dados_climaticos.py
[2023-05-15 13:34:11,699] {processor.py:651} INFO - DAG(s) dict_keys(['dados_climaticos']) retrieved from /home/v/Documents/airflowalura/dags/dados_climaticos.py
[2023-05-15 13:34:11,709] {logging_mixin.py:115} INFO - [2023-05-15 13:34:11,709] {dag.py:2379} INFO - Sync 1 DAGs
[2023-05-15 13:34:11,724] {logging_mixin.py:115} INFO - [2023-05-15 13:34:11,724] {dag.py:2927} INFO - Setting next_dagrun for dados_climaticos to 2023-05-15T00:00:00+00:00, run_after=2023-05-22T00:00:00+00:00
[2023-05-15 13:34:11,735] {processor.py:161} INFO - Processing /home/v/Documents/airflowalura/dags/dados_climaticos.py took 0.339 seconds
[2023-05-15 13:34:42,346] {processor.py:153} INFO - Started process (PID=70647) to work on /home/v/Documents/airflowalura/dags/dados_climaticos.py
[2023-05-15 13:34:42,367] {processor.py:641} INFO - Processing file /home/v/Documents/airflowalura/dags/dados_climaticos.py for tasks to queue
[2023-05-15 13:34:42,368] {logging_mixin.py:115} INFO - [2023-05-15 13:34:42,368] {dagbag.py:507} INFO - Filling up the DagBag from /home/v/Documents/airflowalura/dags/dados_climaticos.py
[2023-05-15 13:34:42,680] {processor.py:651} INFO - DAG(s) dict_keys(['dados_climaticos']) retrieved from /home/v/Documents/airflowalura/dags/dados_climaticos.py
[2023-05-15 13:34:42,690] {logging_mixin.py:115} INFO - [2023-05-15 13:34:42,690] {dag.py:2379} INFO - Sync 1 DAGs
[2023-05-15 13:34:42,705] {logging_mixin.py:115} INFO - [2023-05-15 13:34:42,705] {dag.py:2927} INFO - Setting next_dagrun for dados_climaticos to 2023-05-15T00:00:00+00:00, run_after=2023-05-22T00:00:00+00:00
[2023-05-15 13:34:42,718] {processor.py:161} INFO - Processing /home/v/Documents/airflowalura/dags/dados_climaticos.py took 0.374 seconds
[2023-05-15 13:35:17,891] {processor.py:153} INFO - Started process (PID=70777) to work on /home/v/Documents/airflowalura/dags/dados_climaticos.py
[2023-05-15 13:35:17,891] {processor.py:641} INFO - Processing file /home/v/Documents/airflowalura/dags/dados_climaticos.py for tasks to queue
[2023-05-15 13:35:17,892] {logging_mixin.py:115} INFO - [2023-05-15 13:35:17,892] {dagbag.py:507} INFO - Filling up the DagBag from /home/v/Documents/airflowalura/dags/dados_climaticos.py
[2023-05-15 13:35:18,207] {processor.py:651} INFO - DAG(s) dict_keys(['dados_climaticos']) retrieved from /home/v/Documents/airflowalura/dags/dados_climaticos.py
[2023-05-15 13:35:18,216] {logging_mixin.py:115} INFO - [2023-05-15 13:35:18,216] {dag.py:2379} INFO - Sync 1 DAGs
[2023-05-15 13:35:18,232] {logging_mixin.py:115} INFO - [2023-05-15 13:35:18,232] {dag.py:2927} INFO - Setting next_dagrun for dados_climaticos to 2023-05-15T00:00:00+00:00, run_after=2023-05-22T00:00:00+00:00
[2023-05-15 13:35:18,243] {processor.py:161} INFO - Processing /home/v/Documents/airflowalura/dags/dados_climaticos.py took 0.356 seconds
[2023-05-15 13:35:50,841] {processor.py:153} INFO - Started process (PID=71010) to work on /home/v/Documents/airflowalura/dags/dados_climaticos.py
[2023-05-15 13:35:50,841] {processor.py:641} INFO - Processing file /home/v/Documents/airflowalura/dags/dados_climaticos.py for tasks to queue
[2023-05-15 13:35:50,842] {logging_mixin.py:115} INFO - [2023-05-15 13:35:50,842] {dagbag.py:507} INFO - Filling up the DagBag from /home/v/Documents/airflowalura/dags/dados_climaticos.py
[2023-05-15 13:35:51,146] {processor.py:651} INFO - DAG(s) dict_keys(['dados_climaticos']) retrieved from /home/v/Documents/airflowalura/dags/dados_climaticos.py
[2023-05-15 13:35:51,156] {logging_mixin.py:115} INFO - [2023-05-15 13:35:51,156] {dag.py:2379} INFO - Sync 1 DAGs
[2023-05-15 13:35:51,171] {logging_mixin.py:115} INFO - [2023-05-15 13:35:51,171] {dag.py:2927} INFO - Setting next_dagrun for dados_climaticos to 2023-05-15T00:00:00+00:00, run_after=2023-05-22T00:00:00+00:00
[2023-05-15 13:35:51,182] {processor.py:161} INFO - Processing /home/v/Documents/airflowalura/dags/dados_climaticos.py took 0.345 seconds
[2023-05-15 13:36:25,195] {processor.py:153} INFO - Started process (PID=71360) to work on /home/v/Documents/airflowalura/dags/dados_climaticos.py
[2023-05-15 13:36:25,196] {processor.py:641} INFO - Processing file /home/v/Documents/airflowalura/dags/dados_climaticos.py for tasks to queue
[2023-05-15 13:36:25,197] {logging_mixin.py:115} INFO - [2023-05-15 13:36:25,197] {dagbag.py:507} INFO - Filling up the DagBag from /home/v/Documents/airflowalura/dags/dados_climaticos.py
[2023-05-15 13:36:25,503] {processor.py:651} INFO - DAG(s) dict_keys(['dados_climaticos']) retrieved from /home/v/Documents/airflowalura/dags/dados_climaticos.py
[2023-05-15 13:36:25,511] {logging_mixin.py:115} INFO - [2023-05-15 13:36:25,511] {dag.py:2379} INFO - Sync 1 DAGs
[2023-05-15 13:36:25,524] {logging_mixin.py:115} INFO - [2023-05-15 13:36:25,524] {dag.py:2927} INFO - Setting next_dagrun for dados_climaticos to 2023-05-15T00:00:00+00:00, run_after=2023-05-22T00:00:00+00:00
[2023-05-15 13:36:25,534] {processor.py:161} INFO - Processing /home/v/Documents/airflowalura/dags/dados_climaticos.py took 0.342 seconds
[2023-05-15 13:36:56,080] {processor.py:153} INFO - Started process (PID=71640) to work on /home/v/Documents/airflowalura/dags/dados_climaticos.py
[2023-05-15 13:36:56,080] {processor.py:641} INFO - Processing file /home/v/Documents/airflowalura/dags/dados_climaticos.py for tasks to queue
[2023-05-15 13:36:56,081] {logging_mixin.py:115} INFO - [2023-05-15 13:36:56,081] {dagbag.py:507} INFO - Filling up the DagBag from /home/v/Documents/airflowalura/dags/dados_climaticos.py
[2023-05-15 13:36:56,387] {processor.py:651} INFO - DAG(s) dict_keys(['dados_climaticos']) retrieved from /home/v/Documents/airflowalura/dags/dados_climaticos.py
[2023-05-15 13:36:56,397] {logging_mixin.py:115} INFO - [2023-05-15 13:36:56,397] {dag.py:2379} INFO - Sync 1 DAGs
[2023-05-15 13:36:56,411] {logging_mixin.py:115} INFO - [2023-05-15 13:36:56,411] {dag.py:2927} INFO - Setting next_dagrun for dados_climaticos to 2023-05-15T00:00:00+00:00, run_after=2023-05-22T00:00:00+00:00
[2023-05-15 13:36:56,423] {processor.py:161} INFO - Processing /home/v/Documents/airflowalura/dags/dados_climaticos.py took 0.346 seconds
[2023-05-15 13:37:30,019] {processor.py:153} INFO - Started process (PID=71788) to work on /home/v/Documents/airflowalura/dags/dados_climaticos.py
[2023-05-15 13:37:30,019] {processor.py:641} INFO - Processing file /home/v/Documents/airflowalura/dags/dados_climaticos.py for tasks to queue
[2023-05-15 13:37:30,020] {logging_mixin.py:115} INFO - [2023-05-15 13:37:30,020] {dagbag.py:507} INFO - Filling up the DagBag from /home/v/Documents/airflowalura/dags/dados_climaticos.py
[2023-05-15 13:37:30,326] {processor.py:651} INFO - DAG(s) dict_keys(['dados_climaticos']) retrieved from /home/v/Documents/airflowalura/dags/dados_climaticos.py
[2023-05-15 13:37:30,334] {logging_mixin.py:115} INFO - [2023-05-15 13:37:30,334] {dag.py:2379} INFO - Sync 1 DAGs
[2023-05-15 13:37:30,346] {logging_mixin.py:115} INFO - [2023-05-15 13:37:30,346] {dag.py:2927} INFO - Setting next_dagrun for dados_climaticos to 2023-05-15T00:00:00+00:00, run_after=2023-05-22T00:00:00+00:00
[2023-05-15 13:37:30,356] {processor.py:161} INFO - Processing /home/v/Documents/airflowalura/dags/dados_climaticos.py took 0.340 seconds
[2023-05-15 13:38:03,712] {processor.py:153} INFO - Started process (PID=71958) to work on /home/v/Documents/airflowalura/dags/dados_climaticos.py
[2023-05-15 13:38:03,712] {processor.py:641} INFO - Processing file /home/v/Documents/airflowalura/dags/dados_climaticos.py for tasks to queue
[2023-05-15 13:38:03,713] {logging_mixin.py:115} INFO - [2023-05-15 13:38:03,713] {dagbag.py:507} INFO - Filling up the DagBag from /home/v/Documents/airflowalura/dags/dados_climaticos.py
[2023-05-15 13:38:04,013] {processor.py:651} INFO - DAG(s) dict_keys(['dados_climaticos']) retrieved from /home/v/Documents/airflowalura/dags/dados_climaticos.py
[2023-05-15 13:38:04,022] {logging_mixin.py:115} INFO - [2023-05-15 13:38:04,022] {dag.py:2379} INFO - Sync 1 DAGs
[2023-05-15 13:38:04,037] {logging_mixin.py:115} INFO - [2023-05-15 13:38:04,037] {dag.py:2927} INFO - Setting next_dagrun for dados_climaticos to 2023-05-15T00:00:00+00:00, run_after=2023-05-22T00:00:00+00:00
[2023-05-15 13:38:04,047] {processor.py:161} INFO - Processing /home/v/Documents/airflowalura/dags/dados_climaticos.py took 0.339 seconds
[2023-05-15 13:38:37,345] {processor.py:153} INFO - Started process (PID=72088) to work on /home/v/Documents/airflowalura/dags/dados_climaticos.py
[2023-05-15 13:38:37,346] {processor.py:641} INFO - Processing file /home/v/Documents/airflowalura/dags/dados_climaticos.py for tasks to queue
[2023-05-15 13:38:37,346] {logging_mixin.py:115} INFO - [2023-05-15 13:38:37,346] {dagbag.py:507} INFO - Filling up the DagBag from /home/v/Documents/airflowalura/dags/dados_climaticos.py
[2023-05-15 13:38:37,626] {processor.py:651} INFO - DAG(s) dict_keys(['dados_climaticos']) retrieved from /home/v/Documents/airflowalura/dags/dados_climaticos.py
[2023-05-15 13:38:37,634] {logging_mixin.py:115} INFO - [2023-05-15 13:38:37,634] {dag.py:2379} INFO - Sync 1 DAGs
[2023-05-15 13:38:37,645] {logging_mixin.py:115} INFO - [2023-05-15 13:38:37,645] {dag.py:2927} INFO - Setting next_dagrun for dados_climaticos to 2023-05-15T00:00:00+00:00, run_after=2023-05-22T00:00:00+00:00
[2023-05-15 13:38:37,655] {processor.py:161} INFO - Processing /home/v/Documents/airflowalura/dags/dados_climaticos.py took 0.313 seconds
[2023-05-15 13:39:10,569] {processor.py:153} INFO - Started process (PID=72215) to work on /home/v/Documents/airflowalura/dags/dados_climaticos.py
[2023-05-15 13:39:10,589] {processor.py:641} INFO - Processing file /home/v/Documents/airflowalura/dags/dados_climaticos.py for tasks to queue
[2023-05-15 13:39:10,590] {logging_mixin.py:115} INFO - [2023-05-15 13:39:10,589] {dagbag.py:507} INFO - Filling up the DagBag from /home/v/Documents/airflowalura/dags/dados_climaticos.py
[2023-05-15 13:39:10,846] {processor.py:651} INFO - DAG(s) dict_keys(['dados_climaticos']) retrieved from /home/v/Documents/airflowalura/dags/dados_climaticos.py
[2023-05-15 13:39:10,854] {logging_mixin.py:115} INFO - [2023-05-15 13:39:10,854] {dag.py:2379} INFO - Sync 1 DAGs
[2023-05-15 13:39:10,866] {logging_mixin.py:115} INFO - [2023-05-15 13:39:10,866] {dag.py:2927} INFO - Setting next_dagrun for dados_climaticos to 2023-05-15T00:00:00+00:00, run_after=2023-05-22T00:00:00+00:00
[2023-05-15 13:39:10,875] {processor.py:161} INFO - Processing /home/v/Documents/airflowalura/dags/dados_climaticos.py took 0.310 seconds
[2023-05-15 13:39:44,268] {processor.py:153} INFO - Started process (PID=72394) to work on /home/v/Documents/airflowalura/dags/dados_climaticos.py
[2023-05-15 13:39:44,268] {processor.py:641} INFO - Processing file /home/v/Documents/airflowalura/dags/dados_climaticos.py for tasks to queue
[2023-05-15 13:39:44,269] {logging_mixin.py:115} INFO - [2023-05-15 13:39:44,269] {dagbag.py:507} INFO - Filling up the DagBag from /home/v/Documents/airflowalura/dags/dados_climaticos.py
[2023-05-15 13:39:44,560] {processor.py:651} INFO - DAG(s) dict_keys(['dados_climaticos']) retrieved from /home/v/Documents/airflowalura/dags/dados_climaticos.py
[2023-05-15 13:39:44,568] {logging_mixin.py:115} INFO - [2023-05-15 13:39:44,568] {dag.py:2379} INFO - Sync 1 DAGs
[2023-05-15 13:39:44,579] {logging_mixin.py:115} INFO - [2023-05-15 13:39:44,579] {dag.py:2927} INFO - Setting next_dagrun for dados_climaticos to 2023-05-15T00:00:00+00:00, run_after=2023-05-22T00:00:00+00:00
[2023-05-15 13:39:44,590] {processor.py:161} INFO - Processing /home/v/Documents/airflowalura/dags/dados_climaticos.py took 0.326 seconds
[2023-05-15 13:40:18,012] {processor.py:153} INFO - Started process (PID=72535) to work on /home/v/Documents/airflowalura/dags/dados_climaticos.py
[2023-05-15 13:40:18,012] {processor.py:641} INFO - Processing file /home/v/Documents/airflowalura/dags/dados_climaticos.py for tasks to queue
[2023-05-15 13:40:18,013] {logging_mixin.py:115} INFO - [2023-05-15 13:40:18,013] {dagbag.py:507} INFO - Filling up the DagBag from /home/v/Documents/airflowalura/dags/dados_climaticos.py
[2023-05-15 13:40:18,310] {processor.py:651} INFO - DAG(s) dict_keys(['dados_climaticos']) retrieved from /home/v/Documents/airflowalura/dags/dados_climaticos.py
[2023-05-15 13:40:18,319] {logging_mixin.py:115} INFO - [2023-05-15 13:40:18,319] {dag.py:2379} INFO - Sync 1 DAGs
[2023-05-15 13:40:18,331] {logging_mixin.py:115} INFO - [2023-05-15 13:40:18,331] {dag.py:2927} INFO - Setting next_dagrun for dados_climaticos to 2023-05-15T00:00:00+00:00, run_after=2023-05-22T00:00:00+00:00
[2023-05-15 13:40:18,342] {processor.py:161} INFO - Processing /home/v/Documents/airflowalura/dags/dados_climaticos.py took 0.334 seconds
[2023-05-15 13:40:49,130] {processor.py:153} INFO - Started process (PID=72734) to work on /home/v/Documents/airflowalura/dags/dados_climaticos.py
[2023-05-15 13:40:49,131] {processor.py:641} INFO - Processing file /home/v/Documents/airflowalura/dags/dados_climaticos.py for tasks to queue
[2023-05-15 13:40:49,131] {logging_mixin.py:115} INFO - [2023-05-15 13:40:49,131] {dagbag.py:507} INFO - Filling up the DagBag from /home/v/Documents/airflowalura/dags/dados_climaticos.py
[2023-05-15 13:40:49,418] {processor.py:651} INFO - DAG(s) dict_keys(['dados_climaticos']) retrieved from /home/v/Documents/airflowalura/dags/dados_climaticos.py
[2023-05-15 13:40:49,426] {logging_mixin.py:115} INFO - [2023-05-15 13:40:49,426] {dag.py:2379} INFO - Sync 1 DAGs
[2023-05-15 13:40:49,438] {logging_mixin.py:115} INFO - [2023-05-15 13:40:49,438] {dag.py:2927} INFO - Setting next_dagrun for dados_climaticos to 2023-05-15T00:00:00+00:00, run_after=2023-05-22T00:00:00+00:00
[2023-05-15 13:40:49,447] {processor.py:161} INFO - Processing /home/v/Documents/airflowalura/dags/dados_climaticos.py took 0.320 seconds
[2023-05-15 13:41:23,431] {processor.py:153} INFO - Started process (PID=72879) to work on /home/v/Documents/airflowalura/dags/dados_climaticos.py
[2023-05-15 13:41:23,432] {processor.py:641} INFO - Processing file /home/v/Documents/airflowalura/dags/dados_climaticos.py for tasks to queue
[2023-05-15 13:41:23,432] {logging_mixin.py:115} INFO - [2023-05-15 13:41:23,432] {dagbag.py:507} INFO - Filling up the DagBag from /home/v/Documents/airflowalura/dags/dados_climaticos.py
[2023-05-15 13:41:23,726] {processor.py:651} INFO - DAG(s) dict_keys(['dados_climaticos']) retrieved from /home/v/Documents/airflowalura/dags/dados_climaticos.py
[2023-05-15 13:41:23,733] {logging_mixin.py:115} INFO - [2023-05-15 13:41:23,733] {dag.py:2379} INFO - Sync 1 DAGs
[2023-05-15 13:41:23,746] {logging_mixin.py:115} INFO - [2023-05-15 13:41:23,746] {dag.py:2927} INFO - Setting next_dagrun for dados_climaticos to 2023-05-15T00:00:00+00:00, run_after=2023-05-22T00:00:00+00:00
[2023-05-15 13:41:23,755] {processor.py:161} INFO - Processing /home/v/Documents/airflowalura/dags/dados_climaticos.py took 0.328 seconds
[2023-05-15 13:41:56,492] {processor.py:153} INFO - Started process (PID=73032) to work on /home/v/Documents/airflowalura/dags/dados_climaticos.py
[2023-05-15 13:41:56,493] {processor.py:641} INFO - Processing file /home/v/Documents/airflowalura/dags/dados_climaticos.py for tasks to queue
[2023-05-15 13:41:56,493] {logging_mixin.py:115} INFO - [2023-05-15 13:41:56,493] {dagbag.py:507} INFO - Filling up the DagBag from /home/v/Documents/airflowalura/dags/dados_climaticos.py
[2023-05-15 13:41:56,803] {processor.py:651} INFO - DAG(s) dict_keys(['dados_climaticos']) retrieved from /home/v/Documents/airflowalura/dags/dados_climaticos.py
[2023-05-15 13:41:56,813] {logging_mixin.py:115} INFO - [2023-05-15 13:41:56,812] {dag.py:2379} INFO - Sync 1 DAGs
[2023-05-15 13:41:56,828] {logging_mixin.py:115} INFO - [2023-05-15 13:41:56,828] {dag.py:2927} INFO - Setting next_dagrun for dados_climaticos to 2023-05-15T00:00:00+00:00, run_after=2023-05-22T00:00:00+00:00
[2023-05-15 13:41:56,841] {processor.py:161} INFO - Processing /home/v/Documents/airflowalura/dags/dados_climaticos.py took 0.352 seconds
[2023-05-15 13:42:27,763] {processor.py:153} INFO - Started process (PID=73179) to work on /home/v/Documents/airflowalura/dags/dados_climaticos.py
[2023-05-15 13:42:27,764] {processor.py:641} INFO - Processing file /home/v/Documents/airflowalura/dags/dados_climaticos.py for tasks to queue
[2023-05-15 13:42:27,764] {logging_mixin.py:115} INFO - [2023-05-15 13:42:27,764] {dagbag.py:507} INFO - Filling up the DagBag from /home/v/Documents/airflowalura/dags/dados_climaticos.py
[2023-05-15 13:42:28,057] {processor.py:651} INFO - DAG(s) dict_keys(['dados_climaticos']) retrieved from /home/v/Documents/airflowalura/dags/dados_climaticos.py
[2023-05-15 13:42:28,065] {logging_mixin.py:115} INFO - [2023-05-15 13:42:28,065] {dag.py:2379} INFO - Sync 1 DAGs
[2023-05-15 13:42:28,077] {logging_mixin.py:115} INFO - [2023-05-15 13:42:28,077] {dag.py:2927} INFO - Setting next_dagrun for dados_climaticos to 2023-05-15T00:00:00+00:00, run_after=2023-05-22T00:00:00+00:00
[2023-05-15 13:42:28,088] {processor.py:161} INFO - Processing /home/v/Documents/airflowalura/dags/dados_climaticos.py took 0.329 seconds
[2023-05-15 13:42:58,456] {processor.py:153} INFO - Started process (PID=73302) to work on /home/v/Documents/airflowalura/dags/dados_climaticos.py
[2023-05-15 13:42:58,457] {processor.py:641} INFO - Processing file /home/v/Documents/airflowalura/dags/dados_climaticos.py for tasks to queue
[2023-05-15 13:42:58,458] {logging_mixin.py:115} INFO - [2023-05-15 13:42:58,458] {dagbag.py:507} INFO - Filling up the DagBag from /home/v/Documents/airflowalura/dags/dados_climaticos.py
[2023-05-15 13:42:58,748] {processor.py:651} INFO - DAG(s) dict_keys(['dados_climaticos']) retrieved from /home/v/Documents/airflowalura/dags/dados_climaticos.py
[2023-05-15 13:42:58,756] {logging_mixin.py:115} INFO - [2023-05-15 13:42:58,756] {dag.py:2379} INFO - Sync 1 DAGs
[2023-05-15 13:42:58,768] {logging_mixin.py:115} INFO - [2023-05-15 13:42:58,768] {dag.py:2927} INFO - Setting next_dagrun for dados_climaticos to 2023-05-15T00:00:00+00:00, run_after=2023-05-22T00:00:00+00:00
[2023-05-15 13:42:58,779] {processor.py:161} INFO - Processing /home/v/Documents/airflowalura/dags/dados_climaticos.py took 0.326 seconds
[2023-05-15 13:43:32,440] {processor.py:153} INFO - Started process (PID=73451) to work on /home/v/Documents/airflowalura/dags/dados_climaticos.py
[2023-05-15 13:43:32,440] {processor.py:641} INFO - Processing file /home/v/Documents/airflowalura/dags/dados_climaticos.py for tasks to queue
[2023-05-15 13:43:32,441] {logging_mixin.py:115} INFO - [2023-05-15 13:43:32,441] {dagbag.py:507} INFO - Filling up the DagBag from /home/v/Documents/airflowalura/dags/dados_climaticos.py
[2023-05-15 13:43:32,697] {processor.py:651} INFO - DAG(s) dict_keys(['dados_climaticos']) retrieved from /home/v/Documents/airflowalura/dags/dados_climaticos.py
[2023-05-15 13:43:32,705] {logging_mixin.py:115} INFO - [2023-05-15 13:43:32,705] {dag.py:2379} INFO - Sync 1 DAGs
[2023-05-15 13:43:32,716] {logging_mixin.py:115} INFO - [2023-05-15 13:43:32,716] {dag.py:2927} INFO - Setting next_dagrun for dados_climaticos to 2023-05-15T00:00:00+00:00, run_after=2023-05-22T00:00:00+00:00
[2023-05-15 13:43:32,726] {processor.py:161} INFO - Processing /home/v/Documents/airflowalura/dags/dados_climaticos.py took 0.289 seconds
[2023-05-15 13:44:03,383] {processor.py:153} INFO - Started process (PID=73574) to work on /home/v/Documents/airflowalura/dags/dados_climaticos.py
[2023-05-15 13:44:03,387] {processor.py:641} INFO - Processing file /home/v/Documents/airflowalura/dags/dados_climaticos.py for tasks to queue
[2023-05-15 13:44:03,387] {logging_mixin.py:115} INFO - [2023-05-15 13:44:03,387] {dagbag.py:507} INFO - Filling up the DagBag from /home/v/Documents/airflowalura/dags/dados_climaticos.py
[2023-05-15 13:44:03,681] {processor.py:651} INFO - DAG(s) dict_keys(['dados_climaticos']) retrieved from /home/v/Documents/airflowalura/dags/dados_climaticos.py
[2023-05-15 13:44:03,690] {logging_mixin.py:115} INFO - [2023-05-15 13:44:03,690] {dag.py:2379} INFO - Sync 1 DAGs
[2023-05-15 13:44:03,703] {logging_mixin.py:115} INFO - [2023-05-15 13:44:03,703] {dag.py:2927} INFO - Setting next_dagrun for dados_climaticos to 2023-05-15T00:00:00+00:00, run_after=2023-05-22T00:00:00+00:00
[2023-05-15 13:44:03,712] {processor.py:161} INFO - Processing /home/v/Documents/airflowalura/dags/dados_climaticos.py took 0.333 seconds
[2023-05-15 13:44:34,298] {processor.py:153} INFO - Started process (PID=73695) to work on /home/v/Documents/airflowalura/dags/dados_climaticos.py
[2023-05-15 13:44:34,299] {processor.py:641} INFO - Processing file /home/v/Documents/airflowalura/dags/dados_climaticos.py for tasks to queue
[2023-05-15 13:44:34,299] {logging_mixin.py:115} INFO - [2023-05-15 13:44:34,299] {dagbag.py:507} INFO - Filling up the DagBag from /home/v/Documents/airflowalura/dags/dados_climaticos.py
[2023-05-15 13:44:34,589] {processor.py:651} INFO - DAG(s) dict_keys(['dados_climaticos']) retrieved from /home/v/Documents/airflowalura/dags/dados_climaticos.py
[2023-05-15 13:44:34,597] {logging_mixin.py:115} INFO - [2023-05-15 13:44:34,597] {dag.py:2379} INFO - Sync 1 DAGs
[2023-05-15 13:44:34,609] {logging_mixin.py:115} INFO - [2023-05-15 13:44:34,608] {dag.py:2927} INFO - Setting next_dagrun for dados_climaticos to 2023-05-15T00:00:00+00:00, run_after=2023-05-22T00:00:00+00:00
[2023-05-15 13:44:34,619] {processor.py:161} INFO - Processing /home/v/Documents/airflowalura/dags/dados_climaticos.py took 0.324 seconds
[2023-05-15 13:45:05,135] {processor.py:153} INFO - Started process (PID=73859) to work on /home/v/Documents/airflowalura/dags/dados_climaticos.py
[2023-05-15 13:45:05,136] {processor.py:641} INFO - Processing file /home/v/Documents/airflowalura/dags/dados_climaticos.py for tasks to queue
[2023-05-15 13:45:05,136] {logging_mixin.py:115} INFO - [2023-05-15 13:45:05,136] {dagbag.py:507} INFO - Filling up the DagBag from /home/v/Documents/airflowalura/dags/dados_climaticos.py
[2023-05-15 13:45:05,429] {processor.py:651} INFO - DAG(s) dict_keys(['dados_climaticos']) retrieved from /home/v/Documents/airflowalura/dags/dados_climaticos.py
[2023-05-15 13:45:05,437] {logging_mixin.py:115} INFO - [2023-05-15 13:45:05,437] {dag.py:2379} INFO - Sync 1 DAGs
[2023-05-15 13:45:05,449] {logging_mixin.py:115} INFO - [2023-05-15 13:45:05,449] {dag.py:2927} INFO - Setting next_dagrun for dados_climaticos to 2023-05-15T00:00:00+00:00, run_after=2023-05-22T00:00:00+00:00
[2023-05-15 13:45:05,460] {processor.py:161} INFO - Processing /home/v/Documents/airflowalura/dags/dados_climaticos.py took 0.328 seconds
[2023-05-15 13:45:37,713] {processor.py:153} INFO - Started process (PID=73983) to work on /home/v/Documents/airflowalura/dags/dados_climaticos.py
[2023-05-15 13:45:37,713] {processor.py:641} INFO - Processing file /home/v/Documents/airflowalura/dags/dados_climaticos.py for tasks to queue
[2023-05-15 13:45:37,714] {logging_mixin.py:115} INFO - [2023-05-15 13:45:37,714] {dagbag.py:507} INFO - Filling up the DagBag from /home/v/Documents/airflowalura/dags/dados_climaticos.py
[2023-05-15 13:45:37,992] {processor.py:651} INFO - DAG(s) dict_keys(['dados_climaticos']) retrieved from /home/v/Documents/airflowalura/dags/dados_climaticos.py
[2023-05-15 13:45:37,999] {logging_mixin.py:115} INFO - [2023-05-15 13:45:37,999] {dag.py:2379} INFO - Sync 1 DAGs
[2023-05-15 13:45:38,012] {logging_mixin.py:115} INFO - [2023-05-15 13:45:38,012] {dag.py:2927} INFO - Setting next_dagrun for dados_climaticos to 2023-05-15T00:00:00+00:00, run_after=2023-05-22T00:00:00+00:00
[2023-05-15 13:45:38,022] {processor.py:161} INFO - Processing /home/v/Documents/airflowalura/dags/dados_climaticos.py took 0.313 seconds
[2023-05-15 13:46:08,421] {processor.py:153} INFO - Started process (PID=74161) to work on /home/v/Documents/airflowalura/dags/dados_climaticos.py
[2023-05-15 13:46:08,421] {processor.py:641} INFO - Processing file /home/v/Documents/airflowalura/dags/dados_climaticos.py for tasks to queue
[2023-05-15 13:46:08,422] {logging_mixin.py:115} INFO - [2023-05-15 13:46:08,422] {dagbag.py:507} INFO - Filling up the DagBag from /home/v/Documents/airflowalura/dags/dados_climaticos.py
[2023-05-15 13:46:08,707] {processor.py:651} INFO - DAG(s) dict_keys(['dados_climaticos']) retrieved from /home/v/Documents/airflowalura/dags/dados_climaticos.py
[2023-05-15 13:46:08,714] {logging_mixin.py:115} INFO - [2023-05-15 13:46:08,714] {dag.py:2379} INFO - Sync 1 DAGs
[2023-05-15 13:46:08,726] {logging_mixin.py:115} INFO - [2023-05-15 13:46:08,726] {dag.py:2927} INFO - Setting next_dagrun for dados_climaticos to 2023-05-15T00:00:00+00:00, run_after=2023-05-22T00:00:00+00:00
[2023-05-15 13:46:08,736] {processor.py:161} INFO - Processing /home/v/Documents/airflowalura/dags/dados_climaticos.py took 0.318 seconds
[2023-05-15 13:46:40,099] {processor.py:153} INFO - Started process (PID=74302) to work on /home/v/Documents/airflowalura/dags/dados_climaticos.py
[2023-05-15 13:46:40,099] {processor.py:641} INFO - Processing file /home/v/Documents/airflowalura/dags/dados_climaticos.py for tasks to queue
[2023-05-15 13:46:40,100] {logging_mixin.py:115} INFO - [2023-05-15 13:46:40,100] {dagbag.py:507} INFO - Filling up the DagBag from /home/v/Documents/airflowalura/dags/dados_climaticos.py
[2023-05-15 13:46:40,364] {processor.py:651} INFO - DAG(s) dict_keys(['dados_climaticos']) retrieved from /home/v/Documents/airflowalura/dags/dados_climaticos.py
[2023-05-15 13:46:40,372] {logging_mixin.py:115} INFO - [2023-05-15 13:46:40,371] {dag.py:2379} INFO - Sync 1 DAGs
[2023-05-15 13:46:40,383] {logging_mixin.py:115} INFO - [2023-05-15 13:46:40,383] {dag.py:2927} INFO - Setting next_dagrun for dados_climaticos to 2023-05-15T00:00:00+00:00, run_after=2023-05-22T00:00:00+00:00
[2023-05-15 13:46:40,394] {processor.py:161} INFO - Processing /home/v/Documents/airflowalura/dags/dados_climaticos.py took 0.298 seconds
[2023-05-15 13:47:12,933] {processor.py:153} INFO - Started process (PID=74471) to work on /home/v/Documents/airflowalura/dags/dados_climaticos.py
[2023-05-15 13:47:12,933] {processor.py:641} INFO - Processing file /home/v/Documents/airflowalura/dags/dados_climaticos.py for tasks to queue
[2023-05-15 13:47:12,934] {logging_mixin.py:115} INFO - [2023-05-15 13:47:12,934] {dagbag.py:507} INFO - Filling up the DagBag from /home/v/Documents/airflowalura/dags/dados_climaticos.py
[2023-05-15 13:47:13,231] {processor.py:651} INFO - DAG(s) dict_keys(['dados_climaticos']) retrieved from /home/v/Documents/airflowalura/dags/dados_climaticos.py
[2023-05-15 13:47:13,240] {logging_mixin.py:115} INFO - [2023-05-15 13:47:13,240] {dag.py:2379} INFO - Sync 1 DAGs
[2023-05-15 13:47:13,254] {logging_mixin.py:115} INFO - [2023-05-15 13:47:13,254] {dag.py:2927} INFO - Setting next_dagrun for dados_climaticos to 2023-05-15T00:00:00+00:00, run_after=2023-05-22T00:00:00+00:00
[2023-05-15 13:47:13,265] {processor.py:161} INFO - Processing /home/v/Documents/airflowalura/dags/dados_climaticos.py took 0.335 seconds
[2023-05-15 13:47:47,297] {processor.py:153} INFO - Started process (PID=74637) to work on /home/v/Documents/airflowalura/dags/dados_climaticos.py
[2023-05-15 13:47:47,302] {processor.py:641} INFO - Processing file /home/v/Documents/airflowalura/dags/dados_climaticos.py for tasks to queue
[2023-05-15 13:47:47,302] {logging_mixin.py:115} INFO - [2023-05-15 13:47:47,302] {dagbag.py:507} INFO - Filling up the DagBag from /home/v/Documents/airflowalura/dags/dados_climaticos.py
[2023-05-15 13:47:47,572] {processor.py:651} INFO - DAG(s) dict_keys(['dados_climaticos']) retrieved from /home/v/Documents/airflowalura/dags/dados_climaticos.py
[2023-05-15 13:47:47,580] {logging_mixin.py:115} INFO - [2023-05-15 13:47:47,580] {dag.py:2379} INFO - Sync 1 DAGs
[2023-05-15 13:47:47,592] {logging_mixin.py:115} INFO - [2023-05-15 13:47:47,592] {dag.py:2927} INFO - Setting next_dagrun for dados_climaticos to 2023-05-15T00:00:00+00:00, run_after=2023-05-22T00:00:00+00:00
[2023-05-15 13:47:47,603] {processor.py:161} INFO - Processing /home/v/Documents/airflowalura/dags/dados_climaticos.py took 0.308 seconds
[2023-05-15 13:48:21,422] {processor.py:153} INFO - Started process (PID=74779) to work on /home/v/Documents/airflowalura/dags/dados_climaticos.py
[2023-05-15 13:48:21,426] {processor.py:641} INFO - Processing file /home/v/Documents/airflowalura/dags/dados_climaticos.py for tasks to queue
[2023-05-15 13:48:21,427] {logging_mixin.py:115} INFO - [2023-05-15 13:48:21,427] {dagbag.py:507} INFO - Filling up the DagBag from /home/v/Documents/airflowalura/dags/dados_climaticos.py
[2023-05-15 13:48:21,723] {processor.py:651} INFO - DAG(s) dict_keys(['dados_climaticos']) retrieved from /home/v/Documents/airflowalura/dags/dados_climaticos.py
[2023-05-15 13:48:21,731] {logging_mixin.py:115} INFO - [2023-05-15 13:48:21,731] {dag.py:2379} INFO - Sync 1 DAGs
[2023-05-15 13:48:21,743] {logging_mixin.py:115} INFO - [2023-05-15 13:48:21,743] {dag.py:2927} INFO - Setting next_dagrun for dados_climaticos to 2023-05-15T00:00:00+00:00, run_after=2023-05-22T00:00:00+00:00
[2023-05-15 13:48:21,755] {processor.py:161} INFO - Processing /home/v/Documents/airflowalura/dags/dados_climaticos.py took 0.336 seconds
[2023-05-15 13:48:55,284] {processor.py:153} INFO - Started process (PID=74936) to work on /home/v/Documents/airflowalura/dags/dados_climaticos.py
[2023-05-15 13:48:55,285] {processor.py:641} INFO - Processing file /home/v/Documents/airflowalura/dags/dados_climaticos.py for tasks to queue
[2023-05-15 13:48:55,285] {logging_mixin.py:115} INFO - [2023-05-15 13:48:55,285] {dagbag.py:507} INFO - Filling up the DagBag from /home/v/Documents/airflowalura/dags/dados_climaticos.py
[2023-05-15 13:48:55,579] {processor.py:651} INFO - DAG(s) dict_keys(['dados_climaticos']) retrieved from /home/v/Documents/airflowalura/dags/dados_climaticos.py
[2023-05-15 13:48:55,588] {logging_mixin.py:115} INFO - [2023-05-15 13:48:55,588] {dag.py:2379} INFO - Sync 1 DAGs
[2023-05-15 13:48:55,600] {logging_mixin.py:115} INFO - [2023-05-15 13:48:55,600] {dag.py:2927} INFO - Setting next_dagrun for dados_climaticos to 2023-05-15T00:00:00+00:00, run_after=2023-05-22T00:00:00+00:00
[2023-05-15 13:48:55,610] {processor.py:161} INFO - Processing /home/v/Documents/airflowalura/dags/dados_climaticos.py took 0.330 seconds
[2023-05-15 13:49:25,903] {processor.py:153} INFO - Started process (PID=75054) to work on /home/v/Documents/airflowalura/dags/dados_climaticos.py
[2023-05-15 13:49:25,903] {processor.py:641} INFO - Processing file /home/v/Documents/airflowalura/dags/dados_climaticos.py for tasks to queue
[2023-05-15 13:49:25,904] {logging_mixin.py:115} INFO - [2023-05-15 13:49:25,904] {dagbag.py:507} INFO - Filling up the DagBag from /home/v/Documents/airflowalura/dags/dados_climaticos.py
[2023-05-15 13:49:26,197] {processor.py:651} INFO - DAG(s) dict_keys(['dados_climaticos']) retrieved from /home/v/Documents/airflowalura/dags/dados_climaticos.py
[2023-05-15 13:49:26,205] {logging_mixin.py:115} INFO - [2023-05-15 13:49:26,204] {dag.py:2379} INFO - Sync 1 DAGs
[2023-05-15 13:49:26,217] {logging_mixin.py:115} INFO - [2023-05-15 13:49:26,217] {dag.py:2927} INFO - Setting next_dagrun for dados_climaticos to 2023-05-15T00:00:00+00:00, run_after=2023-05-22T00:00:00+00:00
[2023-05-15 13:49:26,227] {processor.py:161} INFO - Processing /home/v/Documents/airflowalura/dags/dados_climaticos.py took 0.328 seconds
[2023-05-15 13:49:56,475] {processor.py:153} INFO - Started process (PID=75213) to work on /home/v/Documents/airflowalura/dags/dados_climaticos.py
[2023-05-15 13:49:56,476] {processor.py:641} INFO - Processing file /home/v/Documents/airflowalura/dags/dados_climaticos.py for tasks to queue
[2023-05-15 13:49:56,476] {logging_mixin.py:115} INFO - [2023-05-15 13:49:56,476] {dagbag.py:507} INFO - Filling up the DagBag from /home/v/Documents/airflowalura/dags/dados_climaticos.py
[2023-05-15 13:49:56,768] {processor.py:651} INFO - DAG(s) dict_keys(['dados_climaticos']) retrieved from /home/v/Documents/airflowalura/dags/dados_climaticos.py
[2023-05-15 13:49:56,776] {logging_mixin.py:115} INFO - [2023-05-15 13:49:56,775] {dag.py:2379} INFO - Sync 1 DAGs
[2023-05-15 13:49:56,788] {logging_mixin.py:115} INFO - [2023-05-15 13:49:56,788] {dag.py:2927} INFO - Setting next_dagrun for dados_climaticos to 2023-05-15T00:00:00+00:00, run_after=2023-05-22T00:00:00+00:00
[2023-05-15 13:49:56,798] {processor.py:161} INFO - Processing /home/v/Documents/airflowalura/dags/dados_climaticos.py took 0.326 seconds
[2023-05-15 13:50:28,022] {processor.py:153} INFO - Started process (PID=75349) to work on /home/v/Documents/airflowalura/dags/dados_climaticos.py
[2023-05-15 13:50:28,022] {processor.py:641} INFO - Processing file /home/v/Documents/airflowalura/dags/dados_climaticos.py for tasks to queue
[2023-05-15 13:50:28,023] {logging_mixin.py:115} INFO - [2023-05-15 13:50:28,023] {dagbag.py:507} INFO - Filling up the DagBag from /home/v/Documents/airflowalura/dags/dados_climaticos.py
[2023-05-15 13:50:28,287] {processor.py:651} INFO - DAG(s) dict_keys(['dados_climaticos']) retrieved from /home/v/Documents/airflowalura/dags/dados_climaticos.py
[2023-05-15 13:50:28,294] {logging_mixin.py:115} INFO - [2023-05-15 13:50:28,294] {dag.py:2379} INFO - Sync 1 DAGs
[2023-05-15 13:50:28,306] {logging_mixin.py:115} INFO - [2023-05-15 13:50:28,306] {dag.py:2927} INFO - Setting next_dagrun for dados_climaticos to 2023-05-15T00:00:00+00:00, run_after=2023-05-22T00:00:00+00:00
[2023-05-15 13:50:28,316] {processor.py:161} INFO - Processing /home/v/Documents/airflowalura/dags/dados_climaticos.py took 0.297 seconds
[2023-05-15 13:50:58,425] {processor.py:153} INFO - Started process (PID=75511) to work on /home/v/Documents/airflowalura/dags/dados_climaticos.py
[2023-05-15 13:50:58,425] {processor.py:641} INFO - Processing file /home/v/Documents/airflowalura/dags/dados_climaticos.py for tasks to queue
[2023-05-15 13:50:58,426] {logging_mixin.py:115} INFO - [2023-05-15 13:50:58,426] {dagbag.py:507} INFO - Filling up the DagBag from /home/v/Documents/airflowalura/dags/dados_climaticos.py
[2023-05-15 13:50:58,681] {processor.py:651} INFO - DAG(s) dict_keys(['dados_climaticos']) retrieved from /home/v/Documents/airflowalura/dags/dados_climaticos.py
[2023-05-15 13:50:58,689] {logging_mixin.py:115} INFO - [2023-05-15 13:50:58,689] {dag.py:2379} INFO - Sync 1 DAGs
[2023-05-15 13:50:58,700] {logging_mixin.py:115} INFO - [2023-05-15 13:50:58,700] {dag.py:2927} INFO - Setting next_dagrun for dados_climaticos to 2023-05-15T00:00:00+00:00, run_after=2023-05-22T00:00:00+00:00
[2023-05-15 13:50:58,710] {processor.py:161} INFO - Processing /home/v/Documents/airflowalura/dags/dados_climaticos.py took 0.288 seconds
[2023-05-15 13:51:32,879] {processor.py:153} INFO - Started process (PID=75673) to work on /home/v/Documents/airflowalura/dags/dados_climaticos.py
[2023-05-15 13:51:32,880] {processor.py:641} INFO - Processing file /home/v/Documents/airflowalura/dags/dados_climaticos.py for tasks to queue
[2023-05-15 13:51:32,881] {logging_mixin.py:115} INFO - [2023-05-15 13:51:32,881] {dagbag.py:507} INFO - Filling up the DagBag from /home/v/Documents/airflowalura/dags/dados_climaticos.py
[2023-05-15 13:51:33,175] {processor.py:651} INFO - DAG(s) dict_keys(['dados_climaticos']) retrieved from /home/v/Documents/airflowalura/dags/dados_climaticos.py
[2023-05-15 13:51:33,183] {logging_mixin.py:115} INFO - [2023-05-15 13:51:33,183] {dag.py:2379} INFO - Sync 1 DAGs
[2023-05-15 13:51:33,195] {logging_mixin.py:115} INFO - [2023-05-15 13:51:33,195] {dag.py:2927} INFO - Setting next_dagrun for dados_climaticos to 2023-05-15T00:00:00+00:00, run_after=2023-05-22T00:00:00+00:00
[2023-05-15 13:51:33,205] {processor.py:161} INFO - Processing /home/v/Documents/airflowalura/dags/dados_climaticos.py took 0.329 seconds
[2023-05-15 13:52:06,308] {processor.py:153} INFO - Started process (PID=75837) to work on /home/v/Documents/airflowalura/dags/dados_climaticos.py
[2023-05-15 13:52:06,309] {processor.py:641} INFO - Processing file /home/v/Documents/airflowalura/dags/dados_climaticos.py for tasks to queue
[2023-05-15 13:52:06,309] {logging_mixin.py:115} INFO - [2023-05-15 13:52:06,309] {dagbag.py:507} INFO - Filling up the DagBag from /home/v/Documents/airflowalura/dags/dados_climaticos.py
[2023-05-15 13:52:06,602] {processor.py:651} INFO - DAG(s) dict_keys(['dados_climaticos']) retrieved from /home/v/Documents/airflowalura/dags/dados_climaticos.py
[2023-05-15 13:52:06,610] {logging_mixin.py:115} INFO - [2023-05-15 13:52:06,610] {dag.py:2379} INFO - Sync 1 DAGs
[2023-05-15 13:52:06,622] {logging_mixin.py:115} INFO - [2023-05-15 13:52:06,622] {dag.py:2927} INFO - Setting next_dagrun for dados_climaticos to 2023-05-15T00:00:00+00:00, run_after=2023-05-22T00:00:00+00:00
[2023-05-15 13:52:06,632] {processor.py:161} INFO - Processing /home/v/Documents/airflowalura/dags/dados_climaticos.py took 0.327 seconds
[2023-05-15 13:52:39,839] {processor.py:153} INFO - Started process (PID=75968) to work on /home/v/Documents/airflowalura/dags/dados_climaticos.py
[2023-05-15 13:52:39,840] {processor.py:641} INFO - Processing file /home/v/Documents/airflowalura/dags/dados_climaticos.py for tasks to queue
[2023-05-15 13:52:39,841] {logging_mixin.py:115} INFO - [2023-05-15 13:52:39,840] {dagbag.py:507} INFO - Filling up the DagBag from /home/v/Documents/airflowalura/dags/dados_climaticos.py
[2023-05-15 13:52:40,143] {processor.py:651} INFO - DAG(s) dict_keys(['dados_climaticos']) retrieved from /home/v/Documents/airflowalura/dags/dados_climaticos.py
[2023-05-15 13:52:40,151] {logging_mixin.py:115} INFO - [2023-05-15 13:52:40,151] {dag.py:2379} INFO - Sync 1 DAGs
[2023-05-15 13:52:40,163] {logging_mixin.py:115} INFO - [2023-05-15 13:52:40,163] {dag.py:2927} INFO - Setting next_dagrun for dados_climaticos to 2023-05-15T00:00:00+00:00, run_after=2023-05-22T00:00:00+00:00
[2023-05-15 13:52:40,174] {processor.py:161} INFO - Processing /home/v/Documents/airflowalura/dags/dados_climaticos.py took 0.338 seconds
[2023-05-15 13:53:13,640] {processor.py:153} INFO - Started process (PID=76135) to work on /home/v/Documents/airflowalura/dags/dados_climaticos.py
[2023-05-15 13:53:13,640] {processor.py:641} INFO - Processing file /home/v/Documents/airflowalura/dags/dados_climaticos.py for tasks to queue
[2023-05-15 13:53:13,641] {logging_mixin.py:115} INFO - [2023-05-15 13:53:13,641] {dagbag.py:507} INFO - Filling up the DagBag from /home/v/Documents/airflowalura/dags/dados_climaticos.py
[2023-05-15 13:53:13,917] {processor.py:651} INFO - DAG(s) dict_keys(['dados_climaticos']) retrieved from /home/v/Documents/airflowalura/dags/dados_climaticos.py
[2023-05-15 13:53:13,924] {logging_mixin.py:115} INFO - [2023-05-15 13:53:13,924] {dag.py:2379} INFO - Sync 1 DAGs
[2023-05-15 13:53:13,936] {logging_mixin.py:115} INFO - [2023-05-15 13:53:13,936] {dag.py:2927} INFO - Setting next_dagrun for dados_climaticos to 2023-05-15T00:00:00+00:00, run_after=2023-05-22T00:00:00+00:00
[2023-05-15 13:53:13,946] {processor.py:161} INFO - Processing /home/v/Documents/airflowalura/dags/dados_climaticos.py took 0.309 seconds
[2023-05-15 13:53:44,243] {processor.py:153} INFO - Started process (PID=76265) to work on /home/v/Documents/airflowalura/dags/dados_climaticos.py
[2023-05-15 13:53:44,244] {processor.py:641} INFO - Processing file /home/v/Documents/airflowalura/dags/dados_climaticos.py for tasks to queue
[2023-05-15 13:53:44,244] {logging_mixin.py:115} INFO - [2023-05-15 13:53:44,244] {dagbag.py:507} INFO - Filling up the DagBag from /home/v/Documents/airflowalura/dags/dados_climaticos.py
[2023-05-15 13:53:44,513] {processor.py:651} INFO - DAG(s) dict_keys(['dados_climaticos']) retrieved from /home/v/Documents/airflowalura/dags/dados_climaticos.py
[2023-05-15 13:53:44,520] {logging_mixin.py:115} INFO - [2023-05-15 13:53:44,520] {dag.py:2379} INFO - Sync 1 DAGs
[2023-05-15 13:53:44,532] {logging_mixin.py:115} INFO - [2023-05-15 13:53:44,532] {dag.py:2927} INFO - Setting next_dagrun for dados_climaticos to 2023-05-15T00:00:00+00:00, run_after=2023-05-22T00:00:00+00:00
[2023-05-15 13:53:44,543] {processor.py:161} INFO - Processing /home/v/Documents/airflowalura/dags/dados_climaticos.py took 0.303 seconds
[2023-05-15 13:54:15,881] {processor.py:153} INFO - Started process (PID=76387) to work on /home/v/Documents/airflowalura/dags/dados_climaticos.py
[2023-05-15 13:54:15,961] {processor.py:641} INFO - Processing file /home/v/Documents/airflowalura/dags/dados_climaticos.py for tasks to queue
[2023-05-15 13:54:15,962] {logging_mixin.py:115} INFO - [2023-05-15 13:54:15,962] {dagbag.py:507} INFO - Filling up the DagBag from /home/v/Documents/airflowalura/dags/dados_climaticos.py
[2023-05-15 13:54:16,252] {processor.py:651} INFO - DAG(s) dict_keys(['dados_climaticos']) retrieved from /home/v/Documents/airflowalura/dags/dados_climaticos.py
[2023-05-15 13:54:16,259] {logging_mixin.py:115} INFO - [2023-05-15 13:54:16,259] {dag.py:2379} INFO - Sync 1 DAGs
[2023-05-15 13:54:16,271] {logging_mixin.py:115} INFO - [2023-05-15 13:54:16,271] {dag.py:2927} INFO - Setting next_dagrun for dados_climaticos to 2023-05-15T00:00:00+00:00, run_after=2023-05-22T00:00:00+00:00
[2023-05-15 13:54:16,281] {processor.py:161} INFO - Processing /home/v/Documents/airflowalura/dags/dados_climaticos.py took 0.404 seconds
[2023-05-15 13:54:47,379] {processor.py:153} INFO - Started process (PID=76553) to work on /home/v/Documents/airflowalura/dags/dados_climaticos.py
[2023-05-15 13:54:47,380] {processor.py:641} INFO - Processing file /home/v/Documents/airflowalura/dags/dados_climaticos.py for tasks to queue
[2023-05-15 13:54:47,380] {logging_mixin.py:115} INFO - [2023-05-15 13:54:47,380] {dagbag.py:507} INFO - Filling up the DagBag from /home/v/Documents/airflowalura/dags/dados_climaticos.py
[2023-05-15 13:54:47,663] {processor.py:651} INFO - DAG(s) dict_keys(['dados_climaticos']) retrieved from /home/v/Documents/airflowalura/dags/dados_climaticos.py
[2023-05-15 13:54:47,671] {logging_mixin.py:115} INFO - [2023-05-15 13:54:47,671] {dag.py:2379} INFO - Sync 1 DAGs
[2023-05-15 13:54:47,683] {logging_mixin.py:115} INFO - [2023-05-15 13:54:47,683] {dag.py:2927} INFO - Setting next_dagrun for dados_climaticos to 2023-05-15T00:00:00+00:00, run_after=2023-05-22T00:00:00+00:00
[2023-05-15 13:54:47,694] {processor.py:161} INFO - Processing /home/v/Documents/airflowalura/dags/dados_climaticos.py took 0.318 seconds
[2023-05-15 13:55:20,852] {processor.py:153} INFO - Started process (PID=76680) to work on /home/v/Documents/airflowalura/dags/dados_climaticos.py
[2023-05-15 13:55:20,866] {processor.py:641} INFO - Processing file /home/v/Documents/airflowalura/dags/dados_climaticos.py for tasks to queue
[2023-05-15 13:55:20,866] {logging_mixin.py:115} INFO - [2023-05-15 13:55:20,866] {dagbag.py:507} INFO - Filling up the DagBag from /home/v/Documents/airflowalura/dags/dados_climaticos.py
[2023-05-15 13:55:21,165] {processor.py:651} INFO - DAG(s) dict_keys(['dados_climaticos']) retrieved from /home/v/Documents/airflowalura/dags/dados_climaticos.py
[2023-05-15 13:55:21,175] {logging_mixin.py:115} INFO - [2023-05-15 13:55:21,175] {dag.py:2379} INFO - Sync 1 DAGs
[2023-05-15 13:55:21,189] {logging_mixin.py:115} INFO - [2023-05-15 13:55:21,189] {dag.py:2927} INFO - Setting next_dagrun for dados_climaticos to 2023-05-15T00:00:00+00:00, run_after=2023-05-22T00:00:00+00:00
[2023-05-15 13:55:21,201] {processor.py:161} INFO - Processing /home/v/Documents/airflowalura/dags/dados_climaticos.py took 0.352 seconds
[2023-05-15 13:55:54,579] {processor.py:153} INFO - Started process (PID=76878) to work on /home/v/Documents/airflowalura/dags/dados_climaticos.py
[2023-05-15 13:55:54,579] {processor.py:641} INFO - Processing file /home/v/Documents/airflowalura/dags/dados_climaticos.py for tasks to queue
[2023-05-15 13:55:54,580] {logging_mixin.py:115} INFO - [2023-05-15 13:55:54,580] {dagbag.py:507} INFO - Filling up the DagBag from /home/v/Documents/airflowalura/dags/dados_climaticos.py
[2023-05-15 13:55:54,871] {processor.py:651} INFO - DAG(s) dict_keys(['dados_climaticos']) retrieved from /home/v/Documents/airflowalura/dags/dados_climaticos.py
[2023-05-15 13:55:54,879] {logging_mixin.py:115} INFO - [2023-05-15 13:55:54,879] {dag.py:2379} INFO - Sync 1 DAGs
[2023-05-15 13:55:54,891] {logging_mixin.py:115} INFO - [2023-05-15 13:55:54,891] {dag.py:2927} INFO - Setting next_dagrun for dados_climaticos to 2023-05-15T00:00:00+00:00, run_after=2023-05-22T00:00:00+00:00
[2023-05-15 13:55:54,901] {processor.py:161} INFO - Processing /home/v/Documents/airflowalura/dags/dados_climaticos.py took 0.325 seconds
[2023-05-15 13:56:25,700] {processor.py:153} INFO - Started process (PID=76996) to work on /home/v/Documents/airflowalura/dags/dados_climaticos.py
[2023-05-15 13:56:25,701] {processor.py:641} INFO - Processing file /home/v/Documents/airflowalura/dags/dados_climaticos.py for tasks to queue
[2023-05-15 13:56:25,701] {logging_mixin.py:115} INFO - [2023-05-15 13:56:25,701] {dagbag.py:507} INFO - Filling up the DagBag from /home/v/Documents/airflowalura/dags/dados_climaticos.py
[2023-05-15 13:56:25,986] {processor.py:651} INFO - DAG(s) dict_keys(['dados_climaticos']) retrieved from /home/v/Documents/airflowalura/dags/dados_climaticos.py
[2023-05-15 13:56:25,993] {logging_mixin.py:115} INFO - [2023-05-15 13:56:25,993] {dag.py:2379} INFO - Sync 1 DAGs
[2023-05-15 13:56:26,005] {logging_mixin.py:115} INFO - [2023-05-15 13:56:26,005] {dag.py:2927} INFO - Setting next_dagrun for dados_climaticos to 2023-05-15T00:00:00+00:00, run_after=2023-05-22T00:00:00+00:00
[2023-05-15 13:56:26,016] {processor.py:161} INFO - Processing /home/v/Documents/airflowalura/dags/dados_climaticos.py took 0.318 seconds
[2023-05-15 13:56:59,108] {processor.py:153} INFO - Started process (PID=77170) to work on /home/v/Documents/airflowalura/dags/dados_climaticos.py
[2023-05-15 13:56:59,108] {processor.py:641} INFO - Processing file /home/v/Documents/airflowalura/dags/dados_climaticos.py for tasks to queue
[2023-05-15 13:56:59,109] {logging_mixin.py:115} INFO - [2023-05-15 13:56:59,109] {dagbag.py:507} INFO - Filling up the DagBag from /home/v/Documents/airflowalura/dags/dados_climaticos.py
[2023-05-15 13:56:59,403] {processor.py:651} INFO - DAG(s) dict_keys(['dados_climaticos']) retrieved from /home/v/Documents/airflowalura/dags/dados_climaticos.py
[2023-05-15 13:56:59,411] {logging_mixin.py:115} INFO - [2023-05-15 13:56:59,411] {dag.py:2379} INFO - Sync 1 DAGs
[2023-05-15 13:56:59,423] {logging_mixin.py:115} INFO - [2023-05-15 13:56:59,423] {dag.py:2927} INFO - Setting next_dagrun for dados_climaticos to 2023-05-15T00:00:00+00:00, run_after=2023-05-22T00:00:00+00:00
[2023-05-15 13:56:59,433] {processor.py:161} INFO - Processing /home/v/Documents/airflowalura/dags/dados_climaticos.py took 0.329 seconds
[2023-05-15 13:57:34,095] {processor.py:153} INFO - Started process (PID=77327) to work on /home/v/Documents/airflowalura/dags/dados_climaticos.py
[2023-05-15 13:57:34,095] {processor.py:641} INFO - Processing file /home/v/Documents/airflowalura/dags/dados_climaticos.py for tasks to queue
[2023-05-15 13:57:34,096] {logging_mixin.py:115} INFO - [2023-05-15 13:57:34,096] {dagbag.py:507} INFO - Filling up the DagBag from /home/v/Documents/airflowalura/dags/dados_climaticos.py
[2023-05-15 13:57:34,377] {processor.py:651} INFO - DAG(s) dict_keys(['dados_climaticos']) retrieved from /home/v/Documents/airflowalura/dags/dados_climaticos.py
[2023-05-15 13:57:34,386] {logging_mixin.py:115} INFO - [2023-05-15 13:57:34,386] {dag.py:2379} INFO - Sync 1 DAGs
[2023-05-15 13:57:34,401] {logging_mixin.py:115} INFO - [2023-05-15 13:57:34,401] {dag.py:2927} INFO - Setting next_dagrun for dados_climaticos to 2023-05-15T00:00:00+00:00, run_after=2023-05-22T00:00:00+00:00
[2023-05-15 13:57:34,412] {processor.py:161} INFO - Processing /home/v/Documents/airflowalura/dags/dados_climaticos.py took 0.320 seconds
[2023-05-15 13:58:09,083] {processor.py:153} INFO - Started process (PID=77466) to work on /home/v/Documents/airflowalura/dags/dados_climaticos.py
[2023-05-15 13:58:09,084] {processor.py:641} INFO - Processing file /home/v/Documents/airflowalura/dags/dados_climaticos.py for tasks to queue
[2023-05-15 13:58:09,085] {logging_mixin.py:115} INFO - [2023-05-15 13:58:09,084] {dagbag.py:507} INFO - Filling up the DagBag from /home/v/Documents/airflowalura/dags/dados_climaticos.py
[2023-05-15 13:58:09,379] {processor.py:651} INFO - DAG(s) dict_keys(['dados_climaticos']) retrieved from /home/v/Documents/airflowalura/dags/dados_climaticos.py
[2023-05-15 13:58:09,387] {logging_mixin.py:115} INFO - [2023-05-15 13:58:09,387] {dag.py:2379} INFO - Sync 1 DAGs
[2023-05-15 13:58:09,400] {logging_mixin.py:115} INFO - [2023-05-15 13:58:09,399] {dag.py:2927} INFO - Setting next_dagrun for dados_climaticos to 2023-05-15T00:00:00+00:00, run_after=2023-05-22T00:00:00+00:00
[2023-05-15 13:58:09,409] {processor.py:161} INFO - Processing /home/v/Documents/airflowalura/dags/dados_climaticos.py took 0.329 seconds
[2023-05-15 13:58:40,107] {processor.py:153} INFO - Started process (PID=77603) to work on /home/v/Documents/airflowalura/dags/dados_climaticos.py
[2023-05-15 13:58:40,107] {processor.py:641} INFO - Processing file /home/v/Documents/airflowalura/dags/dados_climaticos.py for tasks to queue
[2023-05-15 13:58:40,108] {logging_mixin.py:115} INFO - [2023-05-15 13:58:40,108] {dagbag.py:507} INFO - Filling up the DagBag from /home/v/Documents/airflowalura/dags/dados_climaticos.py
[2023-05-15 13:58:40,395] {processor.py:651} INFO - DAG(s) dict_keys(['dados_climaticos']) retrieved from /home/v/Documents/airflowalura/dags/dados_climaticos.py
[2023-05-15 13:58:40,403] {logging_mixin.py:115} INFO - [2023-05-15 13:58:40,403] {dag.py:2379} INFO - Sync 1 DAGs
[2023-05-15 13:58:40,415] {logging_mixin.py:115} INFO - [2023-05-15 13:58:40,415] {dag.py:2927} INFO - Setting next_dagrun for dados_climaticos to 2023-05-15T00:00:00+00:00, run_after=2023-05-22T00:00:00+00:00
[2023-05-15 13:58:40,426] {processor.py:161} INFO - Processing /home/v/Documents/airflowalura/dags/dados_climaticos.py took 0.322 seconds
[2023-05-15 13:59:10,534] {processor.py:153} INFO - Started process (PID=77723) to work on /home/v/Documents/airflowalura/dags/dados_climaticos.py
[2023-05-15 13:59:10,548] {processor.py:641} INFO - Processing file /home/v/Documents/airflowalura/dags/dados_climaticos.py for tasks to queue
[2023-05-15 13:59:10,548] {logging_mixin.py:115} INFO - [2023-05-15 13:59:10,548] {dagbag.py:507} INFO - Filling up the DagBag from /home/v/Documents/airflowalura/dags/dados_climaticos.py
[2023-05-15 13:59:10,847] {processor.py:651} INFO - DAG(s) dict_keys(['dados_climaticos']) retrieved from /home/v/Documents/airflowalura/dags/dados_climaticos.py
[2023-05-15 13:59:10,855] {logging_mixin.py:115} INFO - [2023-05-15 13:59:10,855] {dag.py:2379} INFO - Sync 1 DAGs
[2023-05-15 13:59:10,867] {logging_mixin.py:115} INFO - [2023-05-15 13:59:10,867] {dag.py:2927} INFO - Setting next_dagrun for dados_climaticos to 2023-05-15T00:00:00+00:00, run_after=2023-05-22T00:00:00+00:00
[2023-05-15 13:59:10,877] {processor.py:161} INFO - Processing /home/v/Documents/airflowalura/dags/dados_climaticos.py took 0.347 seconds
[2023-05-15 13:59:42,302] {processor.py:153} INFO - Started process (PID=77881) to work on /home/v/Documents/airflowalura/dags/dados_climaticos.py
[2023-05-15 13:59:42,303] {processor.py:641} INFO - Processing file /home/v/Documents/airflowalura/dags/dados_climaticos.py for tasks to queue
[2023-05-15 13:59:42,303] {logging_mixin.py:115} INFO - [2023-05-15 13:59:42,303] {dagbag.py:507} INFO - Filling up the DagBag from /home/v/Documents/airflowalura/dags/dados_climaticos.py
[2023-05-15 13:59:42,595] {processor.py:651} INFO - DAG(s) dict_keys(['dados_climaticos']) retrieved from /home/v/Documents/airflowalura/dags/dados_climaticos.py
[2023-05-15 13:59:42,603] {logging_mixin.py:115} INFO - [2023-05-15 13:59:42,603] {dag.py:2379} INFO - Sync 1 DAGs
[2023-05-15 13:59:42,615] {logging_mixin.py:115} INFO - [2023-05-15 13:59:42,615] {dag.py:2927} INFO - Setting next_dagrun for dados_climaticos to 2023-05-15T00:00:00+00:00, run_after=2023-05-22T00:00:00+00:00
[2023-05-15 13:59:42,626] {processor.py:161} INFO - Processing /home/v/Documents/airflowalura/dags/dados_climaticos.py took 0.327 seconds
[2023-05-15 14:00:18,039] {processor.py:153} INFO - Started process (PID=78025) to work on /home/v/Documents/airflowalura/dags/dados_climaticos.py
[2023-05-15 14:00:18,040] {processor.py:641} INFO - Processing file /home/v/Documents/airflowalura/dags/dados_climaticos.py for tasks to queue
[2023-05-15 14:00:18,041] {logging_mixin.py:115} INFO - [2023-05-15 14:00:18,041] {dagbag.py:507} INFO - Filling up the DagBag from /home/v/Documents/airflowalura/dags/dados_climaticos.py
[2023-05-15 14:00:18,337] {processor.py:651} INFO - DAG(s) dict_keys(['dados_climaticos']) retrieved from /home/v/Documents/airflowalura/dags/dados_climaticos.py
[2023-05-15 14:00:18,345] {logging_mixin.py:115} INFO - [2023-05-15 14:00:18,345] {dag.py:2379} INFO - Sync 1 DAGs
[2023-05-15 14:00:18,357] {logging_mixin.py:115} INFO - [2023-05-15 14:00:18,357] {dag.py:2927} INFO - Setting next_dagrun for dados_climaticos to 2023-05-15T00:00:00+00:00, run_after=2023-05-22T00:00:00+00:00
[2023-05-15 14:00:18,368] {processor.py:161} INFO - Processing /home/v/Documents/airflowalura/dags/dados_climaticos.py took 0.332 seconds
[2023-05-15 14:00:48,636] {processor.py:153} INFO - Started process (PID=78224) to work on /home/v/Documents/airflowalura/dags/dados_climaticos.py
[2023-05-15 14:00:48,637] {processor.py:641} INFO - Processing file /home/v/Documents/airflowalura/dags/dados_climaticos.py for tasks to queue
[2023-05-15 14:00:48,637] {logging_mixin.py:115} INFO - [2023-05-15 14:00:48,637] {dagbag.py:507} INFO - Filling up the DagBag from /home/v/Documents/airflowalura/dags/dados_climaticos.py
[2023-05-15 14:00:48,957] {processor.py:651} INFO - DAG(s) dict_keys(['dados_climaticos']) retrieved from /home/v/Documents/airflowalura/dags/dados_climaticos.py
[2023-05-15 14:00:48,967] {logging_mixin.py:115} INFO - [2023-05-15 14:00:48,967] {dag.py:2379} INFO - Sync 1 DAGs
[2023-05-15 14:00:48,986] {logging_mixin.py:115} INFO - [2023-05-15 14:00:48,986] {dag.py:2927} INFO - Setting next_dagrun for dados_climaticos to 2023-05-15T00:00:00+00:00, run_after=2023-05-22T00:00:00+00:00
[2023-05-15 14:00:48,999] {processor.py:161} INFO - Processing /home/v/Documents/airflowalura/dags/dados_climaticos.py took 0.366 seconds
[2023-05-15 14:01:20,555] {processor.py:153} INFO - Started process (PID=78470) to work on /home/v/Documents/airflowalura/dags/dados_climaticos.py
[2023-05-15 14:01:20,556] {processor.py:641} INFO - Processing file /home/v/Documents/airflowalura/dags/dados_climaticos.py for tasks to queue
[2023-05-15 14:01:20,557] {logging_mixin.py:115} INFO - [2023-05-15 14:01:20,557] {dagbag.py:507} INFO - Filling up the DagBag from /home/v/Documents/airflowalura/dags/dados_climaticos.py
[2023-05-15 14:01:20,865] {processor.py:651} INFO - DAG(s) dict_keys(['dados_climaticos']) retrieved from /home/v/Documents/airflowalura/dags/dados_climaticos.py
[2023-05-15 14:01:20,875] {logging_mixin.py:115} INFO - [2023-05-15 14:01:20,875] {dag.py:2379} INFO - Sync 1 DAGs
[2023-05-15 14:01:20,890] {logging_mixin.py:115} INFO - [2023-05-15 14:01:20,890] {dag.py:2927} INFO - Setting next_dagrun for dados_climaticos to 2023-05-15T00:00:00+00:00, run_after=2023-05-22T00:00:00+00:00
[2023-05-15 14:01:20,901] {processor.py:161} INFO - Processing /home/v/Documents/airflowalura/dags/dados_climaticos.py took 0.348 seconds
[2023-05-15 14:01:54,340] {processor.py:153} INFO - Started process (PID=78606) to work on /home/v/Documents/airflowalura/dags/dados_climaticos.py
[2023-05-15 14:01:54,341] {processor.py:641} INFO - Processing file /home/v/Documents/airflowalura/dags/dados_climaticos.py for tasks to queue
[2023-05-15 14:01:54,341] {logging_mixin.py:115} INFO - [2023-05-15 14:01:54,341] {dagbag.py:507} INFO - Filling up the DagBag from /home/v/Documents/airflowalura/dags/dados_climaticos.py
[2023-05-15 14:01:54,653] {processor.py:651} INFO - DAG(s) dict_keys(['dados_climaticos']) retrieved from /home/v/Documents/airflowalura/dags/dados_climaticos.py
[2023-05-15 14:01:54,663] {logging_mixin.py:115} INFO - [2023-05-15 14:01:54,662] {dag.py:2379} INFO - Sync 1 DAGs
[2023-05-15 14:01:54,678] {logging_mixin.py:115} INFO - [2023-05-15 14:01:54,677] {dag.py:2927} INFO - Setting next_dagrun for dados_climaticos to 2023-05-15T00:00:00+00:00, run_after=2023-05-22T00:00:00+00:00
[2023-05-15 14:01:54,689] {processor.py:161} INFO - Processing /home/v/Documents/airflowalura/dags/dados_climaticos.py took 0.352 seconds
[2023-05-15 14:02:29,291] {processor.py:153} INFO - Started process (PID=78810) to work on /home/v/Documents/airflowalura/dags/dados_climaticos.py
[2023-05-15 14:02:29,292] {processor.py:641} INFO - Processing file /home/v/Documents/airflowalura/dags/dados_climaticos.py for tasks to queue
[2023-05-15 14:02:29,293] {logging_mixin.py:115} INFO - [2023-05-15 14:02:29,292] {dagbag.py:507} INFO - Filling up the DagBag from /home/v/Documents/airflowalura/dags/dados_climaticos.py
[2023-05-15 14:02:29,586] {processor.py:651} INFO - DAG(s) dict_keys(['dados_climaticos']) retrieved from /home/v/Documents/airflowalura/dags/dados_climaticos.py
[2023-05-15 14:02:29,594] {logging_mixin.py:115} INFO - [2023-05-15 14:02:29,594] {dag.py:2379} INFO - Sync 1 DAGs
[2023-05-15 14:02:29,606] {logging_mixin.py:115} INFO - [2023-05-15 14:02:29,606] {dag.py:2927} INFO - Setting next_dagrun for dados_climaticos to 2023-05-15T00:00:00+00:00, run_after=2023-05-22T00:00:00+00:00
[2023-05-15 14:02:29,617] {processor.py:161} INFO - Processing /home/v/Documents/airflowalura/dags/dados_climaticos.py took 0.329 seconds
[2023-05-15 14:03:04,283] {processor.py:153} INFO - Started process (PID=78961) to work on /home/v/Documents/airflowalura/dags/dados_climaticos.py
[2023-05-15 14:03:04,284] {processor.py:641} INFO - Processing file /home/v/Documents/airflowalura/dags/dados_climaticos.py for tasks to queue
[2023-05-15 14:03:04,284] {logging_mixin.py:115} INFO - [2023-05-15 14:03:04,284] {dagbag.py:507} INFO - Filling up the DagBag from /home/v/Documents/airflowalura/dags/dados_climaticos.py
[2023-05-15 14:03:04,583] {processor.py:651} INFO - DAG(s) dict_keys(['dados_climaticos']) retrieved from /home/v/Documents/airflowalura/dags/dados_climaticos.py
[2023-05-15 14:03:04,592] {logging_mixin.py:115} INFO - [2023-05-15 14:03:04,592] {dag.py:2379} INFO - Sync 1 DAGs
[2023-05-15 14:03:04,607] {logging_mixin.py:115} INFO - [2023-05-15 14:03:04,607] {dag.py:2927} INFO - Setting next_dagrun for dados_climaticos to 2023-05-15T00:00:00+00:00, run_after=2023-05-22T00:00:00+00:00
[2023-05-15 14:03:04,618] {processor.py:161} INFO - Processing /home/v/Documents/airflowalura/dags/dados_climaticos.py took 0.338 seconds
[2023-05-15 14:03:35,564] {processor.py:153} INFO - Started process (PID=79093) to work on /home/v/Documents/airflowalura/dags/dados_climaticos.py
[2023-05-15 14:03:35,565] {processor.py:641} INFO - Processing file /home/v/Documents/airflowalura/dags/dados_climaticos.py for tasks to queue
[2023-05-15 14:03:35,565] {logging_mixin.py:115} INFO - [2023-05-15 14:03:35,565] {dagbag.py:507} INFO - Filling up the DagBag from /home/v/Documents/airflowalura/dags/dados_climaticos.py
[2023-05-15 14:03:35,857] {processor.py:651} INFO - DAG(s) dict_keys(['dados_climaticos']) retrieved from /home/v/Documents/airflowalura/dags/dados_climaticos.py
[2023-05-15 14:03:35,865] {logging_mixin.py:115} INFO - [2023-05-15 14:03:35,865] {dag.py:2379} INFO - Sync 1 DAGs
[2023-05-15 14:03:35,886] {logging_mixin.py:115} INFO - [2023-05-15 14:03:35,886] {dag.py:2927} INFO - Setting next_dagrun for dados_climaticos to 2023-05-15T00:00:00+00:00, run_after=2023-05-22T00:00:00+00:00
[2023-05-15 14:03:35,897] {processor.py:161} INFO - Processing /home/v/Documents/airflowalura/dags/dados_climaticos.py took 0.336 seconds
[2023-05-15 14:04:06,775] {processor.py:153} INFO - Started process (PID=79221) to work on /home/v/Documents/airflowalura/dags/dados_climaticos.py
[2023-05-15 14:04:06,776] {processor.py:641} INFO - Processing file /home/v/Documents/airflowalura/dags/dados_climaticos.py for tasks to queue
[2023-05-15 14:04:06,776] {logging_mixin.py:115} INFO - [2023-05-15 14:04:06,776] {dagbag.py:507} INFO - Filling up the DagBag from /home/v/Documents/airflowalura/dags/dados_climaticos.py
[2023-05-15 14:04:07,068] {processor.py:651} INFO - DAG(s) dict_keys(['dados_climaticos']) retrieved from /home/v/Documents/airflowalura/dags/dados_climaticos.py
[2023-05-15 14:04:07,076] {logging_mixin.py:115} INFO - [2023-05-15 14:04:07,076] {dag.py:2379} INFO - Sync 1 DAGs
[2023-05-15 14:04:07,088] {logging_mixin.py:115} INFO - [2023-05-15 14:04:07,088] {dag.py:2927} INFO - Setting next_dagrun for dados_climaticos to 2023-05-15T00:00:00+00:00, run_after=2023-05-22T00:00:00+00:00
[2023-05-15 14:04:07,099] {processor.py:161} INFO - Processing /home/v/Documents/airflowalura/dags/dados_climaticos.py took 0.328 seconds
[2023-05-15 14:04:40,343] {processor.py:153} INFO - Started process (PID=79484) to work on /home/v/Documents/airflowalura/dags/dados_climaticos.py
[2023-05-15 14:04:40,344] {processor.py:641} INFO - Processing file /home/v/Documents/airflowalura/dags/dados_climaticos.py for tasks to queue
[2023-05-15 14:04:40,344] {logging_mixin.py:115} INFO - [2023-05-15 14:04:40,344] {dagbag.py:507} INFO - Filling up the DagBag from /home/v/Documents/airflowalura/dags/dados_climaticos.py
[2023-05-15 14:04:40,616] {processor.py:651} INFO - DAG(s) dict_keys(['dados_climaticos']) retrieved from /home/v/Documents/airflowalura/dags/dados_climaticos.py
[2023-05-15 14:04:40,623] {logging_mixin.py:115} INFO - [2023-05-15 14:04:40,623] {dag.py:2379} INFO - Sync 1 DAGs
[2023-05-15 14:04:40,635] {logging_mixin.py:115} INFO - [2023-05-15 14:04:40,635] {dag.py:2927} INFO - Setting next_dagrun for dados_climaticos to 2023-05-15T00:00:00+00:00, run_after=2023-05-22T00:00:00+00:00
[2023-05-15 14:04:40,645] {processor.py:161} INFO - Processing /home/v/Documents/airflowalura/dags/dados_climaticos.py took 0.305 seconds
[2023-05-15 14:05:14,135] {processor.py:153} INFO - Started process (PID=79690) to work on /home/v/Documents/airflowalura/dags/dados_climaticos.py
[2023-05-15 14:05:14,136] {processor.py:641} INFO - Processing file /home/v/Documents/airflowalura/dags/dados_climaticos.py for tasks to queue
[2023-05-15 14:05:14,137] {logging_mixin.py:115} INFO - [2023-05-15 14:05:14,137] {dagbag.py:507} INFO - Filling up the DagBag from /home/v/Documents/airflowalura/dags/dados_climaticos.py
[2023-05-15 14:05:14,406] {processor.py:651} INFO - DAG(s) dict_keys(['dados_climaticos']) retrieved from /home/v/Documents/airflowalura/dags/dados_climaticos.py
[2023-05-15 14:05:14,414] {logging_mixin.py:115} INFO - [2023-05-15 14:05:14,414] {dag.py:2379} INFO - Sync 1 DAGs
[2023-05-15 14:05:14,426] {logging_mixin.py:115} INFO - [2023-05-15 14:05:14,426] {dag.py:2927} INFO - Setting next_dagrun for dados_climaticos to 2023-05-15T00:00:00+00:00, run_after=2023-05-22T00:00:00+00:00
[2023-05-15 14:05:14,436] {processor.py:161} INFO - Processing /home/v/Documents/airflowalura/dags/dados_climaticos.py took 0.303 seconds
[2023-05-15 14:05:44,879] {processor.py:153} INFO - Started process (PID=80025) to work on /home/v/Documents/airflowalura/dags/dados_climaticos.py
[2023-05-15 14:05:44,880] {processor.py:641} INFO - Processing file /home/v/Documents/airflowalura/dags/dados_climaticos.py for tasks to queue
[2023-05-15 14:05:44,880] {logging_mixin.py:115} INFO - [2023-05-15 14:05:44,880] {dagbag.py:507} INFO - Filling up the DagBag from /home/v/Documents/airflowalura/dags/dados_climaticos.py
[2023-05-15 14:05:45,189] {processor.py:651} INFO - DAG(s) dict_keys(['dados_climaticos']) retrieved from /home/v/Documents/airflowalura/dags/dados_climaticos.py
[2023-05-15 14:05:45,199] {logging_mixin.py:115} INFO - [2023-05-15 14:05:45,199] {dag.py:2379} INFO - Sync 1 DAGs
[2023-05-15 14:05:45,214] {logging_mixin.py:115} INFO - [2023-05-15 14:05:45,214] {dag.py:2927} INFO - Setting next_dagrun for dados_climaticos to 2023-05-15T00:00:00+00:00, run_after=2023-05-22T00:00:00+00:00
[2023-05-15 14:05:45,227] {processor.py:161} INFO - Processing /home/v/Documents/airflowalura/dags/dados_climaticos.py took 0.351 seconds
[2023-05-15 14:06:17,585] {processor.py:153} INFO - Started process (PID=80172) to work on /home/v/Documents/airflowalura/dags/dados_climaticos.py
[2023-05-15 14:06:17,586] {processor.py:641} INFO - Processing file /home/v/Documents/airflowalura/dags/dados_climaticos.py for tasks to queue
[2023-05-15 14:06:17,586] {logging_mixin.py:115} INFO - [2023-05-15 14:06:17,586] {dagbag.py:507} INFO - Filling up the DagBag from /home/v/Documents/airflowalura/dags/dados_climaticos.py
[2023-05-15 14:06:17,899] {processor.py:651} INFO - DAG(s) dict_keys(['dados_climaticos']) retrieved from /home/v/Documents/airflowalura/dags/dados_climaticos.py
[2023-05-15 14:06:17,909] {logging_mixin.py:115} INFO - [2023-05-15 14:06:17,909] {dag.py:2379} INFO - Sync 1 DAGs
[2023-05-15 14:06:17,924] {logging_mixin.py:115} INFO - [2023-05-15 14:06:17,924] {dag.py:2927} INFO - Setting next_dagrun for dados_climaticos to 2023-05-15T00:00:00+00:00, run_after=2023-05-22T00:00:00+00:00
[2023-05-15 14:06:17,937] {processor.py:161} INFO - Processing /home/v/Documents/airflowalura/dags/dados_climaticos.py took 0.355 seconds
[2023-05-15 14:06:52,059] {processor.py:153} INFO - Started process (PID=80297) to work on /home/v/Documents/airflowalura/dags/dados_climaticos.py
[2023-05-15 14:06:52,060] {processor.py:641} INFO - Processing file /home/v/Documents/airflowalura/dags/dados_climaticos.py for tasks to queue
[2023-05-15 14:06:52,061] {logging_mixin.py:115} INFO - [2023-05-15 14:06:52,060] {dagbag.py:507} INFO - Filling up the DagBag from /home/v/Documents/airflowalura/dags/dados_climaticos.py
[2023-05-15 14:06:52,386] {processor.py:651} INFO - DAG(s) dict_keys(['dados_climaticos']) retrieved from /home/v/Documents/airflowalura/dags/dados_climaticos.py
[2023-05-15 14:06:52,395] {logging_mixin.py:115} INFO - [2023-05-15 14:06:52,395] {dag.py:2379} INFO - Sync 1 DAGs
[2023-05-15 14:06:52,409] {logging_mixin.py:115} INFO - [2023-05-15 14:06:52,409] {dag.py:2927} INFO - Setting next_dagrun for dados_climaticos to 2023-05-15T00:00:00+00:00, run_after=2023-05-22T00:00:00+00:00
[2023-05-15 14:06:52,421] {processor.py:161} INFO - Processing /home/v/Documents/airflowalura/dags/dados_climaticos.py took 0.365 seconds
[2023-05-15 14:07:22,671] {processor.py:153} INFO - Started process (PID=80614) to work on /home/v/Documents/airflowalura/dags/dados_climaticos.py
[2023-05-15 14:07:22,671] {processor.py:641} INFO - Processing file /home/v/Documents/airflowalura/dags/dados_climaticos.py for tasks to queue
[2023-05-15 14:07:22,672] {logging_mixin.py:115} INFO - [2023-05-15 14:07:22,672] {dagbag.py:507} INFO - Filling up the DagBag from /home/v/Documents/airflowalura/dags/dados_climaticos.py
[2023-05-15 14:07:22,984] {processor.py:651} INFO - DAG(s) dict_keys(['dados_climaticos']) retrieved from /home/v/Documents/airflowalura/dags/dados_climaticos.py
[2023-05-15 14:07:23,019] {logging_mixin.py:115} INFO - [2023-05-15 14:07:23,019] {dag.py:2379} INFO - Sync 1 DAGs
[2023-05-15 14:07:23,033] {logging_mixin.py:115} INFO - [2023-05-15 14:07:23,033] {dag.py:2927} INFO - Setting next_dagrun for dados_climaticos to 2023-05-15T00:00:00+00:00, run_after=2023-05-22T00:00:00+00:00
[2023-05-15 14:07:23,046] {processor.py:161} INFO - Processing /home/v/Documents/airflowalura/dags/dados_climaticos.py took 0.379 seconds
[2023-05-15 19:09:03,790] {processor.py:153} INFO - Started process (PID=133063) to work on /home/v/Documents/airflowalura/dags/dados_climaticos.py
[2023-05-15 19:09:03,791] {processor.py:641} INFO - Processing file /home/v/Documents/airflowalura/dags/dados_climaticos.py for tasks to queue
[2023-05-15 19:09:03,791] {logging_mixin.py:115} INFO - [2023-05-15 19:09:03,791] {dagbag.py:507} INFO - Filling up the DagBag from /home/v/Documents/airflowalura/dags/dados_climaticos.py
[2023-05-15 19:09:04,079] {processor.py:651} INFO - DAG(s) dict_keys(['dados_climaticos']) retrieved from /home/v/Documents/airflowalura/dags/dados_climaticos.py
[2023-05-15 19:09:04,088] {logging_mixin.py:115} INFO - [2023-05-15 19:09:04,088] {dag.py:2379} INFO - Sync 1 DAGs
[2023-05-15 19:09:04,102] {logging_mixin.py:115} INFO - [2023-05-15 19:09:04,102] {dag.py:2927} INFO - Setting next_dagrun for dados_climaticos to 2023-05-15T00:00:00+00:00, run_after=2023-05-22T00:00:00+00:00
[2023-05-15 19:09:04,126] {processor.py:161} INFO - Processing /home/v/Documents/airflowalura/dags/dados_climaticos.py took 0.338 seconds
[2023-05-15 19:09:38,275] {processor.py:153} INFO - Started process (PID=133485) to work on /home/v/Documents/airflowalura/dags/dados_climaticos.py
[2023-05-15 19:09:38,276] {processor.py:641} INFO - Processing file /home/v/Documents/airflowalura/dags/dados_climaticos.py for tasks to queue
[2023-05-15 19:09:38,276] {logging_mixin.py:115} INFO - [2023-05-15 19:09:38,276] {dagbag.py:507} INFO - Filling up the DagBag from /home/v/Documents/airflowalura/dags/dados_climaticos.py
[2023-05-15 19:09:38,584] {processor.py:651} INFO - DAG(s) dict_keys(['dados_climaticos']) retrieved from /home/v/Documents/airflowalura/dags/dados_climaticos.py
[2023-05-15 19:09:38,592] {logging_mixin.py:115} INFO - [2023-05-15 19:09:38,592] {dag.py:2379} INFO - Sync 1 DAGs
[2023-05-15 19:09:38,606] {logging_mixin.py:115} INFO - [2023-05-15 19:09:38,605] {dag.py:2927} INFO - Setting next_dagrun for dados_climaticos to 2023-05-15T00:00:00+00:00, run_after=2023-05-22T00:00:00+00:00
[2023-05-15 19:09:38,616] {processor.py:161} INFO - Processing /home/v/Documents/airflowalura/dags/dados_climaticos.py took 0.344 seconds
[2023-05-15 19:10:12,068] {processor.py:153} INFO - Started process (PID=133772) to work on /home/v/Documents/airflowalura/dags/dados_climaticos.py
[2023-05-15 19:10:12,069] {processor.py:641} INFO - Processing file /home/v/Documents/airflowalura/dags/dados_climaticos.py for tasks to queue
[2023-05-15 19:10:12,070] {logging_mixin.py:115} INFO - [2023-05-15 19:10:12,069] {dagbag.py:507} INFO - Filling up the DagBag from /home/v/Documents/airflowalura/dags/dados_climaticos.py
[2023-05-15 19:10:12,381] {processor.py:651} INFO - DAG(s) dict_keys(['dados_climaticos']) retrieved from /home/v/Documents/airflowalura/dags/dados_climaticos.py
[2023-05-15 19:10:12,390] {logging_mixin.py:115} INFO - [2023-05-15 19:10:12,390] {dag.py:2379} INFO - Sync 1 DAGs
[2023-05-15 19:10:12,404] {logging_mixin.py:115} INFO - [2023-05-15 19:10:12,404] {dag.py:2927} INFO - Setting next_dagrun for dados_climaticos to 2023-05-15T00:00:00+00:00, run_after=2023-05-22T00:00:00+00:00
[2023-05-15 19:10:12,415] {processor.py:161} INFO - Processing /home/v/Documents/airflowalura/dags/dados_climaticos.py took 0.350 seconds
[2023-05-15 19:10:47,048] {processor.py:153} INFO - Started process (PID=133917) to work on /home/v/Documents/airflowalura/dags/dados_climaticos.py
[2023-05-15 19:10:47,049] {processor.py:641} INFO - Processing file /home/v/Documents/airflowalura/dags/dados_climaticos.py for tasks to queue
[2023-05-15 19:10:47,050] {logging_mixin.py:115} INFO - [2023-05-15 19:10:47,049] {dagbag.py:507} INFO - Filling up the DagBag from /home/v/Documents/airflowalura/dags/dados_climaticos.py
[2023-05-15 19:10:47,358] {processor.py:651} INFO - DAG(s) dict_keys(['dados_climaticos']) retrieved from /home/v/Documents/airflowalura/dags/dados_climaticos.py
[2023-05-15 19:10:47,367] {logging_mixin.py:115} INFO - [2023-05-15 19:10:47,367] {dag.py:2379} INFO - Sync 1 DAGs
[2023-05-15 19:10:47,381] {logging_mixin.py:115} INFO - [2023-05-15 19:10:47,381] {dag.py:2927} INFO - Setting next_dagrun for dados_climaticos to 2023-05-15T00:00:00+00:00, run_after=2023-05-22T00:00:00+00:00
[2023-05-15 19:10:47,391] {processor.py:161} INFO - Processing /home/v/Documents/airflowalura/dags/dados_climaticos.py took 0.346 seconds
[2023-05-15 19:11:22,279] {processor.py:153} INFO - Started process (PID=134101) to work on /home/v/Documents/airflowalura/dags/dados_climaticos.py
[2023-05-15 19:11:22,280] {processor.py:641} INFO - Processing file /home/v/Documents/airflowalura/dags/dados_climaticos.py for tasks to queue
[2023-05-15 19:11:22,281] {logging_mixin.py:115} INFO - [2023-05-15 19:11:22,280] {dagbag.py:507} INFO - Filling up the DagBag from /home/v/Documents/airflowalura/dags/dados_climaticos.py
[2023-05-15 19:11:22,582] {processor.py:651} INFO - DAG(s) dict_keys(['dados_climaticos']) retrieved from /home/v/Documents/airflowalura/dags/dados_climaticos.py
[2023-05-15 19:11:22,591] {logging_mixin.py:115} INFO - [2023-05-15 19:11:22,591] {dag.py:2379} INFO - Sync 1 DAGs
[2023-05-15 19:11:22,606] {logging_mixin.py:115} INFO - [2023-05-15 19:11:22,606] {dag.py:2927} INFO - Setting next_dagrun for dados_climaticos to 2023-05-15T00:00:00+00:00, run_after=2023-05-22T00:00:00+00:00
[2023-05-15 19:11:22,617] {processor.py:161} INFO - Processing /home/v/Documents/airflowalura/dags/dados_climaticos.py took 0.341 seconds
[2023-05-15 19:14:44,649] {processor.py:153} INFO - Started process (PID=135078) to work on /home/v/Documents/airflowalura/dags/dados_climaticos.py
[2023-05-15 19:14:44,649] {processor.py:641} INFO - Processing file /home/v/Documents/airflowalura/dags/dados_climaticos.py for tasks to queue
[2023-05-15 19:14:44,650] {logging_mixin.py:115} INFO - [2023-05-15 19:14:44,650] {dagbag.py:507} INFO - Filling up the DagBag from /home/v/Documents/airflowalura/dags/dados_climaticos.py
[2023-05-15 19:14:44,951] {processor.py:651} INFO - DAG(s) dict_keys(['dados_climaticos']) retrieved from /home/v/Documents/airflowalura/dags/dados_climaticos.py
[2023-05-15 19:14:44,956] {logging_mixin.py:115} INFO - [2023-05-15 19:14:44,956] {dag.py:2379} INFO - Sync 1 DAGs
[2023-05-15 19:14:44,972] {logging_mixin.py:115} INFO - [2023-05-15 19:14:44,972] {dag.py:2927} INFO - Setting next_dagrun for dados_climaticos to 2023-05-15T08:20:00+00:00, run_after=2023-05-22T00:00:00+00:00
[2023-05-15 19:14:44,983] {processor.py:161} INFO - Processing /home/v/Documents/airflowalura/dags/dados_climaticos.py took 0.336 seconds
[2023-05-15 19:15:20,776] {processor.py:153} INFO - Started process (PID=135595) to work on /home/v/Documents/airflowalura/dags/dados_climaticos.py
[2023-05-15 19:15:20,777] {processor.py:641} INFO - Processing file /home/v/Documents/airflowalura/dags/dados_climaticos.py for tasks to queue
[2023-05-15 19:15:20,777] {logging_mixin.py:115} INFO - [2023-05-15 19:15:20,777] {dagbag.py:507} INFO - Filling up the DagBag from /home/v/Documents/airflowalura/dags/dados_climaticos.py
[2023-05-15 19:15:21,080] {processor.py:651} INFO - DAG(s) dict_keys(['dados_climaticos']) retrieved from /home/v/Documents/airflowalura/dags/dados_climaticos.py
[2023-05-15 19:15:21,116] {logging_mixin.py:115} INFO - [2023-05-15 19:15:21,116] {dag.py:2379} INFO - Sync 1 DAGs
[2023-05-15 19:15:21,132] {logging_mixin.py:115} INFO - [2023-05-15 19:15:21,132] {dag.py:2927} INFO - Setting next_dagrun for dados_climaticos to 2023-05-15T08:20:00+00:00, run_after=2023-05-22T00:00:00+00:00
[2023-05-15 19:15:21,144] {processor.py:161} INFO - Processing /home/v/Documents/airflowalura/dags/dados_climaticos.py took 0.371 seconds
