[2023-05-15 12:19:13,518] {processor.py:153} INFO - Started process (PID=35688) to work on /home/v/Documents/airflowalura/dags/meu_primeiro_dag.py
[2023-05-15 12:19:13,519] {processor.py:641} INFO - Processing file /home/v/Documents/airflowalura/dags/meu_primeiro_dag.py for tasks to queue
[2023-05-15 12:19:13,519] {logging_mixin.py:115} INFO - [2023-05-15 12:19:13,519] {dagbag.py:507} INFO - Filling up the DagBag from /home/v/Documents/airflowalura/dags/meu_primeiro_dag.py
[2023-05-15 12:19:13,527] {processor.py:651} INFO - DAG(s) dict_keys(['meu_primeiro_dag']) retrieved from /home/v/Documents/airflowalura/dags/meu_primeiro_dag.py
[2023-05-15 12:19:13,574] {logging_mixin.py:115} INFO - [2023-05-15 12:19:13,574] {dag.py:2379} INFO - Sync 1 DAGs
[2023-05-15 12:19:13,590] {logging_mixin.py:115} INFO - [2023-05-15 12:19:13,590] {dag.py:2927} INFO - Setting next_dagrun for meu_primeiro_dag to 2023-05-15T00:00:00+00:00, run_after=2023-05-16T00:00:00+00:00
[2023-05-15 12:19:13,604] {processor.py:161} INFO - Processing /home/v/Documents/airflowalura/dags/meu_primeiro_dag.py took 0.089 seconds
[2023-05-15 12:19:49,504] {processor.py:153} INFO - Started process (PID=36084) to work on /home/v/Documents/airflowalura/dags/meu_primeiro_dag.py
[2023-05-15 12:19:49,505] {processor.py:641} INFO - Processing file /home/v/Documents/airflowalura/dags/meu_primeiro_dag.py for tasks to queue
[2023-05-15 12:19:49,505] {logging_mixin.py:115} INFO - [2023-05-15 12:19:49,505] {dagbag.py:507} INFO - Filling up the DagBag from /home/v/Documents/airflowalura/dags/meu_primeiro_dag.py
[2023-05-15 12:19:49,513] {processor.py:651} INFO - DAG(s) dict_keys(['meu_primeiro_dag']) retrieved from /home/v/Documents/airflowalura/dags/meu_primeiro_dag.py
[2023-05-15 12:19:49,529] {logging_mixin.py:115} INFO - [2023-05-15 12:19:49,528] {dag.py:2379} INFO - Sync 1 DAGs
[2023-05-15 12:19:49,549] {logging_mixin.py:115} INFO - [2023-05-15 12:19:49,549] {dag.py:2927} INFO - Setting next_dagrun for meu_primeiro_dag to 2023-05-15T00:00:00+00:00, run_after=2023-05-16T00:00:00+00:00
[2023-05-15 12:19:49,561] {processor.py:161} INFO - Processing /home/v/Documents/airflowalura/dags/meu_primeiro_dag.py took 0.060 seconds
[2023-05-15 12:20:30,622] {processor.py:153} INFO - Started process (PID=36294) to work on /home/v/Documents/airflowalura/dags/meu_primeiro_dag.py
[2023-05-15 12:20:30,623] {processor.py:641} INFO - Processing file /home/v/Documents/airflowalura/dags/meu_primeiro_dag.py for tasks to queue
[2023-05-15 12:20:30,624] {logging_mixin.py:115} INFO - [2023-05-15 12:20:30,623] {dagbag.py:507} INFO - Filling up the DagBag from /home/v/Documents/airflowalura/dags/meu_primeiro_dag.py
[2023-05-15 12:20:30,632] {processor.py:651} INFO - DAG(s) dict_keys(['meu_primeiro_dag']) retrieved from /home/v/Documents/airflowalura/dags/meu_primeiro_dag.py
[2023-05-15 12:20:30,647] {logging_mixin.py:115} INFO - [2023-05-15 12:20:30,647] {dag.py:2379} INFO - Sync 1 DAGs
[2023-05-15 12:20:30,668] {logging_mixin.py:115} INFO - [2023-05-15 12:20:30,668] {dag.py:2927} INFO - Setting next_dagrun for meu_primeiro_dag to 2023-05-15T00:00:00+00:00, run_after=2023-05-16T00:00:00+00:00
[2023-05-15 12:20:30,682] {processor.py:161} INFO - Processing /home/v/Documents/airflowalura/dags/meu_primeiro_dag.py took 0.062 seconds
[2023-05-15 12:21:07,962] {processor.py:153} INFO - Started process (PID=36463) to work on /home/v/Documents/airflowalura/dags/meu_primeiro_dag.py
[2023-05-15 12:21:07,963] {processor.py:641} INFO - Processing file /home/v/Documents/airflowalura/dags/meu_primeiro_dag.py for tasks to queue
[2023-05-15 12:21:07,964] {logging_mixin.py:115} INFO - [2023-05-15 12:21:07,963] {dagbag.py:507} INFO - Filling up the DagBag from /home/v/Documents/airflowalura/dags/meu_primeiro_dag.py
[2023-05-15 12:21:07,971] {processor.py:651} INFO - DAG(s) dict_keys(['meu_primeiro_dag']) retrieved from /home/v/Documents/airflowalura/dags/meu_primeiro_dag.py
[2023-05-15 12:21:07,987] {logging_mixin.py:115} INFO - [2023-05-15 12:21:07,987] {dag.py:2379} INFO - Sync 1 DAGs
[2023-05-15 12:21:08,008] {logging_mixin.py:115} INFO - [2023-05-15 12:21:08,008] {dag.py:2927} INFO - Setting next_dagrun for meu_primeiro_dag to 2023-05-15T00:00:00+00:00, run_after=2023-05-16T00:00:00+00:00
[2023-05-15 12:21:08,021] {processor.py:161} INFO - Processing /home/v/Documents/airflowalura/dags/meu_primeiro_dag.py took 0.061 seconds
[2023-05-15 12:21:48,531] {processor.py:153} INFO - Started process (PID=36726) to work on /home/v/Documents/airflowalura/dags/meu_primeiro_dag.py
[2023-05-15 12:21:48,531] {processor.py:641} INFO - Processing file /home/v/Documents/airflowalura/dags/meu_primeiro_dag.py for tasks to queue
[2023-05-15 12:21:48,532] {logging_mixin.py:115} INFO - [2023-05-15 12:21:48,532] {dagbag.py:507} INFO - Filling up the DagBag from /home/v/Documents/airflowalura/dags/meu_primeiro_dag.py
[2023-05-15 12:21:48,540] {processor.py:651} INFO - DAG(s) dict_keys(['meu_primeiro_dag']) retrieved from /home/v/Documents/airflowalura/dags/meu_primeiro_dag.py
[2023-05-15 12:21:48,555] {logging_mixin.py:115} INFO - [2023-05-15 12:21:48,555] {dag.py:2379} INFO - Sync 1 DAGs
[2023-05-15 12:21:48,575] {logging_mixin.py:115} INFO - [2023-05-15 12:21:48,575] {dag.py:2927} INFO - Setting next_dagrun for meu_primeiro_dag to 2023-05-15T00:00:00+00:00, run_after=2023-05-16T00:00:00+00:00
[2023-05-15 12:21:48,588] {processor.py:161} INFO - Processing /home/v/Documents/airflowalura/dags/meu_primeiro_dag.py took 0.061 seconds
[2023-05-15 12:22:27,496] {processor.py:153} INFO - Started process (PID=36971) to work on /home/v/Documents/airflowalura/dags/meu_primeiro_dag.py
[2023-05-15 12:22:27,497] {processor.py:641} INFO - Processing file /home/v/Documents/airflowalura/dags/meu_primeiro_dag.py for tasks to queue
[2023-05-15 12:22:27,497] {logging_mixin.py:115} INFO - [2023-05-15 12:22:27,497] {dagbag.py:507} INFO - Filling up the DagBag from /home/v/Documents/airflowalura/dags/meu_primeiro_dag.py
[2023-05-15 12:22:27,504] {processor.py:651} INFO - DAG(s) dict_keys(['meu_primeiro_dag']) retrieved from /home/v/Documents/airflowalura/dags/meu_primeiro_dag.py
[2023-05-15 12:22:27,520] {logging_mixin.py:115} INFO - [2023-05-15 12:22:27,520] {dag.py:2379} INFO - Sync 1 DAGs
[2023-05-15 12:22:27,540] {logging_mixin.py:115} INFO - [2023-05-15 12:22:27,540] {dag.py:2927} INFO - Setting next_dagrun for meu_primeiro_dag to 2023-05-15T00:00:00+00:00, run_after=2023-05-16T00:00:00+00:00
[2023-05-15 12:22:27,553] {processor.py:161} INFO - Processing /home/v/Documents/airflowalura/dags/meu_primeiro_dag.py took 0.060 seconds
[2023-05-15 12:23:03,590] {processor.py:153} INFO - Started process (PID=37150) to work on /home/v/Documents/airflowalura/dags/meu_primeiro_dag.py
[2023-05-15 12:23:03,594] {processor.py:641} INFO - Processing file /home/v/Documents/airflowalura/dags/meu_primeiro_dag.py for tasks to queue
[2023-05-15 12:23:03,594] {logging_mixin.py:115} INFO - [2023-05-15 12:23:03,594] {dagbag.py:507} INFO - Filling up the DagBag from /home/v/Documents/airflowalura/dags/meu_primeiro_dag.py
[2023-05-15 12:23:03,602] {processor.py:651} INFO - DAG(s) dict_keys(['meu_primeiro_dag']) retrieved from /home/v/Documents/airflowalura/dags/meu_primeiro_dag.py
[2023-05-15 12:23:03,618] {logging_mixin.py:115} INFO - [2023-05-15 12:23:03,618] {dag.py:2379} INFO - Sync 1 DAGs
[2023-05-15 12:23:03,639] {logging_mixin.py:115} INFO - [2023-05-15 12:23:03,639] {dag.py:2927} INFO - Setting next_dagrun for meu_primeiro_dag to 2023-05-15T00:00:00+00:00, run_after=2023-05-16T00:00:00+00:00
[2023-05-15 12:23:03,653] {processor.py:161} INFO - Processing /home/v/Documents/airflowalura/dags/meu_primeiro_dag.py took 0.066 seconds
[2023-05-15 12:23:40,080] {processor.py:153} INFO - Started process (PID=37334) to work on /home/v/Documents/airflowalura/dags/meu_primeiro_dag.py
[2023-05-15 12:23:40,081] {processor.py:641} INFO - Processing file /home/v/Documents/airflowalura/dags/meu_primeiro_dag.py for tasks to queue
[2023-05-15 12:23:40,081] {logging_mixin.py:115} INFO - [2023-05-15 12:23:40,081] {dagbag.py:507} INFO - Filling up the DagBag from /home/v/Documents/airflowalura/dags/meu_primeiro_dag.py
[2023-05-15 12:23:40,090] {processor.py:651} INFO - DAG(s) dict_keys(['meu_primeiro_dag']) retrieved from /home/v/Documents/airflowalura/dags/meu_primeiro_dag.py
[2023-05-15 12:23:40,105] {logging_mixin.py:115} INFO - [2023-05-15 12:23:40,105] {dag.py:2379} INFO - Sync 1 DAGs
[2023-05-15 12:23:40,126] {logging_mixin.py:115} INFO - [2023-05-15 12:23:40,126] {dag.py:2927} INFO - Setting next_dagrun for meu_primeiro_dag to 2023-05-15T00:00:00+00:00, run_after=2023-05-16T00:00:00+00:00
[2023-05-15 12:23:40,140] {processor.py:161} INFO - Processing /home/v/Documents/airflowalura/dags/meu_primeiro_dag.py took 0.063 seconds
[2023-05-15 12:24:19,017] {processor.py:153} INFO - Started process (PID=37494) to work on /home/v/Documents/airflowalura/dags/meu_primeiro_dag.py
[2023-05-15 12:24:19,018] {processor.py:641} INFO - Processing file /home/v/Documents/airflowalura/dags/meu_primeiro_dag.py for tasks to queue
[2023-05-15 12:24:19,019] {logging_mixin.py:115} INFO - [2023-05-15 12:24:19,019] {dagbag.py:507} INFO - Filling up the DagBag from /home/v/Documents/airflowalura/dags/meu_primeiro_dag.py
[2023-05-15 12:24:19,027] {processor.py:651} INFO - DAG(s) dict_keys(['meu_primeiro_dag']) retrieved from /home/v/Documents/airflowalura/dags/meu_primeiro_dag.py
[2023-05-15 12:24:19,046] {logging_mixin.py:115} INFO - [2023-05-15 12:24:19,045] {dag.py:2379} INFO - Sync 1 DAGs
[2023-05-15 12:24:19,066] {logging_mixin.py:115} INFO - [2023-05-15 12:24:19,066] {dag.py:2927} INFO - Setting next_dagrun for meu_primeiro_dag to 2023-05-15T00:00:00+00:00, run_after=2023-05-16T00:00:00+00:00
[2023-05-15 12:24:19,078] {processor.py:161} INFO - Processing /home/v/Documents/airflowalura/dags/meu_primeiro_dag.py took 0.063 seconds
[2023-05-15 12:24:57,020] {processor.py:153} INFO - Started process (PID=37698) to work on /home/v/Documents/airflowalura/dags/meu_primeiro_dag.py
[2023-05-15 12:24:57,022] {processor.py:641} INFO - Processing file /home/v/Documents/airflowalura/dags/meu_primeiro_dag.py for tasks to queue
[2023-05-15 12:24:57,022] {logging_mixin.py:115} INFO - [2023-05-15 12:24:57,022] {dagbag.py:507} INFO - Filling up the DagBag from /home/v/Documents/airflowalura/dags/meu_primeiro_dag.py
[2023-05-15 12:24:57,030] {processor.py:651} INFO - DAG(s) dict_keys(['meu_primeiro_dag']) retrieved from /home/v/Documents/airflowalura/dags/meu_primeiro_dag.py
[2023-05-15 12:24:57,046] {logging_mixin.py:115} INFO - [2023-05-15 12:24:57,046] {dag.py:2379} INFO - Sync 1 DAGs
[2023-05-15 12:24:57,066] {logging_mixin.py:115} INFO - [2023-05-15 12:24:57,066] {dag.py:2927} INFO - Setting next_dagrun for meu_primeiro_dag to 2023-05-15T00:00:00+00:00, run_after=2023-05-16T00:00:00+00:00
[2023-05-15 12:24:57,079] {processor.py:161} INFO - Processing /home/v/Documents/airflowalura/dags/meu_primeiro_dag.py took 0.062 seconds
[2023-05-15 12:25:35,316] {processor.py:153} INFO - Started process (PID=37873) to work on /home/v/Documents/airflowalura/dags/meu_primeiro_dag.py
[2023-05-15 12:25:35,317] {processor.py:641} INFO - Processing file /home/v/Documents/airflowalura/dags/meu_primeiro_dag.py for tasks to queue
[2023-05-15 12:25:35,317] {logging_mixin.py:115} INFO - [2023-05-15 12:25:35,317] {dagbag.py:507} INFO - Filling up the DagBag from /home/v/Documents/airflowalura/dags/meu_primeiro_dag.py
[2023-05-15 12:25:35,325] {processor.py:651} INFO - DAG(s) dict_keys(['meu_primeiro_dag']) retrieved from /home/v/Documents/airflowalura/dags/meu_primeiro_dag.py
[2023-05-15 12:25:35,340] {logging_mixin.py:115} INFO - [2023-05-15 12:25:35,340] {dag.py:2379} INFO - Sync 1 DAGs
[2023-05-15 12:25:35,361] {logging_mixin.py:115} INFO - [2023-05-15 12:25:35,361] {dag.py:2927} INFO - Setting next_dagrun for meu_primeiro_dag to 2023-05-15T00:00:00+00:00, run_after=2023-05-16T00:00:00+00:00
[2023-05-15 12:25:35,375] {processor.py:161} INFO - Processing /home/v/Documents/airflowalura/dags/meu_primeiro_dag.py took 0.062 seconds
[2023-05-15 12:26:10,257] {processor.py:153} INFO - Started process (PID=38075) to work on /home/v/Documents/airflowalura/dags/meu_primeiro_dag.py
[2023-05-15 12:26:10,257] {processor.py:641} INFO - Processing file /home/v/Documents/airflowalura/dags/meu_primeiro_dag.py for tasks to queue
[2023-05-15 12:26:10,258] {logging_mixin.py:115} INFO - [2023-05-15 12:26:10,258] {dagbag.py:507} INFO - Filling up the DagBag from /home/v/Documents/airflowalura/dags/meu_primeiro_dag.py
[2023-05-15 12:26:10,266] {processor.py:651} INFO - DAG(s) dict_keys(['meu_primeiro_dag']) retrieved from /home/v/Documents/airflowalura/dags/meu_primeiro_dag.py
[2023-05-15 12:26:10,283] {logging_mixin.py:115} INFO - [2023-05-15 12:26:10,282] {dag.py:2379} INFO - Sync 1 DAGs
[2023-05-15 12:26:10,303] {logging_mixin.py:115} INFO - [2023-05-15 12:26:10,303] {dag.py:2927} INFO - Setting next_dagrun for meu_primeiro_dag to 2023-05-15T00:00:00+00:00, run_after=2023-05-16T00:00:00+00:00
[2023-05-15 12:26:10,316] {processor.py:161} INFO - Processing /home/v/Documents/airflowalura/dags/meu_primeiro_dag.py took 0.063 seconds
[2023-05-15 12:26:47,372] {processor.py:153} INFO - Started process (PID=38235) to work on /home/v/Documents/airflowalura/dags/meu_primeiro_dag.py
[2023-05-15 12:26:47,373] {processor.py:641} INFO - Processing file /home/v/Documents/airflowalura/dags/meu_primeiro_dag.py for tasks to queue
[2023-05-15 12:26:47,373] {logging_mixin.py:115} INFO - [2023-05-15 12:26:47,373] {dagbag.py:507} INFO - Filling up the DagBag from /home/v/Documents/airflowalura/dags/meu_primeiro_dag.py
[2023-05-15 12:26:47,381] {processor.py:651} INFO - DAG(s) dict_keys(['meu_primeiro_dag']) retrieved from /home/v/Documents/airflowalura/dags/meu_primeiro_dag.py
[2023-05-15 12:26:47,397] {logging_mixin.py:115} INFO - [2023-05-15 12:26:47,397] {dag.py:2379} INFO - Sync 1 DAGs
[2023-05-15 12:26:47,418] {logging_mixin.py:115} INFO - [2023-05-15 12:26:47,418] {dag.py:2927} INFO - Setting next_dagrun for meu_primeiro_dag to 2023-05-15T00:00:00+00:00, run_after=2023-05-16T00:00:00+00:00
[2023-05-15 12:26:47,431] {processor.py:161} INFO - Processing /home/v/Documents/airflowalura/dags/meu_primeiro_dag.py took 0.062 seconds
[2023-05-15 12:27:22,308] {processor.py:153} INFO - Started process (PID=38477) to work on /home/v/Documents/airflowalura/dags/meu_primeiro_dag.py
[2023-05-15 12:27:22,309] {processor.py:641} INFO - Processing file /home/v/Documents/airflowalura/dags/meu_primeiro_dag.py for tasks to queue
[2023-05-15 12:27:22,309] {logging_mixin.py:115} INFO - [2023-05-15 12:27:22,309] {dagbag.py:507} INFO - Filling up the DagBag from /home/v/Documents/airflowalura/dags/meu_primeiro_dag.py
[2023-05-15 12:27:22,317] {processor.py:651} INFO - DAG(s) dict_keys(['meu_primeiro_dag']) retrieved from /home/v/Documents/airflowalura/dags/meu_primeiro_dag.py
[2023-05-15 12:27:22,333] {logging_mixin.py:115} INFO - [2023-05-15 12:27:22,332] {dag.py:2379} INFO - Sync 1 DAGs
[2023-05-15 12:27:22,353] {logging_mixin.py:115} INFO - [2023-05-15 12:27:22,353] {dag.py:2927} INFO - Setting next_dagrun for meu_primeiro_dag to 2023-05-15T00:00:00+00:00, run_after=2023-05-16T00:00:00+00:00
[2023-05-15 12:27:22,365] {processor.py:161} INFO - Processing /home/v/Documents/airflowalura/dags/meu_primeiro_dag.py took 0.060 seconds
[2023-05-15 12:28:01,790] {processor.py:153} INFO - Started process (PID=38682) to work on /home/v/Documents/airflowalura/dags/meu_primeiro_dag.py
[2023-05-15 12:28:01,791] {processor.py:641} INFO - Processing file /home/v/Documents/airflowalura/dags/meu_primeiro_dag.py for tasks to queue
[2023-05-15 12:28:01,792] {logging_mixin.py:115} INFO - [2023-05-15 12:28:01,792] {dagbag.py:507} INFO - Filling up the DagBag from /home/v/Documents/airflowalura/dags/meu_primeiro_dag.py
[2023-05-15 12:28:01,799] {processor.py:651} INFO - DAG(s) dict_keys(['meu_primeiro_dag']) retrieved from /home/v/Documents/airflowalura/dags/meu_primeiro_dag.py
[2023-05-15 12:28:01,815] {logging_mixin.py:115} INFO - [2023-05-15 12:28:01,814] {dag.py:2379} INFO - Sync 1 DAGs
[2023-05-15 12:28:01,834] {logging_mixin.py:115} INFO - [2023-05-15 12:28:01,834] {dag.py:2927} INFO - Setting next_dagrun for meu_primeiro_dag to 2023-05-15T00:00:00+00:00, run_after=2023-05-16T00:00:00+00:00
[2023-05-15 12:28:01,846] {processor.py:161} INFO - Processing /home/v/Documents/airflowalura/dags/meu_primeiro_dag.py took 0.059 seconds
[2023-05-15 12:28:38,703] {processor.py:153} INFO - Started process (PID=38913) to work on /home/v/Documents/airflowalura/dags/meu_primeiro_dag.py
[2023-05-15 12:28:38,704] {processor.py:641} INFO - Processing file /home/v/Documents/airflowalura/dags/meu_primeiro_dag.py for tasks to queue
[2023-05-15 12:28:38,704] {logging_mixin.py:115} INFO - [2023-05-15 12:28:38,704] {dagbag.py:507} INFO - Filling up the DagBag from /home/v/Documents/airflowalura/dags/meu_primeiro_dag.py
[2023-05-15 12:28:38,714] {processor.py:651} INFO - DAG(s) dict_keys(['meu_primeiro_dag']) retrieved from /home/v/Documents/airflowalura/dags/meu_primeiro_dag.py
[2023-05-15 12:28:38,734] {logging_mixin.py:115} INFO - [2023-05-15 12:28:38,734] {dag.py:2379} INFO - Sync 1 DAGs
[2023-05-15 12:28:38,752] {logging_mixin.py:115} INFO - [2023-05-15 12:28:38,752] {dag.py:2927} INFO - Setting next_dagrun for meu_primeiro_dag to 2023-05-15T00:00:00+00:00, run_after=2023-05-16T00:00:00+00:00
[2023-05-15 12:28:38,765] {processor.py:161} INFO - Processing /home/v/Documents/airflowalura/dags/meu_primeiro_dag.py took 0.065 seconds
[2023-05-15 12:29:16,867] {processor.py:153} INFO - Started process (PID=39078) to work on /home/v/Documents/airflowalura/dags/meu_primeiro_dag.py
[2023-05-15 12:29:16,868] {processor.py:641} INFO - Processing file /home/v/Documents/airflowalura/dags/meu_primeiro_dag.py for tasks to queue
[2023-05-15 12:29:16,868] {logging_mixin.py:115} INFO - [2023-05-15 12:29:16,868] {dagbag.py:507} INFO - Filling up the DagBag from /home/v/Documents/airflowalura/dags/meu_primeiro_dag.py
[2023-05-15 12:29:16,877] {processor.py:651} INFO - DAG(s) dict_keys(['meu_primeiro_dag']) retrieved from /home/v/Documents/airflowalura/dags/meu_primeiro_dag.py
[2023-05-15 12:29:16,895] {logging_mixin.py:115} INFO - [2023-05-15 12:29:16,895] {dag.py:2379} INFO - Sync 1 DAGs
[2023-05-15 12:29:16,912] {logging_mixin.py:115} INFO - [2023-05-15 12:29:16,912] {dag.py:2927} INFO - Setting next_dagrun for meu_primeiro_dag to 2023-05-15T00:00:00+00:00, run_after=2023-05-16T00:00:00+00:00
[2023-05-15 12:29:16,925] {processor.py:161} INFO - Processing /home/v/Documents/airflowalura/dags/meu_primeiro_dag.py took 0.061 seconds
[2023-05-15 12:29:56,103] {processor.py:153} INFO - Started process (PID=39260) to work on /home/v/Documents/airflowalura/dags/meu_primeiro_dag.py
[2023-05-15 12:29:56,126] {processor.py:641} INFO - Processing file /home/v/Documents/airflowalura/dags/meu_primeiro_dag.py for tasks to queue
[2023-05-15 12:29:56,126] {logging_mixin.py:115} INFO - [2023-05-15 12:29:56,126] {dagbag.py:507} INFO - Filling up the DagBag from /home/v/Documents/airflowalura/dags/meu_primeiro_dag.py
[2023-05-15 12:29:56,135] {processor.py:651} INFO - DAG(s) dict_keys(['meu_primeiro_dag']) retrieved from /home/v/Documents/airflowalura/dags/meu_primeiro_dag.py
[2023-05-15 12:29:56,154] {logging_mixin.py:115} INFO - [2023-05-15 12:29:56,154] {dag.py:2379} INFO - Sync 1 DAGs
[2023-05-15 12:29:56,172] {logging_mixin.py:115} INFO - [2023-05-15 12:29:56,172] {dag.py:2927} INFO - Setting next_dagrun for meu_primeiro_dag to 2023-05-15T00:00:00+00:00, run_after=2023-05-16T00:00:00+00:00
[2023-05-15 12:29:56,186] {processor.py:161} INFO - Processing /home/v/Documents/airflowalura/dags/meu_primeiro_dag.py took 0.085 seconds
[2023-05-15 12:30:35,455] {processor.py:153} INFO - Started process (PID=39418) to work on /home/v/Documents/airflowalura/dags/meu_primeiro_dag.py
[2023-05-15 12:30:35,456] {processor.py:641} INFO - Processing file /home/v/Documents/airflowalura/dags/meu_primeiro_dag.py for tasks to queue
[2023-05-15 12:30:35,456] {logging_mixin.py:115} INFO - [2023-05-15 12:30:35,456] {dagbag.py:507} INFO - Filling up the DagBag from /home/v/Documents/airflowalura/dags/meu_primeiro_dag.py
[2023-05-15 12:30:35,465] {processor.py:651} INFO - DAG(s) dict_keys(['meu_primeiro_dag']) retrieved from /home/v/Documents/airflowalura/dags/meu_primeiro_dag.py
[2023-05-15 12:30:35,483] {logging_mixin.py:115} INFO - [2023-05-15 12:30:35,483] {dag.py:2379} INFO - Sync 1 DAGs
[2023-05-15 12:30:35,501] {logging_mixin.py:115} INFO - [2023-05-15 12:30:35,501] {dag.py:2927} INFO - Setting next_dagrun for meu_primeiro_dag to 2023-05-15T00:00:00+00:00, run_after=2023-05-16T00:00:00+00:00
[2023-05-15 12:30:35,515] {processor.py:161} INFO - Processing /home/v/Documents/airflowalura/dags/meu_primeiro_dag.py took 0.063 seconds
[2023-05-15 12:31:17,207] {processor.py:153} INFO - Started process (PID=39585) to work on /home/v/Documents/airflowalura/dags/meu_primeiro_dag.py
[2023-05-15 12:31:17,216] {processor.py:641} INFO - Processing file /home/v/Documents/airflowalura/dags/meu_primeiro_dag.py for tasks to queue
[2023-05-15 12:31:17,217] {logging_mixin.py:115} INFO - [2023-05-15 12:31:17,217] {dagbag.py:507} INFO - Filling up the DagBag from /home/v/Documents/airflowalura/dags/meu_primeiro_dag.py
[2023-05-15 12:31:17,225] {processor.py:651} INFO - DAG(s) dict_keys(['meu_primeiro_dag']) retrieved from /home/v/Documents/airflowalura/dags/meu_primeiro_dag.py
[2023-05-15 12:31:17,243] {logging_mixin.py:115} INFO - [2023-05-15 12:31:17,243] {dag.py:2379} INFO - Sync 1 DAGs
[2023-05-15 12:31:17,261] {logging_mixin.py:115} INFO - [2023-05-15 12:31:17,260] {dag.py:2927} INFO - Setting next_dagrun for meu_primeiro_dag to 2023-05-15T00:00:00+00:00, run_after=2023-05-16T00:00:00+00:00
[2023-05-15 12:31:17,274] {processor.py:161} INFO - Processing /home/v/Documents/airflowalura/dags/meu_primeiro_dag.py took 0.070 seconds
[2023-05-15 12:31:55,080] {processor.py:153} INFO - Started process (PID=39720) to work on /home/v/Documents/airflowalura/dags/meu_primeiro_dag.py
[2023-05-15 12:31:55,094] {processor.py:641} INFO - Processing file /home/v/Documents/airflowalura/dags/meu_primeiro_dag.py for tasks to queue
[2023-05-15 12:31:55,095] {logging_mixin.py:115} INFO - [2023-05-15 12:31:55,094] {dagbag.py:507} INFO - Filling up the DagBag from /home/v/Documents/airflowalura/dags/meu_primeiro_dag.py
[2023-05-15 12:31:55,103] {processor.py:651} INFO - DAG(s) dict_keys(['meu_primeiro_dag']) retrieved from /home/v/Documents/airflowalura/dags/meu_primeiro_dag.py
[2023-05-15 12:31:55,122] {logging_mixin.py:115} INFO - [2023-05-15 12:31:55,122] {dag.py:2379} INFO - Sync 1 DAGs
[2023-05-15 12:31:55,140] {logging_mixin.py:115} INFO - [2023-05-15 12:31:55,140] {dag.py:2927} INFO - Setting next_dagrun for meu_primeiro_dag to 2023-05-15T00:00:00+00:00, run_after=2023-05-16T00:00:00+00:00
[2023-05-15 12:31:55,153] {processor.py:161} INFO - Processing /home/v/Documents/airflowalura/dags/meu_primeiro_dag.py took 0.076 seconds
[2023-05-15 12:32:31,223] {processor.py:153} INFO - Started process (PID=39921) to work on /home/v/Documents/airflowalura/dags/meu_primeiro_dag.py
[2023-05-15 12:32:31,224] {processor.py:641} INFO - Processing file /home/v/Documents/airflowalura/dags/meu_primeiro_dag.py for tasks to queue
[2023-05-15 12:32:31,224] {logging_mixin.py:115} INFO - [2023-05-15 12:32:31,224] {dagbag.py:507} INFO - Filling up the DagBag from /home/v/Documents/airflowalura/dags/meu_primeiro_dag.py
[2023-05-15 12:32:31,232] {processor.py:651} INFO - DAG(s) dict_keys(['meu_primeiro_dag']) retrieved from /home/v/Documents/airflowalura/dags/meu_primeiro_dag.py
[2023-05-15 12:32:31,249] {logging_mixin.py:115} INFO - [2023-05-15 12:32:31,249] {dag.py:2379} INFO - Sync 1 DAGs
[2023-05-15 12:32:31,266] {logging_mixin.py:115} INFO - [2023-05-15 12:32:31,266] {dag.py:2927} INFO - Setting next_dagrun for meu_primeiro_dag to 2023-05-15T00:00:00+00:00, run_after=2023-05-16T00:00:00+00:00
[2023-05-15 12:32:31,279] {processor.py:161} INFO - Processing /home/v/Documents/airflowalura/dags/meu_primeiro_dag.py took 0.060 seconds
[2023-05-15 12:33:10,111] {processor.py:153} INFO - Started process (PID=40073) to work on /home/v/Documents/airflowalura/dags/meu_primeiro_dag.py
[2023-05-15 12:33:10,112] {processor.py:641} INFO - Processing file /home/v/Documents/airflowalura/dags/meu_primeiro_dag.py for tasks to queue
[2023-05-15 12:33:10,113] {logging_mixin.py:115} INFO - [2023-05-15 12:33:10,113] {dagbag.py:507} INFO - Filling up the DagBag from /home/v/Documents/airflowalura/dags/meu_primeiro_dag.py
[2023-05-15 12:33:10,121] {processor.py:651} INFO - DAG(s) dict_keys(['meu_primeiro_dag']) retrieved from /home/v/Documents/airflowalura/dags/meu_primeiro_dag.py
[2023-05-15 12:33:10,139] {logging_mixin.py:115} INFO - [2023-05-15 12:33:10,139] {dag.py:2379} INFO - Sync 1 DAGs
[2023-05-15 12:33:10,157] {logging_mixin.py:115} INFO - [2023-05-15 12:33:10,157] {dag.py:2927} INFO - Setting next_dagrun for meu_primeiro_dag to 2023-05-15T00:00:00+00:00, run_after=2023-05-16T00:00:00+00:00
[2023-05-15 12:33:10,170] {processor.py:161} INFO - Processing /home/v/Documents/airflowalura/dags/meu_primeiro_dag.py took 0.062 seconds
[2023-05-15 12:33:48,999] {processor.py:153} INFO - Started process (PID=40303) to work on /home/v/Documents/airflowalura/dags/meu_primeiro_dag.py
[2023-05-15 12:33:49,000] {processor.py:641} INFO - Processing file /home/v/Documents/airflowalura/dags/meu_primeiro_dag.py for tasks to queue
[2023-05-15 12:33:49,001] {logging_mixin.py:115} INFO - [2023-05-15 12:33:49,001] {dagbag.py:507} INFO - Filling up the DagBag from /home/v/Documents/airflowalura/dags/meu_primeiro_dag.py
[2023-05-15 12:33:49,009] {processor.py:651} INFO - DAG(s) dict_keys(['meu_primeiro_dag']) retrieved from /home/v/Documents/airflowalura/dags/meu_primeiro_dag.py
[2023-05-15 12:33:49,027] {logging_mixin.py:115} INFO - [2023-05-15 12:33:49,027] {dag.py:2379} INFO - Sync 1 DAGs
[2023-05-15 12:33:49,045] {logging_mixin.py:115} INFO - [2023-05-15 12:33:49,045] {dag.py:2927} INFO - Setting next_dagrun for meu_primeiro_dag to 2023-05-15T00:00:00+00:00, run_after=2023-05-16T00:00:00+00:00
[2023-05-15 12:33:49,058] {processor.py:161} INFO - Processing /home/v/Documents/airflowalura/dags/meu_primeiro_dag.py took 0.062 seconds
[2023-05-15 12:34:28,771] {processor.py:153} INFO - Started process (PID=40478) to work on /home/v/Documents/airflowalura/dags/meu_primeiro_dag.py
[2023-05-15 12:34:28,772] {processor.py:641} INFO - Processing file /home/v/Documents/airflowalura/dags/meu_primeiro_dag.py for tasks to queue
[2023-05-15 12:34:28,772] {logging_mixin.py:115} INFO - [2023-05-15 12:34:28,772] {dagbag.py:507} INFO - Filling up the DagBag from /home/v/Documents/airflowalura/dags/meu_primeiro_dag.py
[2023-05-15 12:34:28,781] {processor.py:651} INFO - DAG(s) dict_keys(['meu_primeiro_dag']) retrieved from /home/v/Documents/airflowalura/dags/meu_primeiro_dag.py
[2023-05-15 12:34:28,798] {logging_mixin.py:115} INFO - [2023-05-15 12:34:28,798] {dag.py:2379} INFO - Sync 1 DAGs
[2023-05-15 12:34:28,816] {logging_mixin.py:115} INFO - [2023-05-15 12:34:28,816] {dag.py:2927} INFO - Setting next_dagrun for meu_primeiro_dag to 2023-05-15T00:00:00+00:00, run_after=2023-05-16T00:00:00+00:00
[2023-05-15 12:34:28,830] {processor.py:161} INFO - Processing /home/v/Documents/airflowalura/dags/meu_primeiro_dag.py took 0.062 seconds
[2023-05-15 12:35:09,302] {processor.py:153} INFO - Started process (PID=40680) to work on /home/v/Documents/airflowalura/dags/meu_primeiro_dag.py
[2023-05-15 12:35:09,313] {processor.py:641} INFO - Processing file /home/v/Documents/airflowalura/dags/meu_primeiro_dag.py for tasks to queue
[2023-05-15 12:35:09,314] {logging_mixin.py:115} INFO - [2023-05-15 12:35:09,314] {dagbag.py:507} INFO - Filling up the DagBag from /home/v/Documents/airflowalura/dags/meu_primeiro_dag.py
[2023-05-15 12:35:09,321] {processor.py:651} INFO - DAG(s) dict_keys(['meu_primeiro_dag']) retrieved from /home/v/Documents/airflowalura/dags/meu_primeiro_dag.py
[2023-05-15 12:35:09,339] {logging_mixin.py:115} INFO - [2023-05-15 12:35:09,339] {dag.py:2379} INFO - Sync 1 DAGs
[2023-05-15 12:35:09,357] {logging_mixin.py:115} INFO - [2023-05-15 12:35:09,357] {dag.py:2927} INFO - Setting next_dagrun for meu_primeiro_dag to 2023-05-15T00:00:00+00:00, run_after=2023-05-16T00:00:00+00:00
[2023-05-15 12:35:09,371] {processor.py:161} INFO - Processing /home/v/Documents/airflowalura/dags/meu_primeiro_dag.py took 0.072 seconds
[2023-05-15 12:35:45,670] {processor.py:153} INFO - Started process (PID=40864) to work on /home/v/Documents/airflowalura/dags/meu_primeiro_dag.py
[2023-05-15 12:35:45,671] {processor.py:641} INFO - Processing file /home/v/Documents/airflowalura/dags/meu_primeiro_dag.py for tasks to queue
[2023-05-15 12:35:45,671] {logging_mixin.py:115} INFO - [2023-05-15 12:35:45,671] {dagbag.py:507} INFO - Filling up the DagBag from /home/v/Documents/airflowalura/dags/meu_primeiro_dag.py
[2023-05-15 12:35:45,680] {processor.py:651} INFO - DAG(s) dict_keys(['meu_primeiro_dag']) retrieved from /home/v/Documents/airflowalura/dags/meu_primeiro_dag.py
[2023-05-15 12:35:45,698] {logging_mixin.py:115} INFO - [2023-05-15 12:35:45,698] {dag.py:2379} INFO - Sync 1 DAGs
[2023-05-15 12:35:45,717] {logging_mixin.py:115} INFO - [2023-05-15 12:35:45,717] {dag.py:2927} INFO - Setting next_dagrun for meu_primeiro_dag to 2023-05-15T00:00:00+00:00, run_after=2023-05-16T00:00:00+00:00
[2023-05-15 12:35:45,733] {processor.py:161} INFO - Processing /home/v/Documents/airflowalura/dags/meu_primeiro_dag.py took 0.065 seconds
[2023-05-15 12:36:24,693] {processor.py:153} INFO - Started process (PID=41072) to work on /home/v/Documents/airflowalura/dags/meu_primeiro_dag.py
[2023-05-15 12:36:24,693] {processor.py:641} INFO - Processing file /home/v/Documents/airflowalura/dags/meu_primeiro_dag.py for tasks to queue
[2023-05-15 12:36:24,694] {logging_mixin.py:115} INFO - [2023-05-15 12:36:24,694] {dagbag.py:507} INFO - Filling up the DagBag from /home/v/Documents/airflowalura/dags/meu_primeiro_dag.py
[2023-05-15 12:36:24,702] {processor.py:651} INFO - DAG(s) dict_keys(['meu_primeiro_dag']) retrieved from /home/v/Documents/airflowalura/dags/meu_primeiro_dag.py
[2023-05-15 12:36:24,719] {logging_mixin.py:115} INFO - [2023-05-15 12:36:24,719] {dag.py:2379} INFO - Sync 1 DAGs
[2023-05-15 12:36:24,737] {logging_mixin.py:115} INFO - [2023-05-15 12:36:24,737] {dag.py:2927} INFO - Setting next_dagrun for meu_primeiro_dag to 2023-05-15T00:00:00+00:00, run_after=2023-05-16T00:00:00+00:00
[2023-05-15 12:36:24,751] {processor.py:161} INFO - Processing /home/v/Documents/airflowalura/dags/meu_primeiro_dag.py took 0.061 seconds
[2023-05-15 12:37:00,260] {processor.py:153} INFO - Started process (PID=41501) to work on /home/v/Documents/airflowalura/dags/meu_primeiro_dag.py
[2023-05-15 12:37:00,261] {processor.py:641} INFO - Processing file /home/v/Documents/airflowalura/dags/meu_primeiro_dag.py for tasks to queue
[2023-05-15 12:37:00,261] {logging_mixin.py:115} INFO - [2023-05-15 12:37:00,261] {dagbag.py:507} INFO - Filling up the DagBag from /home/v/Documents/airflowalura/dags/meu_primeiro_dag.py
[2023-05-15 12:37:00,269] {processor.py:651} INFO - DAG(s) dict_keys(['meu_primeiro_dag']) retrieved from /home/v/Documents/airflowalura/dags/meu_primeiro_dag.py
[2023-05-15 12:37:00,287] {logging_mixin.py:115} INFO - [2023-05-15 12:37:00,287] {dag.py:2379} INFO - Sync 1 DAGs
[2023-05-15 12:37:00,305] {logging_mixin.py:115} INFO - [2023-05-15 12:37:00,305] {dag.py:2927} INFO - Setting next_dagrun for meu_primeiro_dag to 2023-05-15T00:00:00+00:00, run_after=2023-05-16T00:00:00+00:00
[2023-05-15 12:37:00,318] {processor.py:161} INFO - Processing /home/v/Documents/airflowalura/dags/meu_primeiro_dag.py took 0.061 seconds
[2023-05-15 12:37:40,074] {processor.py:153} INFO - Started process (PID=41890) to work on /home/v/Documents/airflowalura/dags/meu_primeiro_dag.py
[2023-05-15 12:37:40,075] {processor.py:641} INFO - Processing file /home/v/Documents/airflowalura/dags/meu_primeiro_dag.py for tasks to queue
[2023-05-15 12:37:40,076] {logging_mixin.py:115} INFO - [2023-05-15 12:37:40,076] {dagbag.py:507} INFO - Filling up the DagBag from /home/v/Documents/airflowalura/dags/meu_primeiro_dag.py
[2023-05-15 12:37:40,083] {processor.py:651} INFO - DAG(s) dict_keys(['meu_primeiro_dag']) retrieved from /home/v/Documents/airflowalura/dags/meu_primeiro_dag.py
[2023-05-15 12:37:40,101] {logging_mixin.py:115} INFO - [2023-05-15 12:37:40,101] {dag.py:2379} INFO - Sync 1 DAGs
[2023-05-15 12:37:40,119] {logging_mixin.py:115} INFO - [2023-05-15 12:37:40,119] {dag.py:2927} INFO - Setting next_dagrun for meu_primeiro_dag to 2023-05-15T00:00:00+00:00, run_after=2023-05-16T00:00:00+00:00
[2023-05-15 12:37:40,133] {processor.py:161} INFO - Processing /home/v/Documents/airflowalura/dags/meu_primeiro_dag.py took 0.062 seconds
[2023-05-15 12:38:16,027] {processor.py:153} INFO - Started process (PID=42187) to work on /home/v/Documents/airflowalura/dags/meu_primeiro_dag.py
[2023-05-15 12:38:16,028] {processor.py:641} INFO - Processing file /home/v/Documents/airflowalura/dags/meu_primeiro_dag.py for tasks to queue
[2023-05-15 12:38:16,028] {logging_mixin.py:115} INFO - [2023-05-15 12:38:16,028] {dagbag.py:507} INFO - Filling up the DagBag from /home/v/Documents/airflowalura/dags/meu_primeiro_dag.py
[2023-05-15 12:38:16,037] {processor.py:651} INFO - DAG(s) dict_keys(['meu_primeiro_dag']) retrieved from /home/v/Documents/airflowalura/dags/meu_primeiro_dag.py
[2023-05-15 12:38:16,056] {logging_mixin.py:115} INFO - [2023-05-15 12:38:16,055] {dag.py:2379} INFO - Sync 1 DAGs
[2023-05-15 12:38:16,075] {logging_mixin.py:115} INFO - [2023-05-15 12:38:16,075] {dag.py:2927} INFO - Setting next_dagrun for meu_primeiro_dag to 2023-05-15T00:00:00+00:00, run_after=2023-05-16T00:00:00+00:00
[2023-05-15 12:38:16,089] {processor.py:161} INFO - Processing /home/v/Documents/airflowalura/dags/meu_primeiro_dag.py took 0.065 seconds
[2023-05-15 12:38:54,135] {processor.py:153} INFO - Started process (PID=42399) to work on /home/v/Documents/airflowalura/dags/meu_primeiro_dag.py
[2023-05-15 12:38:54,136] {processor.py:641} INFO - Processing file /home/v/Documents/airflowalura/dags/meu_primeiro_dag.py for tasks to queue
[2023-05-15 12:38:54,136] {logging_mixin.py:115} INFO - [2023-05-15 12:38:54,136] {dagbag.py:507} INFO - Filling up the DagBag from /home/v/Documents/airflowalura/dags/meu_primeiro_dag.py
[2023-05-15 12:38:54,148] {processor.py:651} INFO - DAG(s) dict_keys(['meu_primeiro_dag']) retrieved from /home/v/Documents/airflowalura/dags/meu_primeiro_dag.py
[2023-05-15 12:38:54,163] {logging_mixin.py:115} INFO - [2023-05-15 12:38:54,163] {dag.py:2379} INFO - Sync 1 DAGs
[2023-05-15 12:38:54,181] {logging_mixin.py:115} INFO - [2023-05-15 12:38:54,181] {dag.py:2927} INFO - Setting next_dagrun for meu_primeiro_dag to 2023-05-15T00:00:00+00:00, run_after=2023-05-16T00:00:00+00:00
[2023-05-15 12:38:54,194] {processor.py:161} INFO - Processing /home/v/Documents/airflowalura/dags/meu_primeiro_dag.py took 0.062 seconds
[2023-05-15 12:39:31,548] {processor.py:153} INFO - Started process (PID=42587) to work on /home/v/Documents/airflowalura/dags/meu_primeiro_dag.py
[2023-05-15 12:39:31,549] {processor.py:641} INFO - Processing file /home/v/Documents/airflowalura/dags/meu_primeiro_dag.py for tasks to queue
[2023-05-15 12:39:31,550] {logging_mixin.py:115} INFO - [2023-05-15 12:39:31,550] {dagbag.py:507} INFO - Filling up the DagBag from /home/v/Documents/airflowalura/dags/meu_primeiro_dag.py
[2023-05-15 12:39:31,561] {processor.py:651} INFO - DAG(s) dict_keys(['meu_primeiro_dag']) retrieved from /home/v/Documents/airflowalura/dags/meu_primeiro_dag.py
[2023-05-15 12:39:31,576] {logging_mixin.py:115} INFO - [2023-05-15 12:39:31,576] {dag.py:2379} INFO - Sync 1 DAGs
[2023-05-15 12:39:31,594] {logging_mixin.py:115} INFO - [2023-05-15 12:39:31,594] {dag.py:2927} INFO - Setting next_dagrun for meu_primeiro_dag to 2023-05-15T00:00:00+00:00, run_after=2023-05-16T00:00:00+00:00
[2023-05-15 12:39:31,606] {processor.py:161} INFO - Processing /home/v/Documents/airflowalura/dags/meu_primeiro_dag.py took 0.061 seconds
[2023-05-15 12:40:08,311] {processor.py:153} INFO - Started process (PID=42794) to work on /home/v/Documents/airflowalura/dags/meu_primeiro_dag.py
[2023-05-15 12:40:08,312] {processor.py:641} INFO - Processing file /home/v/Documents/airflowalura/dags/meu_primeiro_dag.py for tasks to queue
[2023-05-15 12:40:08,312] {logging_mixin.py:115} INFO - [2023-05-15 12:40:08,312] {dagbag.py:507} INFO - Filling up the DagBag from /home/v/Documents/airflowalura/dags/meu_primeiro_dag.py
[2023-05-15 12:40:08,324] {processor.py:651} INFO - DAG(s) dict_keys(['meu_primeiro_dag']) retrieved from /home/v/Documents/airflowalura/dags/meu_primeiro_dag.py
[2023-05-15 12:40:08,339] {logging_mixin.py:115} INFO - [2023-05-15 12:40:08,339] {dag.py:2379} INFO - Sync 1 DAGs
[2023-05-15 12:40:08,357] {logging_mixin.py:115} INFO - [2023-05-15 12:40:08,357] {dag.py:2927} INFO - Setting next_dagrun for meu_primeiro_dag to 2023-05-15T00:00:00+00:00, run_after=2023-05-16T00:00:00+00:00
[2023-05-15 12:40:08,370] {processor.py:161} INFO - Processing /home/v/Documents/airflowalura/dags/meu_primeiro_dag.py took 0.062 seconds
[2023-05-15 12:40:48,352] {processor.py:153} INFO - Started process (PID=42988) to work on /home/v/Documents/airflowalura/dags/meu_primeiro_dag.py
[2023-05-15 12:40:48,353] {processor.py:641} INFO - Processing file /home/v/Documents/airflowalura/dags/meu_primeiro_dag.py for tasks to queue
[2023-05-15 12:40:48,354] {logging_mixin.py:115} INFO - [2023-05-15 12:40:48,354] {dagbag.py:507} INFO - Filling up the DagBag from /home/v/Documents/airflowalura/dags/meu_primeiro_dag.py
[2023-05-15 12:40:48,365] {processor.py:651} INFO - DAG(s) dict_keys(['meu_primeiro_dag']) retrieved from /home/v/Documents/airflowalura/dags/meu_primeiro_dag.py
[2023-05-15 12:40:48,380] {logging_mixin.py:115} INFO - [2023-05-15 12:40:48,380] {dag.py:2379} INFO - Sync 1 DAGs
[2023-05-15 12:40:48,398] {logging_mixin.py:115} INFO - [2023-05-15 12:40:48,398] {dag.py:2927} INFO - Setting next_dagrun for meu_primeiro_dag to 2023-05-15T00:00:00+00:00, run_after=2023-05-16T00:00:00+00:00
[2023-05-15 12:40:48,411] {processor.py:161} INFO - Processing /home/v/Documents/airflowalura/dags/meu_primeiro_dag.py took 0.062 seconds
[2023-05-15 12:41:25,073] {processor.py:153} INFO - Started process (PID=43136) to work on /home/v/Documents/airflowalura/dags/meu_primeiro_dag.py
[2023-05-15 12:41:25,093] {processor.py:641} INFO - Processing file /home/v/Documents/airflowalura/dags/meu_primeiro_dag.py for tasks to queue
[2023-05-15 12:41:25,093] {logging_mixin.py:115} INFO - [2023-05-15 12:41:25,093] {dagbag.py:507} INFO - Filling up the DagBag from /home/v/Documents/airflowalura/dags/meu_primeiro_dag.py
[2023-05-15 12:41:25,104] {processor.py:651} INFO - DAG(s) dict_keys(['meu_primeiro_dag']) retrieved from /home/v/Documents/airflowalura/dags/meu_primeiro_dag.py
[2023-05-15 12:41:25,120] {logging_mixin.py:115} INFO - [2023-05-15 12:41:25,120] {dag.py:2379} INFO - Sync 1 DAGs
[2023-05-15 12:41:25,138] {logging_mixin.py:115} INFO - [2023-05-15 12:41:25,138] {dag.py:2927} INFO - Setting next_dagrun for meu_primeiro_dag to 2023-05-15T00:00:00+00:00, run_after=2023-05-16T00:00:00+00:00
[2023-05-15 12:41:25,152] {processor.py:161} INFO - Processing /home/v/Documents/airflowalura/dags/meu_primeiro_dag.py took 0.083 seconds
[2023-05-15 12:42:02,717] {processor.py:153} INFO - Started process (PID=43372) to work on /home/v/Documents/airflowalura/dags/meu_primeiro_dag.py
[2023-05-15 12:42:02,718] {processor.py:641} INFO - Processing file /home/v/Documents/airflowalura/dags/meu_primeiro_dag.py for tasks to queue
[2023-05-15 12:42:02,718] {logging_mixin.py:115} INFO - [2023-05-15 12:42:02,718] {dagbag.py:507} INFO - Filling up the DagBag from /home/v/Documents/airflowalura/dags/meu_primeiro_dag.py
[2023-05-15 12:42:02,729] {processor.py:651} INFO - DAG(s) dict_keys(['meu_primeiro_dag']) retrieved from /home/v/Documents/airflowalura/dags/meu_primeiro_dag.py
[2023-05-15 12:42:02,742] {logging_mixin.py:115} INFO - [2023-05-15 12:42:02,742] {dag.py:2379} INFO - Sync 1 DAGs
[2023-05-15 12:42:02,758] {logging_mixin.py:115} INFO - [2023-05-15 12:42:02,758] {dag.py:2927} INFO - Setting next_dagrun for meu_primeiro_dag to 2023-05-15T00:00:00+00:00, run_after=2023-05-16T00:00:00+00:00
[2023-05-15 12:42:02,771] {processor.py:161} INFO - Processing /home/v/Documents/airflowalura/dags/meu_primeiro_dag.py took 0.056 seconds
[2023-05-15 12:42:41,671] {processor.py:153} INFO - Started process (PID=43522) to work on /home/v/Documents/airflowalura/dags/meu_primeiro_dag.py
[2023-05-15 12:42:41,761] {processor.py:641} INFO - Processing file /home/v/Documents/airflowalura/dags/meu_primeiro_dag.py for tasks to queue
[2023-05-15 12:42:41,761] {logging_mixin.py:115} INFO - [2023-05-15 12:42:41,761] {dagbag.py:507} INFO - Filling up the DagBag from /home/v/Documents/airflowalura/dags/meu_primeiro_dag.py
[2023-05-15 12:42:41,773] {processor.py:651} INFO - DAG(s) dict_keys(['meu_primeiro_dag']) retrieved from /home/v/Documents/airflowalura/dags/meu_primeiro_dag.py
[2023-05-15 12:42:41,789] {logging_mixin.py:115} INFO - [2023-05-15 12:42:41,789] {dag.py:2379} INFO - Sync 1 DAGs
[2023-05-15 12:42:41,809] {logging_mixin.py:115} INFO - [2023-05-15 12:42:41,809] {dag.py:2927} INFO - Setting next_dagrun for meu_primeiro_dag to 2023-05-15T00:00:00+00:00, run_after=2023-05-16T00:00:00+00:00
[2023-05-15 12:42:41,822] {processor.py:161} INFO - Processing /home/v/Documents/airflowalura/dags/meu_primeiro_dag.py took 0.154 seconds
[2023-05-15 12:43:20,679] {processor.py:153} INFO - Started process (PID=43679) to work on /home/v/Documents/airflowalura/dags/meu_primeiro_dag.py
[2023-05-15 12:43:20,679] {processor.py:641} INFO - Processing file /home/v/Documents/airflowalura/dags/meu_primeiro_dag.py for tasks to queue
[2023-05-15 12:43:20,680] {logging_mixin.py:115} INFO - [2023-05-15 12:43:20,680] {dagbag.py:507} INFO - Filling up the DagBag from /home/v/Documents/airflowalura/dags/meu_primeiro_dag.py
[2023-05-15 12:43:20,691] {processor.py:651} INFO - DAG(s) dict_keys(['meu_primeiro_dag']) retrieved from /home/v/Documents/airflowalura/dags/meu_primeiro_dag.py
[2023-05-15 12:43:20,706] {logging_mixin.py:115} INFO - [2023-05-15 12:43:20,706] {dag.py:2379} INFO - Sync 1 DAGs
[2023-05-15 12:43:20,724] {logging_mixin.py:115} INFO - [2023-05-15 12:43:20,724] {dag.py:2927} INFO - Setting next_dagrun for meu_primeiro_dag to 2023-05-15T00:00:00+00:00, run_after=2023-05-16T00:00:00+00:00
[2023-05-15 12:43:20,737] {processor.py:161} INFO - Processing /home/v/Documents/airflowalura/dags/meu_primeiro_dag.py took 0.061 seconds
[2023-05-15 12:43:56,219] {processor.py:153} INFO - Started process (PID=43909) to work on /home/v/Documents/airflowalura/dags/meu_primeiro_dag.py
[2023-05-15 12:43:56,219] {processor.py:641} INFO - Processing file /home/v/Documents/airflowalura/dags/meu_primeiro_dag.py for tasks to queue
[2023-05-15 12:43:56,220] {logging_mixin.py:115} INFO - [2023-05-15 12:43:56,220] {dagbag.py:507} INFO - Filling up the DagBag from /home/v/Documents/airflowalura/dags/meu_primeiro_dag.py
[2023-05-15 12:43:56,228] {processor.py:651} INFO - DAG(s) dict_keys(['meu_primeiro_dag']) retrieved from /home/v/Documents/airflowalura/dags/meu_primeiro_dag.py
[2023-05-15 12:43:56,244] {logging_mixin.py:115} INFO - [2023-05-15 12:43:56,244] {dag.py:2379} INFO - Sync 1 DAGs
[2023-05-15 12:43:56,262] {logging_mixin.py:115} INFO - [2023-05-15 12:43:56,262] {dag.py:2927} INFO - Setting next_dagrun for meu_primeiro_dag to 2023-05-15T00:00:00+00:00, run_after=2023-05-16T00:00:00+00:00
[2023-05-15 12:43:56,274] {processor.py:161} INFO - Processing /home/v/Documents/airflowalura/dags/meu_primeiro_dag.py took 0.059 seconds
[2023-05-15 12:44:35,280] {processor.py:153} INFO - Started process (PID=44096) to work on /home/v/Documents/airflowalura/dags/meu_primeiro_dag.py
[2023-05-15 12:44:35,281] {processor.py:641} INFO - Processing file /home/v/Documents/airflowalura/dags/meu_primeiro_dag.py for tasks to queue
[2023-05-15 12:44:35,282] {logging_mixin.py:115} INFO - [2023-05-15 12:44:35,282] {dagbag.py:507} INFO - Filling up the DagBag from /home/v/Documents/airflowalura/dags/meu_primeiro_dag.py
[2023-05-15 12:44:35,290] {processor.py:651} INFO - DAG(s) dict_keys(['meu_primeiro_dag']) retrieved from /home/v/Documents/airflowalura/dags/meu_primeiro_dag.py
[2023-05-15 12:44:35,306] {logging_mixin.py:115} INFO - [2023-05-15 12:44:35,306] {dag.py:2379} INFO - Sync 1 DAGs
[2023-05-15 12:44:35,325] {logging_mixin.py:115} INFO - [2023-05-15 12:44:35,325] {dag.py:2927} INFO - Setting next_dagrun for meu_primeiro_dag to 2023-05-15T00:00:00+00:00, run_after=2023-05-16T00:00:00+00:00
[2023-05-15 12:44:35,338] {processor.py:161} INFO - Processing /home/v/Documents/airflowalura/dags/meu_primeiro_dag.py took 0.061 seconds
[2023-05-15 12:45:15,360] {processor.py:153} INFO - Started process (PID=44293) to work on /home/v/Documents/airflowalura/dags/meu_primeiro_dag.py
[2023-05-15 12:45:15,361] {processor.py:641} INFO - Processing file /home/v/Documents/airflowalura/dags/meu_primeiro_dag.py for tasks to queue
[2023-05-15 12:45:15,361] {logging_mixin.py:115} INFO - [2023-05-15 12:45:15,361] {dagbag.py:507} INFO - Filling up the DagBag from /home/v/Documents/airflowalura/dags/meu_primeiro_dag.py
[2023-05-15 12:45:15,369] {processor.py:651} INFO - DAG(s) dict_keys(['meu_primeiro_dag']) retrieved from /home/v/Documents/airflowalura/dags/meu_primeiro_dag.py
[2023-05-15 12:45:15,385] {logging_mixin.py:115} INFO - [2023-05-15 12:45:15,384] {dag.py:2379} INFO - Sync 1 DAGs
[2023-05-15 12:45:15,403] {logging_mixin.py:115} INFO - [2023-05-15 12:45:15,403] {dag.py:2927} INFO - Setting next_dagrun for meu_primeiro_dag to 2023-05-15T00:00:00+00:00, run_after=2023-05-16T00:00:00+00:00
[2023-05-15 12:45:15,415] {processor.py:161} INFO - Processing /home/v/Documents/airflowalura/dags/meu_primeiro_dag.py took 0.059 seconds
[2023-05-15 12:45:55,290] {processor.py:153} INFO - Started process (PID=44593) to work on /home/v/Documents/airflowalura/dags/meu_primeiro_dag.py
[2023-05-15 12:45:55,291] {processor.py:641} INFO - Processing file /home/v/Documents/airflowalura/dags/meu_primeiro_dag.py for tasks to queue
[2023-05-15 12:45:55,291] {logging_mixin.py:115} INFO - [2023-05-15 12:45:55,291] {dagbag.py:507} INFO - Filling up the DagBag from /home/v/Documents/airflowalura/dags/meu_primeiro_dag.py
[2023-05-15 12:45:55,298] {processor.py:651} INFO - DAG(s) dict_keys(['meu_primeiro_dag']) retrieved from /home/v/Documents/airflowalura/dags/meu_primeiro_dag.py
[2023-05-15 12:45:55,313] {logging_mixin.py:115} INFO - [2023-05-15 12:45:55,313] {dag.py:2379} INFO - Sync 1 DAGs
[2023-05-15 12:45:55,332] {logging_mixin.py:115} INFO - [2023-05-15 12:45:55,332] {dag.py:2927} INFO - Setting next_dagrun for meu_primeiro_dag to 2023-05-15T00:00:00+00:00, run_after=2023-05-16T00:00:00+00:00
[2023-05-15 12:45:55,346] {processor.py:161} INFO - Processing /home/v/Documents/airflowalura/dags/meu_primeiro_dag.py took 0.059 seconds
[2023-05-15 12:46:31,404] {processor.py:153} INFO - Started process (PID=44741) to work on /home/v/Documents/airflowalura/dags/meu_primeiro_dag.py
[2023-05-15 12:46:31,405] {processor.py:641} INFO - Processing file /home/v/Documents/airflowalura/dags/meu_primeiro_dag.py for tasks to queue
[2023-05-15 12:46:31,406] {logging_mixin.py:115} INFO - [2023-05-15 12:46:31,406] {dagbag.py:507} INFO - Filling up the DagBag from /home/v/Documents/airflowalura/dags/meu_primeiro_dag.py
[2023-05-15 12:46:31,414] {processor.py:651} INFO - DAG(s) dict_keys(['meu_primeiro_dag']) retrieved from /home/v/Documents/airflowalura/dags/meu_primeiro_dag.py
[2023-05-15 12:46:31,430] {logging_mixin.py:115} INFO - [2023-05-15 12:46:31,430] {dag.py:2379} INFO - Sync 1 DAGs
[2023-05-15 12:46:31,449] {logging_mixin.py:115} INFO - [2023-05-15 12:46:31,449] {dag.py:2927} INFO - Setting next_dagrun for meu_primeiro_dag to 2023-05-15T00:00:00+00:00, run_after=2023-05-16T00:00:00+00:00
[2023-05-15 12:46:31,463] {processor.py:161} INFO - Processing /home/v/Documents/airflowalura/dags/meu_primeiro_dag.py took 0.062 seconds
[2023-05-15 12:47:07,636] {processor.py:153} INFO - Started process (PID=44913) to work on /home/v/Documents/airflowalura/dags/meu_primeiro_dag.py
[2023-05-15 12:47:07,637] {processor.py:641} INFO - Processing file /home/v/Documents/airflowalura/dags/meu_primeiro_dag.py for tasks to queue
[2023-05-15 12:47:07,637] {logging_mixin.py:115} INFO - [2023-05-15 12:47:07,637] {dagbag.py:507} INFO - Filling up the DagBag from /home/v/Documents/airflowalura/dags/meu_primeiro_dag.py
[2023-05-15 12:47:07,646] {processor.py:651} INFO - DAG(s) dict_keys(['meu_primeiro_dag']) retrieved from /home/v/Documents/airflowalura/dags/meu_primeiro_dag.py
[2023-05-15 12:47:07,663] {logging_mixin.py:115} INFO - [2023-05-15 12:47:07,663] {dag.py:2379} INFO - Sync 1 DAGs
[2023-05-15 12:47:07,683] {logging_mixin.py:115} INFO - [2023-05-15 12:47:07,682] {dag.py:2927} INFO - Setting next_dagrun for meu_primeiro_dag to 2023-05-15T00:00:00+00:00, run_after=2023-05-16T00:00:00+00:00
[2023-05-15 12:47:07,695] {processor.py:161} INFO - Processing /home/v/Documents/airflowalura/dags/meu_primeiro_dag.py took 0.062 seconds
[2023-05-15 12:47:42,991] {processor.py:153} INFO - Started process (PID=45064) to work on /home/v/Documents/airflowalura/dags/meu_primeiro_dag.py
[2023-05-15 12:47:42,992] {processor.py:641} INFO - Processing file /home/v/Documents/airflowalura/dags/meu_primeiro_dag.py for tasks to queue
[2023-05-15 12:47:42,992] {logging_mixin.py:115} INFO - [2023-05-15 12:47:42,992] {dagbag.py:507} INFO - Filling up the DagBag from /home/v/Documents/airflowalura/dags/meu_primeiro_dag.py
[2023-05-15 12:47:43,001] {processor.py:651} INFO - DAG(s) dict_keys(['meu_primeiro_dag']) retrieved from /home/v/Documents/airflowalura/dags/meu_primeiro_dag.py
[2023-05-15 12:47:43,017] {logging_mixin.py:115} INFO - [2023-05-15 12:47:43,017] {dag.py:2379} INFO - Sync 1 DAGs
[2023-05-15 12:47:43,035] {logging_mixin.py:115} INFO - [2023-05-15 12:47:43,035] {dag.py:2927} INFO - Setting next_dagrun for meu_primeiro_dag to 2023-05-15T00:00:00+00:00, run_after=2023-05-16T00:00:00+00:00
[2023-05-15 12:47:43,048] {processor.py:161} INFO - Processing /home/v/Documents/airflowalura/dags/meu_primeiro_dag.py took 0.060 seconds
[2023-05-15 12:48:21,439] {processor.py:153} INFO - Started process (PID=45244) to work on /home/v/Documents/airflowalura/dags/meu_primeiro_dag.py
[2023-05-15 12:48:21,440] {processor.py:641} INFO - Processing file /home/v/Documents/airflowalura/dags/meu_primeiro_dag.py for tasks to queue
[2023-05-15 12:48:21,441] {logging_mixin.py:115} INFO - [2023-05-15 12:48:21,440] {dagbag.py:507} INFO - Filling up the DagBag from /home/v/Documents/airflowalura/dags/meu_primeiro_dag.py
[2023-05-15 12:48:21,449] {processor.py:651} INFO - DAG(s) dict_keys(['meu_primeiro_dag']) retrieved from /home/v/Documents/airflowalura/dags/meu_primeiro_dag.py
[2023-05-15 12:48:21,465] {logging_mixin.py:115} INFO - [2023-05-15 12:48:21,465] {dag.py:2379} INFO - Sync 1 DAGs
[2023-05-15 12:48:21,483] {logging_mixin.py:115} INFO - [2023-05-15 12:48:21,482] {dag.py:2927} INFO - Setting next_dagrun for meu_primeiro_dag to 2023-05-15T00:00:00+00:00, run_after=2023-05-16T00:00:00+00:00
[2023-05-15 12:48:21,495] {processor.py:161} INFO - Processing /home/v/Documents/airflowalura/dags/meu_primeiro_dag.py took 0.059 seconds
[2023-05-15 12:48:58,248] {processor.py:153} INFO - Started process (PID=45477) to work on /home/v/Documents/airflowalura/dags/meu_primeiro_dag.py
[2023-05-15 12:48:58,249] {processor.py:641} INFO - Processing file /home/v/Documents/airflowalura/dags/meu_primeiro_dag.py for tasks to queue
[2023-05-15 12:48:58,249] {logging_mixin.py:115} INFO - [2023-05-15 12:48:58,249] {dagbag.py:507} INFO - Filling up the DagBag from /home/v/Documents/airflowalura/dags/meu_primeiro_dag.py
[2023-05-15 12:48:58,258] {processor.py:651} INFO - DAG(s) dict_keys(['meu_primeiro_dag']) retrieved from /home/v/Documents/airflowalura/dags/meu_primeiro_dag.py
[2023-05-15 12:48:58,273] {logging_mixin.py:115} INFO - [2023-05-15 12:48:58,273] {dag.py:2379} INFO - Sync 1 DAGs
[2023-05-15 12:48:58,292] {logging_mixin.py:115} INFO - [2023-05-15 12:48:58,291] {dag.py:2927} INFO - Setting next_dagrun for meu_primeiro_dag to 2023-05-15T00:00:00+00:00, run_after=2023-05-16T00:00:00+00:00
[2023-05-15 12:48:58,303] {processor.py:161} INFO - Processing /home/v/Documents/airflowalura/dags/meu_primeiro_dag.py took 0.059 seconds
[2023-05-15 12:49:38,330] {processor.py:153} INFO - Started process (PID=45649) to work on /home/v/Documents/airflowalura/dags/meu_primeiro_dag.py
[2023-05-15 12:49:38,331] {processor.py:641} INFO - Processing file /home/v/Documents/airflowalura/dags/meu_primeiro_dag.py for tasks to queue
[2023-05-15 12:49:38,331] {logging_mixin.py:115} INFO - [2023-05-15 12:49:38,331] {dagbag.py:507} INFO - Filling up the DagBag from /home/v/Documents/airflowalura/dags/meu_primeiro_dag.py
[2023-05-15 12:49:38,340] {processor.py:651} INFO - DAG(s) dict_keys(['meu_primeiro_dag']) retrieved from /home/v/Documents/airflowalura/dags/meu_primeiro_dag.py
[2023-05-15 12:49:38,356] {logging_mixin.py:115} INFO - [2023-05-15 12:49:38,356] {dag.py:2379} INFO - Sync 1 DAGs
[2023-05-15 12:49:38,374] {logging_mixin.py:115} INFO - [2023-05-15 12:49:38,374] {dag.py:2927} INFO - Setting next_dagrun for meu_primeiro_dag to 2023-05-15T00:00:00+00:00, run_after=2023-05-16T00:00:00+00:00
[2023-05-15 12:49:38,387] {processor.py:161} INFO - Processing /home/v/Documents/airflowalura/dags/meu_primeiro_dag.py took 0.060 seconds
[2023-05-15 12:50:16,896] {processor.py:153} INFO - Started process (PID=45829) to work on /home/v/Documents/airflowalura/dags/meu_primeiro_dag.py
[2023-05-15 12:50:16,899] {processor.py:641} INFO - Processing file /home/v/Documents/airflowalura/dags/meu_primeiro_dag.py for tasks to queue
[2023-05-15 12:50:16,899] {logging_mixin.py:115} INFO - [2023-05-15 12:50:16,899] {dagbag.py:507} INFO - Filling up the DagBag from /home/v/Documents/airflowalura/dags/meu_primeiro_dag.py
[2023-05-15 12:50:16,908] {processor.py:651} INFO - DAG(s) dict_keys(['meu_primeiro_dag']) retrieved from /home/v/Documents/airflowalura/dags/meu_primeiro_dag.py
[2023-05-15 12:50:16,923] {logging_mixin.py:115} INFO - [2023-05-15 12:50:16,923] {dag.py:2379} INFO - Sync 1 DAGs
[2023-05-15 12:50:16,942] {logging_mixin.py:115} INFO - [2023-05-15 12:50:16,942] {dag.py:2927} INFO - Setting next_dagrun for meu_primeiro_dag to 2023-05-15T00:00:00+00:00, run_after=2023-05-16T00:00:00+00:00
[2023-05-15 12:50:16,955] {processor.py:161} INFO - Processing /home/v/Documents/airflowalura/dags/meu_primeiro_dag.py took 0.062 seconds
[2023-05-15 12:50:52,797] {processor.py:153} INFO - Started process (PID=45985) to work on /home/v/Documents/airflowalura/dags/meu_primeiro_dag.py
[2023-05-15 12:50:52,798] {processor.py:641} INFO - Processing file /home/v/Documents/airflowalura/dags/meu_primeiro_dag.py for tasks to queue
[2023-05-15 12:50:52,799] {logging_mixin.py:115} INFO - [2023-05-15 12:50:52,799] {dagbag.py:507} INFO - Filling up the DagBag from /home/v/Documents/airflowalura/dags/meu_primeiro_dag.py
[2023-05-15 12:50:52,807] {processor.py:651} INFO - DAG(s) dict_keys(['meu_primeiro_dag']) retrieved from /home/v/Documents/airflowalura/dags/meu_primeiro_dag.py
[2023-05-15 12:50:52,821] {logging_mixin.py:115} INFO - [2023-05-15 12:50:52,821] {dag.py:2379} INFO - Sync 1 DAGs
[2023-05-15 12:50:52,840] {logging_mixin.py:115} INFO - [2023-05-15 12:50:52,839] {dag.py:2927} INFO - Setting next_dagrun for meu_primeiro_dag to 2023-05-15T00:00:00+00:00, run_after=2023-05-16T00:00:00+00:00
[2023-05-15 12:50:52,853] {processor.py:161} INFO - Processing /home/v/Documents/airflowalura/dags/meu_primeiro_dag.py took 0.059 seconds
[2023-05-15 12:51:34,646] {processor.py:153} INFO - Started process (PID=46268) to work on /home/v/Documents/airflowalura/dags/meu_primeiro_dag.py
[2023-05-15 12:51:34,647] {processor.py:641} INFO - Processing file /home/v/Documents/airflowalura/dags/meu_primeiro_dag.py for tasks to queue
[2023-05-15 12:51:34,647] {logging_mixin.py:115} INFO - [2023-05-15 12:51:34,647] {dagbag.py:507} INFO - Filling up the DagBag from /home/v/Documents/airflowalura/dags/meu_primeiro_dag.py
[2023-05-15 12:51:34,655] {processor.py:651} INFO - DAG(s) dict_keys(['meu_primeiro_dag']) retrieved from /home/v/Documents/airflowalura/dags/meu_primeiro_dag.py
[2023-05-15 12:51:34,669] {logging_mixin.py:115} INFO - [2023-05-15 12:51:34,669] {dag.py:2379} INFO - Sync 1 DAGs
[2023-05-15 12:51:34,685] {logging_mixin.py:115} INFO - [2023-05-15 12:51:34,685] {dag.py:2927} INFO - Setting next_dagrun for meu_primeiro_dag to 2023-05-15T00:00:00+00:00, run_after=2023-05-16T00:00:00+00:00
[2023-05-15 12:51:34,698] {processor.py:161} INFO - Processing /home/v/Documents/airflowalura/dags/meu_primeiro_dag.py took 0.054 seconds
[2023-05-15 12:52:12,863] {processor.py:153} INFO - Started process (PID=46598) to work on /home/v/Documents/airflowalura/dags/meu_primeiro_dag.py
[2023-05-15 12:52:12,863] {processor.py:641} INFO - Processing file /home/v/Documents/airflowalura/dags/meu_primeiro_dag.py for tasks to queue
[2023-05-15 12:52:12,864] {logging_mixin.py:115} INFO - [2023-05-15 12:52:12,864] {dagbag.py:507} INFO - Filling up the DagBag from /home/v/Documents/airflowalura/dags/meu_primeiro_dag.py
[2023-05-15 12:52:12,873] {processor.py:651} INFO - DAG(s) dict_keys(['meu_primeiro_dag']) retrieved from /home/v/Documents/airflowalura/dags/meu_primeiro_dag.py
[2023-05-15 12:52:12,888] {logging_mixin.py:115} INFO - [2023-05-15 12:52:12,888] {dag.py:2379} INFO - Sync 1 DAGs
[2023-05-15 12:52:12,907] {logging_mixin.py:115} INFO - [2023-05-15 12:52:12,907] {dag.py:2927} INFO - Setting next_dagrun for meu_primeiro_dag to 2023-05-15T00:00:00+00:00, run_after=2023-05-16T00:00:00+00:00
[2023-05-15 12:52:12,920] {processor.py:161} INFO - Processing /home/v/Documents/airflowalura/dags/meu_primeiro_dag.py took 0.060 seconds
[2023-05-15 12:52:51,172] {processor.py:153} INFO - Started process (PID=46758) to work on /home/v/Documents/airflowalura/dags/meu_primeiro_dag.py
[2023-05-15 12:52:51,173] {processor.py:641} INFO - Processing file /home/v/Documents/airflowalura/dags/meu_primeiro_dag.py for tasks to queue
[2023-05-15 12:52:51,173] {logging_mixin.py:115} INFO - [2023-05-15 12:52:51,173] {dagbag.py:507} INFO - Filling up the DagBag from /home/v/Documents/airflowalura/dags/meu_primeiro_dag.py
[2023-05-15 12:52:51,181] {processor.py:651} INFO - DAG(s) dict_keys(['meu_primeiro_dag']) retrieved from /home/v/Documents/airflowalura/dags/meu_primeiro_dag.py
[2023-05-15 12:52:51,195] {logging_mixin.py:115} INFO - [2023-05-15 12:52:51,195] {dag.py:2379} INFO - Sync 1 DAGs
[2023-05-15 12:52:51,213] {logging_mixin.py:115} INFO - [2023-05-15 12:52:51,213] {dag.py:2927} INFO - Setting next_dagrun for meu_primeiro_dag to 2023-05-15T00:00:00+00:00, run_after=2023-05-16T00:00:00+00:00
[2023-05-15 12:52:51,226] {processor.py:161} INFO - Processing /home/v/Documents/airflowalura/dags/meu_primeiro_dag.py took 0.057 seconds
[2023-05-15 12:53:29,038] {processor.py:153} INFO - Started process (PID=46926) to work on /home/v/Documents/airflowalura/dags/meu_primeiro_dag.py
[2023-05-15 12:53:29,038] {processor.py:641} INFO - Processing file /home/v/Documents/airflowalura/dags/meu_primeiro_dag.py for tasks to queue
[2023-05-15 12:53:29,039] {logging_mixin.py:115} INFO - [2023-05-15 12:53:29,038] {dagbag.py:507} INFO - Filling up the DagBag from /home/v/Documents/airflowalura/dags/meu_primeiro_dag.py
[2023-05-15 12:53:29,046] {processor.py:651} INFO - DAG(s) dict_keys(['meu_primeiro_dag']) retrieved from /home/v/Documents/airflowalura/dags/meu_primeiro_dag.py
[2023-05-15 12:53:29,060] {logging_mixin.py:115} INFO - [2023-05-15 12:53:29,060] {dag.py:2379} INFO - Sync 1 DAGs
[2023-05-15 12:53:29,077] {logging_mixin.py:115} INFO - [2023-05-15 12:53:29,077] {dag.py:2927} INFO - Setting next_dagrun for meu_primeiro_dag to 2023-05-15T00:00:00+00:00, run_after=2023-05-16T00:00:00+00:00
[2023-05-15 12:53:29,090] {processor.py:161} INFO - Processing /home/v/Documents/airflowalura/dags/meu_primeiro_dag.py took 0.055 seconds
[2023-05-15 12:54:13,086] {processor.py:153} INFO - Started process (PID=47161) to work on /home/v/Documents/airflowalura/dags/meu_primeiro_dag.py
[2023-05-15 12:54:13,087] {processor.py:641} INFO - Processing file /home/v/Documents/airflowalura/dags/meu_primeiro_dag.py for tasks to queue
[2023-05-15 12:54:13,088] {logging_mixin.py:115} INFO - [2023-05-15 12:54:13,087] {dagbag.py:507} INFO - Filling up the DagBag from /home/v/Documents/airflowalura/dags/meu_primeiro_dag.py
[2023-05-15 12:54:13,096] {processor.py:651} INFO - DAG(s) dict_keys(['meu_primeiro_dag']) retrieved from /home/v/Documents/airflowalura/dags/meu_primeiro_dag.py
[2023-05-15 12:54:13,112] {logging_mixin.py:115} INFO - [2023-05-15 12:54:13,112] {dag.py:2379} INFO - Sync 1 DAGs
[2023-05-15 12:54:13,130] {logging_mixin.py:115} INFO - [2023-05-15 12:54:13,130] {dag.py:2927} INFO - Setting next_dagrun for meu_primeiro_dag to 2023-05-15T00:00:00+00:00, run_after=2023-05-16T00:00:00+00:00
[2023-05-15 12:54:13,143] {processor.py:161} INFO - Processing /home/v/Documents/airflowalura/dags/meu_primeiro_dag.py took 0.060 seconds
[2023-05-15 12:54:53,963] {processor.py:153} INFO - Started process (PID=47353) to work on /home/v/Documents/airflowalura/dags/meu_primeiro_dag.py
[2023-05-15 12:54:53,963] {processor.py:641} INFO - Processing file /home/v/Documents/airflowalura/dags/meu_primeiro_dag.py for tasks to queue
[2023-05-15 12:54:53,964] {logging_mixin.py:115} INFO - [2023-05-15 12:54:53,964] {dagbag.py:507} INFO - Filling up the DagBag from /home/v/Documents/airflowalura/dags/meu_primeiro_dag.py
[2023-05-15 12:54:53,972] {processor.py:651} INFO - DAG(s) dict_keys(['meu_primeiro_dag']) retrieved from /home/v/Documents/airflowalura/dags/meu_primeiro_dag.py
[2023-05-15 12:54:53,988] {logging_mixin.py:115} INFO - [2023-05-15 12:54:53,988] {dag.py:2379} INFO - Sync 1 DAGs
[2023-05-15 12:54:54,006] {logging_mixin.py:115} INFO - [2023-05-15 12:54:54,006] {dag.py:2927} INFO - Setting next_dagrun for meu_primeiro_dag to 2023-05-15T00:00:00+00:00, run_after=2023-05-16T00:00:00+00:00
[2023-05-15 12:54:54,020] {processor.py:161} INFO - Processing /home/v/Documents/airflowalura/dags/meu_primeiro_dag.py took 0.060 seconds
[2023-05-15 12:55:59,174] {processor.py:153} INFO - Started process (PID=48076) to work on /home/v/Documents/airflowalura/dags/meu_primeiro_dag.py
[2023-05-15 12:55:59,194] {processor.py:641} INFO - Processing file /home/v/Documents/airflowalura/dags/meu_primeiro_dag.py for tasks to queue
[2023-05-15 12:55:59,194] {logging_mixin.py:115} INFO - [2023-05-15 12:55:59,194] {dagbag.py:507} INFO - Filling up the DagBag from /home/v/Documents/airflowalura/dags/meu_primeiro_dag.py
[2023-05-15 12:55:59,203] {processor.py:651} INFO - DAG(s) dict_keys(['meu_primeiro_dag']) retrieved from /home/v/Documents/airflowalura/dags/meu_primeiro_dag.py
[2023-05-15 12:55:59,220] {logging_mixin.py:115} INFO - [2023-05-15 12:55:59,220] {dag.py:2379} INFO - Sync 1 DAGs
[2023-05-15 12:55:59,239] {logging_mixin.py:115} INFO - [2023-05-15 12:55:59,239] {dag.py:2927} INFO - Setting next_dagrun for meu_primeiro_dag to 2023-05-15T00:00:00+00:00, run_after=2023-05-16T00:00:00+00:00
[2023-05-15 12:55:59,252] {processor.py:161} INFO - Processing /home/v/Documents/airflowalura/dags/meu_primeiro_dag.py took 0.081 seconds
[2023-05-15 12:56:40,609] {processor.py:153} INFO - Started process (PID=48256) to work on /home/v/Documents/airflowalura/dags/meu_primeiro_dag.py
[2023-05-15 12:56:40,625] {processor.py:641} INFO - Processing file /home/v/Documents/airflowalura/dags/meu_primeiro_dag.py for tasks to queue
[2023-05-15 12:56:40,625] {logging_mixin.py:115} INFO - [2023-05-15 12:56:40,625] {dagbag.py:507} INFO - Filling up the DagBag from /home/v/Documents/airflowalura/dags/meu_primeiro_dag.py
[2023-05-15 12:56:40,634] {processor.py:651} INFO - DAG(s) dict_keys(['meu_primeiro_dag']) retrieved from /home/v/Documents/airflowalura/dags/meu_primeiro_dag.py
[2023-05-15 12:56:40,650] {logging_mixin.py:115} INFO - [2023-05-15 12:56:40,650] {dag.py:2379} INFO - Sync 1 DAGs
[2023-05-15 12:56:40,669] {logging_mixin.py:115} INFO - [2023-05-15 12:56:40,669] {dag.py:2927} INFO - Setting next_dagrun for meu_primeiro_dag to 2023-05-15T00:00:00+00:00, run_after=2023-05-16T00:00:00+00:00
[2023-05-15 12:56:40,682] {processor.py:161} INFO - Processing /home/v/Documents/airflowalura/dags/meu_primeiro_dag.py took 0.076 seconds
[2023-05-15 12:57:18,500] {processor.py:153} INFO - Started process (PID=48672) to work on /home/v/Documents/airflowalura/dags/meu_primeiro_dag.py
[2023-05-15 12:57:18,500] {processor.py:641} INFO - Processing file /home/v/Documents/airflowalura/dags/meu_primeiro_dag.py for tasks to queue
[2023-05-15 12:57:18,501] {logging_mixin.py:115} INFO - [2023-05-15 12:57:18,501] {dagbag.py:507} INFO - Filling up the DagBag from /home/v/Documents/airflowalura/dags/meu_primeiro_dag.py
[2023-05-15 12:57:18,509] {processor.py:651} INFO - DAG(s) dict_keys(['meu_primeiro_dag']) retrieved from /home/v/Documents/airflowalura/dags/meu_primeiro_dag.py
[2023-05-15 12:57:18,525] {logging_mixin.py:115} INFO - [2023-05-15 12:57:18,525] {dag.py:2379} INFO - Sync 1 DAGs
[2023-05-15 12:57:18,544] {logging_mixin.py:115} INFO - [2023-05-15 12:57:18,544] {dag.py:2927} INFO - Setting next_dagrun for meu_primeiro_dag to 2023-05-15T00:00:00+00:00, run_after=2023-05-16T00:00:00+00:00
[2023-05-15 12:57:18,557] {processor.py:161} INFO - Processing /home/v/Documents/airflowalura/dags/meu_primeiro_dag.py took 0.060 seconds
[2023-05-15 12:57:55,912] {processor.py:153} INFO - Started process (PID=48888) to work on /home/v/Documents/airflowalura/dags/meu_primeiro_dag.py
[2023-05-15 12:57:55,913] {processor.py:641} INFO - Processing file /home/v/Documents/airflowalura/dags/meu_primeiro_dag.py for tasks to queue
[2023-05-15 12:57:55,913] {logging_mixin.py:115} INFO - [2023-05-15 12:57:55,913] {dagbag.py:507} INFO - Filling up the DagBag from /home/v/Documents/airflowalura/dags/meu_primeiro_dag.py
[2023-05-15 12:57:55,922] {processor.py:651} INFO - DAG(s) dict_keys(['meu_primeiro_dag']) retrieved from /home/v/Documents/airflowalura/dags/meu_primeiro_dag.py
[2023-05-15 12:57:55,937] {logging_mixin.py:115} INFO - [2023-05-15 12:57:55,937] {dag.py:2379} INFO - Sync 1 DAGs
[2023-05-15 12:57:55,956] {logging_mixin.py:115} INFO - [2023-05-15 12:57:55,956] {dag.py:2927} INFO - Setting next_dagrun for meu_primeiro_dag to 2023-05-15T00:00:00+00:00, run_after=2023-05-16T00:00:00+00:00
[2023-05-15 12:57:55,971] {processor.py:161} INFO - Processing /home/v/Documents/airflowalura/dags/meu_primeiro_dag.py took 0.062 seconds
[2023-05-15 12:58:36,027] {processor.py:153} INFO - Started process (PID=49260) to work on /home/v/Documents/airflowalura/dags/meu_primeiro_dag.py
[2023-05-15 12:58:36,028] {processor.py:641} INFO - Processing file /home/v/Documents/airflowalura/dags/meu_primeiro_dag.py for tasks to queue
[2023-05-15 12:58:36,029] {logging_mixin.py:115} INFO - [2023-05-15 12:58:36,029] {dagbag.py:507} INFO - Filling up the DagBag from /home/v/Documents/airflowalura/dags/meu_primeiro_dag.py
[2023-05-15 12:58:36,037] {processor.py:651} INFO - DAG(s) dict_keys(['meu_primeiro_dag']) retrieved from /home/v/Documents/airflowalura/dags/meu_primeiro_dag.py
[2023-05-15 12:58:36,053] {logging_mixin.py:115} INFO - [2023-05-15 12:58:36,052] {dag.py:2379} INFO - Sync 1 DAGs
[2023-05-15 12:58:36,071] {logging_mixin.py:115} INFO - [2023-05-15 12:58:36,071] {dag.py:2927} INFO - Setting next_dagrun for meu_primeiro_dag to 2023-05-15T00:00:00+00:00, run_after=2023-05-16T00:00:00+00:00
[2023-05-15 12:58:36,084] {processor.py:161} INFO - Processing /home/v/Documents/airflowalura/dags/meu_primeiro_dag.py took 0.060 seconds
[2023-05-15 12:59:11,475] {processor.py:153} INFO - Started process (PID=49480) to work on /home/v/Documents/airflowalura/dags/meu_primeiro_dag.py
[2023-05-15 12:59:11,496] {processor.py:641} INFO - Processing file /home/v/Documents/airflowalura/dags/meu_primeiro_dag.py for tasks to queue
[2023-05-15 12:59:11,497] {logging_mixin.py:115} INFO - [2023-05-15 12:59:11,497] {dagbag.py:507} INFO - Filling up the DagBag from /home/v/Documents/airflowalura/dags/meu_primeiro_dag.py
[2023-05-15 12:59:11,505] {processor.py:651} INFO - DAG(s) dict_keys(['meu_primeiro_dag']) retrieved from /home/v/Documents/airflowalura/dags/meu_primeiro_dag.py
[2023-05-15 12:59:11,522] {logging_mixin.py:115} INFO - [2023-05-15 12:59:11,522] {dag.py:2379} INFO - Sync 1 DAGs
[2023-05-15 12:59:11,541] {logging_mixin.py:115} INFO - [2023-05-15 12:59:11,541] {dag.py:2927} INFO - Setting next_dagrun for meu_primeiro_dag to 2023-05-15T00:00:00+00:00, run_after=2023-05-16T00:00:00+00:00
[2023-05-15 12:59:11,554] {processor.py:161} INFO - Processing /home/v/Documents/airflowalura/dags/meu_primeiro_dag.py took 0.082 seconds
[2023-05-15 12:59:48,619] {processor.py:153} INFO - Started process (PID=49664) to work on /home/v/Documents/airflowalura/dags/meu_primeiro_dag.py
[2023-05-15 12:59:48,620] {processor.py:641} INFO - Processing file /home/v/Documents/airflowalura/dags/meu_primeiro_dag.py for tasks to queue
[2023-05-15 12:59:48,620] {logging_mixin.py:115} INFO - [2023-05-15 12:59:48,620] {dagbag.py:507} INFO - Filling up the DagBag from /home/v/Documents/airflowalura/dags/meu_primeiro_dag.py
[2023-05-15 12:59:48,627] {processor.py:651} INFO - DAG(s) dict_keys(['meu_primeiro_dag']) retrieved from /home/v/Documents/airflowalura/dags/meu_primeiro_dag.py
[2023-05-15 12:59:48,642] {logging_mixin.py:115} INFO - [2023-05-15 12:59:48,641] {dag.py:2379} INFO - Sync 1 DAGs
[2023-05-15 12:59:48,659] {logging_mixin.py:115} INFO - [2023-05-15 12:59:48,659] {dag.py:2927} INFO - Setting next_dagrun for meu_primeiro_dag to 2023-05-15T00:00:00+00:00, run_after=2023-05-16T00:00:00+00:00
[2023-05-15 12:59:48,671] {processor.py:161} INFO - Processing /home/v/Documents/airflowalura/dags/meu_primeiro_dag.py took 0.054 seconds
[2023-05-15 13:00:22,788] {processor.py:153} INFO - Started process (PID=49851) to work on /home/v/Documents/airflowalura/dags/meu_primeiro_dag.py
[2023-05-15 13:00:22,789] {processor.py:641} INFO - Processing file /home/v/Documents/airflowalura/dags/meu_primeiro_dag.py for tasks to queue
[2023-05-15 13:00:22,790] {logging_mixin.py:115} INFO - [2023-05-15 13:00:22,790] {dagbag.py:507} INFO - Filling up the DagBag from /home/v/Documents/airflowalura/dags/meu_primeiro_dag.py
[2023-05-15 13:00:22,798] {processor.py:651} INFO - DAG(s) dict_keys(['meu_primeiro_dag']) retrieved from /home/v/Documents/airflowalura/dags/meu_primeiro_dag.py
[2023-05-15 13:00:22,814] {logging_mixin.py:115} INFO - [2023-05-15 13:00:22,814] {dag.py:2379} INFO - Sync 1 DAGs
[2023-05-15 13:00:22,833] {logging_mixin.py:115} INFO - [2023-05-15 13:00:22,833] {dag.py:2927} INFO - Setting next_dagrun for meu_primeiro_dag to 2023-05-15T00:00:00+00:00, run_after=2023-05-16T00:00:00+00:00
[2023-05-15 13:00:22,846] {processor.py:161} INFO - Processing /home/v/Documents/airflowalura/dags/meu_primeiro_dag.py took 0.061 seconds
[2023-05-15 13:07:51,345] {processor.py:153} INFO - Started process (PID=51970) to work on /home/v/Documents/airflowalura/dags/meu_primeiro_dag.py
[2023-05-15 13:07:51,346] {processor.py:641} INFO - Processing file /home/v/Documents/airflowalura/dags/meu_primeiro_dag.py for tasks to queue
[2023-05-15 13:07:51,346] {logging_mixin.py:115} INFO - [2023-05-15 13:07:51,346] {dagbag.py:507} INFO - Filling up the DagBag from /home/v/Documents/airflowalura/dags/meu_primeiro_dag.py
[2023-05-15 13:07:51,355] {processor.py:651} INFO - DAG(s) dict_keys(['meu_primeiro_dag']) retrieved from /home/v/Documents/airflowalura/dags/meu_primeiro_dag.py
[2023-05-15 13:07:51,370] {logging_mixin.py:115} INFO - [2023-05-15 13:07:51,370] {dag.py:2379} INFO - Sync 1 DAGs
[2023-05-15 13:07:51,389] {logging_mixin.py:115} INFO - [2023-05-15 13:07:51,389] {dag.py:2927} INFO - Setting next_dagrun for meu_primeiro_dag to 2023-05-15T00:00:00+00:00, run_after=2023-05-16T00:00:00+00:00
[2023-05-15 13:07:51,401] {processor.py:161} INFO - Processing /home/v/Documents/airflowalura/dags/meu_primeiro_dag.py took 0.060 seconds
[2023-05-15 13:08:32,775] {processor.py:153} INFO - Started process (PID=52149) to work on /home/v/Documents/airflowalura/dags/meu_primeiro_dag.py
[2023-05-15 13:08:32,776] {processor.py:641} INFO - Processing file /home/v/Documents/airflowalura/dags/meu_primeiro_dag.py for tasks to queue
[2023-05-15 13:08:32,777] {logging_mixin.py:115} INFO - [2023-05-15 13:08:32,776] {dagbag.py:507} INFO - Filling up the DagBag from /home/v/Documents/airflowalura/dags/meu_primeiro_dag.py
[2023-05-15 13:08:32,785] {processor.py:651} INFO - DAG(s) dict_keys(['meu_primeiro_dag']) retrieved from /home/v/Documents/airflowalura/dags/meu_primeiro_dag.py
[2023-05-15 13:08:32,801] {logging_mixin.py:115} INFO - [2023-05-15 13:08:32,801] {dag.py:2379} INFO - Sync 1 DAGs
[2023-05-15 13:08:32,819] {logging_mixin.py:115} INFO - [2023-05-15 13:08:32,819] {dag.py:2927} INFO - Setting next_dagrun for meu_primeiro_dag to 2023-05-15T00:00:00+00:00, run_after=2023-05-16T00:00:00+00:00
[2023-05-15 13:08:32,832] {processor.py:161} INFO - Processing /home/v/Documents/airflowalura/dags/meu_primeiro_dag.py took 0.060 seconds
[2023-05-15 13:09:07,716] {processor.py:153} INFO - Started process (PID=52419) to work on /home/v/Documents/airflowalura/dags/meu_primeiro_dag.py
[2023-05-15 13:09:07,717] {processor.py:641} INFO - Processing file /home/v/Documents/airflowalura/dags/meu_primeiro_dag.py for tasks to queue
[2023-05-15 13:09:07,718] {logging_mixin.py:115} INFO - [2023-05-15 13:09:07,718] {dagbag.py:507} INFO - Filling up the DagBag from /home/v/Documents/airflowalura/dags/meu_primeiro_dag.py
[2023-05-15 13:09:07,726] {processor.py:651} INFO - DAG(s) dict_keys(['meu_primeiro_dag']) retrieved from /home/v/Documents/airflowalura/dags/meu_primeiro_dag.py
[2023-05-15 13:09:07,742] {logging_mixin.py:115} INFO - [2023-05-15 13:09:07,742] {dag.py:2379} INFO - Sync 1 DAGs
[2023-05-15 13:09:07,761] {logging_mixin.py:115} INFO - [2023-05-15 13:09:07,761] {dag.py:2927} INFO - Setting next_dagrun for meu_primeiro_dag to 2023-05-15T00:00:00+00:00, run_after=2023-05-16T00:00:00+00:00
[2023-05-15 13:09:07,773] {processor.py:161} INFO - Processing /home/v/Documents/airflowalura/dags/meu_primeiro_dag.py took 0.060 seconds
[2023-05-15 13:09:47,327] {processor.py:153} INFO - Started process (PID=52678) to work on /home/v/Documents/airflowalura/dags/meu_primeiro_dag.py
[2023-05-15 13:09:47,328] {processor.py:641} INFO - Processing file /home/v/Documents/airflowalura/dags/meu_primeiro_dag.py for tasks to queue
[2023-05-15 13:09:47,328] {logging_mixin.py:115} INFO - [2023-05-15 13:09:47,328] {dagbag.py:507} INFO - Filling up the DagBag from /home/v/Documents/airflowalura/dags/meu_primeiro_dag.py
[2023-05-15 13:09:47,335] {processor.py:651} INFO - DAG(s) dict_keys(['meu_primeiro_dag']) retrieved from /home/v/Documents/airflowalura/dags/meu_primeiro_dag.py
[2023-05-15 13:09:47,349] {logging_mixin.py:115} INFO - [2023-05-15 13:09:47,349] {dag.py:2379} INFO - Sync 1 DAGs
[2023-05-15 13:09:47,367] {logging_mixin.py:115} INFO - [2023-05-15 13:09:47,367] {dag.py:2927} INFO - Setting next_dagrun for meu_primeiro_dag to 2023-05-15T00:00:00+00:00, run_after=2023-05-16T00:00:00+00:00
[2023-05-15 13:09:47,381] {processor.py:161} INFO - Processing /home/v/Documents/airflowalura/dags/meu_primeiro_dag.py took 0.056 seconds
[2023-05-15 13:10:40,083] {processor.py:153} INFO - Started process (PID=53293) to work on /home/v/Documents/airflowalura/dags/meu_primeiro_dag.py
[2023-05-15 13:10:40,084] {processor.py:641} INFO - Processing file /home/v/Documents/airflowalura/dags/meu_primeiro_dag.py for tasks to queue
[2023-05-15 13:10:40,084] {logging_mixin.py:115} INFO - [2023-05-15 13:10:40,084] {dagbag.py:507} INFO - Filling up the DagBag from /home/v/Documents/airflowalura/dags/meu_primeiro_dag.py
[2023-05-15 13:10:40,093] {processor.py:651} INFO - DAG(s) dict_keys(['meu_primeiro_dag']) retrieved from /home/v/Documents/airflowalura/dags/meu_primeiro_dag.py
[2023-05-15 13:10:40,110] {logging_mixin.py:115} INFO - [2023-05-15 13:10:40,110] {dag.py:2379} INFO - Sync 1 DAGs
[2023-05-15 13:10:40,132] {logging_mixin.py:115} INFO - [2023-05-15 13:10:40,132] {dag.py:2927} INFO - Setting next_dagrun for meu_primeiro_dag to 2023-05-15T00:00:00+00:00, run_after=2023-05-16T00:00:00+00:00
[2023-05-15 13:10:40,146] {processor.py:161} INFO - Processing /home/v/Documents/airflowalura/dags/meu_primeiro_dag.py took 0.067 seconds
