[2023-05-15 19:14:42,414] {taskinstance.py:1159} INFO - Dependencies all met for <TaskInstance: dados_climaticos.start_record scheduled__2023-05-15T00:00:00+00:00 [queued]>
[2023-05-15 19:14:42,419] {taskinstance.py:1159} INFO - Dependencies all met for <TaskInstance: dados_climaticos.start_record scheduled__2023-05-15T00:00:00+00:00 [queued]>
[2023-05-15 19:14:42,419] {taskinstance.py:1356} INFO - 
--------------------------------------------------------------------------------
[2023-05-15 19:14:42,419] {taskinstance.py:1357} INFO - Starting attempt 1 of 1
[2023-05-15 19:14:42,419] {taskinstance.py:1358} INFO - 
--------------------------------------------------------------------------------
[2023-05-15 19:14:42,433] {taskinstance.py:1377} INFO - Executing <Task(PythonOperator): start_record> on 2023-05-15 00:00:00+00:00
[2023-05-15 19:14:42,436] {standard_task_runner.py:52} INFO - Started process 135020 to run task
[2023-05-15 19:14:42,440] {standard_task_runner.py:79} INFO - Running: ['airflow', 'tasks', 'run', 'dados_climaticos', 'start_record', 'scheduled__2023-05-15T00:00:00+00:00', '--job-id', '112', '--raw', '--subdir', 'DAGS_FOLDER/dag_start_stop_upload.py', '--cfg-path', '/tmp/tmpv92nye28', '--error-file', '/tmp/tmpv2_cu5ee']
[2023-05-15 19:14:42,440] {standard_task_runner.py:80} INFO - Job 112: Subtask start_record
[2023-05-15 19:14:42,488] {task_command.py:370} INFO - Running <TaskInstance: dados_climaticos.start_record scheduled__2023-05-15T00:00:00+00:00 [running]> on host v-Default-string
[2023-05-15 19:14:42,549] {taskinstance.py:1569} INFO - Exporting the following env vars:
AIRFLOW_CTX_DAG_OWNER=airflow
AIRFLOW_CTX_DAG_ID=dados_climaticos
AIRFLOW_CTX_TASK_ID=start_record
AIRFLOW_CTX_EXECUTION_DATE=2023-05-15T00:00:00+00:00
AIRFLOW_CTX_TRY_NUMBER=1
AIRFLOW_CTX_DAG_RUN_ID=scheduled__2023-05-15T00:00:00+00:00
[2023-05-15 19:14:42,557] {python.py:173} INFO - Done. Returned value was: None
[2023-05-15 19:14:42,564] {taskinstance.py:1395} INFO - Marking task as SUCCESS. dag_id=dados_climaticos, task_id=start_record, execution_date=20230515T000000, start_date=20230515T221442, end_date=20230515T221442
[2023-05-15 19:14:42,611] {local_task_job.py:156} INFO - Task exited with return code 0
[2023-05-15 19:14:42,652] {local_task_job.py:273} INFO - 1 downstream tasks scheduled from follow-on schedule check
